#
# A fatal error has been detected by the Java Runtime Environment:
#
#  SIGSEGV (0xb) at pc=0x00007fff69c8c9f0, pid=70671, tid=775
#
# JRE version: Java(TM) SE Runtime Environment (16.0.1+9) (build 16.0.1+9-24)
# Java VM: Java HotSpot(TM) 64-Bit Server VM (16.0.1+9-24, mixed mode, sharing, tiered, compressed oops, compressed class ptrs, g1 gc, bsd-amd64)
# Problematic frame:
# C  [libsystem_platform.dylib+0x9f0]  _platform_memmove$VARIANT$Haswell+0xf0
#
# No core dump will be written. Core dumps have been disabled. To enable core dumping, try "ulimit -c unlimited" before starting Java again
#
# If you would like to submit a bug report, please visit:
#   https://bugreport.java.com/bugreport/crash.jsp
# The crash happened outside the Java Virtual Machine in native code.
# See problematic frame for where to report the bug.
#

---------------  S U M M A R Y ------------

Command Line: -ea --add-opens=java.base/java.nio=ALL-UNNAMED --add-opens=java.base/jdk.internal.loader=ALL-UNNAMED -javaagent:/Applications/IntelliJ IDEA 4.app/Contents/lib/idea_rt.jar=49473:/Applications/IntelliJ IDEA 4.app/Contents/bin -Dfile.encoding=UTF-8 Start

Host: MacBookPro15,4 x86_64 1400 MHz, 8 cores, 16G, Darwin 19.6.0, macOS 10.15.7 (19H1715)
Time: Sun Apr 17 00:53:19 2022 CST elapsed time: 1.370839 seconds (0d 0h 0m 1s)

---------------  T H R E A D  ---------------

Current thread (0x00007fce26815000):  JavaThread "main" [_thread_in_native, id=775, stack(0x00007ffedf6ba000,0x00007ffedfeba000)]

Stack: [0x00007ffedf6ba000,0x00007ffedfeba000],  sp=0x00007ffedfeb61b0,  free space=8176k
Native frames: (J=compiled Java code, A=aot compiled Java code, j=interpreted, Vv=VM code, C=native code)
C  [libsystem_platform.dylib+0x9f0]  _platform_memmove$VARIANT$Haswell+0xf0
C  [AppleIntelKBLGraphicsGLDriver+0x1dde6]  glrWriteTextureData+0x1767
C  [GLEngine+0x18fdc]  glTexImage2D_Exec+0x524
C  [libGL.dylib+0x31bd]  glTexImage2D+0x37
C  [liblwjgl_opengl.dylib+0xdfee]
[error occurred during error reporting (printing native stack), id 0xe0000000, Internal Error (./open/src/hotspot/os/bsd/decoder_machO.hpp:43)]

Java frames: (J=compiled Java code, j=interpreted, Vv=VM code)
j  org.lwjgl.opengl.GL11C.nglTexImage2D(IIIIIIIIJ)V+0
j  org.lwjgl.opengl.GL11C.glTexImage2D(IIIIIIIILjava/nio/ByteBuffer;)V+17
j  org.lwjgl.opengl.GL11.glTexImage2D(IIIIIIIILjava/nio/ByteBuffer;)V+14
j  outskirts.client.Loader.loadTexture(Loutskirts/client/render/Texture;Loutskirts/util/BitmapImage;)Loutskirts/client/render/Texture;+101
j  outskirts.client.render.Framebuffer.internalAttachTexture2D(IIII)Loutskirts/client/render/Texture;+28
j  outskirts.client.render.Framebuffer.attachTextureColor(II)Loutskirts/client/render/Framebuffer;+144
j  outskirts.client.render.Framebuffer.attachTextureColor(I)Loutskirts/client/render/Framebuffer;+5
j  outskirts.client.render.renderer.shadow.ShadowRenderer.<init>()V+21
j  outskirts.client.render.renderer.RenderEngine.<init>()V+97
j  outskirts.client.Outskirts.start()V+68
j  outskirts.client.Outskirts.run()V+1
j  outskirts.client.main.Main.main([Ljava/lang/String;)V+17
j  Start.main([Ljava/lang/String;)V+27
v  ~StubRoutines::call_stub

siginfo: si_signo: 11 (SIGSEGV), si_code: 1 (SEGV_MAPERR), si_addr: 0x00007fce2f3ac000

Register to memory mapping:

RAX=0x0000000138a68000 points into unknown readable memory: 0x0000000000000000 | 00 00 00 00 00 00 00 00
RBX=0x00007fce2f3ac000 is an unknown value
RCX=0x0000000000000020 is an unknown value
RDX=0x0000000000002000 is an unknown value
RSP=0x00007ffedfeb61b0 is pointing into the stack for thread: 0x00007fce26815000
RBP=0x00007ffedfeb61b0 is pointing into the stack for thread: 0x00007fce26815000
RSI=0x00007fce2f3ac000 is an unknown value
RDI=0x0000000138a68000 points into unknown readable memory: 0x0000000000000000 | 00 00 00 00 00 00 00 00
R8 =0x0000000000000004 is an unknown value
R9 =0x00007ffedfeb6370 is pointing into the stack for thread: 0x00007fce26815000
R10=0x0000000000000003 is an unknown value
R11=0xffff8033096bc000 is an unknown value
R12=0x0000000000002000 is an unknown value
R13=0x0000000000002000 is an unknown value
R14=0x000000000000077f is an unknown value
R15=0x0000000138a68000 points into unknown readable memory: 0x0000000000000000 | 00 00 00 00 00 00 00 00


Registers:
RAX=0x0000000138a68000, RBX=0x00007fce2f3ac000, RCX=0x0000000000000020, RDX=0x0000000000002000
RSP=0x00007ffedfeb61b0, RBP=0x00007ffedfeb61b0, RSI=0x00007fce2f3ac000, RDI=0x0000000138a68000
R8 =0x0000000000000004, R9 =0x00007ffedfeb6370, R10=0x0000000000000003, R11=0xffff8033096bc000
R12=0x0000000000002000, R13=0x0000000000002000, R14=0x000000000000077f, R15=0x0000000138a68000
RIP=0x00007fff69c8c9f0, EFLAGS=0x0000000000010287, ERR=0x0000000000000004
  TRAPNO=0x000000000000000e

Top of Stack: (sp=0x00007ffedfeb61b0)
0x00007ffedfeb61b0:   00007ffedfeb64d0 00007fff277c3de6
0x00007ffedfeb61c0:   00007ffedfeb6224 00007fce2a5f06fc
0x00007ffedfeb61d0:   0000000000000003 0000000000000800
0x00007ffedfeb61e0:   0000000000000000 0000000400000001
0x00007ffedfeb61f0:   0000000000000000 0000001600000004
0x00007ffedfeb6200:   0000000000000001 00007fff7fffffff
0x00007ffedfeb6210:   0000000026995000 00007fce00000000
0x00007ffedfeb6220:   0000000000000001 00007fce2a6ef098
0x00007ffedfeb6230:   0000000000002000 0000000000002000
0x00007ffedfeb6240:   00007fce26995075 00007fce26995076
0x00007ffedfeb6250:   0000000000000001 00007fce26995110
0x00007ffedfeb6260:   00007fce26995040 00007fce26995000
0x00007ffedfeb6270:   00007ffedfeb6480 00007fff277be427
0x00007ffedfeb6280:   ffffffff00000000 0000000000000000
0x00007ffedfeb6290:   0000000000000000 0000000000000000
0x00007ffedfeb62a0:   0000000000000000 0000000000000000
0x00007ffedfeb62b0:   0000000000000000 00000001000000c7
0x00007ffedfeb62c0:   0000000000000000 0000000000000000
0x00007ffedfeb62d0:   0000000000000000 00007fce00000000
0x00007ffedfeb62e0:   00007ffe00000000 0000000000000000
0x00007ffedfeb62f0:   0000000000000000 0000000000000000
0x00007ffedfeb6300:   00000001000000c7 0000000000000000
0x00007ffedfeb6310:   0000000000000000 0000000000000000
0x00007ffedfeb6320:   0000000000000000 0000000000000000
0x00007ffedfeb6330:   0000080000002000 0000000000000000
0x00007ffedfeb6340:   0000040000000000 0000000400000400
0x00007ffedfeb6350:   0000000000000000 0000000000000000
0x00007ffedfeb6360:   0000000000000000 0000000000000000
0x00007ffedfeb6370:   00007fff00000004 0000080000000800
0x00007ffedfeb6380:   0000000000000800 0000000000000000
0x00007ffedfeb6390:   0000000000000000 0000000000000800
0x00007ffedfeb63a0:   0000000400000000 0000000000000000 

Instructions: (pc=0x00007fff69c8c9f0)
0x00007fff69c8c8f0:   90 90 90 90 90 90 90 90 90 90 90 90 90 90 90 90
0x00007fff69c8c900:   55 48 89 e5 49 89 fb 49 29 f3 48 89 f8 49 39 d3
0x00007fff69c8c910:   72 1b 48 83 fa 60 76 2f 48 81 fa 00 40 00 00 0f
0x00007fff69c8c920:   82 cb 00 00 00 48 89 d1 fc f3 a4 5d c3 48 39 fe
0x00007fff69c8c930:   74 f9 48 01 d6 48 01 d7 48 83 fa 60 0f 82 8c 01
0x00007fff69c8c940:   00 00 e9 a9 01 00 00 48 83 fa 10 76 56 c5 f8 10
0x00007fff69c8c950:   4c 16 f0 48 83 ea 20 76 2a c5 fc 10 06 c5 fc 11
0x00007fff69c8c960:   07 48 83 c6 20 48 83 c7 20 48 83 ea 20 72 14 c5
0x00007fff69c8c970:   fc 10 06 c5 fc 11 07 48 83 c6 20 48 83 c7 20 48
0x00007fff69c8c980:   83 ea 20 48 83 c2 10 7e 0c c5 f8 10 06 c5 f8 11
0x00007fff69c8c990:   07 c5 f8 57 c0 c5 f8 11 0c 17 c5 f0 57 c9 5d c5
0x00007fff69c8c9a0:   f8 77 c3 48 83 ea 08 72 10 48 8b 0e 4c 8b 04 16
0x00007fff69c8c9b0:   48 89 0f 4c 89 04 17 5d c3 48 83 c2 08 74 25 4d
0x00007fff69c8c9c0:   31 c0 42 8a 0c 06 42 88 0c 07 48 83 ea 01 74 14
0x00007fff69c8c9d0:   42 8a 4c 06 01 42 88 4c 07 01 49 83 c0 02 48 83
0x00007fff69c8c9e0:   ea 01 75 de 5d c3 66 2e 0f 1f 84 00 00 00 00 00
0x00007fff69c8c9f0:   c5 fc 10 06 48 83 c7 20 48 83 e7 e0 48 89 f9 48
0x00007fff69c8ca00:   29 c1 48 01 ce 48 29 ca c5 fc 10 0e c5 fc 11 00
0x00007fff69c8ca10:   c5 fc 57 c0 c5 fc 10 56 20 48 83 c6 40 48 81 ea
0x00007fff69c8ca20:   80 00 00 00 76 5a 48 f7 c6 1f 00 00 00 74 31 c5
0x00007fff69c8ca30:   fc 29 0f c5 fc 29 57 20 48 83 c7 40 c5 fc 10 0e
0x00007fff69c8ca40:   c5 fc 10 56 20 48 83 c6 40 48 83 ea 40 77 e0 eb
0x00007fff69c8ca50:   2f 66 2e 0f 1f 84 00 00 00 00 00 0f 1f 44 00 00
0x00007fff69c8ca60:   c5 fc 29 0f c5 fc 29 57 20 48 83 c7 40 c5 fc 28
0x00007fff69c8ca70:   0e c5 fc 28 56 20 48 83 c6 40 48 83 ea 40 77 e0
0x00007fff69c8ca80:   c5 fc 10 1c 16 c5 fc 10 64 16 20 c5 fc 29 0f c5
0x00007fff69c8ca90:   f4 57 c9 c5 fc 29 57 20 c5 ec 57 d2 c5 fc 11 5c
0x00007fff69c8caa0:   17 40 c5 e4 57 db c5 fc 11 64 17 60 c5 dc 57 e4
0x00007fff69c8cab0:   5d c5 f8 77 c3 66 2e 0f 1f 84 00 00 00 00 00 90
0x00007fff69c8cac0:   48 83 ee 08 48 8b 0e 48 83 ef 08 48 89 0f 48 83
0x00007fff69c8cad0:   ea 08 73 ec 48 83 c2 08 74 12 48 83 ee 01 8a 0e
0x00007fff69c8cae0:   48 83 ef 01 88 0f 48 83 ea 01 75 ee 5d c3 66 90 


Stack slot to memory mapping:
stack at sp + 0 slots: 0x00007ffedfeb64d0 is pointing into the stack for thread: 0x00007fce26815000
stack at sp + 1 slots: 0x00007fff277c3de6: glrWriteTextureData+0x1767 in /System/Library/Extensions/AppleIntelKBLGraphicsGLDriver.bundle/Contents/MacOS/AppleIntelKBLGraphicsGLDriver at 0x00007fff277a6000
stack at sp + 2 slots: 0x00007ffedfeb6224 is pointing into the stack for thread: 0x00007fce26815000
stack at sp + 3 slots: 0x00007fce2a5f06fc points into unknown readable memory: 00 00 00 00
stack at sp + 4 slots: 0x0000000000000003 is an unknown value
stack at sp + 5 slots: 0x0000000000000800 is an unknown value
stack at sp + 6 slots: 0x0 is NULL
stack at sp + 7 slots: 0x0000000400000001 is an unknown value


---------------  P R O C E S S  ---------------

Threads class SMR info:
_java_thread_list=0x00007fce26467180, length=14, elements={
0x00007fce26815000, 0x00007fce2b808200, 0x00007fce2b80aa00, 0x00007fce2b01c800,
0x00007fce28821c00, 0x00007fce28822800, 0x00007fce28822e00, 0x00007fce28823400,
0x00007fce28837600, 0x00007fce26889200, 0x00007fce27072c00, 0x00007fce2b069200,
0x00007fce2b808800, 0x00007fce2892d000
}

Java Threads: ( => current thread )
=>0x00007fce26815000 JavaThread "main" [_thread_in_native, id=775, stack(0x00007ffedf6ba000,0x00007ffedfeba000)]
  0x00007fce2b808200 JavaThread "Reference Handler" daemon [_thread_blocked, id=13827, stack(0x000070000766f000,0x000070000776f000)]
  0x00007fce2b80aa00 JavaThread "Finalizer" daemon [_thread_blocked, id=14339, stack(0x0000700007772000,0x0000700007872000)]
  0x00007fce2b01c800 JavaThread "Signal Dispatcher" daemon [_thread_blocked, id=22275, stack(0x000070000797b000,0x0000700007a7b000)]
  0x00007fce28821c00 JavaThread "Service Thread" daemon [_thread_blocked, id=22531, stack(0x0000700007a7e000,0x0000700007b7e000)]
  0x00007fce28822800 JavaThread "Monitor Deflation Thread" daemon [_thread_blocked, id=22787, stack(0x0000700007b81000,0x0000700007c81000)]
  0x00007fce28822e00 JavaThread "C2 CompilerThread0" daemon [_thread_in_native, id=23299, stack(0x0000700007c84000,0x0000700007d84000)]
  0x00007fce28823400 JavaThread "C1 CompilerThread0" daemon [_thread_blocked, id=42499, stack(0x0000700007d87000,0x0000700007e87000)]
  0x00007fce28837600 JavaThread "Sweeper thread" daemon [_thread_blocked, id=41987, stack(0x0000700007e8a000,0x0000700007f8a000)]
  0x00007fce26889200 JavaThread "Common-Cleaner" daemon [_thread_blocked, id=41731, stack(0x0000700007f8d000,0x000070000808d000)]
  0x00007fce27072c00 JavaThread "Monitor Ctrl-Break" daemon [_thread_in_native, id=40707, stack(0x0000700008193000,0x0000700008293000)]
  0x00007fce2b069200 JavaThread "Notification Thread" daemon [_thread_blocked, id=24323, stack(0x0000700008296000,0x0000700008396000)]
  0x00007fce2b808800 JavaThread "Attach Listener" daemon [_thread_blocked, id=78359, stack(0x0000700008ab1000,0x0000700008bb1000)]
  0x00007fce2892d000 JavaThread "C2 CompilerThread1" daemon [_thread_blocked, id=41223, stack(0x0000700008090000,0x0000700008190000)]

Other Threads:
  0x00007fce2790e2f0 VMThread "VM Thread" [stack: 0x000070000756c000,0x000070000766c000] [id=17155]
  0x00007fce2641be10 WatcherThread [stack: 0x0000700008399000,0x0000700008499000] [id=24579]
  0x00007fce2661d4d0 GCTaskThread "GC Thread#0" [stack: 0x000070000705d000,0x000070000715d000] [id=19971]
  0x00007fce2644f3a0 GCTaskThread "GC Thread#1" [stack: 0x000070000849c000,0x000070000859c000] [id=39939]
  0x00007fce2665db70 GCTaskThread "GC Thread#2" [stack: 0x000070000859f000,0x000070000869f000] [id=39683]
  0x00007fce2665e5c0 GCTaskThread "GC Thread#3" [stack: 0x00007000086a2000,0x00007000087a2000] [id=39171]
  0x00007fce2665f420 GCTaskThread "GC Thread#4" [stack: 0x00007000087a5000,0x00007000088a5000] [id=38659]
  0x00007fce26660280 GCTaskThread "GC Thread#5" [stack: 0x00007000088a8000,0x00007000089a8000] [id=25091]
  0x00007fce2661e460 ConcurrentGCThread "G1 Main Marker" [stack: 0x0000700007160000,0x0000700007260000] [id=12035]
  0x00007fce27c04170 ConcurrentGCThread "G1 Conc#0" [stack: 0x0000700007263000,0x0000700007363000] [id=18691]
  0x00007fce26706f10 ConcurrentGCThread "G1 Refine#0" [stack: 0x0000700007366000,0x0000700007466000] [id=18179]
  0x00007fce2650b330 ConcurrentGCThread "G1 Service" [stack: 0x0000700007469000,0x0000700007569000] [id=17923]

Threads with active compile tasks:
C2 CompilerThread0     1382 1600       4       jdk.internal.org.objectweb.asm.Frame::execute (2305 bytes)

VM state: not at safepoint (normal execution)

VM Mutex/Monitor currently owned by a thread: None

Heap address: 0x0000000700000000, size: 4096 MB, Compressed Oops mode: Zero based, Oop shift amount: 3

CDS archive(s) mapped at: [0x0000000800000000-0x0000000800bbb000-0x0000000800bbb000), size 12300288, SharedBaseAddress: 0x0000000800000000, ArchiveRelocationMode: 0.
Compressed class space mapped at: 0x0000000800c00000-0x0000000840c00000, reserved size: 1073741824
Narrow klass base: 0x0000000800000000, Narrow klass shift: 3, Narrow klass range: 0x100000000

GC Precious Log:
 CPUs: 8 total, 8 available
 Memory: 16384M
 Large Page Support: Disabled
 NUMA Support: Disabled
 Compressed Oops: Enabled (Zero based)
 Heap Region Size: 2M
 Heap Min Capacity: 8M
 Heap Initial Capacity: 256M
 Heap Max Capacity: 4G
 Pre-touch: Disabled
 Parallel Workers: 8
 Concurrent Workers: 2
 Concurrent Refinement Workers: 8
 Periodic GC: Disabled

Heap:
 garbage-first heap   total 266240K, used 20746K [0x0000000700000000, 0x0000000800000000)
  region size 2048K, 11 young (22528K), 2 survivors (4096K)
 Metaspace       used 12971K, committed 13184K, reserved 1064960K
  class space    used 1315K, committed 1408K, reserved 1048576K

Heap Regions: E=young(eden), S=young(survivor), O=old, HS=humongous(starts), HC=humongous(continues), CS=collection set, F=free, OA=open archive, CA=closed archive, TAMS=top-at-mark-start (previous, next)
|   0|0x0000000700000000, 0x0000000700000000, 0x0000000700200000|  0%| F|  |TAMS 0x0000000700000000, 0x0000000700000000| Untracked 
|   1|0x0000000700200000, 0x0000000700200000, 0x0000000700400000|  0%| F|  |TAMS 0x0000000700200000, 0x0000000700200000| Untracked 
|   2|0x0000000700400000, 0x0000000700400000, 0x0000000700600000|  0%| F|  |TAMS 0x0000000700400000, 0x0000000700400000| Untracked 
|   3|0x0000000700600000, 0x0000000700600000, 0x0000000700800000|  0%| F|  |TAMS 0x0000000700600000, 0x0000000700600000| Untracked 
|   4|0x0000000700800000, 0x0000000700800000, 0x0000000700a00000|  0%| F|  |TAMS 0x0000000700800000, 0x0000000700800000| Untracked 
|   5|0x0000000700a00000, 0x0000000700a00000, 0x0000000700c00000|  0%| F|  |TAMS 0x0000000700a00000, 0x0000000700a00000| Untracked 
|   6|0x0000000700c00000, 0x0000000700c00000, 0x0000000700e00000|  0%| F|  |TAMS 0x0000000700c00000, 0x0000000700c00000| Untracked 
|   7|0x0000000700e00000, 0x0000000700e00000, 0x0000000701000000|  0%| F|  |TAMS 0x0000000700e00000, 0x0000000700e00000| Untracked 
|   8|0x0000000701000000, 0x0000000701000000, 0x0000000701200000|  0%| F|  |TAMS 0x0000000701000000, 0x0000000701000000| Untracked 
|   9|0x0000000701200000, 0x0000000701200000, 0x0000000701400000|  0%| F|  |TAMS 0x0000000701200000, 0x0000000701200000| Untracked 
|  10|0x0000000701400000, 0x0000000701400000, 0x0000000701600000|  0%| F|  |TAMS 0x0000000701400000, 0x0000000701400000| Untracked 
|  11|0x0000000701600000, 0x0000000701600000, 0x0000000701800000|  0%| F|  |TAMS 0x0000000701600000, 0x0000000701600000| Untracked 
|  12|0x0000000701800000, 0x0000000701800000, 0x0000000701a00000|  0%| F|  |TAMS 0x0000000701800000, 0x0000000701800000| Untracked 
|  13|0x0000000701a00000, 0x0000000701a00000, 0x0000000701c00000|  0%| F|  |TAMS 0x0000000701a00000, 0x0000000701a00000| Untracked 
|  14|0x0000000701c00000, 0x0000000701c00000, 0x0000000701e00000|  0%| F|  |TAMS 0x0000000701c00000, 0x0000000701c00000| Untracked 
|  15|0x0000000701e00000, 0x0000000701e00000, 0x0000000702000000|  0%| F|  |TAMS 0x0000000701e00000, 0x0000000701e00000| Untracked 
|  16|0x0000000702000000, 0x0000000702000000, 0x0000000702200000|  0%| F|  |TAMS 0x0000000702000000, 0x0000000702000000| Untracked 
|  17|0x0000000702200000, 0x0000000702200000, 0x0000000702400000|  0%| F|  |TAMS 0x0000000702200000, 0x0000000702200000| Untracked 
|  18|0x0000000702400000, 0x0000000702400000, 0x0000000702600000|  0%| F|  |TAMS 0x0000000702400000, 0x0000000702400000| Untracked 
|  19|0x0000000702600000, 0x0000000702600000, 0x0000000702800000|  0%| F|  |TAMS 0x0000000702600000, 0x0000000702600000| Untracked 
|  20|0x0000000702800000, 0x0000000702800000, 0x0000000702a00000|  0%| F|  |TAMS 0x0000000702800000, 0x0000000702800000| Untracked 
|  21|0x0000000702a00000, 0x0000000702a00000, 0x0000000702c00000|  0%| F|  |TAMS 0x0000000702a00000, 0x0000000702a00000| Untracked 
|  22|0x0000000702c00000, 0x0000000702c00000, 0x0000000702e00000|  0%| F|  |TAMS 0x0000000702c00000, 0x0000000702c00000| Untracked 
|  23|0x0000000702e00000, 0x0000000702e00000, 0x0000000703000000|  0%| F|  |TAMS 0x0000000702e00000, 0x0000000702e00000| Untracked 
|  24|0x0000000703000000, 0x0000000703000000, 0x0000000703200000|  0%| F|  |TAMS 0x0000000703000000, 0x0000000703000000| Untracked 
|  25|0x0000000703200000, 0x0000000703200000, 0x0000000703400000|  0%| F|  |TAMS 0x0000000703200000, 0x0000000703200000| Untracked 
|  26|0x0000000703400000, 0x0000000703400000, 0x0000000703600000|  0%| F|  |TAMS 0x0000000703400000, 0x0000000703400000| Untracked 
|  27|0x0000000703600000, 0x0000000703600000, 0x0000000703800000|  0%| F|  |TAMS 0x0000000703600000, 0x0000000703600000| Untracked 
|  28|0x0000000703800000, 0x0000000703800000, 0x0000000703a00000|  0%| F|  |TAMS 0x0000000703800000, 0x0000000703800000| Untracked 
|  29|0x0000000703a00000, 0x0000000703a00000, 0x0000000703c00000|  0%| F|  |TAMS 0x0000000703a00000, 0x0000000703a00000| Untracked 
|  30|0x0000000703c00000, 0x0000000703c00000, 0x0000000703e00000|  0%| F|  |TAMS 0x0000000703c00000, 0x0000000703c00000| Untracked 
|  31|0x0000000703e00000, 0x0000000703e00000, 0x0000000704000000|  0%| F|  |TAMS 0x0000000703e00000, 0x0000000703e00000| Untracked 
|  32|0x0000000704000000, 0x0000000704000000, 0x0000000704200000|  0%| F|  |TAMS 0x0000000704000000, 0x0000000704000000| Untracked 
|  33|0x0000000704200000, 0x0000000704200000, 0x0000000704400000|  0%| F|  |TAMS 0x0000000704200000, 0x0000000704200000| Untracked 
|  34|0x0000000704400000, 0x0000000704400000, 0x0000000704600000|  0%| F|  |TAMS 0x0000000704400000, 0x0000000704400000| Untracked 
|  35|0x0000000704600000, 0x0000000704600000, 0x0000000704800000|  0%| F|  |TAMS 0x0000000704600000, 0x0000000704600000| Untracked 
|  36|0x0000000704800000, 0x0000000704800000, 0x0000000704a00000|  0%| F|  |TAMS 0x0000000704800000, 0x0000000704800000| Untracked 
|  37|0x0000000704a00000, 0x0000000704a00000, 0x0000000704c00000|  0%| F|  |TAMS 0x0000000704a00000, 0x0000000704a00000| Untracked 
|  38|0x0000000704c00000, 0x0000000704c00000, 0x0000000704e00000|  0%| F|  |TAMS 0x0000000704c00000, 0x0000000704c00000| Untracked 
|  39|0x0000000704e00000, 0x0000000704e00000, 0x0000000705000000|  0%| F|  |TAMS 0x0000000704e00000, 0x0000000704e00000| Untracked 
|  40|0x0000000705000000, 0x0000000705000000, 0x0000000705200000|  0%| F|  |TAMS 0x0000000705000000, 0x0000000705000000| Untracked 
|  41|0x0000000705200000, 0x0000000705200000, 0x0000000705400000|  0%| F|  |TAMS 0x0000000705200000, 0x0000000705200000| Untracked 
|  42|0x0000000705400000, 0x0000000705400000, 0x0000000705600000|  0%| F|  |TAMS 0x0000000705400000, 0x0000000705400000| Untracked 
|  43|0x0000000705600000, 0x0000000705600000, 0x0000000705800000|  0%| F|  |TAMS 0x0000000705600000, 0x0000000705600000| Untracked 
|  44|0x0000000705800000, 0x0000000705800000, 0x0000000705a00000|  0%| F|  |TAMS 0x0000000705800000, 0x0000000705800000| Untracked 
|  45|0x0000000705a00000, 0x0000000705a00000, 0x0000000705c00000|  0%| F|  |TAMS 0x0000000705a00000, 0x0000000705a00000| Untracked 
|  46|0x0000000705c00000, 0x0000000705c00000, 0x0000000705e00000|  0%| F|  |TAMS 0x0000000705c00000, 0x0000000705c00000| Untracked 
|  47|0x0000000705e00000, 0x0000000705e00000, 0x0000000706000000|  0%| F|  |TAMS 0x0000000705e00000, 0x0000000705e00000| Untracked 
|  48|0x0000000706000000, 0x0000000706000000, 0x0000000706200000|  0%| F|  |TAMS 0x0000000706000000, 0x0000000706000000| Untracked 
|  49|0x0000000706200000, 0x0000000706200000, 0x0000000706400000|  0%| F|  |TAMS 0x0000000706200000, 0x0000000706200000| Untracked 
|  50|0x0000000706400000, 0x0000000706400000, 0x0000000706600000|  0%| F|  |TAMS 0x0000000706400000, 0x0000000706400000| Untracked 
|  51|0x0000000706600000, 0x0000000706600000, 0x0000000706800000|  0%| F|  |TAMS 0x0000000706600000, 0x0000000706600000| Untracked 
|  52|0x0000000706800000, 0x0000000706800000, 0x0000000706a00000|  0%| F|  |TAMS 0x0000000706800000, 0x0000000706800000| Untracked 
|  53|0x0000000706a00000, 0x0000000706a00000, 0x0000000706c00000|  0%| F|  |TAMS 0x0000000706a00000, 0x0000000706a00000| Untracked 
|  54|0x0000000706c00000, 0x0000000706c00000, 0x0000000706e00000|  0%| F|  |TAMS 0x0000000706c00000, 0x0000000706c00000| Untracked 
|  55|0x0000000706e00000, 0x0000000706e00000, 0x0000000707000000|  0%| F|  |TAMS 0x0000000706e00000, 0x0000000706e00000| Untracked 
|  56|0x0000000707000000, 0x0000000707000000, 0x0000000707200000|  0%| F|  |TAMS 0x0000000707000000, 0x0000000707000000| Untracked 
|  57|0x0000000707200000, 0x0000000707200000, 0x0000000707400000|  0%| F|  |TAMS 0x0000000707200000, 0x0000000707200000| Untracked 
|  58|0x0000000707400000, 0x0000000707400000, 0x0000000707600000|  0%| F|  |TAMS 0x0000000707400000, 0x0000000707400000| Untracked 
|  59|0x0000000707600000, 0x0000000707600000, 0x0000000707800000|  0%| F|  |TAMS 0x0000000707600000, 0x0000000707600000| Untracked 
|  60|0x0000000707800000, 0x0000000707800000, 0x0000000707a00000|  0%| F|  |TAMS 0x0000000707800000, 0x0000000707800000| Untracked 
|  61|0x0000000707a00000, 0x0000000707a00000, 0x0000000707c00000|  0%| F|  |TAMS 0x0000000707a00000, 0x0000000707a00000| Untracked 
|  62|0x0000000707c00000, 0x0000000707c00000, 0x0000000707e00000|  0%| F|  |TAMS 0x0000000707c00000, 0x0000000707c00000| Untracked 
|  63|0x0000000707e00000, 0x0000000707e00000, 0x0000000708000000|  0%| F|  |TAMS 0x0000000707e00000, 0x0000000707e00000| Untracked 
|  64|0x0000000708000000, 0x0000000708000000, 0x0000000708200000|  0%| F|  |TAMS 0x0000000708000000, 0x0000000708000000| Untracked 
|  65|0x0000000708200000, 0x0000000708200000, 0x0000000708400000|  0%| F|  |TAMS 0x0000000708200000, 0x0000000708200000| Untracked 
|  66|0x0000000708400000, 0x0000000708400000, 0x0000000708600000|  0%| F|  |TAMS 0x0000000708400000, 0x0000000708400000| Untracked 
|  67|0x0000000708600000, 0x0000000708600000, 0x0000000708800000|  0%| F|  |TAMS 0x0000000708600000, 0x0000000708600000| Untracked 
|  68|0x0000000708800000, 0x0000000708800000, 0x0000000708a00000|  0%| F|  |TAMS 0x0000000708800000, 0x0000000708800000| Untracked 
|  69|0x0000000708a00000, 0x0000000708a00000, 0x0000000708c00000|  0%| F|  |TAMS 0x0000000708a00000, 0x0000000708a00000| Untracked 
|  70|0x0000000708c00000, 0x0000000708c00000, 0x0000000708e00000|  0%| F|  |TAMS 0x0000000708c00000, 0x0000000708c00000| Untracked 
|  71|0x0000000708e00000, 0x0000000708e00000, 0x0000000709000000|  0%| F|  |TAMS 0x0000000708e00000, 0x0000000708e00000| Untracked 
|  72|0x0000000709000000, 0x0000000709000000, 0x0000000709200000|  0%| F|  |TAMS 0x0000000709000000, 0x0000000709000000| Untracked 
|  73|0x0000000709200000, 0x0000000709200000, 0x0000000709400000|  0%| F|  |TAMS 0x0000000709200000, 0x0000000709200000| Untracked 
|  74|0x0000000709400000, 0x0000000709400000, 0x0000000709600000|  0%| F|  |TAMS 0x0000000709400000, 0x0000000709400000| Untracked 
|  75|0x0000000709600000, 0x0000000709600000, 0x0000000709800000|  0%| F|  |TAMS 0x0000000709600000, 0x0000000709600000| Untracked 
|  76|0x0000000709800000, 0x0000000709800000, 0x0000000709a00000|  0%| F|  |TAMS 0x0000000709800000, 0x0000000709800000| Untracked 
|  77|0x0000000709a00000, 0x0000000709a00000, 0x0000000709c00000|  0%| F|  |TAMS 0x0000000709a00000, 0x0000000709a00000| Untracked 
|  78|0x0000000709c00000, 0x0000000709c00000, 0x0000000709e00000|  0%| F|  |TAMS 0x0000000709c00000, 0x0000000709c00000| Untracked 
|  79|0x0000000709e00000, 0x0000000709e00000, 0x000000070a000000|  0%| F|  |TAMS 0x0000000709e00000, 0x0000000709e00000| Untracked 
|  80|0x000000070a000000, 0x000000070a000000, 0x000000070a200000|  0%| F|  |TAMS 0x000000070a000000, 0x000000070a000000| Untracked 
|  81|0x000000070a200000, 0x000000070a200000, 0x000000070a400000|  0%| F|  |TAMS 0x000000070a200000, 0x000000070a200000| Untracked 
|  82|0x000000070a400000, 0x000000070a400000, 0x000000070a600000|  0%| F|  |TAMS 0x000000070a400000, 0x000000070a400000| Untracked 
|  83|0x000000070a600000, 0x000000070a600000, 0x000000070a800000|  0%| F|  |TAMS 0x000000070a600000, 0x000000070a600000| Untracked 
|  84|0x000000070a800000, 0x000000070a800000, 0x000000070aa00000|  0%| F|  |TAMS 0x000000070a800000, 0x000000070a800000| Untracked 
|  85|0x000000070aa00000, 0x000000070aa00000, 0x000000070ac00000|  0%| F|  |TAMS 0x000000070aa00000, 0x000000070aa00000| Untracked 
|  86|0x000000070ac00000, 0x000000070ac00000, 0x000000070ae00000|  0%| F|  |TAMS 0x000000070ac00000, 0x000000070ac00000| Untracked 
|  87|0x000000070ae00000, 0x000000070ae00000, 0x000000070b000000|  0%| F|  |TAMS 0x000000070ae00000, 0x000000070ae00000| Untracked 
|  88|0x000000070b000000, 0x000000070b000000, 0x000000070b200000|  0%| F|  |TAMS 0x000000070b000000, 0x000000070b000000| Untracked 
|  89|0x000000070b200000, 0x000000070b200000, 0x000000070b400000|  0%| F|  |TAMS 0x000000070b200000, 0x000000070b200000| Untracked 
|  90|0x000000070b400000, 0x000000070b400000, 0x000000070b600000|  0%| F|  |TAMS 0x000000070b400000, 0x000000070b400000| Untracked 
|  91|0x000000070b600000, 0x000000070b600000, 0x000000070b800000|  0%| F|  |TAMS 0x000000070b600000, 0x000000070b600000| Untracked 
|  92|0x000000070b800000, 0x000000070b800000, 0x000000070ba00000|  0%| F|  |TAMS 0x000000070b800000, 0x000000070b800000| Untracked 
|  93|0x000000070ba00000, 0x000000070ba00000, 0x000000070bc00000|  0%| F|  |TAMS 0x000000070ba00000, 0x000000070ba00000| Untracked 
|  94|0x000000070bc00000, 0x000000070bc00000, 0x000000070be00000|  0%| F|  |TAMS 0x000000070bc00000, 0x000000070bc00000| Untracked 
|  95|0x000000070be00000, 0x000000070be00000, 0x000000070c000000|  0%| F|  |TAMS 0x000000070be00000, 0x000000070be00000| Untracked 
|  96|0x000000070c000000, 0x000000070c000000, 0x000000070c200000|  0%| F|  |TAMS 0x000000070c000000, 0x000000070c000000| Untracked 
|  97|0x000000070c200000, 0x000000070c200000, 0x000000070c400000|  0%| F|  |TAMS 0x000000070c200000, 0x000000070c200000| Untracked 
|  98|0x000000070c400000, 0x000000070c400000, 0x000000070c600000|  0%| F|  |TAMS 0x000000070c400000, 0x000000070c400000| Untracked 
|  99|0x000000070c600000, 0x000000070c600000, 0x000000070c800000|  0%| F|  |TAMS 0x000000070c600000, 0x000000070c600000| Untracked 
| 100|0x000000070c800000, 0x000000070c800000, 0x000000070ca00000|  0%| F|  |TAMS 0x000000070c800000, 0x000000070c800000| Untracked 
| 101|0x000000070ca00000, 0x000000070ca00000, 0x000000070cc00000|  0%| F|  |TAMS 0x000000070ca00000, 0x000000070ca00000| Untracked 
| 102|0x000000070cc00000, 0x000000070cc00000, 0x000000070ce00000|  0%| F|  |TAMS 0x000000070cc00000, 0x000000070cc00000| Untracked 
| 103|0x000000070ce00000, 0x000000070ce00000, 0x000000070d000000|  0%| F|  |TAMS 0x000000070ce00000, 0x000000070ce00000| Untracked 
| 104|0x000000070d000000, 0x000000070d000000, 0x000000070d200000|  0%| F|  |TAMS 0x000000070d000000, 0x000000070d000000| Untracked 
| 105|0x000000070d200000, 0x000000070d200000, 0x000000070d400000|  0%| F|  |TAMS 0x000000070d200000, 0x000000070d200000| Untracked 
| 106|0x000000070d400000, 0x000000070d400000, 0x000000070d600000|  0%| F|  |TAMS 0x000000070d400000, 0x000000070d400000| Untracked 
| 107|0x000000070d600000, 0x000000070d600000, 0x000000070d800000|  0%| F|  |TAMS 0x000000070d600000, 0x000000070d600000| Untracked 
| 108|0x000000070d800000, 0x000000070d800000, 0x000000070da00000|  0%| F|  |TAMS 0x000000070d800000, 0x000000070d800000| Untracked 
| 109|0x000000070da00000, 0x000000070da00000, 0x000000070dc00000|  0%| F|  |TAMS 0x000000070da00000, 0x000000070da00000| Untracked 
| 110|0x000000070dc00000, 0x000000070dc00000, 0x000000070de00000|  0%| F|  |TAMS 0x000000070dc00000, 0x000000070dc00000| Untracked 
| 111|0x000000070de00000, 0x000000070de00000, 0x000000070e000000|  0%| F|  |TAMS 0x000000070de00000, 0x000000070de00000| Untracked 
| 112|0x000000070e000000, 0x000000070e000000, 0x000000070e200000|  0%| F|  |TAMS 0x000000070e000000, 0x000000070e000000| Untracked 
| 113|0x000000070e200000, 0x000000070e200000, 0x000000070e400000|  0%| F|  |TAMS 0x000000070e200000, 0x000000070e200000| Untracked 
| 114|0x000000070e400000, 0x000000070e400000, 0x000000070e600000|  0%| F|  |TAMS 0x000000070e400000, 0x000000070e400000| Untracked 
| 115|0x000000070e600000, 0x000000070e6509e8, 0x000000070e800000| 15%| S|CS|TAMS 0x000000070e600000, 0x000000070e600000| Complete 
| 116|0x000000070e800000, 0x000000070ea00000, 0x000000070ea00000|100%| S|CS|TAMS 0x000000070e800000, 0x000000070e800000| Complete 
| 117|0x000000070ea00000, 0x000000070ea00000, 0x000000070ec00000|  0%| F|  |TAMS 0x000000070ea00000, 0x000000070ea00000| Untracked 
| 118|0x000000070ec00000, 0x000000070ec00000, 0x000000070ee00000|  0%| F|  |TAMS 0x000000070ec00000, 0x000000070ec00000| Untracked 
| 119|0x000000070ee00000, 0x000000070eec6e98, 0x000000070f000000| 38%| E|  |TAMS 0x000000070ee00000, 0x000000070ee00000| Complete 
| 120|0x000000070f000000, 0x000000070f200000, 0x000000070f200000|100%| E|CS|TAMS 0x000000070f000000, 0x000000070f000000| Complete 
| 121|0x000000070f200000, 0x000000070f400000, 0x000000070f400000|100%| E|CS|TAMS 0x000000070f200000, 0x000000070f200000| Complete 
| 122|0x000000070f400000, 0x000000070f600000, 0x000000070f600000|100%| E|CS|TAMS 0x000000070f400000, 0x000000070f400000| Complete 
| 123|0x000000070f600000, 0x000000070f800000, 0x000000070f800000|100%| E|CS|TAMS 0x000000070f600000, 0x000000070f600000| Complete 
| 124|0x000000070f800000, 0x000000070fa00000, 0x000000070fa00000|100%| E|CS|TAMS 0x000000070f800000, 0x000000070f800000| Complete 
| 125|0x000000070fa00000, 0x000000070fc00000, 0x000000070fc00000|100%| E|CS|TAMS 0x000000070fa00000, 0x000000070fa00000| Complete 
| 126|0x000000070fc00000, 0x000000070fe00000, 0x000000070fe00000|100%| E|CS|TAMS 0x000000070fc00000, 0x000000070fc00000| Complete 
| 127|0x000000070fe00000, 0x0000000710000000, 0x0000000710000000|100%| E|CS|TAMS 0x000000070fe00000, 0x000000070fe00000| Complete 
|1534|0x00000007bfc00000, 0x00000007bfd75000, 0x00000007bfe00000| 72%|OA|  |TAMS 0x00000007bfc00000, 0x00000007bfc00000| Untracked 
|1535|0x00000007bfe00000, 0x00000007bfe7d000, 0x00000007c0000000| 24%|CA|  |TAMS 0x00000007bfe00000, 0x00000007bfe00000| Untracked 

Card table byte_map: [0x0000000119ec1000,0x000000011a6c1000] _byte_map_base: 0x00000001166c1000

Marking Bits (Prev, Next): (CMBitMap*) 0x00007fce26837810, (CMBitMap*) 0x00007fce26837850
 Prev Bits: [0x000000012a6bc000, 0x000000012e6bc000)
 Next Bits: [0x000000012e6bc000, 0x00000001326bc000)

Polling page: 0x000000010fd84000

Metaspace:

Usage:
  Non-class:     11.38 MB used.
      Class:      1.28 MB used.
       Both:     12.67 MB used.

Virtual space:
  Non-class space:       16.00 MB reserved,      11.50 MB ( 72%) committed,  2 nodes.
      Class space:        1.00 GB reserved,       1.38 MB ( <1%) committed,  1 nodes.
              Both:        1.02 GB reserved,      12.88 MB (  1%) committed. 

Chunk freelists:
   Non-Class:  496.00 KB
       Class:  2.53 MB
        Both:  3.02 MB

MaxMetaspaceSize: 17179869184.00 GB
CompressedClassSpaceSize: 1.00 GB
 - commit_granule_bytes: 65536.
 - commit_granule_words: 8192.
 - virtual_space_node_default_size: 1048576.
 - enlarge_chunks_in_place: 1.
 - new_chunks_are_fully_committed: 0.
 - uncommit_free_chunks: 1.
 - use_allocation_guard: 0.
 - handle_deallocations: 1.


Internal statistics:

num_allocs_failed_limit: 0.
num_arena_births: 194.
num_arena_deaths: 0.
num_vsnodes_births: 3.
num_vsnodes_deaths: 0.
num_space_committed: 204.
num_space_uncommitted: 0.
num_chunks_returned_to_freelist: 0.
num_chunks_taken_from_freelist: 494.
num_chunk_merges: 0.
num_chunk_splits: 331.
num_chunks_enlarged: 238.
num_purges: 0.

CodeHeap 'non-profiled nmethods': size=120028Kb used=583Kb max_used=583Kb free=119444Kb
 bounds [0x0000000123185000, 0x00000001233f5000, 0x000000012a6bc000]
CodeHeap 'profiled nmethods': size=120028Kb used=3033Kb max_used=3033Kb free=116994Kb
 bounds [0x000000011bc4e000, 0x000000011bf4e000, 0x0000000123185000]
CodeHeap 'non-nmethods': size=5704Kb used=1676Kb max_used=1693Kb free=4027Kb
 bounds [0x000000011b6bc000, 0x000000011b92c000, 0x000000011bc4e000]
 total_blobs=2851 nmethods=1732 adapters=1032
 compilation: enabled
              stopped_count=0, restarted_count=0
 full_count=0

Compilation events (20 events):
Event: 1.273 Thread 0x00007fce28823400 1726   !   3       jdk.internal.misc.ScopedMemoryAccess::putByte (25 bytes)
Event: 1.274 Thread 0x00007fce28823400 nmethod 1726 0x000000011bf40790 code [0x000000011bf40980, 0x000000011bf40f10]
Event: 1.274 Thread 0x00007fce28823400 1724       3       java.nio.Buffer::nextPutIndex (30 bytes)
Event: 1.274 Thread 0x00007fce28823400 nmethod 1724 0x000000011bf41190 code [0x000000011bf41340, 0x000000011bf41560]
Event: 1.274 Thread 0x00007fce28823400 1725   !   3       java.nio.DirectByteBuffer::put (36 bytes)
Event: 1.274 Thread 0x00007fce2892d000 1728   !   4       java.nio.DirectByteBuffer::get (34 bytes)
Event: 1.275 Thread 0x00007fce28823400 nmethod 1725 0x000000011bf41690 code [0x000000011bf41900, 0x000000011bf42440]
Event: 1.275 Thread 0x00007fce28823400 1727   !   2       jdk.internal.misc.ScopedMemoryAccess::putByteInternal (37 bytes)
Event: 1.275 Thread 0x00007fce28823400 nmethod 1727 0x000000011bf42a10 code [0x000000011bf42bc0, 0x000000011bf42d60]
Event: 1.275 Thread 0x00007fce2892d000 nmethod 1728 0x0000000123215710 code [0x00000001232158a0, 0x00000001232159b8]
Event: 1.275 Thread 0x00007fce2892d000 1729       4       java.nio.Buffer::nextPutIndex (30 bytes)
Event: 1.276 Thread 0x00007fce2892d000 nmethod 1729 0x0000000123215b10 code [0x0000000123215ca0, 0x0000000123215d58]
Event: 1.276 Thread 0x00007fce2892d000 1730   !   4       java.nio.DirectByteBuffer::put (36 bytes)
Event: 1.277 Thread 0x00007fce2892d000 nmethod 1730 0x0000000123215e10 code [0x0000000123215fa0, 0x00000001232160b8]
Event: 1.277 Thread 0x00007fce28823400 1731 %     3       outskirts.util.BitmapImage::flipPixelsY @ 33 (69 bytes)
Event: 1.278 Thread 0x00007fce28823400 nmethod 1731% 0x000000011bf42e90 code [0x000000011bf430a0, 0x000000011bf437f0]
Event: 1.278 Thread 0x00007fce28823400 1732       3       outskirts.util.BitmapImage::flipPixelsY (69 bytes)
Event: 1.279 Thread 0x00007fce28823400 nmethod 1732 0x000000011bf43a90 code [0x000000011bf43ca0, 0x000000011bf44310]
Event: 1.279 Thread 0x00007fce2892d000 1733 %     4       outskirts.util.BitmapImage::flipPixelsY @ 33 (69 bytes)
Event: 1.292 Thread 0x00007fce2892d000 nmethod 1733% 0x0000000123216210 code [0x00000001232163c0, 0x0000000123216ab8]

GC Heap History (2 events):
Event: 0.501 GC heap before
{Heap before GC invocations=0 (full 0):
 garbage-first heap   total 266240K, used 24520K [0x0000000700000000, 0x0000000800000000)
  region size 2048K, 11 young (22528K), 0 survivors (0K)
 Metaspace       used 5423K, committed 5568K, reserved 1056768K
  class space    used 645K, committed 704K, reserved 1048576K
}
Event: 0.504 GC heap after
{Heap after GC invocations=1 (full 0):
 garbage-first heap   total 266240K, used 4362K [0x0000000700000000, 0x0000000800000000)
  region size 2048K, 2 young (4096K), 2 survivors (4096K)
 Metaspace       used 5423K, committed 5568K, reserved 1056768K
  class space    used 645K, committed 704K, reserved 1048576K
}

Deoptimization events (20 events):
Event: 0.630 Thread 0x00007fce26815000 DEOPT PACKING pc=0x00000001231e542c sp=0x00007ffedfeb4cd0
Event: 0.630 Thread 0x00007fce26815000 DEOPT UNPACKING pc=0x000000011b709424 sp=0x00007ffedfeb4c50 mode 2
Event: 0.767 Thread 0x00007fce26815000 Uncommon trap: trap_request=0xffffff45 fr.pc=0x00000001231ffbf4 relative=0x0000000000000254
Event: 0.767 Thread 0x00007fce26815000 Uncommon trap: reason=unstable_if action=reinterpret pc=0x00000001231ffbf4 method=java.util.regex.Matcher.reset()Ljava/util/regex/Matcher; @ 71 c2
Event: 0.767 Thread 0x00007fce26815000 DEOPT PACKING pc=0x00000001231ffbf4 sp=0x00007ffedfeb4cf0
Event: 0.767 Thread 0x00007fce26815000 DEOPT UNPACKING pc=0x000000011b709424 sp=0x00007ffedfeb4c98 mode 2
Event: 1.084 Thread 0x00007fce26815000 Uncommon trap: trap_request=0xffffff45 fr.pc=0x00000001231c190c relative=0x000000000000006c
Event: 1.084 Thread 0x00007fce26815000 Uncommon trap: reason=unstable_if action=reinterpret pc=0x00000001231c190c method=sun.net.www.ParseUtil.firstEncodeIndex(Ljava/lang/String;)I @ 51 c2
Event: 1.084 Thread 0x00007fce26815000 DEOPT PACKING pc=0x00000001231c190c sp=0x00007ffedfeb5fd0
Event: 1.084 Thread 0x00007fce26815000 DEOPT UNPACKING pc=0x000000011b709424 sp=0x00007ffedfeb5f78 mode 2
Event: 1.127 Thread 0x00007fce26815000 Uncommon trap: trap_request=0xffffff54 fr.pc=0x000000012320c280 relative=0x0000000000000060
Event: 1.127 Thread 0x00007fce26815000 Uncommon trap: reason=speculate_null_assert action=make_not_entrant pc=0x000000012320c280 method=sun.misc.Unsafe.putLong(Ljava/lang/Object;JJ)V @ 7 c2
Event: 1.127 Thread 0x00007fce26815000 DEOPT PACKING pc=0x000000012320c280 sp=0x00007ffedfeb66c0
Event: 1.127 Thread 0x00007fce26815000 DEOPT UNPACKING pc=0x000000011b709424 sp=0x00007ffedfeb6658 mode 2
Event: 1.187 Thread 0x00007fce26815000 Uncommon trap: trap_request=0xffffff54 fr.pc=0x000000012320cb7c relative=0x000000000000005c
Event: 1.187 Thread 0x00007fce26815000 Uncommon trap: reason=speculate_null_assert action=make_not_entrant pc=0x000000012320cb7c method=sun.misc.Unsafe.getLong(Ljava/lang/Object;J)J @ 5 c2
Event: 1.187 Thread 0x00007fce26815000 DEOPT PACKING pc=0x000000012320cb7c sp=0x00007ffedfeb6790
Event: 1.187 Thread 0x00007fce26815000 DEOPT UNPACKING pc=0x000000011b709424 sp=0x00007ffedfeb6738 mode 2
Event: 1.292 Thread 0x00007fce26815000 DEOPT PACKING pc=0x000000011bf4370c sp=0x00007ffedfeb6770
Event: 1.292 Thread 0x00007fce26815000 DEOPT UNPACKING pc=0x000000011b709bba sp=0x00007ffedfeb5cb8 mode 0

Classes unloaded (0 events):
No events

Classes redefined (0 events):
No events

Internal exceptions (20 events):
Event: 0.276 Thread 0x00007fce26815000 Exception <a 'java/lang/NoSuchMethodError'{0x000000070f56dfe8}: 'java.lang.Object java.lang.invoke.DirectMethodHandle$Holder.invokeStaticInit(java.lang.Object, java.lang.Object, java.lang.Object)'> (0x000000070f56dfe8) 
thrown [./open/src/hotspot/share/interpreter/linkResolver.cpp, line 790]
Event: 0.281 Thread 0x00007fce26815000 Exception <a 'java/lang/NoSuchMethodError'{0x000000070f5934c0}: 'int java.lang.invoke.DirectMethodHandle$Holder.invokeSpecial(java.lang.Object, java.lang.Object, java.lang.Object)'> (0x000000070f5934c0) 
thrown [./open/src/hotspot/share/interpreter/linkResolver.cpp, line 790]
Event: 0.412 Thread 0x00007fce26815000 Exception <a 'java/lang/NoSuchMethodError'{0x000000070ed2acd8}: 'java.lang.Object java.lang.invoke.DirectMethodHandle$Holder.newInvokeSpecial(java.lang.Object, long, int, java.lang.Object)'> (0x000000070ed2acd8) 
thrown [./open/src/hotspot/share/interpreter/linkResolver.cpp, line 790]
Event: 0.596 Thread 0x00007fce26815000 Exception <a 'java/lang/NoSuchMethodError'{0x000000070fffb4b8}: 'java.lang.Object java.lang.invoke.DirectMethodHandle$Holder.newInvokeSpecial(java.lang.Object, java.lang.Object, java.lang.Object, java.lang.Object, java.lang.Object)'> (0x000000070fffb4b8) 
thrown [./open/src/hotspot/share/interpreter/linkResolver.cpp, line 790]
Event: 0.679 Thread 0x00007fce26815000 Exception <a 'java/lang/NoSuchMethodError'{0x000000070fbd3248}: 'int java.lang.invoke.DirectMethodHandle$Holder.invokeInterface(java.lang.Object, java.lang.Object)'> (0x000000070fbd3248) 
thrown [./open/src/hotspot/share/interpreter/linkResolver.cpp, line 790]
Event: 0.679 Thread 0x00007fce26815000 Exception <a 'java/lang/IncompatibleClassChangeError'{0x000000070fbd6928}: Found class java.lang.Object, but interface was expected> (0x000000070fbd6928) 
thrown [./open/src/hotspot/share/interpreter/linkResolver.cpp, line 857]
Event: 0.697 Thread 0x00007fce26815000 Exception <a 'java/lang/ClassNotFoundException'{0x000000070f848718}: jdk/internal/platform/CgroupMetrics> (0x000000070f848718) 
thrown [./open/src/hotspot/share/classfile/systemDictionary.cpp, line 256]
Event: 0.733 Thread 0x00007fce26815000 Exception <a 'java/lang/NoSuchMethodError'{0x000000070f96d260}: 'java.lang.Object java.lang.invoke.DirectMethodHandle$Holder.invokeStatic(java.lang.Object, int, java.lang.Object)'> (0x000000070f96d260) 
thrown [./open/src/hotspot/share/interpreter/linkResolver.cpp, line 790]
Event: 0.763 Thread 0x00007fce26815000 Exception <a 'java/lang/NoSuchMethodError'{0x000000070f6edbb8}: 'java.lang.Object java.lang.invoke.DirectMethodHandle$Holder.invokeStatic(java.lang.Object, java.lang.Object, int)'> (0x000000070f6edbb8) 
thrown [./open/src/hotspot/share/interpreter/linkResolver.cpp, line 790]
Event: 0.764 Thread 0x00007fce26815000 Exception <a 'java/lang/NoSuchMethodError'{0x000000070f6f9d28}: 'void java.lang.invoke.DelegatingMethodHandle$Holder.delegate(java.lang.Object, java.lang.Object, int, java.lang.Object)'> (0x000000070f6f9d28) 
thrown [./open/src/hotspot/share/interpreter/linkResolver.cpp, line 790]
Event: 0.769 Thread 0x00007fce26815000 Exception <a 'sun/nio/fs/UnixException'{0x000000070f733c68}> (0x000000070f733c68) 
thrown [./open/src/hotspot/share/prims/jni.cpp, line 579]
Event: 0.774 Thread 0x00007fce26815000 Exception <a 'java/lang/NoSuchMethodError'{0x000000070f75cdb8}: 'int java.lang.invoke.DirectMethodHandle$Holder.invokeStaticInit(java.lang.Object, java.lang.Object, int, long)'> (0x000000070f75cdb8) 
thrown [./open/src/hotspot/share/interpreter/linkResolver.cpp, line 790]
Event: 0.775 Thread 0x00007fce26815000 Exception <a 'java/lang/NoSuchMethodError'{0x000000070f7628a8}: 'java.lang.Object java.lang.invoke.DirectMethodHandle$Holder.newInvokeSpecial(java.lang.Object, java.lang.Object, int)'> (0x000000070f7628a8) 
thrown [./open/src/hotspot/share/interpreter/linkResolver.cpp, line 790]
Event: 0.776 Thread 0x00007fce26815000 Exception <a 'java/lang/NoSuchMethodError'{0x000000070f771810}: 'int java.lang.invoke.DirectMethodHandle$Holder.invokeStaticInit(java.lang.Object, java.lang.Object, long, long)'> (0x000000070f771810) 
thrown [./open/src/hotspot/share/interpreter/linkResolver.cpp, line 790]
Event: 0.776 Thread 0x00007fce26815000 Exception <a 'java/lang/NoSuchMethodError'{0x000000070f777758}: 'java.lang.Object java.lang.invoke.DirectMethodHandle$Holder.newInvokeSpecial(java.lang.Object, java.lang.Object, long)'> (0x000000070f777758) 
thrown [./open/src/hotspot/share/interpreter/linkResolver.cpp, line 790]
Event: 0.776 Thread 0x00007fce26815000 Exception <a 'java/lang/NoSuchMethodError'{0x000000070f77b220}: 'java.lang.Object java.lang.invoke.Invokers$Holder.linkToTargetMethod(java.lang.Object, long, java.lang.Object)'> (0x000000070f77b220) 
thrown [./open/src/hotspot/share/interpreter/linkResolver.cpp, line 790]
Event: 0.777 Thread 0x00007fce26815000 Exception <a 'java/lang/NoSuchMethodError'{0x000000070f782a80}: 'int java.lang.invoke.DirectMethodHandle$Holder.invokeStaticInit(java.lang.Object, java.lang.Object, java.lang.Object, long)'> (0x000000070f782a80) 
thrown [./open/src/hotspot/share/interpreter/linkResolver.cpp, line 790]
Event: 0.787 Thread 0x00007fce26815000 Exception <a 'sun/nio/fs/UnixException'{0x000000070f426cf0}> (0x000000070f426cf0) 
thrown [./open/src/hotspot/share/prims/jni.cpp, line 579]
Event: 0.800 Thread 0x00007fce26815000 Exception <a 'sun/nio/fs/UnixException'{0x000000070f4a16c0}> (0x000000070f4a16c0) 
thrown [./open/src/hotspot/share/prims/jni.cpp, line 579]
Event: 1.084 Thread 0x00007fce26815000 Exception <a 'sun/nio/fs/UnixException'{0x000000070f5a60b8}> (0x000000070f5a60b8) 
thrown [./open/src/hotspot/share/prims/jni.cpp, line 579]

Events (20 events):
Event: 1.184 loading class sun/util/resources/cldr/TimeZoneNames_en
Event: 1.185 loading class sun/util/resources/cldr/TimeZoneNames_en done
Event: 1.185 loading class sun/util/resources/cldr/TimeZoneNames_en_US
Event: 1.185 loading class sun/util/resources/cldr/TimeZoneNames_en_US done
Event: 1.187 loading class sun/util/resources/TimeZoneNames
Event: 1.187 loading class sun/util/resources/TimeZoneNames done
Event: 1.188 loading class sun/util/resources/TimeZoneNames_en
Event: 1.188 loading class sun/util/resources/TimeZoneNames_en done
Event: 1.191 Thread 0x00007fce2892d000 Thread added: 0x00007fce2892d000
Event: 1.191 Protecting memory [0x0000700008090000,0x0000700008094000] with protection modes 0
Event: 1.212 Executing  VM operation: ICBufferFull
Event: 1.212 Executing  VM operation: ICBufferFull done
Event: 1.217 Executing  VM operation: ICBufferFull
Event: 1.218 Executing  VM operation: ICBufferFull done
Event: 1.223 Executing  VM operation: ICBufferFull
Event: 1.223 Executing  VM operation: ICBufferFull done
Event: 1.227 Executing  VM operation: ICBufferFull
Event: 1.227 Executing  VM operation: ICBufferFull done
Event: 1.231 Executing  VM operation: ICBufferFull
Event: 1.231 Executing  VM operation: ICBufferFull done


Dynamic libraries:
0x00007fff68fb7000 	/usr/lib/libz.1.dylib
0x000000010fd4d000 	/Library/Java/JavaVirtualMachines/jdk-16.0.1.jdk/Contents/Home/lib/libjli.dylib
0x00007fff2ef09000 	/System/Library/Frameworks/Cocoa.framework/Versions/A/Cocoa
0x00007fff3c533000 	/System/Library/Frameworks/Security.framework/Versions/A/Security
0x00007fff2de6f000 	/System/Library/Frameworks/ApplicationServices.framework/Versions/A/ApplicationServices
0x00007fff66a79000 	/usr/lib/libSystem.B.dylib
0x00007fff69878000 	/usr/lib/system/libcache.dylib
0x00007fff6987e000 	/usr/lib/system/libcommonCrypto.dylib
0x00007fff6988a000 	/usr/lib/system/libcompiler_rt.dylib
0x00007fff69892000 	/usr/lib/system/libcopyfile.dylib
0x00007fff6989c000 	/usr/lib/system/libcorecrypto.dylib
0x00007fff69a3b000 	/usr/lib/system/libdispatch.dylib
0x00007fff69a7c000 	/usr/lib/system/libdyld.dylib
0x00007fff69ab3000 	/usr/lib/system/libkeymgr.dylib
0x00007fff69ac1000 	/usr/lib/system/liblaunch.dylib
0x00007fff69ac2000 	/usr/lib/system/libmacho.dylib
0x00007fff69ac8000 	/usr/lib/system/libquarantine.dylib
0x00007fff69acb000 	/usr/lib/system/libremovefile.dylib
0x00007fff69acd000 	/usr/lib/system/libsystem_asl.dylib
0x00007fff69ae5000 	/usr/lib/system/libsystem_blocks.dylib
0x00007fff69ae6000 	/usr/lib/system/libsystem_c.dylib
0x00007fff69b6e000 	/usr/lib/system/libsystem_configuration.dylib
0x00007fff69b72000 	/usr/lib/system/libsystem_coreservices.dylib
0x00007fff69b76000 	/usr/lib/system/libsystem_darwin.dylib
0x00007fff69b7f000 	/usr/lib/system/libsystem_dnssd.dylib
0x00007fff69b87000 	/usr/lib/system/libsystem_featureflags.dylib
0x00007fff69b89000 	/usr/lib/system/libsystem_info.dylib
0x00007fff69c04000 	/usr/lib/system/libsystem_m.dylib
0x00007fff69c4c000 	/usr/lib/system/libsystem_malloc.dylib
0x00007fff69c74000 	/usr/lib/system/libsystem_networkextension.dylib
0x00007fff69c82000 	/usr/lib/system/libsystem_notify.dylib
0x00007fff69ca0000 	/usr/lib/system/libsystem_sandbox.dylib
0x00007fff69ca5000 	/usr/lib/system/libsystem_secinit.dylib
0x00007fff69bd7000 	/usr/lib/system/libsystem_kernel.dylib
0x00007fff69c8c000 	/usr/lib/system/libsystem_platform.dylib
0x00007fff69c95000 	/usr/lib/system/libsystem_pthread.dylib
0x00007fff69ca8000 	/usr/lib/system/libsystem_symptoms.dylib
0x00007fff69cb0000 	/usr/lib/system/libsystem_trace.dylib
0x00007fff69cc8000 	/usr/lib/system/libunwind.dylib
0x00007fff69cce000 	/usr/lib/system/libxpc.dylib
0x00007fff688db000 	/usr/lib/libobjc.A.dylib
0x00007fff66db2000 	/usr/lib/libc++abi.dylib
0x00007fff66d5f000 	/usr/lib/libc++.1.dylib
0x00007fff2fdab000 	/System/Library/Frameworks/CoreFoundation.framework/Versions/A/CoreFoundation
0x00007fff3246c000 	/System/Library/Frameworks/Foundation.framework/Versions/C/Foundation
0x00007fff2d061000 	/System/Library/Frameworks/AppKit.framework/Versions/C/AppKit
0x00007fff2f88d000 	/System/Library/Frameworks/CoreData.framework/Versions/A/CoreData
0x00007fff60cd6000 	/System/Library/PrivateFrameworks/UIFoundation.framework/Versions/A/UIFoundation
0x00007fff5bd6a000 	/System/Library/PrivateFrameworks/RemoteViewServices.framework/Versions/A/RemoteViewServices
0x00007fff635e9000 	/System/Library/PrivateFrameworks/XCTTargetBootstrap.framework/Versions/A/XCTTargetBootstrap
0x00007fff2fc78000 	/System/Library/Frameworks/CoreDisplay.framework/Versions/A/CoreDisplay
0x00007fff35327000 	/System/Library/Frameworks/Metal.framework/Versions/A/Metal
0x00007fff49d50000 	/System/Library/PrivateFrameworks/DesktopServicesPriv.framework/Versions/A/DesktopServicesPriv
0x00007fff67bb6000 	/usr/lib/liblangid.dylib
0x00007fff48fe5000 	/System/Library/PrivateFrameworks/CoreSVG.framework/Versions/A/CoreSVG
0x00007fff5eec6000 	/System/Library/PrivateFrameworks/SkyLight.framework/Versions/A/SkyLight
0x00007fff3022e000 	/System/Library/Frameworks/CoreGraphics.framework/Versions/A/CoreGraphics
0x00007fff2ba35000 	/System/Library/Frameworks/Accelerate.framework/Versions/A/Accelerate
0x00007fff68ea8000 	/usr/lib/libxml2.2.dylib
0x00007fff54cf3000 	/System/Library/PrivateFrameworks/IconServices.framework/Versions/A/IconServices
0x00007fff32c4b000 	/System/Library/Frameworks/IOSurface.framework/Versions/A/IOSurface
0x00007fff665a3000 	/usr/lib/libDiagnosticMessagesClient.dylib
0x00007fff49baa000 	/System/Library/PrivateFrameworks/DFRFoundation.framework/Versions/A/DFRFoundation
0x00007fff67945000 	/usr/lib/libicucore.A.dylib
0x00007fff2e1a1000 	/System/Library/Frameworks/AudioToolbox.framework/Versions/A/AudioToolbox
0x00007fff2e284000 	/System/Library/Frameworks/AudioUnit.framework/Versions/A/AudioUnit
0x00007fff66c7b000 	/usr/lib/libauto.dylib
0x00007fff49c4c000 	/System/Library/PrivateFrameworks/DataDetectorsCore.framework/Versions/A/DataDetectorsCore
0x00007fff2ea2a000 	/System/Library/Frameworks/Carbon.framework/Versions/A/Frameworks/HIToolbox.framework/Versions/A/HIToolbox
0x00007fff3b72c000 	/System/Library/Frameworks/QuartzCore.framework/Versions/A/QuartzCore
0x00007fff2ed69000 	/System/Library/Frameworks/Carbon.framework/Versions/A/Frameworks/SpeechRecognition.framework/Versions/A/SpeechRecognition
0x00007fff496be000 	/System/Library/PrivateFrameworks/CoreUI.framework/Versions/A/CoreUI
0x00007fff2f2f8000 	/System/Library/Frameworks/CoreAudio.framework/Versions/A/CoreAudio
0x00007fff3212a000 	/System/Library/Frameworks/DiskArbitration.framework/Versions/A/DiskArbitration
0x00007fff56d43000 	/System/Library/PrivateFrameworks/MultitouchSupport.framework/Versions/A/MultitouchSupport
0x00007fff6780a000 	/usr/lib/libenergytrace.dylib
0x00007fff32ba5000 	/System/Library/Frameworks/IOKit.framework/Versions/A/IOKit
0x00007fff31195000 	/System/Library/Frameworks/CoreServices.framework/Versions/A/CoreServices
0x00007fff58efd000 	/System/Library/PrivateFrameworks/PerformanceAnalysis.framework/Versions/A/PerformanceAnalysis
0x00007fff3a75f000 	/System/Library/Frameworks/OpenGL.framework/Versions/A/OpenGL
0x00007fff2ef17000 	/System/Library/Frameworks/ColorSync.framework/Versions/A/ColorSync
0x00007fff308b1000 	/System/Library/Frameworks/CoreImage.framework/Versions/A/CoreImage
0x00007fff31c09000 	/System/Library/Frameworks/CoreText.framework/Versions/A/CoreText
0x00007fff32cdb000 	/System/Library/Frameworks/ImageIO.framework/Versions/A/ImageIO
0x00007fff66ddb000 	/usr/lib/libcompression.dylib
0x00007fff668e7000 	/usr/lib/libMobileGestalt.dylib
0x00007fff60a40000 	/System/Library/PrivateFrameworks/TextureIO.framework/Versions/A/TextureIO
0x00007fff66bde000 	/usr/lib/libate.dylib
0x00007fff54efc000 	/System/Library/PrivateFrameworks/InternationalSupport.framework/Versions/A/InternationalSupport
0x00007fff67bb8000 	/usr/lib/liblzma.5.dylib
0x00007fff67833000 	/usr/lib/libfakelink.dylib
0x00007fff66b6b000 	/usr/lib/libarchive.2.dylib
0x00007fff3d5e6000 	/System/Library/Frameworks/SystemConfiguration.framework/Versions/A/SystemConfiguration
0x00007fff664d6000 	/usr/lib/libCRFSuite.dylib
0x00007fff2e61b000 	/System/Library/Frameworks/CFNetwork.framework/Versions/A/CFNetwork
0x00007fff66d41000 	/usr/lib/libbsm.0.dylib
0x00007fff69ab4000 	/usr/lib/system/libkxld.dylib
0x00007fff43523000 	/System/Library/PrivateFrameworks/AppleFSCompression.framework/Versions/A/AppleFSCompression
0x00007fff670cc000 	/usr/lib/libcoretls.dylib
0x00007fff670e3000 	/usr/lib/libcoretls_cfhelpers.dylib
0x00007fff68921000 	/usr/lib/libpam.2.dylib
0x00007fff68a56000 	/usr/lib/libsqlite3.dylib
0x00007fff68e95000 	/usr/lib/libxar.1.dylib
0x00007fff66d52000 	/usr/lib/libbz2.1.0.dylib
0x00007fff67854000 	/usr/lib/libiconv.2.dylib
0x00007fff66dc8000 	/usr/lib/libcharset.1.dylib
0x00007fff683be000 	/usr/lib/libnetwork.dylib
0x00007fff68928000 	/usr/lib/libpcap.A.dylib
0x00007fff66b20000 	/usr/lib/libapple_nghttp2.dylib
0x00007fff3154c000 	/System/Library/Frameworks/CoreServices.framework/Versions/A/Frameworks/FSEvents.framework/Versions/A/FSEvents
0x00007fff3121c000 	/System/Library/Frameworks/CoreServices.framework/Versions/A/Frameworks/CarbonCore.framework/Versions/A/CarbonCore
0x00007fff31791000 	/System/Library/Frameworks/CoreServices.framework/Versions/A/Frameworks/Metadata.framework/Versions/A/Metadata
0x00007fff3182a000 	/System/Library/Frameworks/CoreServices.framework/Versions/A/Frameworks/OSServices.framework/Versions/A/OSServices
0x00007fff31858000 	/System/Library/Frameworks/CoreServices.framework/Versions/A/Frameworks/SearchKit.framework/Versions/A/SearchKit
0x00007fff31196000 	/System/Library/Frameworks/CoreServices.framework/Versions/A/Frameworks/AE.framework/Versions/A/AE
0x00007fff31555000 	/System/Library/Frameworks/CoreServices.framework/Versions/A/Frameworks/LaunchServices.framework/Versions/A/LaunchServices
0x00007fff314fe000 	/System/Library/Frameworks/CoreServices.framework/Versions/A/Frameworks/DictionaryServices.framework/Versions/A/DictionaryServices
0x00007fff318c0000 	/System/Library/Frameworks/CoreServices.framework/Versions/A/Frameworks/SharedFileList.framework/Versions/A/SharedFileList
0x00007fff3657e000 	/System/Library/Frameworks/NetFS.framework/Versions/A/NetFS
0x00007fff57273000 	/System/Library/PrivateFrameworks/NetAuth.framework/Versions/A/NetAuth
0x00007fff639b6000 	/System/Library/PrivateFrameworks/login.framework/Versions/A/Frameworks/loginsupport.framework/Versions/A/loginsupport
0x00007fff6050b000 	/System/Library/PrivateFrameworks/TCC.framework/Versions/A/TCC
0x00007fff48158000 	/System/Library/PrivateFrameworks/CoreNLP.framework/Versions/A/CoreNLP
0x00007fff56770000 	/System/Library/PrivateFrameworks/MetadataUtilities.framework/Versions/A/MetadataUtilities
0x00007fff67c90000 	/usr/lib/libmecabra.dylib
0x00007fff67be8000 	/usr/lib/libmecab.dylib
0x00007fff67844000 	/usr/lib/libgermantok.dylib
0x00007fff66b07000 	/usr/lib/libThaiTokenizer.dylib
0x00007fff6650d000 	/usr/lib/libChineseTokenizer.dylib
0x00007fff2ba4d000 	/System/Library/Frameworks/Accelerate.framework/Versions/A/Frameworks/vImage.framework/Versions/A/vImage
0x00007fff2ceb7000 	/System/Library/Frameworks/Accelerate.framework/Versions/A/Frameworks/vecLib.framework/Versions/A/vecLib
0x00007fff2cdf4000 	/System/Library/Frameworks/Accelerate.framework/Versions/A/Frameworks/vecLib.framework/Versions/A/libvMisc.dylib
0x00007fff2cc1c000 	/System/Library/Frameworks/Accelerate.framework/Versions/A/Frameworks/vecLib.framework/Versions/A/libvDSP.dylib
0x00007fff2c0a4000 	/System/Library/Frameworks/Accelerate.framework/Versions/A/Frameworks/vecLib.framework/Versions/A/libBLAS.dylib
0x00007fff2c7e0000 	/System/Library/Frameworks/Accelerate.framework/Versions/A/Frameworks/vecLib.framework/Versions/A/libLAPACK.dylib
0x00007fff2cb7c000 	/System/Library/Frameworks/Accelerate.framework/Versions/A/Frameworks/vecLib.framework/Versions/A/libLinearAlgebra.dylib
0x00007fff2cc09000 	/System/Library/Frameworks/Accelerate.framework/Versions/A/Frameworks/vecLib.framework/Versions/A/libSparseBLAS.dylib
0x00007fff2cb92000 	/System/Library/Frameworks/Accelerate.framework/Versions/A/Frameworks/vecLib.framework/Versions/A/libQuadrature.dylib
0x00007fff2c30c000 	/System/Library/Frameworks/Accelerate.framework/Versions/A/Frameworks/vecLib.framework/Versions/A/libBNNS.dylib
0x00007fff2cb98000 	/System/Library/Frameworks/Accelerate.framework/Versions/A/Frameworks/vecLib.framework/Versions/A/libSparse.dylib
0x00007fff552e4000 	/System/Library/PrivateFrameworks/LanguageModeling.framework/Versions/A/LanguageModeling
0x00007fff47b07000 	/System/Library/PrivateFrameworks/CoreEmoji.framework/Versions/A/CoreEmoji
0x00007fff55402000 	/System/Library/PrivateFrameworks/LinguisticData.framework/Versions/A/LinguisticData
0x00007fff553b3000 	/System/Library/PrivateFrameworks/Lexicon.framework/Versions/A/Lexicon
0x00007fff66dc9000 	/usr/lib/libcmph.dylib
0x00007fff3916d000 	/System/Library/Frameworks/OpenDirectory.framework/Versions/A/Frameworks/CFOpenDirectory.framework/Versions/A/CFOpenDirectory
0x00007fff3918a000 	/System/Library/Frameworks/OpenDirectory.framework/Versions/A/OpenDirectory
0x00007fff415d0000 	/System/Library/PrivateFrameworks/APFS.framework/Versions/A/APFS
0x00007fff3c87f000 	/System/Library/Frameworks/SecurityFoundation.framework/Versions/A/SecurityFoundation
0x00007fff68e91000 	/usr/lib/libutil.dylib
0x00007fff4903d000 	/System/Library/PrivateFrameworks/CoreServicesStore.framework/Versions/A/CoreServicesStore
0x00007fff3c936000 	/System/Library/Frameworks/ServiceManagement.framework/Versions/A/ServiceManagement
0x00007fff44cf5000 	/System/Library/PrivateFrameworks/BackgroundTaskManagement.framework/Versions/A/BackgroundTaskManagement
0x00007fff68f8e000 	/usr/lib/libxslt.1.dylib
0x00007fff43b97000 	/System/Library/PrivateFrameworks/AppleSystemInfo.framework/Versions/A/AppleSystemInfo
0x00007fff32ef8000 	/System/Library/Frameworks/ImageIO.framework/Versions/A/Resources/libJPEG.dylib
0x00007fff331b5000 	/System/Library/Frameworks/ImageIO.framework/Versions/A/Resources/libTIFF.dylib
0x00007fff33198000 	/System/Library/Frameworks/ImageIO.framework/Versions/A/Resources/libPng.dylib
0x00007fff32e3a000 	/System/Library/Frameworks/ImageIO.framework/Versions/A/Resources/libGIF.dylib
0x00007fff32e3e000 	/System/Library/Frameworks/ImageIO.framework/Versions/A/Resources/libJP2.dylib
0x00007fff331b3000 	/System/Library/Frameworks/ImageIO.framework/Versions/A/Resources/libRadiance.dylib
0x00007fff6780b000 	/usr/lib/libexpat.1.dylib
0x00007fff4367e000 	/System/Library/PrivateFrameworks/AppleJPEG.framework/Versions/A/AppleJPEG
0x00007fff4c353000 	/System/Library/PrivateFrameworks/FontServices.framework/libFontParser.dylib
0x00007fff629b8000 	/System/Library/PrivateFrameworks/WatchdogClient.framework/Versions/A/WatchdogClient
0x00007fff5493f000 	/System/Library/PrivateFrameworks/IOAccelerator.framework/Versions/A/IOAccelerator
0x00007fff356c2000 	/System/Library/Frameworks/MetalPerformanceShaders.framework/Versions/A/MetalPerformanceShaders
0x00007fff510cf000 	/System/Library/PrivateFrameworks/GPUWrangler.framework/Versions/A/GPUWrangler
0x00007fff54954000 	/System/Library/PrivateFrameworks/IOPresentment.framework/Versions/A/IOPresentment
0x00007fff49bbd000 	/System/Library/PrivateFrameworks/DSExternalDisplay.framework/Versions/A/DSExternalDisplay
0x00007fff39afe000 	/System/Library/Frameworks/OpenGL.framework/Versions/A/Libraries/libCoreFSCache.dylib
0x00007fff3540e000 	/System/Library/Frameworks/MetalPerformanceShaders.framework/Frameworks/MPSCore.framework/Versions/A/MPSCore
0x00007fff3544c000 	/System/Library/Frameworks/MetalPerformanceShaders.framework/Frameworks/MPSImage.framework/Versions/A/MPSImage
0x00007fff35513000 	/System/Library/Frameworks/MetalPerformanceShaders.framework/Frameworks/MPSNeuralNetwork.framework/Versions/A/MPSNeuralNetwork
0x00007fff354d7000 	/System/Library/Frameworks/MetalPerformanceShaders.framework/Frameworks/MPSMatrix.framework/Versions/A/MPSMatrix
0x00007fff35672000 	/System/Library/Frameworks/MetalPerformanceShaders.framework/Frameworks/MPSRayIntersector.framework/Versions/A/MPSRayIntersector
0x00007fff354fd000 	/System/Library/Frameworks/MetalPerformanceShaders.framework/Frameworks/MPSNDArray.framework/Versions/A/MPSNDArray
0x00007fff567bd000 	/System/Library/PrivateFrameworks/MetalTools.framework/Versions/A/MetalTools
0x00007fff427aa000 	/System/Library/PrivateFrameworks/AggregateDictionary.framework/Versions/A/AggregateDictionary
0x00007fff4754f000 	/System/Library/PrivateFrameworks/CoreAnalytics.framework/Versions/A/CoreAnalytics
0x00007fff43ab5000 	/System/Library/PrivateFrameworks/AppleSauce.framework/Versions/A/AppleSauce
0x00007fff667c9000 	/usr/lib/libIOReport.dylib
0x00007fff31dc1000 	/System/Library/Frameworks/CoreVideo.framework/Versions/A/CoreVideo
0x00007fff52548000 	/System/Library/PrivateFrameworks/GraphVisualizer.framework/Versions/A/GraphVisualizer
0x00007fff4b899000 	/System/Library/PrivateFrameworks/FaceCore.framework/Versions/A/FaceCore
0x00007fff39114000 	/System/Library/Frameworks/OpenCL.framework/Versions/A/OpenCL
0x00007fff665eb000 	/usr/lib/libFosl_dynamic.dylib
0x00007fff57c95000 	/System/Library/PrivateFrameworks/OTSVG.framework/Versions/A/OTSVG
0x00007fff2df74000 	/System/Library/Frameworks/ApplicationServices.framework/Versions/A/Frameworks/ATS.framework/Versions/A/Resources/libFontRegistry.dylib
0x00007fff4c523000 	/System/Library/PrivateFrameworks/FontServices.framework/libhvf.dylib
0x00007fff39b09000 	/System/Library/Frameworks/OpenGL.framework/Versions/A/Libraries/libGFXShared.dylib
0x00007fff39ce7000 	/System/Library/Frameworks/OpenGL.framework/Versions/A/Libraries/libGLU.dylib
0x00007fff39b12000 	/System/Library/Frameworks/OpenGL.framework/Versions/A/Libraries/libGL.dylib
0x00007fff39b1d000 	/System/Library/Frameworks/OpenGL.framework/Versions/A/Libraries/libGLImage.dylib
0x00007fff39afb000 	/System/Library/Frameworks/OpenGL.framework/Versions/A/Libraries/libCVMSPluginSupport.dylib
0x00007fff39b04000 	/System/Library/Frameworks/OpenGL.framework/Versions/A/Libraries/libCoreVMClient.dylib
0x00007fff6825f000 	/usr/lib/libncurses.5.4.dylib
0x00007fff2de70000 	/System/Library/Frameworks/ApplicationServices.framework/Versions/A/Frameworks/ATS.framework/Versions/A/ATS
0x00007fff2e03d000 	/System/Library/Frameworks/ApplicationServices.framework/Versions/A/Frameworks/ColorSyncLegacy.framework/Versions/A/ColorSyncLegacy
0x00007fff2e0db000 	/System/Library/Frameworks/ApplicationServices.framework/Versions/A/Frameworks/HIServices.framework/Versions/A/HIServices
0x00007fff2e133000 	/System/Library/Frameworks/ApplicationServices.framework/Versions/A/Frameworks/LangAnalysis.framework/Versions/A/LangAnalysis
0x00007fff2e142000 	/System/Library/Frameworks/ApplicationServices.framework/Versions/A/Frameworks/PrintCore.framework/Versions/A/PrintCore
0x00007fff2e188000 	/System/Library/Frameworks/ApplicationServices.framework/Versions/A/Frameworks/QD.framework/Versions/A/QD
0x00007fff2e193000 	/System/Library/Frameworks/ApplicationServices.framework/Versions/A/Frameworks/SpeechSynthesis.framework/Versions/A/SpeechSynthesis
0x00007fff2e00d000 	/System/Library/Frameworks/ApplicationServices.framework/Versions/A/Frameworks/ATSUI.framework/Versions/A/ATSUI
0x00007fff676a1000 	/usr/lib/libcups.2.dylib
0x00007fff3475d000 	/System/Library/Frameworks/Kerberos.framework/Versions/A/Kerberos
0x00007fff3289e000 	/System/Library/Frameworks/GSS.framework/Versions/A/GSS
0x00007fff689e2000 	/usr/lib/libresolv.9.dylib
0x00007fff526f5000 	/System/Library/PrivateFrameworks/Heimdal.framework/Versions/A/Heimdal
0x00007fff34770000 	/System/Library/Frameworks/Kerberos.framework/Versions/A/Libraries/libHeimdalProxy.dylib
0x00007fff6784a000 	/usr/lib/libheimdal-asn1.dylib
0x00007fff469e7000 	/System/Library/PrivateFrameworks/CommonAuth.framework/Versions/A/CommonAuth
0x00007fff43c34000 	/System/Library/PrivateFrameworks/AssertionServices.framework/Versions/A/AssertionServices
0x00007fff447d7000 	/System/Library/PrivateFrameworks/AudioToolboxCore.framework/Versions/A/AudioToolboxCore
0x00007fff63666000 	/System/Library/PrivateFrameworks/caulk.framework/Versions/A/caulk
0x00007fff44da1000 	/System/Library/PrivateFrameworks/BaseBoard.framework/Versions/A/BaseBoard
0x00007fff5bef8000 	/System/Library/PrivateFrameworks/RunningBoardServices.framework/Versions/A/RunningBoardServices
0x00007fff58f09000 	/System/Library/PrivateFrameworks/PersistentConnection.framework/Versions/A/PersistentConnection
0x00007fff5b8f1000 	/System/Library/PrivateFrameworks/ProtocolBuffer.framework/Versions/A/ProtocolBuffer
0x00007fff46a0b000 	/System/Library/PrivateFrameworks/CommonUtilities.framework/Versions/A/CommonUtilities
0x00007fff44f2f000 	/System/Library/PrivateFrameworks/Bom.framework/Versions/A/Bom
0x00007fff6649c000 	/usr/lib/libAudioToolboxUtility.dylib
0x00007fff44cff000 	/System/Library/PrivateFrameworks/Backup.framework/Versions/A/Backup
0x00007fff49ade000 	/System/Library/PrivateFrameworks/CrashReporterSupport.framework/Versions/A/CrashReporterSupport
0x00007fff5d98a000 	/System/Library/PrivateFrameworks/Sharing.framework/Versions/A/Sharing
0x00007fff43241000 	/System/Library/PrivateFrameworks/Apple80211.framework/Versions/A/Apple80211
0x00007fff44a1c000 	/System/Library/PrivateFrameworks/AuthKit.framework/Versions/A/AuthKit
0x00007fff497eb000 	/System/Library/PrivateFrameworks/CoreUtils.framework/Versions/A/CoreUtils
0x00007fff31e06000 	/System/Library/Frameworks/CoreWLAN.framework/Versions/A/CoreWLAN
0x00007fff32a2b000 	/System/Library/Frameworks/IOBluetooth.framework/Versions/A/IOBluetooth
0x00007fff56ac2000 	/System/Library/PrivateFrameworks/MobileKeyBag.framework/Versions/A/MobileKeyBag
0x00007fff485f0000 	/System/Library/PrivateFrameworks/CorePhoneNumbers.framework/Versions/A/CorePhoneNumbers
0x00007fff43631000 	/System/Library/PrivateFrameworks/AppleIDAuthSupport.framework/Versions/A/AppleIDAuthSupport
0x00007fff3658b000 	/System/Library/Frameworks/Network.framework/Versions/A/Network
0x00007fff55190000 	/System/Library/PrivateFrameworks/KeychainCircle.framework/Versions/A/KeychainCircle
0x00007fff2f854000 	/System/Library/Frameworks/CoreBluetooth.framework/Versions/A/CoreBluetooth
0x00007fff5fa09000 	/System/Library/PrivateFrameworks/SpeechRecognitionCore.framework/Versions/A/SpeechRecognitionCore
0x0000000110e00000 	/Library/Java/JavaVirtualMachines/jdk-16.0.1.jdk/Contents/Home/lib/server/libjvm.dylib
0x000000010fd78000 	/Library/Java/JavaVirtualMachines/jdk-16.0.1.jdk/Contents/Home/lib/libjimage.dylib
0x000000010fd86000 	/Library/Java/JavaVirtualMachines/jdk-16.0.1.jdk/Contents/Home/lib/libinstrument.dylib
0x000000010fd96000 	/Library/Java/JavaVirtualMachines/jdk-16.0.1.jdk/Contents/Home/lib/libjava.dylib
0x000000010fde5000 	/Library/Java/JavaVirtualMachines/jdk-16.0.1.jdk/Contents/Home/lib/libzip.dylib
0x000000011af46000 	/Library/Java/JavaVirtualMachines/jdk-16.0.1.jdk/Contents/Home/lib/libnio.dylib
0x000000011af5a000 	/Library/Java/JavaVirtualMachines/jdk-16.0.1.jdk/Contents/Home/lib/libnet.dylib
0x000000010fdf3000 	/Library/Java/JavaVirtualMachines/jdk-16.0.1.jdk/Contents/Home/lib/libextnet.dylib
0x000000011af74000 	/Library/Java/JavaVirtualMachines/jdk-16.0.1.jdk/Contents/Home/lib/libmanagement.dylib
0x000000011af7e000 	/Library/Java/JavaVirtualMachines/jdk-16.0.1.jdk/Contents/Home/lib/libmanagement_ext.dylib
0x000000011af89000 	/Users/dreamtowards/Projects/Outskirts/libraries/platform/macosx/liblwjgl.dylib
0x000000011afc2000 	/Users/dreamtowards/Projects/Outskirts/libraries/platform/macosx/libglfw.dylib
0x00007fff49009000 	/System/Library/PrivateFrameworks/CoreServicesInternal.framework/Versions/A/CoreServicesInternal
0x00007fff32325000 	/System/Library/Frameworks/FileProvider.framework/Versions/A/FileProvider
0x00007fff2ceb8000 	/System/Library/Frameworks/Accounts.framework/Versions/A/Accounts
0x00007fff513f4000 	/System/Library/PrivateFrameworks/GenerationalStorage.framework/Versions/A/GenerationalStorage
0x00007fff49590000 	/System/Library/PrivateFrameworks/CoreSymbolication.framework/Versions/A/CoreSymbolication
0x00007fff6024b000 	/System/Library/PrivateFrameworks/SymptomDiagnosticReporter.framework/Versions/A/SymptomDiagnosticReporter
0x00007fff42d45000 	/System/Library/PrivateFrameworks/AppContainer.framework/Versions/A/AppContainer
0x00007fff689fc000 	/usr/lib/libsandbox.1.dylib
0x00007fff6195b000 	/System/Library/PrivateFrameworks/UserManagement.framework/Versions/A/UserManagement
0x00007fff45aeb000 	/System/Library/PrivateFrameworks/ChunkingLibrary.framework/Versions/A/ChunkingLibrary
0x00007fff49d12000 	/System/Library/PrivateFrameworks/DebugSymbols.framework/Versions/A/DebugSymbols
0x00007fff42db7000 	/System/Library/PrivateFrameworks/AppSandbox.framework/Versions/A/AppSandbox
0x00007fff5d814000 	/System/Library/PrivateFrameworks/SecCodeWrapper.framework/Versions/A/SecCodeWrapper
0x00007fff668b1000 	/usr/lib/libMatch.1.dylib
0x00007fff62727000 	/System/Library/PrivateFrameworks/ViewBridge.framework/Versions/A/ViewBridge
0x000000011b50a000 	/usr/lib/libobjc-trampolines.dylib
0x00007fff2ba36000 	/System/Library/Frameworks/Accelerate.framework/Versions/A/Frameworks/vImage.framework/Versions/A/Libraries/libCGInterfaces.dylib
0x00007fff4c48b000 	/System/Library/PrivateFrameworks/FontServices.framework/libTrueTypeScaler.dylib
0x00007fff639b9000 	/System/Library/PrivateFrameworks/login.framework/Versions/A/login
0x00007fff3a76f000 	/System/Library/Frameworks/OpenGL.framework/Versions/A/Resources/GLEngine.bundle/GLEngine
0x00007fff39b52000 	/System/Library/Frameworks/OpenGL.framework/Versions/A/Libraries/libGLProgrammability.dylib
0x00007fff277a6000 	/System/Library/Extensions/AppleIntelKBLGraphicsGLDriver.bundle/Contents/MacOS/AppleIntelKBLGraphicsGLDriver
0x00007fff510c3000 	/System/Library/PrivateFrameworks/GPUSupport.framework/Versions/A/Libraries/libGPUSupportMercury.dylib
0x00007fff3a8e9000 	/System/Library/Frameworks/OpenGL.framework/Versions/A/Resources/GLRendererFloat.bundle/GLRendererFloat
0x00007fff3910b000 	/System/Library/Frameworks/OpenCL.framework/Versions/A/Libraries/libcldcpuengine.dylib
0x00000001388da000 	/Users/dreamtowards/Projects/Outskirts/libraries/platform/macosx/liblwjgl_opengl.dylib


VM Arguments:
jvm_args: -ea --add-opens=java.base/java.nio=ALL-UNNAMED --add-opens=java.base/jdk.internal.loader=ALL-UNNAMED -javaagent:/Applications/IntelliJ IDEA 4.app/Contents/lib/idea_rt.jar=49473:/Applications/IntelliJ IDEA 4.app/Contents/bin -Dfile.encoding=UTF-8 
java_command: Start
java_class_path (initial): /Users/dreamtowards/Projects/Outskirts/.idea/out/production/Outskirts:/Users/dreamtowards/Projects/Outskirts/libraries/json-20171018.jar:/Users/dreamtowards/Projects/Outskirts/libraries/jsr305-3.0.1.jar:/Users/dreamtowards/Projects/Outskirts/libraries/netty-all-4.0.23.Final.jar:/Users/dreamtowards/Projects/Outskirts/libraries/jogg-0.0.7.jar:/Users/dreamtowards/Projects/Outskirts/libraries/jorbis-0.0.15.jar:/Users/dreamtowards/Projects/Outskirts/libraries/typetools-0.4.4.jar:/Users/dreamtowards/Projects/Outskirts/libraries/log4j-api-2.13.1.jar:/Users/dreamtowards/Projects/Outskirts/libraries/log4j-core-2.13.1.jar:/Users/dreamtowards/Projects/Outskirts/libraries/junit-4.10.jar:/Users/dreamtowards/Projects/Outskirts/libraries/asm-all-5.1.jar:/Users/dreamtowards/Projects/Outskirts/libraries/lwjgl-openal.jar:/Users/dreamtowards/Projects/Outskirts/libraries/lwjgl-glfw.jar:/Users/dreamtowards/Projects/Outskirts/libraries/lwjgl-opengl.jar:/Users/dreamtowards/Projects/Outskirts/libraries/lwjgl.jar:/Users/dreamtowards/Projects/Outskirts/libraries/lwjgl-stb.jar
Launcher Type: SUN_STANDARD

[Global flags]
     intx CICompilerCount                          = 4                                         {product} {ergonomic}
     uint ConcGCThreads                            = 2                                         {product} {ergonomic}
     uint G1ConcRefinementThreads                  = 8                                         {product} {ergonomic}
   size_t G1HeapRegionSize                         = 2097152                                   {product} {ergonomic}
    uintx GCDrainStackTargetSize                   = 64                                        {product} {ergonomic}
   size_t InitialHeapSize                          = 268435456                                 {product} {ergonomic}
   size_t MarkStackSize                            = 4194304                                   {product} {ergonomic}
   size_t MaxHeapSize                              = 4294967296                                {product} {ergonomic}
   size_t MaxNewSize                               = 2575302656                                {product} {ergonomic}
   size_t MinHeapDeltaBytes                        = 2097152                                   {product} {ergonomic}
   size_t MinHeapSize                              = 8388608                                   {product} {ergonomic}
    uintx NonNMethodCodeHeapSize                   = 5839372                                {pd product} {ergonomic}
    uintx NonProfiledCodeHeapSize                  = 122909434                              {pd product} {ergonomic}
    uintx ProfiledCodeHeapSize                     = 122909434                              {pd product} {ergonomic}
    uintx ReservedCodeCacheSize                    = 251658240                              {pd product} {ergonomic}
     bool SegmentedCodeCache                       = true                                      {product} {ergonomic}
   size_t SoftMaxHeapSize                          = 4294967296                             {manageable} {ergonomic}
     bool UseCompressedClassPointers               = true                           {product lp64_product} {ergonomic}
     bool UseCompressedOops                        = true                           {product lp64_product} {ergonomic}
     bool UseG1GC                                  = true                                      {product} {ergonomic}
     bool UseNUMA                                  = false                                     {product} {ergonomic}
     bool UseNUMAInterleaving                      = false                                     {product} {ergonomic}

Logging:
Log output configuration:
 #0: stdout all=warning uptime,level,tags
 #1: stderr all=off uptime,level,tags

Environment Variables:
JAVA_HOME=/Library/Java/JavaVirtualMachines/jdk1.8.0_231.jdk/Contents/Home
PATH=/Library/Java/JavaVirtualMachines/jdk1.8.0_151.jdk/Contents/Home:/usr/local/bin:/usr/bin:/bin:/usr/sbin:/sbin:/usr/local/aria2/bin:/Users/dreamtowards/Projects/_RT/flutter/bin:/Library/Frameworks/Mono.framework/Versions/Current/Commands:/Users/dreamtowards/.cargo/bin
SHELL=/bin/zsh
LANG=en_US.UTF-8

Signal Handlers:
SIGSEGV: [libjvm.dylib+0xa7bdc0], sa_mask[0]=11100110000111110111111111111111, sa_flags=SA_ONSTACK|SA_RESTART|SA_SIGINFO
SIGBUS: [libjvm.dylib+0xa7bdc0], sa_mask[0]=11100110000111110111111111111111, sa_flags=SA_RESTART|SA_SIGINFO
SIGFPE: [libjvm.dylib+0xa7bdc0], sa_mask[0]=11100110000111110111111111111111, sa_flags=SA_RESTART|SA_SIGINFO
SIGPIPE: [libjvm.dylib+0x945ca0], sa_mask[0]=11100110000111110111111111111111, sa_flags=SA_RESTART|SA_SIGINFO
SIGXFSZ: [libjvm.dylib+0x945ca0], sa_mask[0]=11100110000111110111111111111111, sa_flags=SA_RESTART|SA_SIGINFO
SIGILL: [libjvm.dylib+0xa7bdc0], sa_mask[0]=11100110000111110111111111111111, sa_flags=SA_RESTART|SA_SIGINFO
SIGUSR2: [libjvm.dylib+0x946750], sa_mask[0]=00100000000000000000000000000000, sa_flags=SA_RESTART|SA_SIGINFO
SIGHUP: [libjvm.dylib+0x944d10], sa_mask[0]=11100110000111110111111111111111, sa_flags=SA_RESTART|SA_SIGINFO
SIGINT: [libjvm.dylib+0x944d10], sa_mask[0]=11100110000111110111111111111111, sa_flags=SA_RESTART|SA_SIGINFO
SIGTERM: [libjvm.dylib+0x944d10], sa_mask[0]=11100110000111110111111111111111, sa_flags=SA_RESTART|SA_SIGINFO
SIGQUIT: [libjvm.dylib+0x944d10], sa_mask[0]=11100110000111110111111111111111, sa_flags=SA_RESTART|SA_SIGINFO
SIGTRAP: [libjvm.dylib+0xa7bdc0], sa_mask[0]=11100110000111110111111111111111, sa_flags=SA_RESTART|SA_SIGINFO


---------------  S Y S T E M  ---------------

OS:uname: Darwin 19.6.0 Darwin Kernel Version 19.6.0: Thu Jan 13 01:26:33 PST 2022; root:xnu-6153.141.51~3/RELEASE_X86_64 x86_64
OS uptime: 35 days 11:59 hours
rlimit (soft/hard): STACK 8192k/65532k , CORE 0k/infinity , NPROC 2784/4176 , NOFILE 10240/infinity , AS infinity/infinity , CPU infinity/infinity , DATA infinity/infinity , FSIZE infinity/infinity , MEMLOCK infinity/infinity , RSS infinity/infinity
load average: 3.10 2.63 2.38

CPU: total 8 (initial active 8) (4 cores per cpu, 2 threads per core) family 6 model 142 stepping 10 microcode 0xec, cx8, cmov, fxsr, ht, mmx, 3dnowpref, sse, sse2, sse3, ssse3, sse4.1, sse4.2, popcnt, lzcnt, tsc, tscinvbit, avx, avx2, aes, erms, clmul, bmi1, bmi2, adx, fma, vzeroupper, clflush, clflushopt

Memory: 4k page, physical 16777216k(616460k free), swap 12582912k(899584k free)

vm_info: Java HotSpot(TM) 64-Bit Server VM (16.0.1+9-24) for bsd-amd64 JRE (16.0.1+9-24), built on Mar 26 2021 18:20:04 by "mach5one" with clang 4.2.1 Compatible Apple LLVM 11.0.0 (clang-1100.0.33.17)

END.
