#
# A fatal error has been detected by the Java Runtime Environment:
#
#  SIGILL (0x4) at pc=0x00007fff2d44630c, pid=9702, tid=10243
#
# JRE version: Java(TM) SE Runtime Environment (16.0.1+9) (build 16.0.1+9-24)
# Java VM: Java HotSpot(TM) 64-Bit Server VM (16.0.1+9-24, mixed mode, sharing, tiered, compressed oops, compressed class ptrs, g1 gc, bsd-amd64)
# Problematic frame:
# C  [AppKit+0x3e530c]  -[NSOpenGLContext setView:]+0xe5
#
# No core dump will be written. Core dumps have been disabled. To enable core dumping, try "ulimit -c unlimited" before starting Java again
#
# If you would like to submit a bug report, please visit:
#   https://bugreport.java.com/bugreport/crash.jsp
# The crash happened outside the Java Virtual Machine in native code.
# See problematic frame for where to report the bug.
#

---------------  S U M M A R Y ------------

Command Line: -ea -javaagent:/Applications/IntelliJ IDEA 4.app/Contents/lib/idea_rt.jar=62805:/Applications/IntelliJ IDEA 4.app/Contents/bin -Dfile.encoding=UTF-8 Start

Host: MacBookPro15,4 x86_64 1400 MHz, 8 cores, 16G, Darwin 19.6.0, macOS 10.15.7 (19H1715)
Time: Wed Mar 30 07:14:35 2022 CST elapsed time: 1.522086 seconds (0d 0h 0m 1s)

---------------  T H R E A D  ---------------

Current thread (0x00007f8a82008800):  JavaThread "main" [_thread_in_native, id=10243, stack(0x000070000bb0a000,0x000070000bc0a000)]

Stack: [0x000070000bb0a000,0x000070000bc0a000],  sp=0x000070000bc094c0,  free space=1021k
Native frames: (J=compiled Java code, A=aot compiled Java code, j=interpreted, Vv=VM code, C=native code)
C  [AppKit+0x3e530c]  -[NSOpenGLContext setView:]+0xe5
C  [liblwjgl.dylib+0x16c77]  Java_org_lwjgl_opengl_MacOSXContextImplementation_setView+0xb7
j  org.lwjgl.opengl.MacOSXContextImplementation.setView(Ljava/nio/ByteBuffer;Ljava/nio/ByteBuffer;)V+0
j  org.lwjgl.opengl.MacOSXContextImplementation.makeCurrent(Lorg/lwjgl/opengl/PeerInfo;Ljava/nio/ByteBuffer;)V+7
j  org.lwjgl.opengl.ContextGL.makeCurrent()V+46
j  org.lwjgl.opengl.DrawableGL.makeCurrent()V+14
j  org.lwjgl.opengl.Display.makeCurrent()V+3
j  org.lwjgl.opengl.Display.makeCurrentAndSetSwapInterval()V+0
j  org.lwjgl.opengl.Display.create(Lorg/lwjgl/opengl/PixelFormat;Lorg/lwjgl/opengl/Drawable;Lorg/lwjgl/opengl/ContextAttribs;)V+108
j  org.lwjgl.opengl.Display.create(Lorg/lwjgl/opengl/PixelFormat;Lorg/lwjgl/opengl/ContextAttribs;)V+9
j  outskirts.client.Outskirts.createDisplay()V+52
j  outskirts.client.Outskirts.startGame()V+55
j  outskirts.client.Outskirts.run()V+1
j  outskirts.client.main.Main.main([Ljava/lang/String;)V+17
j  Start.main([Ljava/lang/String;)V+97
v  ~StubRoutines::call_stub
V  [libjvm.dylib+0x508442]  JavaCalls::call_helper(JavaValue*, methodHandle const&, JavaCallArguments*, Thread*)+0x2d2
V  [libjvm.dylib+0x56d548]  jni_invoke_static(JNIEnv_*, JavaValue*, _jobject*, JNICallType, _jmethodID*, JNI_ArgumentPusher*, Thread*)+0x148
V  [libjvm.dylib+0x570b01]  jni_CallStaticVoidMethod+0x181
C  [libjli.dylib+0x4e9f]  JavaMain+0xbff
C  [libjli.dylib+0x7519]  ThreadJavaMain+0x9
C  [libsystem_pthread.dylib+0x6109]  _pthread_start+0x94
C  [libsystem_pthread.dylib+0x1b8b]  thread_start+0xf

Java frames: (J=compiled Java code, j=interpreted, Vv=VM code)
j  org.lwjgl.opengl.MacOSXContextImplementation.setView(Ljava/nio/ByteBuffer;Ljava/nio/ByteBuffer;)V+0
j  org.lwjgl.opengl.MacOSXContextImplementation.makeCurrent(Lorg/lwjgl/opengl/PeerInfo;Ljava/nio/ByteBuffer;)V+7
j  org.lwjgl.opengl.ContextGL.makeCurrent()V+46
j  org.lwjgl.opengl.DrawableGL.makeCurrent()V+14
j  org.lwjgl.opengl.Display.makeCurrent()V+3
j  org.lwjgl.opengl.Display.makeCurrentAndSetSwapInterval()V+0
j  org.lwjgl.opengl.Display.create(Lorg/lwjgl/opengl/PixelFormat;Lorg/lwjgl/opengl/Drawable;Lorg/lwjgl/opengl/ContextAttribs;)V+108
j  org.lwjgl.opengl.Display.create(Lorg/lwjgl/opengl/PixelFormat;Lorg/lwjgl/opengl/ContextAttribs;)V+9
j  outskirts.client.Outskirts.createDisplay()V+52
j  outskirts.client.Outskirts.startGame()V+55
j  outskirts.client.Outskirts.run()V+1
j  outskirts.client.main.Main.main([Ljava/lang/String;)V+17
j  Start.main([Ljava/lang/String;)V+97
v  ~StubRoutines::call_stub

siginfo: si_signo: 4 (SIGILL), si_code: 1 (ILL_ILLOPC), si_addr: 0x00007fff2d44630c

Register to memory mapping:

RAX=0x0 is NULL
RBX=0x00007f8a80fe2440 points into unknown readable memory: 0x00007f8a80fe33a0 | a0 33 fe 80 8a 7f 00 00
RCX=0x0 is NULL
RDX=0x0 is NULL
RSP=0x000070000bc094c0 is pointing into the stack for thread: 0x00007f8a82008800
RBP=0x000070000bc09510 is pointing into the stack for thread: 0x00007f8a82008800
RSI=0x000000001f08000c is an unknown value
RDI=0x0 is NULL
R8 =0x0 is NULL
R9 =0x0 is NULL
R10=0x0 is NULL
R11=0x0 is NULL
R12=0x00007f8a82c98f30 points into unknown readable memory: 0x001dffff87d4cbd9 | d9 cb d4 87 ff ff 1d 00
R13=0x0000000113572080 is pointing into metadata
R14=0x00007f8a80fe26f0 points into unknown readable memory: 0x003dff8a829f4c95 | 95 4c 9f 82 8a ff 3d 00
R15=0x00007f8a80e3d280 points into unknown readable memory: 0x003dffff87154a15 | 15 4a 15 87 ff ff 3d 00


Registers:
RAX=0x0000000000000000, RBX=0x00007f8a80fe2440, RCX=0x0000000000000000, RDX=0x0000000000000000
RSP=0x000070000bc094c0, RBP=0x000070000bc09510, RSI=0x000000001f08000c, RDI=0x0000000000000000
R8 =0x0000000000000000, R9 =0x0000000000000000, R10=0x0000000000000000, R11=0x0000000000000000
R12=0x00007f8a82c98f30, R13=0x0000000113572080, R14=0x00007f8a80fe26f0, R15=0x00007f8a80e3d280
RIP=0x00007fff2d44630c, EFLAGS=0x0000000000010202, ERR=0x0000000000000000
  TRAPNO=0x0000000000000006

Top of Stack: (sp=0x000070000bc094c0)
0x000070000bc094c0:   0000000200000002 0000000200000002
0x000070000bc094d0:   000000000000005f 0000000000000000
0x000070000bc094e0:   0000006500000073 0000000000000000
0x000070000bc094f0:   0000000100000001 00007f8a80fe2440
0x000070000bc09500:   00007f8a80fdd840 00007f8a82008b10
0x000070000bc09510:   000070000bc09540 0000000131572c77
0x000070000bc09520:   0000000113572088 0000000000000000
0x000070000bc09530:   000070000bc095d0 00007f8a82008800
0x000070000bc09540:   000070000bc095a8 000000011485ec7b
0x000070000bc09550:   000000070f7b28e8 000000011485e996
0x000070000bc09560:   000070000bc09560 0000000113572080
0x000070000bc09570:   000070000bc095d0 00000001135725f0
0x000070000bc09580:   0000000000000000 000000070f4234a8
0x000070000bc09590:   0000000113572088 0000000000000000
0x000070000bc095a0:   000070000bc095c8 000070000bc09620
0x000070000bc095b0:   000000011485a449 000000070f4234a8
0x000070000bc095c0:   000000011485c398 000000070f42d6d0
0x000070000bc095d0:   000000070f7b28e8 000070000bc095d8
0x000070000bc095e0:   0000000113571f87 000070000bc09650
0x000070000bc095f0:   00000001135725f0 0000000000000000
0x000070000bc09600:   000000070f4234a8 0000000113571ff8
0x000070000bc09610:   000070000bc095c8 000070000bc09640
0x000070000bc09620:   000070000bc096b0 000000011485a8c1
0x000070000bc09630:   0000000000000000 000000070f7b28e8
0x000070000bc09640:   000000070f42d6d0 000000070f7b2828
0x000070000bc09650:   000000070f4235d0 0000000000000001
0x000070000bc09660:   000000070f4235e0 000070000bc09658
0x000070000bc09670:   000000011356fa26 000070000bc096c0
0x000070000bc09680:   00000001135707b8 0000000000000000
0x000070000bc09690:   000000070f41da98 000000011356fa58
0x000070000bc096a0:   000070000bc09640 000070000bc096c0
0x000070000bc096b0:   000070000bc09720 000000011485a449 

Instructions: (pc=0x00007fff2d44630c)
0x00007fff2d44620c:   c3 90 90 90 90 90 90 90 90 55 48 89 e5 48 8b 35
0x00007fff2d44621c:   30 0b cd 59 5d ff 25 11 c9 9b 59 55 48 89 e5 41
0x00007fff2d44622c:   57 41 56 53 48 83 ec 38 49 89 d6 49 89 ff 8a 05
0x00007fff2d44623c:   e8 24 d4 59 84 c0 0f 84 90 00 00 00 04 fe 84 c0
0x00007fff2d44624c:   75 0d e8 1d ee 77 00 85 c0 0f 84 a5 00 00 00 48
0x00007fff2d44625c:   8b 35 a6 f9 cb 59 4c 89 ff ff 15 cd c8 9b 59 49
0x00007fff2d44626c:   8d 7f 08 e8 40 ec 77 00 4c 39 f0 74 3e 48 8b 0d
0x00007fff2d44627c:   a8 af 9b 59 48 8d 7d b0 48 89 0f b9 00 00 00 c2
0x00007fff2d44628c:   48 89 4f 08 48 8d 0d b3 34 32 00 48 89 4f 10 48
0x00007fff2d44629c:   8d 0d ee 49 9c 59 48 89 4f 18 48 89 47 20 4c 89
0x00007fff2d4462ac:   7f 28 4c 89 77 30 e8 63 46 cb ff 31 db 48 8b 35
0x00007fff2d4462bc:   50 f9 cb 59 4c 89 ff ff 15 6f c8 9b 59 84 db 75
0x00007fff2d4462cc:   2c 48 83 c4 38 5b 41 5e 41 5f 5d c3 48 8d 3d 79
0x00007fff2d4462dc:   b6 a1 59 48 8d 15 42 24 d4 59 48 8d 0d 28 3d 32
0x00007fff2d4462ec:   00 31 f6 e8 30 f7 c1 ff e9 51 ff ff ff e8 86 eb
0x00007fff2d4462fc:   77 00 0f 0b 48 8d 3d 59 5a 7f 00 e8 d8 e5 77 00
0x00007fff2d44630c:   0f 0b 49 89 c6 eb 13 48 89 c7 e8 39 eb 77 00 b3
0x00007fff2d44631c:   01 eb 9a 49 89 c6 84 db 74 05 e8 4d eb 77 00 4c
0x00007fff2d44632c:   89 f7 e8 d3 e4 77 00 0f 0b e8 1c ec 77 00 55 48
0x00007fff2d44633c:   89 e5 41 57 41 56 41 54 53 41 89 f6 48 89 fb 48
0x00007fff2d44634c:   83 c7 08 e8 60 eb 77 00 49 89 c7 48 89 df e8 45
0x00007fff2d44635c:   00 00 00 49 89 c4 4c 89 ff 31 f6 e8 88 00 00 00
0x00007fff2d44636c:   49 89 c7 45 0f be f6 4d 85 e4 74 0b 48 89 df 44
0x00007fff2d44637c:   89 f6 e8 42 97 04 00 4d 85 ff 74 13 48 89 df 44
0x00007fff2d44638c:   89 f6 5b 41 5c 41 5e 41 5f 5d e9 e5 48 04 00 5b
0x00007fff2d44639c:   41 5c 41 5e 41 5f 5d c3 55 48 89 e5 41 56 53 48
0x00007fff2d4463ac:   89 fb 4c 8d 35 d3 70 d3 59 4c 89 f7 e8 c5 ec 77
0x00007fff2d4463bc:   00 48 8b 3d 5c 23 d4 59 48 8b 35 c5 d1 cb 59 48
0x00007fff2d4463cc:   89 da ff 15 64 c7 9b 59 48 89 c7 ff 15 6b c7 9b
0x00007fff2d4463dc:   59 48 89 c3 4c 89 f7 e8 a0 ec 77 00 48 89 df 5b
0x00007fff2d4463ec:   41 5e 5d e9 48 ea 77 00 55 48 89 e5 41 57 41 56
0x00007fff2d4463fc:   53 50 41 89 f7 49 89 fe 48 8d 3d 3d 70 d3 59 e8 


Stack slot to memory mapping:
stack at sp + 0 slots: 0x0000000200000002 is an unknown value
stack at sp + 1 slots: 0x0000000200000002 is an unknown value
stack at sp + 2 slots: 0x000000000000005f is an unknown value
stack at sp + 3 slots: 0x0 is NULL
stack at sp + 4 slots: 0x0000006500000073 is an unknown value
stack at sp + 5 slots: 0x0 is NULL
stack at sp + 6 slots: 0x0000000100000001 is an unknown value
stack at sp + 7 slots: 0x00007f8a80fe2440 points into unknown readable memory: 0x00007f8a80fe33a0 | a0 33 fe 80 8a 7f 00 00


---------------  P R O C E S S  ---------------

Threads class SMR info:
_java_thread_list=0x00007f8a80f9dfc0, length=15, elements={
0x00007f8a82008800, 0x00007f8a83009800, 0x00007f8a85812c00, 0x00007f8a84020e00,
0x00007f8a8380d200, 0x00007f8a82023400, 0x00007f8a85813200, 0x00007f8a8380fa00,
0x00007f8a84059400, 0x00007f8a81008200, 0x00007f8a84093c00, 0x00007f8a8300a800,
0x00007f8a8584b000, 0x00007f8a8380e800, 0x00007f8a848b9a00
}

Java Threads: ( => current thread )
=>0x00007f8a82008800 JavaThread "main" [_thread_in_native, id=10243, stack(0x000070000bb0a000,0x000070000bc0a000)]
  0x00007f8a83009800 JavaThread "Reference Handler" daemon [_thread_blocked, id=14851, stack(0x000070000c21f000,0x000070000c31f000)]
  0x00007f8a85812c00 JavaThread "Finalizer" daemon [_thread_blocked, id=15363, stack(0x000070000c322000,0x000070000c422000)]
  0x00007f8a84020e00 JavaThread "Signal Dispatcher" daemon [_thread_blocked, id=22275, stack(0x000070000c52b000,0x000070000c62b000)]
  0x00007f8a8380d200 JavaThread "Service Thread" daemon [_thread_blocked, id=42499, stack(0x000070000c62e000,0x000070000c72e000)]
  0x00007f8a82023400 JavaThread "Monitor Deflation Thread" daemon [_thread_blocked, id=41987, stack(0x000070000c731000,0x000070000c831000)]
  0x00007f8a85813200 JavaThread "C2 CompilerThread0" daemon [_thread_blocked, id=22787, stack(0x000070000c834000,0x000070000c934000)]
  0x00007f8a8380fa00 JavaThread "C1 CompilerThread0" daemon [_thread_blocked, id=23299, stack(0x000070000c937000,0x000070000ca37000)]
  0x00007f8a84059400 JavaThread "Sweeper thread" daemon [_thread_blocked, id=23811, stack(0x000070000ca3a000,0x000070000cb3a000)]
  0x00007f8a81008200 JavaThread "Common-Cleaner" daemon [_thread_blocked, id=41219, stack(0x000070000cb3d000,0x000070000cc3d000)]
  0x00007f8a84093c00 JavaThread "Monitor Ctrl-Break" daemon [_thread_in_native, id=24579, stack(0x000070000cd43000,0x000070000ce43000)]
  0x00007f8a8300a800 JavaThread "Notification Thread" daemon [_thread_blocked, id=24835, stack(0x000070000ce46000,0x000070000cf46000)]
  0x00007f8a8584b000 JavaThread "AppKit Thread" daemon [_thread_in_native, id=775, stack(0x00007ffee7a9c000,0x00007ffee829c000)]
  0x00007f8a8380e800 JavaThread "Attach Listener" daemon [_thread_blocked, id=29451, stack(0x000070000cc40000,0x000070000cd40000)]
  0x00007f8a848b9a00 JavaThread "AWT-Shutdown" [_thread_blocked, id=43547, stack(0x000070000d55b000,0x000070000d65b000)]

Other Threads:
  0x00007f8a82909920 VMThread "VM Thread" [stack: 0x000070000c11c000,0x000070000c21c000] [id=17411]
  0x00007f8a8291ab20 WatcherThread [stack: 0x000070000cf49000,0x000070000d049000] [id=40451]
  0x00007f8a80f0c2d0 GCTaskThread "GC Thread#0" [stack: 0x000070000bc0d000,0x000070000bd0d000] [id=12547]
  0x00007f8a82a21c00 GCTaskThread "GC Thread#1" [stack: 0x000070000d04c000,0x000070000d14c000] [id=25347]
  0x00007f8a80d2dcd0 GCTaskThread "GC Thread#2" [stack: 0x000070000d14f000,0x000070000d24f000] [id=39939]
  0x00007f8a80d2e6e0 GCTaskThread "GC Thread#3" [stack: 0x000070000d252000,0x000070000d352000] [id=25859]
  0x00007f8a80d2f0f0 GCTaskThread "GC Thread#4" [stack: 0x000070000d355000,0x000070000d455000] [id=39171]
  0x00007f8a80d2fb00 GCTaskThread "GC Thread#5" [stack: 0x000070000d458000,0x000070000d558000] [id=38659]
  0x00007f8a82c05e90 ConcurrentGCThread "G1 Main Marker" [stack: 0x000070000bd10000,0x000070000be10000] [id=13059]
  0x00007f8a82a04e90 ConcurrentGCThread "G1 Conc#0" [stack: 0x000070000be13000,0x000070000bf13000] [id=13827]
  0x00007f8a80f25290 ConcurrentGCThread "G1 Refine#0" [stack: 0x000070000bf16000,0x000070000c016000] [id=19459]
  0x00007f8a80d133d0 ConcurrentGCThread "G1 Service" [stack: 0x000070000c019000,0x000070000c119000] [id=18947]

Threads with active compile tasks:

VM state: not at safepoint (normal execution)

VM Mutex/Monitor currently owned by a thread: None

Heap address: 0x0000000700000000, size: 4096 MB, Compressed Oops mode: Zero based, Oop shift amount: 3

CDS archive(s) mapped at: [0x0000000800000000-0x0000000800bbb000-0x0000000800bbb000), size 12300288, SharedBaseAddress: 0x0000000800000000, ArchiveRelocationMode: 0.
Compressed class space mapped at: 0x0000000800c00000-0x0000000840c00000, reserved size: 1073741824
Narrow klass base: 0x0000000800000000, Narrow klass shift: 3, Narrow klass range: 0x100000000

GC Precious Log:
 CPUs: 8 total, 8 available
 Memory: 16384M
 Large Page Support: Disabled
 NUMA Support: Disabled
 Compressed Oops: Enabled (Zero based)
 Heap Region Size: 2M
 Heap Min Capacity: 8M
 Heap Initial Capacity: 256M
 Heap Max Capacity: 4G
 Pre-touch: Disabled
 Parallel Workers: 8
 Concurrent Workers: 2
 Concurrent Refinement Workers: 8
 Periodic GC: Disabled

Heap:
 garbage-first heap   total 266240K, used 14577K [0x0000000700000000, 0x0000000800000000)
  region size 2048K, 8 young (16384K), 2 survivors (4096K)
 Metaspace       used 11395K, committed 11584K, reserved 1064960K
  class space    used 1293K, committed 1344K, reserved 1048576K

Heap Regions: E=young(eden), S=young(survivor), O=old, HS=humongous(starts), HC=humongous(continues), CS=collection set, F=free, OA=open archive, CA=closed archive, TAMS=top-at-mark-start (previous, next)
|   0|0x0000000700000000, 0x0000000700000000, 0x0000000700200000|  0%| F|  |TAMS 0x0000000700000000, 0x0000000700000000| Untracked 
|   1|0x0000000700200000, 0x0000000700200000, 0x0000000700400000|  0%| F|  |TAMS 0x0000000700200000, 0x0000000700200000| Untracked 
|   2|0x0000000700400000, 0x0000000700400000, 0x0000000700600000|  0%| F|  |TAMS 0x0000000700400000, 0x0000000700400000| Untracked 
|   3|0x0000000700600000, 0x0000000700600000, 0x0000000700800000|  0%| F|  |TAMS 0x0000000700600000, 0x0000000700600000| Untracked 
|   4|0x0000000700800000, 0x0000000700800000, 0x0000000700a00000|  0%| F|  |TAMS 0x0000000700800000, 0x0000000700800000| Untracked 
|   5|0x0000000700a00000, 0x0000000700a00000, 0x0000000700c00000|  0%| F|  |TAMS 0x0000000700a00000, 0x0000000700a00000| Untracked 
|   6|0x0000000700c00000, 0x0000000700c00000, 0x0000000700e00000|  0%| F|  |TAMS 0x0000000700c00000, 0x0000000700c00000| Untracked 
|   7|0x0000000700e00000, 0x0000000700e00000, 0x0000000701000000|  0%| F|  |TAMS 0x0000000700e00000, 0x0000000700e00000| Untracked 
|   8|0x0000000701000000, 0x0000000701000000, 0x0000000701200000|  0%| F|  |TAMS 0x0000000701000000, 0x0000000701000000| Untracked 
|   9|0x0000000701200000, 0x0000000701200000, 0x0000000701400000|  0%| F|  |TAMS 0x0000000701200000, 0x0000000701200000| Untracked 
|  10|0x0000000701400000, 0x0000000701400000, 0x0000000701600000|  0%| F|  |TAMS 0x0000000701400000, 0x0000000701400000| Untracked 
|  11|0x0000000701600000, 0x0000000701600000, 0x0000000701800000|  0%| F|  |TAMS 0x0000000701600000, 0x0000000701600000| Untracked 
|  12|0x0000000701800000, 0x0000000701800000, 0x0000000701a00000|  0%| F|  |TAMS 0x0000000701800000, 0x0000000701800000| Untracked 
|  13|0x0000000701a00000, 0x0000000701a00000, 0x0000000701c00000|  0%| F|  |TAMS 0x0000000701a00000, 0x0000000701a00000| Untracked 
|  14|0x0000000701c00000, 0x0000000701c00000, 0x0000000701e00000|  0%| F|  |TAMS 0x0000000701c00000, 0x0000000701c00000| Untracked 
|  15|0x0000000701e00000, 0x0000000701e00000, 0x0000000702000000|  0%| F|  |TAMS 0x0000000701e00000, 0x0000000701e00000| Untracked 
|  16|0x0000000702000000, 0x0000000702000000, 0x0000000702200000|  0%| F|  |TAMS 0x0000000702000000, 0x0000000702000000| Untracked 
|  17|0x0000000702200000, 0x0000000702200000, 0x0000000702400000|  0%| F|  |TAMS 0x0000000702200000, 0x0000000702200000| Untracked 
|  18|0x0000000702400000, 0x0000000702400000, 0x0000000702600000|  0%| F|  |TAMS 0x0000000702400000, 0x0000000702400000| Untracked 
|  19|0x0000000702600000, 0x0000000702600000, 0x0000000702800000|  0%| F|  |TAMS 0x0000000702600000, 0x0000000702600000| Untracked 
|  20|0x0000000702800000, 0x0000000702800000, 0x0000000702a00000|  0%| F|  |TAMS 0x0000000702800000, 0x0000000702800000| Untracked 
|  21|0x0000000702a00000, 0x0000000702a00000, 0x0000000702c00000|  0%| F|  |TAMS 0x0000000702a00000, 0x0000000702a00000| Untracked 
|  22|0x0000000702c00000, 0x0000000702c00000, 0x0000000702e00000|  0%| F|  |TAMS 0x0000000702c00000, 0x0000000702c00000| Untracked 
|  23|0x0000000702e00000, 0x0000000702e00000, 0x0000000703000000|  0%| F|  |TAMS 0x0000000702e00000, 0x0000000702e00000| Untracked 
|  24|0x0000000703000000, 0x0000000703000000, 0x0000000703200000|  0%| F|  |TAMS 0x0000000703000000, 0x0000000703000000| Untracked 
|  25|0x0000000703200000, 0x0000000703200000, 0x0000000703400000|  0%| F|  |TAMS 0x0000000703200000, 0x0000000703200000| Untracked 
|  26|0x0000000703400000, 0x0000000703400000, 0x0000000703600000|  0%| F|  |TAMS 0x0000000703400000, 0x0000000703400000| Untracked 
|  27|0x0000000703600000, 0x0000000703600000, 0x0000000703800000|  0%| F|  |TAMS 0x0000000703600000, 0x0000000703600000| Untracked 
|  28|0x0000000703800000, 0x0000000703800000, 0x0000000703a00000|  0%| F|  |TAMS 0x0000000703800000, 0x0000000703800000| Untracked 
|  29|0x0000000703a00000, 0x0000000703a00000, 0x0000000703c00000|  0%| F|  |TAMS 0x0000000703a00000, 0x0000000703a00000| Untracked 
|  30|0x0000000703c00000, 0x0000000703c00000, 0x0000000703e00000|  0%| F|  |TAMS 0x0000000703c00000, 0x0000000703c00000| Untracked 
|  31|0x0000000703e00000, 0x0000000703e00000, 0x0000000704000000|  0%| F|  |TAMS 0x0000000703e00000, 0x0000000703e00000| Untracked 
|  32|0x0000000704000000, 0x0000000704000000, 0x0000000704200000|  0%| F|  |TAMS 0x0000000704000000, 0x0000000704000000| Untracked 
|  33|0x0000000704200000, 0x0000000704200000, 0x0000000704400000|  0%| F|  |TAMS 0x0000000704200000, 0x0000000704200000| Untracked 
|  34|0x0000000704400000, 0x0000000704400000, 0x0000000704600000|  0%| F|  |TAMS 0x0000000704400000, 0x0000000704400000| Untracked 
|  35|0x0000000704600000, 0x0000000704600000, 0x0000000704800000|  0%| F|  |TAMS 0x0000000704600000, 0x0000000704600000| Untracked 
|  36|0x0000000704800000, 0x0000000704800000, 0x0000000704a00000|  0%| F|  |TAMS 0x0000000704800000, 0x0000000704800000| Untracked 
|  37|0x0000000704a00000, 0x0000000704a00000, 0x0000000704c00000|  0%| F|  |TAMS 0x0000000704a00000, 0x0000000704a00000| Untracked 
|  38|0x0000000704c00000, 0x0000000704c00000, 0x0000000704e00000|  0%| F|  |TAMS 0x0000000704c00000, 0x0000000704c00000| Untracked 
|  39|0x0000000704e00000, 0x0000000704e00000, 0x0000000705000000|  0%| F|  |TAMS 0x0000000704e00000, 0x0000000704e00000| Untracked 
|  40|0x0000000705000000, 0x0000000705000000, 0x0000000705200000|  0%| F|  |TAMS 0x0000000705000000, 0x0000000705000000| Untracked 
|  41|0x0000000705200000, 0x0000000705200000, 0x0000000705400000|  0%| F|  |TAMS 0x0000000705200000, 0x0000000705200000| Untracked 
|  42|0x0000000705400000, 0x0000000705400000, 0x0000000705600000|  0%| F|  |TAMS 0x0000000705400000, 0x0000000705400000| Untracked 
|  43|0x0000000705600000, 0x0000000705600000, 0x0000000705800000|  0%| F|  |TAMS 0x0000000705600000, 0x0000000705600000| Untracked 
|  44|0x0000000705800000, 0x0000000705800000, 0x0000000705a00000|  0%| F|  |TAMS 0x0000000705800000, 0x0000000705800000| Untracked 
|  45|0x0000000705a00000, 0x0000000705a00000, 0x0000000705c00000|  0%| F|  |TAMS 0x0000000705a00000, 0x0000000705a00000| Untracked 
|  46|0x0000000705c00000, 0x0000000705c00000, 0x0000000705e00000|  0%| F|  |TAMS 0x0000000705c00000, 0x0000000705c00000| Untracked 
|  47|0x0000000705e00000, 0x0000000705e00000, 0x0000000706000000|  0%| F|  |TAMS 0x0000000705e00000, 0x0000000705e00000| Untracked 
|  48|0x0000000706000000, 0x0000000706000000, 0x0000000706200000|  0%| F|  |TAMS 0x0000000706000000, 0x0000000706000000| Untracked 
|  49|0x0000000706200000, 0x0000000706200000, 0x0000000706400000|  0%| F|  |TAMS 0x0000000706200000, 0x0000000706200000| Untracked 
|  50|0x0000000706400000, 0x0000000706400000, 0x0000000706600000|  0%| F|  |TAMS 0x0000000706400000, 0x0000000706400000| Untracked 
|  51|0x0000000706600000, 0x0000000706600000, 0x0000000706800000|  0%| F|  |TAMS 0x0000000706600000, 0x0000000706600000| Untracked 
|  52|0x0000000706800000, 0x0000000706800000, 0x0000000706a00000|  0%| F|  |TAMS 0x0000000706800000, 0x0000000706800000| Untracked 
|  53|0x0000000706a00000, 0x0000000706a00000, 0x0000000706c00000|  0%| F|  |TAMS 0x0000000706a00000, 0x0000000706a00000| Untracked 
|  54|0x0000000706c00000, 0x0000000706c00000, 0x0000000706e00000|  0%| F|  |TAMS 0x0000000706c00000, 0x0000000706c00000| Untracked 
|  55|0x0000000706e00000, 0x0000000706e00000, 0x0000000707000000|  0%| F|  |TAMS 0x0000000706e00000, 0x0000000706e00000| Untracked 
|  56|0x0000000707000000, 0x0000000707000000, 0x0000000707200000|  0%| F|  |TAMS 0x0000000707000000, 0x0000000707000000| Untracked 
|  57|0x0000000707200000, 0x0000000707200000, 0x0000000707400000|  0%| F|  |TAMS 0x0000000707200000, 0x0000000707200000| Untracked 
|  58|0x0000000707400000, 0x0000000707400000, 0x0000000707600000|  0%| F|  |TAMS 0x0000000707400000, 0x0000000707400000| Untracked 
|  59|0x0000000707600000, 0x0000000707600000, 0x0000000707800000|  0%| F|  |TAMS 0x0000000707600000, 0x0000000707600000| Untracked 
|  60|0x0000000707800000, 0x0000000707800000, 0x0000000707a00000|  0%| F|  |TAMS 0x0000000707800000, 0x0000000707800000| Untracked 
|  61|0x0000000707a00000, 0x0000000707a00000, 0x0000000707c00000|  0%| F|  |TAMS 0x0000000707a00000, 0x0000000707a00000| Untracked 
|  62|0x0000000707c00000, 0x0000000707c00000, 0x0000000707e00000|  0%| F|  |TAMS 0x0000000707c00000, 0x0000000707c00000| Untracked 
|  63|0x0000000707e00000, 0x0000000707e00000, 0x0000000708000000|  0%| F|  |TAMS 0x0000000707e00000, 0x0000000707e00000| Untracked 
|  64|0x0000000708000000, 0x0000000708000000, 0x0000000708200000|  0%| F|  |TAMS 0x0000000708000000, 0x0000000708000000| Untracked 
|  65|0x0000000708200000, 0x0000000708200000, 0x0000000708400000|  0%| F|  |TAMS 0x0000000708200000, 0x0000000708200000| Untracked 
|  66|0x0000000708400000, 0x0000000708400000, 0x0000000708600000|  0%| F|  |TAMS 0x0000000708400000, 0x0000000708400000| Untracked 
|  67|0x0000000708600000, 0x0000000708600000, 0x0000000708800000|  0%| F|  |TAMS 0x0000000708600000, 0x0000000708600000| Untracked 
|  68|0x0000000708800000, 0x0000000708800000, 0x0000000708a00000|  0%| F|  |TAMS 0x0000000708800000, 0x0000000708800000| Untracked 
|  69|0x0000000708a00000, 0x0000000708a00000, 0x0000000708c00000|  0%| F|  |TAMS 0x0000000708a00000, 0x0000000708a00000| Untracked 
|  70|0x0000000708c00000, 0x0000000708c00000, 0x0000000708e00000|  0%| F|  |TAMS 0x0000000708c00000, 0x0000000708c00000| Untracked 
|  71|0x0000000708e00000, 0x0000000708e00000, 0x0000000709000000|  0%| F|  |TAMS 0x0000000708e00000, 0x0000000708e00000| Untracked 
|  72|0x0000000709000000, 0x0000000709000000, 0x0000000709200000|  0%| F|  |TAMS 0x0000000709000000, 0x0000000709000000| Untracked 
|  73|0x0000000709200000, 0x0000000709200000, 0x0000000709400000|  0%| F|  |TAMS 0x0000000709200000, 0x0000000709200000| Untracked 
|  74|0x0000000709400000, 0x0000000709400000, 0x0000000709600000|  0%| F|  |TAMS 0x0000000709400000, 0x0000000709400000| Untracked 
|  75|0x0000000709600000, 0x0000000709600000, 0x0000000709800000|  0%| F|  |TAMS 0x0000000709600000, 0x0000000709600000| Untracked 
|  76|0x0000000709800000, 0x0000000709800000, 0x0000000709a00000|  0%| F|  |TAMS 0x0000000709800000, 0x0000000709800000| Untracked 
|  77|0x0000000709a00000, 0x0000000709a00000, 0x0000000709c00000|  0%| F|  |TAMS 0x0000000709a00000, 0x0000000709a00000| Untracked 
|  78|0x0000000709c00000, 0x0000000709c00000, 0x0000000709e00000|  0%| F|  |TAMS 0x0000000709c00000, 0x0000000709c00000| Untracked 
|  79|0x0000000709e00000, 0x0000000709e00000, 0x000000070a000000|  0%| F|  |TAMS 0x0000000709e00000, 0x0000000709e00000| Untracked 
|  80|0x000000070a000000, 0x000000070a000000, 0x000000070a200000|  0%| F|  |TAMS 0x000000070a000000, 0x000000070a000000| Untracked 
|  81|0x000000070a200000, 0x000000070a200000, 0x000000070a400000|  0%| F|  |TAMS 0x000000070a200000, 0x000000070a200000| Untracked 
|  82|0x000000070a400000, 0x000000070a400000, 0x000000070a600000|  0%| F|  |TAMS 0x000000070a400000, 0x000000070a400000| Untracked 
|  83|0x000000070a600000, 0x000000070a600000, 0x000000070a800000|  0%| F|  |TAMS 0x000000070a600000, 0x000000070a600000| Untracked 
|  84|0x000000070a800000, 0x000000070a800000, 0x000000070aa00000|  0%| F|  |TAMS 0x000000070a800000, 0x000000070a800000| Untracked 
|  85|0x000000070aa00000, 0x000000070aa00000, 0x000000070ac00000|  0%| F|  |TAMS 0x000000070aa00000, 0x000000070aa00000| Untracked 
|  86|0x000000070ac00000, 0x000000070ac00000, 0x000000070ae00000|  0%| F|  |TAMS 0x000000070ac00000, 0x000000070ac00000| Untracked 
|  87|0x000000070ae00000, 0x000000070ae00000, 0x000000070b000000|  0%| F|  |TAMS 0x000000070ae00000, 0x000000070ae00000| Untracked 
|  88|0x000000070b000000, 0x000000070b000000, 0x000000070b200000|  0%| F|  |TAMS 0x000000070b000000, 0x000000070b000000| Untracked 
|  89|0x000000070b200000, 0x000000070b200000, 0x000000070b400000|  0%| F|  |TAMS 0x000000070b200000, 0x000000070b200000| Untracked 
|  90|0x000000070b400000, 0x000000070b400000, 0x000000070b600000|  0%| F|  |TAMS 0x000000070b400000, 0x000000070b400000| Untracked 
|  91|0x000000070b600000, 0x000000070b600000, 0x000000070b800000|  0%| F|  |TAMS 0x000000070b600000, 0x000000070b600000| Untracked 
|  92|0x000000070b800000, 0x000000070b800000, 0x000000070ba00000|  0%| F|  |TAMS 0x000000070b800000, 0x000000070b800000| Untracked 
|  93|0x000000070ba00000, 0x000000070ba00000, 0x000000070bc00000|  0%| F|  |TAMS 0x000000070ba00000, 0x000000070ba00000| Untracked 
|  94|0x000000070bc00000, 0x000000070bc00000, 0x000000070be00000|  0%| F|  |TAMS 0x000000070bc00000, 0x000000070bc00000| Untracked 
|  95|0x000000070be00000, 0x000000070be00000, 0x000000070c000000|  0%| F|  |TAMS 0x000000070be00000, 0x000000070be00000| Untracked 
|  96|0x000000070c000000, 0x000000070c000000, 0x000000070c200000|  0%| F|  |TAMS 0x000000070c000000, 0x000000070c000000| Untracked 
|  97|0x000000070c200000, 0x000000070c200000, 0x000000070c400000|  0%| F|  |TAMS 0x000000070c200000, 0x000000070c200000| Untracked 
|  98|0x000000070c400000, 0x000000070c400000, 0x000000070c600000|  0%| F|  |TAMS 0x000000070c400000, 0x000000070c400000| Untracked 
|  99|0x000000070c600000, 0x000000070c600000, 0x000000070c800000|  0%| F|  |TAMS 0x000000070c600000, 0x000000070c600000| Untracked 
| 100|0x000000070c800000, 0x000000070c800000, 0x000000070ca00000|  0%| F|  |TAMS 0x000000070c800000, 0x000000070c800000| Untracked 
| 101|0x000000070ca00000, 0x000000070ca00000, 0x000000070cc00000|  0%| F|  |TAMS 0x000000070ca00000, 0x000000070ca00000| Untracked 
| 102|0x000000070cc00000, 0x000000070cc00000, 0x000000070ce00000|  0%| F|  |TAMS 0x000000070cc00000, 0x000000070cc00000| Untracked 
| 103|0x000000070ce00000, 0x000000070ce00000, 0x000000070d000000|  0%| F|  |TAMS 0x000000070ce00000, 0x000000070ce00000| Untracked 
| 104|0x000000070d000000, 0x000000070d000000, 0x000000070d200000|  0%| F|  |TAMS 0x000000070d000000, 0x000000070d000000| Untracked 
| 105|0x000000070d200000, 0x000000070d200000, 0x000000070d400000|  0%| F|  |TAMS 0x000000070d200000, 0x000000070d200000| Untracked 
| 106|0x000000070d400000, 0x000000070d400000, 0x000000070d600000|  0%| F|  |TAMS 0x000000070d400000, 0x000000070d400000| Untracked 
| 107|0x000000070d600000, 0x000000070d600000, 0x000000070d800000|  0%| F|  |TAMS 0x000000070d600000, 0x000000070d600000| Untracked 
| 108|0x000000070d800000, 0x000000070d800000, 0x000000070da00000|  0%| F|  |TAMS 0x000000070d800000, 0x000000070d800000| Untracked 
| 109|0x000000070da00000, 0x000000070da00000, 0x000000070dc00000|  0%| F|  |TAMS 0x000000070da00000, 0x000000070da00000| Untracked 
| 110|0x000000070dc00000, 0x000000070dc00000, 0x000000070de00000|  0%| F|  |TAMS 0x000000070dc00000, 0x000000070dc00000| Untracked 
| 111|0x000000070de00000, 0x000000070de00000, 0x000000070e000000|  0%| F|  |TAMS 0x000000070de00000, 0x000000070de00000| Untracked 
| 112|0x000000070e000000, 0x000000070e000000, 0x000000070e200000|  0%| F|  |TAMS 0x000000070e000000, 0x000000070e000000| Untracked 
| 113|0x000000070e200000, 0x000000070e200000, 0x000000070e400000|  0%| F|  |TAMS 0x000000070e200000, 0x000000070e200000| Untracked 
| 114|0x000000070e400000, 0x000000070e400000, 0x000000070e600000|  0%| F|  |TAMS 0x000000070e400000, 0x000000070e400000| Untracked 
| 115|0x000000070e600000, 0x000000070e64a6c8, 0x000000070e800000| 14%| S|CS|TAMS 0x000000070e600000, 0x000000070e600000| Complete 
| 116|0x000000070e800000, 0x000000070ea00000, 0x000000070ea00000|100%| S|CS|TAMS 0x000000070e800000, 0x000000070e800000| Complete 
| 117|0x000000070ea00000, 0x000000070ea00000, 0x000000070ec00000|  0%| F|  |TAMS 0x000000070ea00000, 0x000000070ea00000| Untracked 
| 118|0x000000070ec00000, 0x000000070ec00000, 0x000000070ee00000|  0%| F|  |TAMS 0x000000070ec00000, 0x000000070ec00000| Untracked 
| 119|0x000000070ee00000, 0x000000070ee00000, 0x000000070f000000|  0%| F|  |TAMS 0x000000070ee00000, 0x000000070ee00000| Untracked 
| 120|0x000000070f000000, 0x000000070f000000, 0x000000070f200000|  0%| F|  |TAMS 0x000000070f000000, 0x000000070f000000| Untracked 
| 121|0x000000070f200000, 0x000000070f200000, 0x000000070f400000|  0%| F|  |TAMS 0x000000070f200000, 0x000000070f200000| Untracked 
| 122|0x000000070f400000, 0x000000070f4bdab0, 0x000000070f600000| 37%| E|  |TAMS 0x000000070f400000, 0x000000070f400000| Complete 
| 123|0x000000070f600000, 0x000000070f800000, 0x000000070f800000|100%| E|CS|TAMS 0x000000070f600000, 0x000000070f600000| Complete 
| 124|0x000000070f800000, 0x000000070fa00000, 0x000000070fa00000|100%| E|CS|TAMS 0x000000070f800000, 0x000000070f800000| Complete 
| 125|0x000000070fa00000, 0x000000070fc00000, 0x000000070fc00000|100%| E|CS|TAMS 0x000000070fa00000, 0x000000070fa00000| Complete 
| 126|0x000000070fc00000, 0x000000070fe00000, 0x000000070fe00000|100%| E|CS|TAMS 0x000000070fc00000, 0x000000070fc00000| Complete 
| 127|0x000000070fe00000, 0x0000000710000000, 0x0000000710000000|100%| E|CS|TAMS 0x000000070fe00000, 0x000000070fe00000| Complete 
|1534|0x00000007bfc00000, 0x00000007bfd75000, 0x00000007bfe00000| 72%|OA|  |TAMS 0x00000007bfc00000, 0x00000007bfc00000| Untracked 
|1535|0x00000007bfe00000, 0x00000007bfe7d000, 0x00000007c0000000| 24%|CA|  |TAMS 0x00000007bfe00000, 0x00000007bfe00000| Untracked 

Card table byte_map: [0x0000000111ac1000,0x00000001122c1000] _byte_map_base: 0x000000010e2c1000

Marking Bits (Prev, Next): (CMBitMap*) 0x00007f8a85808210, (CMBitMap*) 0x00007f8a85808250
 Prev Bits: [0x0000000123851000, 0x0000000127851000)
 Next Bits: [0x0000000127851000, 0x000000012b851000)

Polling page: 0x00000001079a2000

Metaspace:

Usage:
  Non-class:      9.87 MB used.
      Class:      1.26 MB used.
       Both:     11.13 MB used.

Virtual space:
  Non-class space:       16.00 MB reserved,      10.00 MB ( 62%) committed,  2 nodes.
      Class space:        1.00 GB reserved,       1.31 MB ( <1%) committed,  1 nodes.
              Both:        1.02 GB reserved,      11.31 MB (  1%) committed. 

Chunk freelists:
   Non-Class:  2.03 MB
       Class:  2.62 MB
        Both:  4.66 MB

MaxMetaspaceSize: 17179869184.00 GB
CompressedClassSpaceSize: 1.00 GB
 - commit_granule_bytes: 65536.
 - commit_granule_words: 8192.
 - virtual_space_node_default_size: 1048576.
 - enlarge_chunks_in_place: 1.
 - new_chunks_are_fully_committed: 0.
 - uncommit_free_chunks: 1.
 - use_allocation_guard: 0.
 - handle_deallocations: 1.


Internal statistics:

num_allocs_failed_limit: 0.
num_arena_births: 140.
num_arena_deaths: 0.
num_vsnodes_births: 3.
num_vsnodes_deaths: 0.
num_space_committed: 181.
num_space_uncommitted: 0.
num_chunks_returned_to_freelist: 0.
num_chunks_taken_from_freelist: 388.
num_chunk_merges: 0.
num_chunk_splits: 237.
num_chunks_enlarged: 150.
num_purges: 0.

CodeHeap 'non-profiled nmethods': size=120028Kb used=531Kb max_used=531Kb free=119496Kb
 bounds [0x000000011c31a000, 0x000000011c58a000, 0x0000000123851000]
CodeHeap 'profiled nmethods': size=120028Kb used=2677Kb max_used=2677Kb free=117350Kb
 bounds [0x0000000114de3000, 0x0000000115083000, 0x000000011c31a000]
CodeHeap 'non-nmethods': size=5704Kb used=1249Kb max_used=1271Kb free=4454Kb
 bounds [0x0000000114851000, 0x0000000114ac1000, 0x0000000114de3000]
 total_blobs=2067 nmethods=1504 adapters=477
 compilation: enabled
              stopped_count=0, restarted_count=0
 full_count=0

Compilation events (20 events):
Event: 1.224 Thread 0x00007f8a8380fa00 nmethod 1495 0x000000011c39b090 code [0x000000011c39b220, 0x000000011c39b2f0]
Event: 1.226 Thread 0x00007f8a85813200 nmethod 1491 0x000000011c39b390 code [0x000000011c39b520, 0x000000011c39ba38]
Event: 1.226 Thread 0x00007f8a85813200 1492       4       java.lang.AbstractStringBuilder::append (77 bytes)
Event: 1.229 Thread 0x00007f8a85813200 nmethod 1492 0x000000011c39bd10 code [0x000000011c39bea0, 0x000000011c39c3b8]
Event: 1.458 Thread 0x00007f8a85813200 1496 % !   4       java.util.concurrent.ConcurrentHashMap::transfer @ 96 (849 bytes)
Event: 1.480 Thread 0x00007f8a85813200 nmethod 1496% 0x000000011c39c690 code [0x000000011c39c860, 0x000000011c39dca8]
Event: 1.492 Thread 0x00007f8a8380fa00 1497       3       java.lang.reflect.Constructor::setConstructorAccessor (21 bytes)
Event: 1.492 Thread 0x00007f8a8380fa00 nmethod 1497 0x000000011507e990 code [0x000000011507eb40, 0x000000011507ee40]
Event: 1.492 Thread 0x00007f8a8380fa00 1498       1       java.lang.reflect.Field::getName (5 bytes)
Event: 1.492 Thread 0x00007f8a8380fa00 nmethod 1498 0x000000011c39e490 code [0x000000011c39e620, 0x000000011c39e6f0]
Event: 1.504 Thread 0x00007f8a8380fa00 1499       3       java.lang.Integer::valueOf (32 bytes)
Event: 1.505 Thread 0x00007f8a8380fa00 nmethod 1499 0x000000011507ef10 code [0x000000011507f0e0, 0x000000011507f410]
Event: 1.505 Thread 0x00007f8a8380fa00 1500       3       java.lang.reflect.AccessibleObject::checkAccess (40 bytes)
Event: 1.505 Thread 0x00007f8a8380fa00 nmethod 1500 0x000000011507f590 code [0x000000011507f760, 0x000000011507fab0]
Event: 1.505 Thread 0x00007f8a8380fa00 1503       3       java.lang.reflect.Field::setFieldAccessor (34 bytes)
Event: 1.505 Thread 0x00007f8a8380fa00 nmethod 1503 0x000000011507fc10 code [0x000000011507fde0, 0x0000000115080220]
Event: 1.505 Thread 0x00007f8a8380fa00 1502       1       java.lang.reflect.Field::getRoot (5 bytes)
Event: 1.505 Thread 0x00007f8a8380fa00 nmethod 1502 0x000000011c39eb90 code [0x000000011c39ed20, 0x000000011c39edf0]
Event: 1.507 Thread 0x00007f8a8380fa00 1504       3       java.nio.Buffer::remaining (20 bytes)
Event: 1.507 Thread 0x00007f8a8380fa00 nmethod 1504 0x0000000115080310 code [0x00000001150804c0, 0x0000000115080650]

GC Heap History (2 events):
Event: 0.559 GC heap before
{Heap before GC invocations=0 (full 0):
 garbage-first heap   total 266240K, used 24520K [0x0000000700000000, 0x0000000800000000)
  region size 2048K, 11 young (22528K), 0 survivors (0K)
 Metaspace       used 5608K, committed 5824K, reserved 1056768K
  class space    used 662K, committed 768K, reserved 1048576K
}
Event: 0.562 GC heap after
{Heap after GC invocations=1 (full 0):
 garbage-first heap   total 266240K, used 4337K [0x0000000700000000, 0x0000000800000000)
  region size 2048K, 2 young (4096K), 2 survivors (4096K)
 Metaspace       used 5608K, committed 5824K, reserved 1056768K
  class space    used 662K, committed 768K, reserved 1048576K
}

Deoptimization events (20 events):
Event: 0.633 Thread 0x00007f8a82008800 Uncommon trap: trap_request=0xffffff45 fr.pc=0x000000011c365348 relative=0x0000000000001028
Event: 0.633 Thread 0x00007f8a82008800 Uncommon trap: reason=unstable_if action=reinterpret pc=0x000000011c365348 method=java.util.concurrent.ConcurrentHashMap.putVal(Ljava/lang/Object;Ljava/lang/Object;Z)Ljava/lang/Object; @ 231 c2
Event: 0.633 Thread 0x00007f8a82008800 DEOPT PACKING pc=0x000000011c365348 sp=0x000070000bc081b0
Event: 0.633 Thread 0x00007f8a82008800 DEOPT UNPACKING pc=0x000000011489e424 sp=0x000070000bc08120 mode 2
Event: 0.636 Thread 0x00007f8a82008800 Uncommon trap: trap_request=0xffffff45 fr.pc=0x000000011c32d67c relative=0x000000000000005c
Event: 0.636 Thread 0x00007f8a82008800 Uncommon trap: reason=unstable_if action=reinterpret pc=0x000000011c32d67c method=java.lang.String.isLatin1()Z @ 10 c2
Event: 0.636 Thread 0x00007f8a82008800 DEOPT PACKING pc=0x000000011c32d67c sp=0x000070000bc089e0
Event: 0.636 Thread 0x00007f8a82008800 DEOPT UNPACKING pc=0x000000011489e424 sp=0x000070000bc08990 mode 2
Event: 0.636 Thread 0x00007f8a82008800 Uncommon trap: trap_request=0xffffff45 fr.pc=0x000000011c35a968 relative=0x0000000000000048
Event: 0.636 Thread 0x00007f8a82008800 Uncommon trap: reason=unstable_if action=reinterpret pc=0x000000011c35a968 method=java.lang.CharacterData.of(I)Ljava/lang/CharacterData; @ 4 c2
Event: 0.636 Thread 0x00007f8a82008800 DEOPT PACKING pc=0x000000011c35a968 sp=0x000070000bc08500
Event: 0.636 Thread 0x00007f8a82008800 DEOPT UNPACKING pc=0x000000011489e424 sp=0x000070000bc084c0 mode 2
Event: 0.659 Thread 0x00007f8a82008800 Uncommon trap: trap_request=0xffffff45 fr.pc=0x000000011c35c73c relative=0x000000000000009c
Event: 0.659 Thread 0x00007f8a82008800 Uncommon trap: reason=unstable_if action=reinterpret pc=0x000000011c35c73c method=sun.reflect.generics.parser.SignatureParser.current()C @ 39 c2
Event: 0.659 Thread 0x00007f8a82008800 DEOPT PACKING pc=0x000000011c35c73c sp=0x000070000bc07c00
Event: 0.659 Thread 0x00007f8a82008800 DEOPT UNPACKING pc=0x000000011489e424 sp=0x000070000bc07bb8 mode 2
Event: 0.691 Thread 0x00007f8a82008800 Uncommon trap: trap_request=0xffffff45 fr.pc=0x000000011c3774ac relative=0x000000000000030c
Event: 0.691 Thread 0x00007f8a82008800 Uncommon trap: reason=unstable_if action=reinterpret pc=0x000000011c3774ac method=jdk.internal.org.objectweb.asm.SymbolTable.put(Ljdk/internal/org/objectweb/asm/SymbolTable$Entry;)Ljdk/internal/org/objectweb/asm/SymbolTable$Entry; @ 13 c2
Event: 0.691 Thread 0x00007f8a82008800 DEOPT PACKING pc=0x000000011c3774ac sp=0x000070000bc07ab0
Event: 0.691 Thread 0x00007f8a82008800 DEOPT UNPACKING pc=0x000000011489e424 sp=0x000070000bc07a30 mode 2

Classes unloaded (0 events):
No events

Classes redefined (0 events):
No events

Internal exceptions (20 events):
Event: 0.178 Thread 0x00007f8a82008800 Exception <a 'java/lang/NoSuchMethodError'{0x000000070fa96b88}: 'void java.lang.invoke.DirectMethodHandle$Holder.invokeStatic(java.lang.Object, java.lang.Object, java.lang.Object, java.lang.Object)'> (0x000000070fa96b88) 
thrown [./open/src/hotspot/share/interpreter/linkResolver.cpp, line 790]
Event: 0.178 Thread 0x00007f8a82008800 Exception <a 'java/lang/NoSuchMethodError'{0x000000070fa9a788}: 'void java.lang.invoke.DirectMethodHandle$Holder.invokeStaticInit(java.lang.Object, java.lang.Object, java.lang.Object, java.lang.Object)'> (0x000000070fa9a788) 
thrown [./open/src/hotspot/share/interpreter/linkResolver.cpp, line 790]
Event: 0.179 Thread 0x00007f8a82008800 Exception <a 'java/lang/NoSuchMethodError'{0x000000070faa1e10}: 'void java.lang.invoke.DirectMethodHandle$Holder.invokeStaticInit(java.lang.Object, java.lang.Object, java.lang.Object)'> (0x000000070faa1e10) 
thrown [./open/src/hotspot/share/interpreter/linkResolver.cpp, line 790]
Event: 0.184 Thread 0x00007f8a82008800 Exception <a 'java/lang/NoSuchMethodError'{0x000000070fac4ef8}: 'float java.lang.invoke.DirectMethodHandle$Holder.invokeStatic(java.lang.Object, float)'> (0x000000070fac4ef8) 
thrown [./open/src/hotspot/share/interpreter/linkResolver.cpp, line 790]
Event: 0.184 Thread 0x00007f8a82008800 Exception <a 'java/lang/NoSuchMethodError'{0x000000070fac8610}: 'float java.lang.invoke.DirectMethodHandle$Holder.invokeStaticInit(java.lang.Object, float)'> (0x000000070fac8610) 
thrown [./open/src/hotspot/share/interpreter/linkResolver.cpp, line 790]
Event: 0.199 Thread 0x00007f8a82008800 Exception <a 'java/lang/NoSuchMethodError'{0x000000070fafa5a8}: 'void java.lang.invoke.DirectMethodHandle$Holder.invokeStatic(java.lang.Object, int)'> (0x000000070fafa5a8) 
thrown [./open/src/hotspot/share/interpreter/linkResolver.cpp, line 790]
Event: 0.212 Thread 0x00007f8a82008800 Exception <a 'java/lang/NoSuchMethodError'{0x000000070fb35b38}: 'void java.lang.invoke.DirectMethodHandle$Holder.invokeStaticInit(java.lang.Object, int)'> (0x000000070fb35b38) 
thrown [./open/src/hotspot/share/interpreter/linkResolver.cpp, line 790]
Event: 0.314 Thread 0x00007f8a82008800 Exception <a 'java/lang/NoSuchMethodError'{0x000000070f43f3d8}: 'java.lang.Object java.lang.invoke.DirectMethodHandle$Holder.invokeInterface(java.lang.Object, java.lang.Object)'> (0x000000070f43f3d8) 
thrown [./open/src/hotspot/share/interpreter/linkResolver.cpp, line 790]
Event: 0.349 Thread 0x00007f8a82008800 Exception <a 'java/lang/NoSuchMethodError'{0x000000070f4f7a40}: 'java.lang.Object java.lang.invoke.DirectMethodHandle$Holder.invokeStaticInit(java.lang.Object, java.lang.Object, java.lang.Object)'> (0x000000070f4f7a40) 
thrown [./open/src/hotspot/share/interpreter/linkResolver.cpp, line 790]
Event: 0.355 Thread 0x00007f8a82008800 Exception <a 'java/lang/NoSuchMethodError'{0x000000070f51cf50}: 'int java.lang.invoke.DirectMethodHandle$Holder.invokeSpecial(java.lang.Object, java.lang.Object, java.lang.Object)'> (0x000000070f51cf50) 
thrown [./open/src/hotspot/share/interpreter/linkResolver.cpp, line 790]
Event: 0.469 Thread 0x00007f8a82008800 Exception <a 'java/lang/NoSuchMethodError'{0x000000070ecaeb70}: 'java.lang.Object java.lang.invoke.DirectMethodHandle$Holder.newInvokeSpecial(java.lang.Object, long, int, java.lang.Object)'> (0x000000070ecaeb70) 
thrown [./open/src/hotspot/share/interpreter/linkResolver.cpp, line 790]
Event: 0.654 Thread 0x00007f8a82008800 Exception <a 'java/lang/NoSuchMethodError'{0x000000070ff67310}: 'java.lang.Object java.lang.invoke.DirectMethodHandle$Holder.newInvokeSpecial(java.lang.Object, java.lang.Object, java.lang.Object, java.lang.Object, java.lang.Object)'> (0x000000070ff67310) 
thrown [./open/src/hotspot/share/interpreter/linkResolver.cpp, line 790]
Event: 0.737 Thread 0x00007f8a82008800 Exception <a 'java/lang/NoSuchMethodError'{0x000000070fb2d918}: 'int java.lang.invoke.DirectMethodHandle$Holder.invokeInterface(java.lang.Object, java.lang.Object)'> (0x000000070fb2d918) 
thrown [./open/src/hotspot/share/interpreter/linkResolver.cpp, line 790]
Event: 0.737 Thread 0x00007f8a82008800 Exception <a 'java/lang/IncompatibleClassChangeError'{0x000000070fb30ff8}: Found class java.lang.Object, but interface was expected> (0x000000070fb30ff8) 
thrown [./open/src/hotspot/share/interpreter/linkResolver.cpp, line 857]
Event: 0.762 Thread 0x00007f8a82008800 Exception <a 'java/lang/ClassNotFoundException'{0x000000070fb9f7e0}: jdk/internal/platform/CgroupMetrics> (0x000000070fb9f7e0) 
thrown [./open/src/hotspot/share/classfile/systemDictionary.cpp, line 256]
Event: 0.804 Thread 0x00007f8a82008800 Exception <a 'java/lang/NoSuchMethodError'{0x000000070f8c5e70}: 'java.lang.Object java.lang.invoke.DirectMethodHandle$Holder.invokeStatic(java.lang.Object, int, java.lang.Object)'> (0x000000070f8c5e70) 
thrown [./open/src/hotspot/share/interpreter/linkResolver.cpp, line 790]
Event: 0.832 Thread 0x00007f8a82008800 Exception <a 'java/lang/ClassNotFoundException'{0x000000070f9e2a90}: sun/awt/resources/spi/awtProvider> (0x000000070f9e2a90) 
thrown [./open/src/hotspot/share/classfile/systemDictionary.cpp, line 256]
Event: 0.994 Thread 0x00007f8a82008800 Exception <a 'java/io/FileNotFoundException'{0x000000070f9f0f50}> (0x000000070f9f0f50) 
thrown [./open/src/hotspot/share/prims/jni.cpp, line 579]
Event: 0.995 Thread 0x00007f8a82008800 Exception <a 'java/io/FileNotFoundException'{0x000000070f9f2190}> (0x000000070f9f2190) 
thrown [./open/src/hotspot/share/prims/jni.cpp, line 579]
Event: 1.001 Thread 0x00007f8a82008800 Exception <a 'java/lang/ClassNotFoundException'{0x000000070f9f5c70}: sun/awt/resources/spi/awtosxProvider> (0x000000070f9f5c70) 
thrown [./open/src/hotspot/share/classfile/systemDictionary.cpp, line 256]

Events (20 events):
Event: 1.498 loading class java/awt/Image
Event: 1.498 loading class java/awt/Image done
Event: 1.498 loading class java/awt/image/BufferedImage
Event: 1.499 loading class java/awt/image/WritableRenderedImage
Event: 1.499 loading class java/awt/image/RenderedImage
Event: 1.499 loading class java/awt/image/RenderedImage done
Event: 1.499 loading class java/awt/image/WritableRenderedImage done
Event: 1.499 loading class java/awt/Transparency
Event: 1.499 loading class java/awt/Transparency done
Event: 1.499 loading class java/awt/image/BufferedImage done
Event: 1.500 loading class java/awt/IllegalComponentStateException
Event: 1.500 loading class java/awt/IllegalComponentStateException done
Event: 1.500 loading class java/awt/Point
Event: 1.500 loading class java/awt/geom/Point2D
Event: 1.501 loading class java/awt/geom/Point2D done
Event: 1.501 loading class java/awt/Point done
Event: 1.501 loading class java/awt/GraphicsConfiguration
Event: 1.501 loading class java/awt/GraphicsConfiguration done
Event: 1.504 loading class jdk/internal/reflect/UnsafeQualifiedStaticIntegerFieldAccessorImpl
Event: 1.504 loading class jdk/internal/reflect/UnsafeQualifiedStaticIntegerFieldAccessorImpl done


Dynamic libraries:
0x00007fff68fb7000 	/usr/lib/libz.1.dylib
0x000000010796c000 	/Library/Java/JavaVirtualMachines/jdk-16.0.1.jdk/Contents/Home/lib/libjli.dylib
0x00007fff2ef09000 	/System/Library/Frameworks/Cocoa.framework/Versions/A/Cocoa
0x00007fff3c533000 	/System/Library/Frameworks/Security.framework/Versions/A/Security
0x00007fff2de6f000 	/System/Library/Frameworks/ApplicationServices.framework/Versions/A/ApplicationServices
0x00007fff66a79000 	/usr/lib/libSystem.B.dylib
0x00007fff69878000 	/usr/lib/system/libcache.dylib
0x00007fff6987e000 	/usr/lib/system/libcommonCrypto.dylib
0x00007fff6988a000 	/usr/lib/system/libcompiler_rt.dylib
0x00007fff69892000 	/usr/lib/system/libcopyfile.dylib
0x00007fff6989c000 	/usr/lib/system/libcorecrypto.dylib
0x00007fff69a3b000 	/usr/lib/system/libdispatch.dylib
0x00007fff69a7c000 	/usr/lib/system/libdyld.dylib
0x00007fff69ab3000 	/usr/lib/system/libkeymgr.dylib
0x00007fff69ac1000 	/usr/lib/system/liblaunch.dylib
0x00007fff69ac2000 	/usr/lib/system/libmacho.dylib
0x00007fff69ac8000 	/usr/lib/system/libquarantine.dylib
0x00007fff69acb000 	/usr/lib/system/libremovefile.dylib
0x00007fff69acd000 	/usr/lib/system/libsystem_asl.dylib
0x00007fff69ae5000 	/usr/lib/system/libsystem_blocks.dylib
0x00007fff69ae6000 	/usr/lib/system/libsystem_c.dylib
0x00007fff69b6e000 	/usr/lib/system/libsystem_configuration.dylib
0x00007fff69b72000 	/usr/lib/system/libsystem_coreservices.dylib
0x00007fff69b76000 	/usr/lib/system/libsystem_darwin.dylib
0x00007fff69b7f000 	/usr/lib/system/libsystem_dnssd.dylib
0x00007fff69b87000 	/usr/lib/system/libsystem_featureflags.dylib
0x00007fff69b89000 	/usr/lib/system/libsystem_info.dylib
0x00007fff69c04000 	/usr/lib/system/libsystem_m.dylib
0x00007fff69c4c000 	/usr/lib/system/libsystem_malloc.dylib
0x00007fff69c74000 	/usr/lib/system/libsystem_networkextension.dylib
0x00007fff69c82000 	/usr/lib/system/libsystem_notify.dylib
0x00007fff69ca0000 	/usr/lib/system/libsystem_sandbox.dylib
0x00007fff69ca5000 	/usr/lib/system/libsystem_secinit.dylib
0x00007fff69bd7000 	/usr/lib/system/libsystem_kernel.dylib
0x00007fff69c8c000 	/usr/lib/system/libsystem_platform.dylib
0x00007fff69c95000 	/usr/lib/system/libsystem_pthread.dylib
0x00007fff69ca8000 	/usr/lib/system/libsystem_symptoms.dylib
0x00007fff69cb0000 	/usr/lib/system/libsystem_trace.dylib
0x00007fff69cc8000 	/usr/lib/system/libunwind.dylib
0x00007fff69cce000 	/usr/lib/system/libxpc.dylib
0x00007fff688db000 	/usr/lib/libobjc.A.dylib
0x00007fff66db2000 	/usr/lib/libc++abi.dylib
0x00007fff66d5f000 	/usr/lib/libc++.1.dylib
0x00007fff2fdab000 	/System/Library/Frameworks/CoreFoundation.framework/Versions/A/CoreFoundation
0x00007fff3246c000 	/System/Library/Frameworks/Foundation.framework/Versions/C/Foundation
0x00007fff2d061000 	/System/Library/Frameworks/AppKit.framework/Versions/C/AppKit
0x00007fff2f88d000 	/System/Library/Frameworks/CoreData.framework/Versions/A/CoreData
0x00007fff60cd6000 	/System/Library/PrivateFrameworks/UIFoundation.framework/Versions/A/UIFoundation
0x00007fff5bd6a000 	/System/Library/PrivateFrameworks/RemoteViewServices.framework/Versions/A/RemoteViewServices
0x00007fff635e9000 	/System/Library/PrivateFrameworks/XCTTargetBootstrap.framework/Versions/A/XCTTargetBootstrap
0x00007fff2fc78000 	/System/Library/Frameworks/CoreDisplay.framework/Versions/A/CoreDisplay
0x00007fff35327000 	/System/Library/Frameworks/Metal.framework/Versions/A/Metal
0x00007fff49d50000 	/System/Library/PrivateFrameworks/DesktopServicesPriv.framework/Versions/A/DesktopServicesPriv
0x00007fff67bb6000 	/usr/lib/liblangid.dylib
0x00007fff48fe5000 	/System/Library/PrivateFrameworks/CoreSVG.framework/Versions/A/CoreSVG
0x00007fff5eec6000 	/System/Library/PrivateFrameworks/SkyLight.framework/Versions/A/SkyLight
0x00007fff3022e000 	/System/Library/Frameworks/CoreGraphics.framework/Versions/A/CoreGraphics
0x00007fff2ba35000 	/System/Library/Frameworks/Accelerate.framework/Versions/A/Accelerate
0x00007fff68ea8000 	/usr/lib/libxml2.2.dylib
0x00007fff54cf3000 	/System/Library/PrivateFrameworks/IconServices.framework/Versions/A/IconServices
0x00007fff32c4b000 	/System/Library/Frameworks/IOSurface.framework/Versions/A/IOSurface
0x00007fff665a3000 	/usr/lib/libDiagnosticMessagesClient.dylib
0x00007fff49baa000 	/System/Library/PrivateFrameworks/DFRFoundation.framework/Versions/A/DFRFoundation
0x00007fff67945000 	/usr/lib/libicucore.A.dylib
0x00007fff2e1a1000 	/System/Library/Frameworks/AudioToolbox.framework/Versions/A/AudioToolbox
0x00007fff2e284000 	/System/Library/Frameworks/AudioUnit.framework/Versions/A/AudioUnit
0x00007fff66c7b000 	/usr/lib/libauto.dylib
0x00007fff49c4c000 	/System/Library/PrivateFrameworks/DataDetectorsCore.framework/Versions/A/DataDetectorsCore
0x00007fff2ea2a000 	/System/Library/Frameworks/Carbon.framework/Versions/A/Frameworks/HIToolbox.framework/Versions/A/HIToolbox
0x00007fff3b72c000 	/System/Library/Frameworks/QuartzCore.framework/Versions/A/QuartzCore
0x00007fff2ed69000 	/System/Library/Frameworks/Carbon.framework/Versions/A/Frameworks/SpeechRecognition.framework/Versions/A/SpeechRecognition
0x00007fff496be000 	/System/Library/PrivateFrameworks/CoreUI.framework/Versions/A/CoreUI
0x00007fff2f2f8000 	/System/Library/Frameworks/CoreAudio.framework/Versions/A/CoreAudio
0x00007fff3212a000 	/System/Library/Frameworks/DiskArbitration.framework/Versions/A/DiskArbitration
0x00007fff56d43000 	/System/Library/PrivateFrameworks/MultitouchSupport.framework/Versions/A/MultitouchSupport
0x00007fff6780a000 	/usr/lib/libenergytrace.dylib
0x00007fff32ba5000 	/System/Library/Frameworks/IOKit.framework/Versions/A/IOKit
0x00007fff31195000 	/System/Library/Frameworks/CoreServices.framework/Versions/A/CoreServices
0x00007fff58efd000 	/System/Library/PrivateFrameworks/PerformanceAnalysis.framework/Versions/A/PerformanceAnalysis
0x00007fff3a75f000 	/System/Library/Frameworks/OpenGL.framework/Versions/A/OpenGL
0x00007fff2ef17000 	/System/Library/Frameworks/ColorSync.framework/Versions/A/ColorSync
0x00007fff308b1000 	/System/Library/Frameworks/CoreImage.framework/Versions/A/CoreImage
0x00007fff31c09000 	/System/Library/Frameworks/CoreText.framework/Versions/A/CoreText
0x00007fff32cdb000 	/System/Library/Frameworks/ImageIO.framework/Versions/A/ImageIO
0x00007fff66ddb000 	/usr/lib/libcompression.dylib
0x00007fff668e7000 	/usr/lib/libMobileGestalt.dylib
0x00007fff60a40000 	/System/Library/PrivateFrameworks/TextureIO.framework/Versions/A/TextureIO
0x00007fff66bde000 	/usr/lib/libate.dylib
0x00007fff54efc000 	/System/Library/PrivateFrameworks/InternationalSupport.framework/Versions/A/InternationalSupport
0x00007fff67bb8000 	/usr/lib/liblzma.5.dylib
0x00007fff67833000 	/usr/lib/libfakelink.dylib
0x00007fff66b6b000 	/usr/lib/libarchive.2.dylib
0x00007fff3d5e6000 	/System/Library/Frameworks/SystemConfiguration.framework/Versions/A/SystemConfiguration
0x00007fff664d6000 	/usr/lib/libCRFSuite.dylib
0x00007fff2e61b000 	/System/Library/Frameworks/CFNetwork.framework/Versions/A/CFNetwork
0x00007fff66d41000 	/usr/lib/libbsm.0.dylib
0x00007fff69ab4000 	/usr/lib/system/libkxld.dylib
0x00007fff43523000 	/System/Library/PrivateFrameworks/AppleFSCompression.framework/Versions/A/AppleFSCompression
0x00007fff670cc000 	/usr/lib/libcoretls.dylib
0x00007fff670e3000 	/usr/lib/libcoretls_cfhelpers.dylib
0x00007fff68921000 	/usr/lib/libpam.2.dylib
0x00007fff68a56000 	/usr/lib/libsqlite3.dylib
0x00007fff68e95000 	/usr/lib/libxar.1.dylib
0x00007fff66d52000 	/usr/lib/libbz2.1.0.dylib
0x00007fff67854000 	/usr/lib/libiconv.2.dylib
0x00007fff66dc8000 	/usr/lib/libcharset.1.dylib
0x00007fff683be000 	/usr/lib/libnetwork.dylib
0x00007fff68928000 	/usr/lib/libpcap.A.dylib
0x00007fff66b20000 	/usr/lib/libapple_nghttp2.dylib
0x00007fff3154c000 	/System/Library/Frameworks/CoreServices.framework/Versions/A/Frameworks/FSEvents.framework/Versions/A/FSEvents
0x00007fff3121c000 	/System/Library/Frameworks/CoreServices.framework/Versions/A/Frameworks/CarbonCore.framework/Versions/A/CarbonCore
0x00007fff31791000 	/System/Library/Frameworks/CoreServices.framework/Versions/A/Frameworks/Metadata.framework/Versions/A/Metadata
0x00007fff3182a000 	/System/Library/Frameworks/CoreServices.framework/Versions/A/Frameworks/OSServices.framework/Versions/A/OSServices
0x00007fff31858000 	/System/Library/Frameworks/CoreServices.framework/Versions/A/Frameworks/SearchKit.framework/Versions/A/SearchKit
0x00007fff31196000 	/System/Library/Frameworks/CoreServices.framework/Versions/A/Frameworks/AE.framework/Versions/A/AE
0x00007fff31555000 	/System/Library/Frameworks/CoreServices.framework/Versions/A/Frameworks/LaunchServices.framework/Versions/A/LaunchServices
0x00007fff314fe000 	/System/Library/Frameworks/CoreServices.framework/Versions/A/Frameworks/DictionaryServices.framework/Versions/A/DictionaryServices
0x00007fff318c0000 	/System/Library/Frameworks/CoreServices.framework/Versions/A/Frameworks/SharedFileList.framework/Versions/A/SharedFileList
0x00007fff3657e000 	/System/Library/Frameworks/NetFS.framework/Versions/A/NetFS
0x00007fff57273000 	/System/Library/PrivateFrameworks/NetAuth.framework/Versions/A/NetAuth
0x00007fff639b6000 	/System/Library/PrivateFrameworks/login.framework/Versions/A/Frameworks/loginsupport.framework/Versions/A/loginsupport
0x00007fff6050b000 	/System/Library/PrivateFrameworks/TCC.framework/Versions/A/TCC
0x00007fff48158000 	/System/Library/PrivateFrameworks/CoreNLP.framework/Versions/A/CoreNLP
0x00007fff56770000 	/System/Library/PrivateFrameworks/MetadataUtilities.framework/Versions/A/MetadataUtilities
0x00007fff67c90000 	/usr/lib/libmecabra.dylib
0x00007fff67be8000 	/usr/lib/libmecab.dylib
0x00007fff67844000 	/usr/lib/libgermantok.dylib
0x00007fff66b07000 	/usr/lib/libThaiTokenizer.dylib
0x00007fff6650d000 	/usr/lib/libChineseTokenizer.dylib
0x00007fff2ba4d000 	/System/Library/Frameworks/Accelerate.framework/Versions/A/Frameworks/vImage.framework/Versions/A/vImage
0x00007fff2ceb7000 	/System/Library/Frameworks/Accelerate.framework/Versions/A/Frameworks/vecLib.framework/Versions/A/vecLib
0x00007fff2cdf4000 	/System/Library/Frameworks/Accelerate.framework/Versions/A/Frameworks/vecLib.framework/Versions/A/libvMisc.dylib
0x00007fff2cc1c000 	/System/Library/Frameworks/Accelerate.framework/Versions/A/Frameworks/vecLib.framework/Versions/A/libvDSP.dylib
0x00007fff2c0a4000 	/System/Library/Frameworks/Accelerate.framework/Versions/A/Frameworks/vecLib.framework/Versions/A/libBLAS.dylib
0x00007fff2c7e0000 	/System/Library/Frameworks/Accelerate.framework/Versions/A/Frameworks/vecLib.framework/Versions/A/libLAPACK.dylib
0x00007fff2cb7c000 	/System/Library/Frameworks/Accelerate.framework/Versions/A/Frameworks/vecLib.framework/Versions/A/libLinearAlgebra.dylib
0x00007fff2cc09000 	/System/Library/Frameworks/Accelerate.framework/Versions/A/Frameworks/vecLib.framework/Versions/A/libSparseBLAS.dylib
0x00007fff2cb92000 	/System/Library/Frameworks/Accelerate.framework/Versions/A/Frameworks/vecLib.framework/Versions/A/libQuadrature.dylib
0x00007fff2c30c000 	/System/Library/Frameworks/Accelerate.framework/Versions/A/Frameworks/vecLib.framework/Versions/A/libBNNS.dylib
0x00007fff2cb98000 	/System/Library/Frameworks/Accelerate.framework/Versions/A/Frameworks/vecLib.framework/Versions/A/libSparse.dylib
0x00007fff552e4000 	/System/Library/PrivateFrameworks/LanguageModeling.framework/Versions/A/LanguageModeling
0x00007fff47b07000 	/System/Library/PrivateFrameworks/CoreEmoji.framework/Versions/A/CoreEmoji
0x00007fff55402000 	/System/Library/PrivateFrameworks/LinguisticData.framework/Versions/A/LinguisticData
0x00007fff553b3000 	/System/Library/PrivateFrameworks/Lexicon.framework/Versions/A/Lexicon
0x00007fff66dc9000 	/usr/lib/libcmph.dylib
0x00007fff3916d000 	/System/Library/Frameworks/OpenDirectory.framework/Versions/A/Frameworks/CFOpenDirectory.framework/Versions/A/CFOpenDirectory
0x00007fff3918a000 	/System/Library/Frameworks/OpenDirectory.framework/Versions/A/OpenDirectory
0x00007fff415d0000 	/System/Library/PrivateFrameworks/APFS.framework/Versions/A/APFS
0x00007fff3c87f000 	/System/Library/Frameworks/SecurityFoundation.framework/Versions/A/SecurityFoundation
0x00007fff68e91000 	/usr/lib/libutil.dylib
0x00007fff4903d000 	/System/Library/PrivateFrameworks/CoreServicesStore.framework/Versions/A/CoreServicesStore
0x00007fff3c936000 	/System/Library/Frameworks/ServiceManagement.framework/Versions/A/ServiceManagement
0x00007fff44cf5000 	/System/Library/PrivateFrameworks/BackgroundTaskManagement.framework/Versions/A/BackgroundTaskManagement
0x00007fff68f8e000 	/usr/lib/libxslt.1.dylib
0x00007fff43b97000 	/System/Library/PrivateFrameworks/AppleSystemInfo.framework/Versions/A/AppleSystemInfo
0x00007fff32ef8000 	/System/Library/Frameworks/ImageIO.framework/Versions/A/Resources/libJPEG.dylib
0x00007fff331b5000 	/System/Library/Frameworks/ImageIO.framework/Versions/A/Resources/libTIFF.dylib
0x00007fff33198000 	/System/Library/Frameworks/ImageIO.framework/Versions/A/Resources/libPng.dylib
0x00007fff32e3a000 	/System/Library/Frameworks/ImageIO.framework/Versions/A/Resources/libGIF.dylib
0x00007fff32e3e000 	/System/Library/Frameworks/ImageIO.framework/Versions/A/Resources/libJP2.dylib
0x00007fff331b3000 	/System/Library/Frameworks/ImageIO.framework/Versions/A/Resources/libRadiance.dylib
0x00007fff6780b000 	/usr/lib/libexpat.1.dylib
0x00007fff4367e000 	/System/Library/PrivateFrameworks/AppleJPEG.framework/Versions/A/AppleJPEG
0x00007fff4c353000 	/System/Library/PrivateFrameworks/FontServices.framework/libFontParser.dylib
0x00007fff629b8000 	/System/Library/PrivateFrameworks/WatchdogClient.framework/Versions/A/WatchdogClient
0x00007fff5493f000 	/System/Library/PrivateFrameworks/IOAccelerator.framework/Versions/A/IOAccelerator
0x00007fff356c2000 	/System/Library/Frameworks/MetalPerformanceShaders.framework/Versions/A/MetalPerformanceShaders
0x00007fff510cf000 	/System/Library/PrivateFrameworks/GPUWrangler.framework/Versions/A/GPUWrangler
0x00007fff54954000 	/System/Library/PrivateFrameworks/IOPresentment.framework/Versions/A/IOPresentment
0x00007fff49bbd000 	/System/Library/PrivateFrameworks/DSExternalDisplay.framework/Versions/A/DSExternalDisplay
0x00007fff39afe000 	/System/Library/Frameworks/OpenGL.framework/Versions/A/Libraries/libCoreFSCache.dylib
0x00007fff3540e000 	/System/Library/Frameworks/MetalPerformanceShaders.framework/Frameworks/MPSCore.framework/Versions/A/MPSCore
0x00007fff3544c000 	/System/Library/Frameworks/MetalPerformanceShaders.framework/Frameworks/MPSImage.framework/Versions/A/MPSImage
0x00007fff35513000 	/System/Library/Frameworks/MetalPerformanceShaders.framework/Frameworks/MPSNeuralNetwork.framework/Versions/A/MPSNeuralNetwork
0x00007fff354d7000 	/System/Library/Frameworks/MetalPerformanceShaders.framework/Frameworks/MPSMatrix.framework/Versions/A/MPSMatrix
0x00007fff35672000 	/System/Library/Frameworks/MetalPerformanceShaders.framework/Frameworks/MPSRayIntersector.framework/Versions/A/MPSRayIntersector
0x00007fff354fd000 	/System/Library/Frameworks/MetalPerformanceShaders.framework/Frameworks/MPSNDArray.framework/Versions/A/MPSNDArray
0x00007fff567bd000 	/System/Library/PrivateFrameworks/MetalTools.framework/Versions/A/MetalTools
0x00007fff427aa000 	/System/Library/PrivateFrameworks/AggregateDictionary.framework/Versions/A/AggregateDictionary
0x00007fff4754f000 	/System/Library/PrivateFrameworks/CoreAnalytics.framework/Versions/A/CoreAnalytics
0x00007fff43ab5000 	/System/Library/PrivateFrameworks/AppleSauce.framework/Versions/A/AppleSauce
0x00007fff667c9000 	/usr/lib/libIOReport.dylib
0x00007fff31dc1000 	/System/Library/Frameworks/CoreVideo.framework/Versions/A/CoreVideo
0x00007fff52548000 	/System/Library/PrivateFrameworks/GraphVisualizer.framework/Versions/A/GraphVisualizer
0x00007fff4b899000 	/System/Library/PrivateFrameworks/FaceCore.framework/Versions/A/FaceCore
0x00007fff39114000 	/System/Library/Frameworks/OpenCL.framework/Versions/A/OpenCL
0x00007fff665eb000 	/usr/lib/libFosl_dynamic.dylib
0x00007fff57c95000 	/System/Library/PrivateFrameworks/OTSVG.framework/Versions/A/OTSVG
0x00007fff2df74000 	/System/Library/Frameworks/ApplicationServices.framework/Versions/A/Frameworks/ATS.framework/Versions/A/Resources/libFontRegistry.dylib
0x00007fff4c523000 	/System/Library/PrivateFrameworks/FontServices.framework/libhvf.dylib
0x00007fff39b09000 	/System/Library/Frameworks/OpenGL.framework/Versions/A/Libraries/libGFXShared.dylib
0x00007fff39ce7000 	/System/Library/Frameworks/OpenGL.framework/Versions/A/Libraries/libGLU.dylib
0x00007fff39b12000 	/System/Library/Frameworks/OpenGL.framework/Versions/A/Libraries/libGL.dylib
0x00007fff39b1d000 	/System/Library/Frameworks/OpenGL.framework/Versions/A/Libraries/libGLImage.dylib
0x00007fff39afb000 	/System/Library/Frameworks/OpenGL.framework/Versions/A/Libraries/libCVMSPluginSupport.dylib
0x00007fff39b04000 	/System/Library/Frameworks/OpenGL.framework/Versions/A/Libraries/libCoreVMClient.dylib
0x00007fff6825f000 	/usr/lib/libncurses.5.4.dylib
0x00007fff2de70000 	/System/Library/Frameworks/ApplicationServices.framework/Versions/A/Frameworks/ATS.framework/Versions/A/ATS
0x00007fff2e03d000 	/System/Library/Frameworks/ApplicationServices.framework/Versions/A/Frameworks/ColorSyncLegacy.framework/Versions/A/ColorSyncLegacy
0x00007fff2e0db000 	/System/Library/Frameworks/ApplicationServices.framework/Versions/A/Frameworks/HIServices.framework/Versions/A/HIServices
0x00007fff2e133000 	/System/Library/Frameworks/ApplicationServices.framework/Versions/A/Frameworks/LangAnalysis.framework/Versions/A/LangAnalysis
0x00007fff2e142000 	/System/Library/Frameworks/ApplicationServices.framework/Versions/A/Frameworks/PrintCore.framework/Versions/A/PrintCore
0x00007fff2e188000 	/System/Library/Frameworks/ApplicationServices.framework/Versions/A/Frameworks/QD.framework/Versions/A/QD
0x00007fff2e193000 	/System/Library/Frameworks/ApplicationServices.framework/Versions/A/Frameworks/SpeechSynthesis.framework/Versions/A/SpeechSynthesis
0x00007fff2e00d000 	/System/Library/Frameworks/ApplicationServices.framework/Versions/A/Frameworks/ATSUI.framework/Versions/A/ATSUI
0x00007fff676a1000 	/usr/lib/libcups.2.dylib
0x00007fff3475d000 	/System/Library/Frameworks/Kerberos.framework/Versions/A/Kerberos
0x00007fff3289e000 	/System/Library/Frameworks/GSS.framework/Versions/A/GSS
0x00007fff689e2000 	/usr/lib/libresolv.9.dylib
0x00007fff526f5000 	/System/Library/PrivateFrameworks/Heimdal.framework/Versions/A/Heimdal
0x00007fff34770000 	/System/Library/Frameworks/Kerberos.framework/Versions/A/Libraries/libHeimdalProxy.dylib
0x00007fff6784a000 	/usr/lib/libheimdal-asn1.dylib
0x00007fff469e7000 	/System/Library/PrivateFrameworks/CommonAuth.framework/Versions/A/CommonAuth
0x00007fff43c34000 	/System/Library/PrivateFrameworks/AssertionServices.framework/Versions/A/AssertionServices
0x00007fff447d7000 	/System/Library/PrivateFrameworks/AudioToolboxCore.framework/Versions/A/AudioToolboxCore
0x00007fff63666000 	/System/Library/PrivateFrameworks/caulk.framework/Versions/A/caulk
0x00007fff44da1000 	/System/Library/PrivateFrameworks/BaseBoard.framework/Versions/A/BaseBoard
0x00007fff5bef8000 	/System/Library/PrivateFrameworks/RunningBoardServices.framework/Versions/A/RunningBoardServices
0x00007fff58f09000 	/System/Library/PrivateFrameworks/PersistentConnection.framework/Versions/A/PersistentConnection
0x00007fff5b8f1000 	/System/Library/PrivateFrameworks/ProtocolBuffer.framework/Versions/A/ProtocolBuffer
0x00007fff46a0b000 	/System/Library/PrivateFrameworks/CommonUtilities.framework/Versions/A/CommonUtilities
0x00007fff44f2f000 	/System/Library/PrivateFrameworks/Bom.framework/Versions/A/Bom
0x00007fff6649c000 	/usr/lib/libAudioToolboxUtility.dylib
0x00007fff44cff000 	/System/Library/PrivateFrameworks/Backup.framework/Versions/A/Backup
0x00007fff49ade000 	/System/Library/PrivateFrameworks/CrashReporterSupport.framework/Versions/A/CrashReporterSupport
0x00007fff5d98a000 	/System/Library/PrivateFrameworks/Sharing.framework/Versions/A/Sharing
0x00007fff43241000 	/System/Library/PrivateFrameworks/Apple80211.framework/Versions/A/Apple80211
0x00007fff44a1c000 	/System/Library/PrivateFrameworks/AuthKit.framework/Versions/A/AuthKit
0x00007fff497eb000 	/System/Library/PrivateFrameworks/CoreUtils.framework/Versions/A/CoreUtils
0x00007fff31e06000 	/System/Library/Frameworks/CoreWLAN.framework/Versions/A/CoreWLAN
0x00007fff32a2b000 	/System/Library/Frameworks/IOBluetooth.framework/Versions/A/IOBluetooth
0x00007fff56ac2000 	/System/Library/PrivateFrameworks/MobileKeyBag.framework/Versions/A/MobileKeyBag
0x00007fff485f0000 	/System/Library/PrivateFrameworks/CorePhoneNumbers.framework/Versions/A/CorePhoneNumbers
0x00007fff43631000 	/System/Library/PrivateFrameworks/AppleIDAuthSupport.framework/Versions/A/AppleIDAuthSupport
0x00007fff3658b000 	/System/Library/Frameworks/Network.framework/Versions/A/Network
0x00007fff55190000 	/System/Library/PrivateFrameworks/KeychainCircle.framework/Versions/A/KeychainCircle
0x00007fff2f854000 	/System/Library/Frameworks/CoreBluetooth.framework/Versions/A/CoreBluetooth
0x00007fff5fa09000 	/System/Library/PrivateFrameworks/SpeechRecognitionCore.framework/Versions/A/SpeechRecognitionCore
0x0000000108a00000 	/Library/Java/JavaVirtualMachines/jdk-16.0.1.jdk/Contents/Home/lib/server/libjvm.dylib
0x0000000107996000 	/Library/Java/JavaVirtualMachines/jdk-16.0.1.jdk/Contents/Home/lib/libjimage.dylib
0x00000001079a4000 	/Library/Java/JavaVirtualMachines/jdk-16.0.1.jdk/Contents/Home/lib/libinstrument.dylib
0x00000001079b4000 	/Library/Java/JavaVirtualMachines/jdk-16.0.1.jdk/Contents/Home/lib/libjava.dylib
0x0000000112b4a000 	/Library/Java/JavaVirtualMachines/jdk-16.0.1.jdk/Contents/Home/lib/libzip.dylib
0x0000000112b58000 	/Library/Java/JavaVirtualMachines/jdk-16.0.1.jdk/Contents/Home/lib/libnio.dylib
0x0000000112b6c000 	/Library/Java/JavaVirtualMachines/jdk-16.0.1.jdk/Contents/Home/lib/libnet.dylib
0x0000000112b86000 	/Library/Java/JavaVirtualMachines/jdk-16.0.1.jdk/Contents/Home/lib/libextnet.dylib
0x0000000112b8d000 	/Library/Java/JavaVirtualMachines/jdk-16.0.1.jdk/Contents/Home/lib/libmanagement.dylib
0x0000000112b97000 	/Library/Java/JavaVirtualMachines/jdk-16.0.1.jdk/Contents/Home/lib/libmanagement_ext.dylib
0x0000000112ba2000 	/Library/Java/JavaVirtualMachines/jdk-16.0.1.jdk/Contents/Home/lib/libverify.dylib
0x0000000113c00000 	/Library/Java/JavaVirtualMachines/jdk-16.0.1.jdk/Contents/Home/lib/libawt.dylib
0x0000000113cb6000 	/Library/Java/JavaVirtualMachines/jdk-16.0.1.jdk/Contents/Home/lib/libmlib_image.dylib
0x00007fff34747000 	/System/Library/Frameworks/JavaVM.framework/Versions/A/Frameworks/JavaNativeFoundation.framework/Versions/A/JavaNativeFoundation
0x00007fff34750000 	/System/Library/Frameworks/JavaVM.framework/Versions/A/Frameworks/JavaRuntimeSupport.framework/Versions/A/JavaRuntimeSupport
0x00007fff34758000 	/System/Library/Frameworks/JavaVM.framework/Versions/A/JavaVM
0x00007fff54fa7000 	/System/Library/PrivateFrameworks/JavaLaunching.framework/Versions/A/JavaLaunching
0x00007fff2ea25000 	/System/Library/Frameworks/Carbon.framework/Versions/A/Carbon
0x00007fff49590000 	/System/Library/PrivateFrameworks/CoreSymbolication.framework/Versions/A/CoreSymbolication
0x00007fff2ea26000 	/System/Library/Frameworks/Carbon.framework/Versions/A/Frameworks/CommonPanels.framework/Versions/A/CommonPanels
0x00007fff2ed1f000 	/System/Library/Frameworks/Carbon.framework/Versions/A/Frameworks/Help.framework/Versions/A/Help
0x00007fff2ed23000 	/System/Library/Frameworks/Carbon.framework/Versions/A/Frameworks/ImageCapture.framework/Versions/A/ImageCapture
0x00007fff2ed2a000 	/System/Library/Frameworks/Carbon.framework/Versions/A/Frameworks/OpenScripting.framework/Versions/A/OpenScripting
0x00007fff2ed29000 	/System/Library/Frameworks/Carbon.framework/Versions/A/Frameworks/Ink.framework/Versions/A/Ink
0x00007fff2ed65000 	/System/Library/Frameworks/Carbon.framework/Versions/A/Frameworks/Print.framework/Versions/A/Print
0x00007fff2ed66000 	/System/Library/Frameworks/Carbon.framework/Versions/A/Frameworks/SecurityHI.framework/Versions/A/SecurityHI
0x00007fff49d12000 	/System/Library/PrivateFrameworks/DebugSymbols.framework/Versions/A/DebugSymbols
0x0000000113d50000 	/Library/Java/JavaVirtualMachines/jdk-16.0.1.jdk/Contents/Home/lib/libawt_lwawt.dylib
0x0000000112bb4000 	/Library/Java/JavaVirtualMachines/jdk-16.0.1.jdk/Contents/Home/lib/libosxapp.dylib
0x00007fff32306000 	/System/Library/Frameworks/ExceptionHandling.framework/Versions/A/ExceptionHandling
0x0000000112bd3000 	/Library/Java/JavaVirtualMachines/jdk-16.0.1.jdk/Contents/Home/lib/libfontmanager.dylib
0x0000000113e00000 	/Library/Java/JavaVirtualMachines/jdk-16.0.1.jdk/Contents/Home/lib/libharfbuzz.dylib
0x0000000113f88000 	/Library/Java/JavaVirtualMachines/jdk-16.0.1.jdk/Contents/Home/lib/libfreetype.dylib
0x00007fff49009000 	/System/Library/PrivateFrameworks/CoreServicesInternal.framework/Versions/A/CoreServicesInternal
0x00007fff32325000 	/System/Library/Frameworks/FileProvider.framework/Versions/A/FileProvider
0x00007fff2ceb8000 	/System/Library/Frameworks/Accounts.framework/Versions/A/Accounts
0x00007fff513f4000 	/System/Library/PrivateFrameworks/GenerationalStorage.framework/Versions/A/GenerationalStorage
0x00007fff6024b000 	/System/Library/PrivateFrameworks/SymptomDiagnosticReporter.framework/Versions/A/SymptomDiagnosticReporter
0x00007fff42d45000 	/System/Library/PrivateFrameworks/AppContainer.framework/Versions/A/AppContainer
0x00007fff689fc000 	/usr/lib/libsandbox.1.dylib
0x00007fff6195b000 	/System/Library/PrivateFrameworks/UserManagement.framework/Versions/A/UserManagement
0x00007fff45aeb000 	/System/Library/PrivateFrameworks/ChunkingLibrary.framework/Versions/A/ChunkingLibrary
0x00007fff42db7000 	/System/Library/PrivateFrameworks/AppSandbox.framework/Versions/A/AppSandbox
0x00007fff5d814000 	/System/Library/PrivateFrameworks/SecCodeWrapper.framework/Versions/A/SecCodeWrapper
0x00007fff668b1000 	/usr/lib/libMatch.1.dylib
0x00007fff22ea0000 	/System/Library/CoreServices/RawCamera.bundle/Contents/MacOS/RawCamera
0x00007fff568ec000 	/System/Library/PrivateFrameworks/MobileAsset.framework/Versions/A/MobileAsset
0x00007fff600f3000 	/System/Library/PrivateFrameworks/StreamingZip.framework/Versions/A/StreamingZip
0x00007fff34bd8000 	/System/Library/Frameworks/MediaToolbox.framework/Versions/A/MediaToolbox
0x00007fff474ff000 	/System/Library/PrivateFrameworks/CoreAVCHD.framework/Versions/A/CoreAVCHD
0x00007fff34b02000 	/System/Library/Frameworks/MediaAccessibility.framework/Versions/A/MediaAccessibility
0x00007fff55ca0000 	/System/Library/PrivateFrameworks/Mangrove.framework/Versions/A/Mangrove
0x00007fff30fcd000 	/System/Library/Frameworks/CoreMedia.framework/Versions/A/CoreMedia
0x00007fff55f0c000 	/System/Library/PrivateFrameworks/MediaExperience.framework/Versions/A/MediaExperience
0x00007fff3d8e0000 	/System/Library/Frameworks/VideoToolbox.framework/Versions/A/VideoToolbox
0x00007fff47129000 	/System/Library/PrivateFrameworks/CoreAUC.framework/Versions/A/CoreAUC
0x00007fff68a54000 	/usr/lib/libspindump.dylib
0x00007fff44186000 	/System/Library/PrivateFrameworks/AudioResourceArbitration.framework/Versions/A/AudioResourceArbitration
0x00007fff43b9b000 	/System/Library/PrivateFrameworks/AppleVA.framework/Versions/A/AppleVA
0x00007fff2ba36000 	/System/Library/Frameworks/Accelerate.framework/Versions/A/Frameworks/vImage.framework/Versions/A/Libraries/libCGInterfaces.dylib
0x000000011464e000 	/usr/lib/libobjc-trampolines.dylib
0x00007fff4c48b000 	/System/Library/PrivateFrameworks/FontServices.framework/libTrueTypeScaler.dylib
0x00007fff287ae000 	/System/Library/Extensions/AppleIntelKBLGraphicsMTLDriver.bundle/Contents/MacOS/AppleIntelKBLGraphicsMTLDriver
0x00007fff4fa14000 	/System/Library/PrivateFrameworks/GPUCompiler.framework/Versions/3902/Libraries/libmetal_timestamp.dylib
0x00007fff62727000 	/System/Library/PrivateFrameworks/ViewBridge.framework/Versions/A/ViewBridge
0x00007fff639b9000 	/System/Library/PrivateFrameworks/login.framework/Versions/A/login
0x000000013155c000 	/Users/dreamtowards/Projects/Outskirts/libraries/platform/mac/liblwjgl.dylib
0x0000000114728000 	/Library/Java/JavaVirtualMachines/jdk-16.0.1.jdk/Contents/Home/lib/libjawt.dylib
0x00007fff3a76f000 	/System/Library/Frameworks/OpenGL.framework/Versions/A/Resources/GLEngine.bundle/GLEngine
0x00007fff39b52000 	/System/Library/Frameworks/OpenGL.framework/Versions/A/Libraries/libGLProgrammability.dylib
0x00007fff277a6000 	/System/Library/Extensions/AppleIntelKBLGraphicsGLDriver.bundle/Contents/MacOS/AppleIntelKBLGraphicsGLDriver
0x00007fff510c3000 	/System/Library/PrivateFrameworks/GPUSupport.framework/Versions/A/Libraries/libGPUSupportMercury.dylib
0x00007fff3a8e9000 	/System/Library/Frameworks/OpenGL.framework/Versions/A/Resources/GLRendererFloat.bundle/GLRendererFloat
0x00007fff3910b000 	/System/Library/Frameworks/OpenCL.framework/Versions/A/Libraries/libcldcpuengine.dylib


VM Arguments:
jvm_args: -ea -javaagent:/Applications/IntelliJ IDEA 4.app/Contents/lib/idea_rt.jar=62805:/Applications/IntelliJ IDEA 4.app/Contents/bin -Dfile.encoding=UTF-8 
java_command: Start
java_class_path (initial): /Users/dreamtowards/Projects/Outskirts/.idea/out/production/Outskirts:/Users/dreamtowards/Projects/Outskirts/libraries/json-20171018.jar:/Users/dreamtowards/Projects/Outskirts/libraries/jsr305-3.0.1.jar:/Users/dreamtowards/Projects/Outskirts/libraries/netty-all-4.0.23.Final.jar:/Users/dreamtowards/Projects/Outskirts/libraries/jogg-0.0.7.jar:/Users/dreamtowards/Projects/Outskirts/libraries/jorbis-0.0.15.jar:/Users/dreamtowards/Projects/Outskirts/libraries/typetools-0.4.4.jar:/Users/dreamtowards/Projects/Outskirts/libraries/lwjgl.jar:/Users/dreamtowards/Projects/Outskirts/libraries/log4j-api-2.13.1.jar:/Users/dreamtowards/Projects/Outskirts/libraries/log4j-core-2.13.1.jar:/Users/dreamtowards/Projects/Outskirts/libraries/junit-4.10.jar:/Users/dreamtowards/Projects/Outskirts/libraries/asm-all-5.1.jar
Launcher Type: SUN_STANDARD

[Global flags]
     intx CICompilerCount                          = 4                                         {product} {ergonomic}
     uint ConcGCThreads                            = 2                                         {product} {ergonomic}
     uint G1ConcRefinementThreads                  = 8                                         {product} {ergonomic}
   size_t G1HeapRegionSize                         = 2097152                                   {product} {ergonomic}
    uintx GCDrainStackTargetSize                   = 64                                        {product} {ergonomic}
   size_t InitialHeapSize                          = 268435456                                 {product} {ergonomic}
   size_t MarkStackSize                            = 4194304                                   {product} {ergonomic}
   size_t MaxHeapSize                              = 4294967296                                {product} {ergonomic}
   size_t MaxNewSize                               = 2575302656                                {product} {ergonomic}
   size_t MinHeapDeltaBytes                        = 2097152                                   {product} {ergonomic}
   size_t MinHeapSize                              = 8388608                                   {product} {ergonomic}
    uintx NonNMethodCodeHeapSize                   = 5839372                                {pd product} {ergonomic}
    uintx NonProfiledCodeHeapSize                  = 122909434                              {pd product} {ergonomic}
    uintx ProfiledCodeHeapSize                     = 122909434                              {pd product} {ergonomic}
    uintx ReservedCodeCacheSize                    = 251658240                              {pd product} {ergonomic}
     bool SegmentedCodeCache                       = true                                      {product} {ergonomic}
   size_t SoftMaxHeapSize                          = 4294967296                             {manageable} {ergonomic}
     bool UseCompressedClassPointers               = true                           {product lp64_product} {ergonomic}
     bool UseCompressedOops                        = true                           {product lp64_product} {ergonomic}
     bool UseG1GC                                  = true                                      {product} {ergonomic}
     bool UseNUMA                                  = false                                     {product} {ergonomic}
     bool UseNUMAInterleaving                      = false                                     {product} {ergonomic}

Logging:
Log output configuration:
 #0: stdout all=warning uptime,level,tags
 #1: stderr all=off uptime,level,tags

Environment Variables:
JAVA_HOME=/Library/Java/JavaVirtualMachines/jdk1.8.0_231.jdk/Contents/Home
PATH=/Library/Java/JavaVirtualMachines/jdk1.8.0_151.jdk/Contents/Home:/usr/local/bin:/usr/bin:/bin:/usr/sbin:/sbin:/usr/local/aria2/bin:/Users/dreamtowards/Projects/_RT/flutter/bin:/Library/Frameworks/Mono.framework/Versions/Current/Commands:/Users/dreamtowards/.cargo/bin
SHELL=/bin/zsh
LANG=en_US.UTF-8

Signal Handlers:
SIGSEGV: [libjvm.dylib+0xa7bdc0], sa_mask[0]=11100110000111110111111111111111, sa_flags=SA_ONSTACK|SA_RESTART|SA_SIGINFO
SIGBUS: [libjvm.dylib+0xa7bdc0], sa_mask[0]=11100110000111110111111111111111, sa_flags=SA_RESTART|SA_SIGINFO
SIGFPE: [libjvm.dylib+0xa7bdc0], sa_mask[0]=11100110000111110111111111111111, sa_flags=SA_RESTART|SA_SIGINFO
SIGPIPE: [libjvm.dylib+0x945ca0], sa_mask[0]=11100110000111110111111111111111, sa_flags=SA_RESTART|SA_SIGINFO
SIGXFSZ: [libjvm.dylib+0x945ca0], sa_mask[0]=11100110000111110111111111111111, sa_flags=SA_RESTART|SA_SIGINFO
SIGILL: [libjvm.dylib+0xa7bdc0], sa_mask[0]=11100110000111110111111111111111, sa_flags=SA_RESTART|SA_SIGINFO
SIGUSR2: [libjvm.dylib+0x946750], sa_mask[0]=00100000000000000000000000000000, sa_flags=SA_RESTART|SA_SIGINFO
SIGHUP: [libjvm.dylib+0x944d10], sa_mask[0]=11100110000111110111111111111111, sa_flags=SA_RESTART|SA_SIGINFO
SIGINT: [libjvm.dylib+0x944d10], sa_mask[0]=11100110000111110111111111111111, sa_flags=SA_RESTART|SA_SIGINFO
SIGTERM: [libjvm.dylib+0x944d10], sa_mask[0]=11100110000111110111111111111111, sa_flags=SA_RESTART|SA_SIGINFO
SIGQUIT: [libjvm.dylib+0x944d10], sa_mask[0]=11100110000111110111111111111111, sa_flags=SA_RESTART|SA_SIGINFO
SIGTRAP: [libjvm.dylib+0xa7bdc0], sa_mask[0]=11100110000111110111111111111111, sa_flags=SA_RESTART|SA_SIGINFO


---------------  S Y S T E M  ---------------

OS:uname: Darwin 19.6.0 Darwin Kernel Version 19.6.0: Thu Jan 13 01:26:33 PST 2022; root:xnu-6153.141.51~3/RELEASE_X86_64 x86_64
OS uptime: 17 days 18:20 hours
rlimit (soft/hard): STACK 8192k/65532k , CORE 0k/infinity , NPROC 2784/4176 , NOFILE 10240/infinity , AS infinity/infinity , CPU infinity/infinity , DATA infinity/infinity , FSIZE infinity/infinity , MEMLOCK infinity/infinity , RSS infinity/infinity
load average: 2.18 1.72 1.70

CPU: total 8 (initial active 8) (4 cores per cpu, 2 threads per core) family 6 model 142 stepping 10 microcode 0xec, cx8, cmov, fxsr, ht, mmx, 3dnowpref, sse, sse2, sse3, ssse3, sse4.1, sse4.2, popcnt, lzcnt, tsc, tscinvbit, avx, avx2, aes, erms, clmul, bmi1, bmi2, adx, fma, vzeroupper, clflush, clflushopt

Memory: 4k page, physical 16777216k(1045192k free), swap 7340032k(1201664k free)

vm_info: Java HotSpot(TM) 64-Bit Server VM (16.0.1+9-24) for bsd-amd64 JRE (16.0.1+9-24), built on Mar 26 2021 18:20:04 by "mach5one" with clang 4.2.1 Compatible Apple LLVM 11.0.0 (clang-1100.0.33.17)

END.
