[21:40:45][][main/INFO]: Loaded GameSettings options. (options.dat)
[21:40:46][][main/INFO]: OperationSystem Mac OS X 10.15.4, rt 1.8.0_231 x86_64, VM Java HotSpot(TM) 64-Bit Server VM v25.231-b11
[21:40:49][][main/INFO]: RenderEngine initialized. GL_I: Intel Inc. - Intel(R) Iris(TM) Plus Graphics 645 | 4.1 INTEL-14.5.22
[21:40:49][][main/INFO]: LWJGL 3.2.3 build 13, GLFWL 3.4.0 Cocoa NSGL EGL OSMesa dynamic
[21:40:49][][main/INFO]: AudioEngine initialized. AL_I: OpenAL Community / 1.1 ALSOFT 1.19.1, devispec OpenAL Soft
[21:40:54][][main/INFO]: barErr. denome==0
[21:41:06][][main/INFO]: barErr. denome==0
[21:41:23][][main/WARN]: Out of iter 30
[21:41:28][][main/WARN]: Out of iter 30
[21:41:28][][main/WARN]: Out of iter 30
[21:41:31][][main/WARN]: Out of iter 30
[21:41:33][][main/WARN]: Out of iter 30
[21:41:44][][main/WARN]: Out of iter 30
[21:41:48][][main/INFO]: triangle zero len Norm
[21:41:48][][main/INFO]: triangle zero len Norm
[21:41:51][][main/WARN]: Out of iter 30
[21:41:54][][main/WARN]: Out of iter 30
[21:41:54][][main/WARN]: illegal ContactPoint-OnB. not in both AABB of bodyA and bodyB.
[21:41:54][][main/WARN]: big penetration: 44.23492
[21:41:56][][main/WARN]: Out of iter 30
[21:42:02][][main/WARN]: illegal ContactPoint-OnB. not in both AABB of bodyA and bodyB.
[21:42:02][][main/WARN]: big penetration: 49.92274
[21:42:03][][main/WARN]: Out of iter 30
[21:42:10][][main/WARN]: Out of iter 30
[21:42:10][][main/WARN]: Out of iter 30
[21:42:13][][main/WARN]: illegal ContactPoint-OnB. not in both AABB of bodyA and bodyB.
[21:42:13][][main/WARN]: big penetration: 50.337696
[21:42:13][][main/WARN]: Out of iter 30
[21:42:22][][main/WARN]: big penetration: 10.11499
[21:42:22][][main/WARN]: big penetration: 10.313477
[21:42:22][][main/WARN]: big penetration: 10.502686
[21:42:22][][main/WARN]: big penetration: 10.683594
[21:42:22][][main/WARN]: big penetration: 10.856201
[21:42:22][][main/WARN]: big penetration: 11.020508
[21:42:22][][main/WARN]: big penetration: 11.177734
[21:42:22][][main/WARN]: big penetration: 11.328125
[21:42:22][][main/WARN]: big penetration: 11.471924
[21:42:22][][main/WARN]: big penetration: 11.609375
[21:42:22][][main/WARN]: big penetration: 11.740723
[21:42:22][][main/WARN]: big penetration: 11.866699
[21:42:22][][main/WARN]: big penetration: 11.986328
[21:42:22][][main/WARN]: big penetration: 12.099365
[21:42:22][][main/WARN]: big penetration: 12.207275
[21:42:22][][main/WARN]: big penetration: 12.310791
[21:42:22][][main/WARN]: big penetration: 12.409424
[21:42:22][][main/WARN]: big penetration: 12.503906
[21:42:22][][main/WARN]: big penetration: 12.593262
[21:42:22][][main/WARN]: big penetration: 12.678467
[21:42:22][][main/WARN]: big penetration: 12.760254
[21:42:22][][main/WARN]: big penetration: 12.838867
[21:42:22][][main/WARN]: big penetration: 12.914551
[21:42:22][][main/WARN]: big penetration: 12.987549
[21:42:22][][main/WARN]: big penetration: 13.053955
[21:42:22][][main/WARN]: big penetration: 13.11792
[21:42:22][][main/WARN]: big penetration: 13.179932
[21:42:22][][main/WARN]: big penetration: 13.23999
[21:42:22][][main/WARN]: big penetration: 13.297852
[21:42:23][][main/WARN]: big penetration: 13.352539
[21:42:23][][main/WARN]: big penetration: 13.405518
[21:42:23][][main/WARN]: big penetration: 13.456787
[21:42:23][][main/WARN]: big penetration: 13.506592
[21:42:23][][main/WARN]: big penetration: 13.5546875
[21:42:23][][main/WARN]: big penetration: 13.600586
[21:42:23][][main/WARN]: big penetration: 13.64502
[21:42:23][][main/WARN]: big penetration: 13.688232
[21:42:23][][main/WARN]: big penetration: 13.730225
[21:42:23][][main/WARN]: big penetration: 13.770752
[21:42:23][][main/WARN]: big penetration: 13.810059
[21:42:23][][main/WARN]: big penetration: 13.848389
[21:42:23][][main/WARN]: big penetration: 13.885742
[21:42:23][][main/WARN]: big penetration: 13.921875
[21:42:23][][main/WARN]: big penetration: 13.957275
[21:42:23][][main/WARN]: big penetration: 13.991455
[21:42:23][][main/WARN]: big penetration: 14.024658
[21:42:23][][main/WARN]: big penetration: 14.057129
[21:42:23][][main/WARN]: big penetration: 14.088623
[21:42:23][][main/WARN]: big penetration: 14.119385
[21:42:23][][main/WARN]: big penetration: 14.149658
[21:42:23][][main/WARN]: big penetration: 14.179199
[21:42:23][][main/WARN]: big penetration: 14.208008
[21:42:23][][main/WARN]: big penetration: 14.236328
[21:42:23][][main/WARN]: big penetration: 14.26416
[21:42:23][][main/WARN]: big penetration: 14.291504
[21:42:23][][main/WARN]: big penetration: 14.318115
[21:42:23][][main/WARN]: big penetration: 14.344238
[21:42:23][][main/WARN]: big penetration: 14.369873
[21:42:23][][main/WARN]: big penetration: 14.395264
[21:42:23][][main/WARN]: big penetration: 14.419922
[21:42:23][][main/WARN]: big penetration: 14.443848
[21:42:23][][main/WARN]: big penetration: 14.467529
[21:42:23][][main/WARN]: big penetration: 14.490967
[21:42:23][][main/WARN]: big penetration: 14.513184
[21:42:23][][main/WARN]: big penetration: 14.535156
[21:42:23][][main/WARN]: big penetration: 14.556885
[21:42:23][][main/WARN]: big penetration: 14.578369
[21:42:23][][main/WARN]: big penetration: 14.599609
[21:42:23][][main/WARN]: big penetration: 14.620605
[21:42:23][][main/WARN]: big penetration: 14.641113
[21:42:23][][main/WARN]: big penetration: 14.661621
[21:42:23][][main/WARN]: big penetration: 14.681885
[21:42:23][][main/WARN]: big penetration: 14.701904
[21:42:23][][main/WARN]: big penetration: 14.72168
[21:42:23][][main/WARN]: big penetration: 14.741211
[21:42:23][][main/WARN]: big penetration: 14.760742
[21:42:23][][main/WARN]: big penetration: 14.780029
[21:42:23][][main/WARN]: big penetration: 14.799316
[21:42:23][][main/WARN]: big penetration: 14.8186035
[21:42:23][][main/WARN]: big penetration: 14.834717
[21:42:23][][main/WARN]: big penetration: 14.850586
[21:42:23][][main/WARN]: big penetration: 14.866211
[21:42:23][][main/WARN]: big penetration: 14.881348
[21:42:23][][main/WARN]: big penetration: 14.896484
[21:42:23][][main/WARN]: big penetration: 14.912109
[21:42:23][][main/WARN]: big penetration: 14.927734
[21:42:23][][main/WARN]: big penetration: 14.93457
[21:42:23][][main/WARN]: big penetration: 14.941895
[21:42:23][][main/WARN]: big penetration: 14.949951
[21:42:23][][main/WARN]: big penetration: 14.95874
[21:42:23][][main/WARN]: big penetration: 14.968262
[21:42:23][][main/WARN]: big penetration: 14.9782715
[21:42:24][][main/WARN]: big penetration: 14.989014
[21:42:24][][main/WARN]: big penetration: 15.000244
[21:42:24][][main/WARN]: big penetration: 15.011963
[21:42:24][][main/WARN]: big penetration: 15.023926
[21:42:24][][main/WARN]: big penetration: 15.036377
[21:42:24][][main/WARN]: big penetration: 15.049316
[21:42:24][][main/WARN]: big penetration: 15.0625
[21:42:24][][main/WARN]: big penetration: 15.075928
[21:42:24][][main/WARN]: big penetration: 15.0896
[21:42:24][][main/WARN]: big penetration: 15.103516
[21:42:24][][main/WARN]: big penetration: 15.117676
[21:42:24][][main/WARN]: big penetration: 15.131836
[21:42:24][][main/WARN]: big penetration: 15.145264
[21:42:24][][main/WARN]: big penetration: 15.158691
[21:42:24][][main/WARN]: big penetration: 15.171875
[21:42:24][][main/WARN]: big penetration: 15.185059
[21:42:24][][main/WARN]: big penetration: 15.198486
[21:42:24][][main/WARN]: big penetration: 15.211914
[21:42:24][][main/WARN]: big penetration: 15.225342
[21:42:24][][main/WARN]: big penetration: 15.23877
[21:42:24][][main/WARN]: big penetration: 15.252441
[21:42:24][][main/WARN]: big penetration: 15.266113
[21:42:24][][main/WARN]: big penetration: 15.280029
[21:42:24][][main/WARN]: big penetration: 15.293701
[21:42:24][][main/WARN]: big penetration: 15.307617
[21:42:24][][main/WARN]: big penetration: 15.321533
[21:42:24][][main/WARN]: big penetration: 15.335693
[21:42:24][][main/WARN]: big penetration: 15.3498535
[21:42:24][][main/WARN]: big penetration: 15.360107
[21:42:24][][main/WARN]: big penetration: 15.370605
[21:42:24][][main/WARN]: big penetration: 15.381348
[21:42:24][][main/WARN]: big penetration: 15.392334
[21:42:24][][main/WARN]: big penetration: 15.403564
[21:42:24][][main/WARN]: big penetration: 15.414307
[21:42:24][][main/WARN]: big penetration: 15.425537
[21:42:24][][main/WARN]: big penetration: 15.436768
[21:42:24][][main/WARN]: big penetration: 15.448486
[21:42:24][][main/WARN]: big penetration: 15.460449
[21:42:24][][main/WARN]: big penetration: 15.47168
[21:42:24][][main/WARN]: big penetration: 15.483154
[21:42:24][][main/WARN]: big penetration: 15.494873
[21:42:24][][main/WARN]: big penetration: 15.506836
[21:42:24][][main/WARN]: big penetration: 15.519043
[21:42:24][][main/WARN]: big penetration: 15.53125
[21:42:24][][main/WARN]: big penetration: 15.543701
[21:42:24][][main/WARN]: big penetration: 15.5563965
[21:42:24][][main/WARN]: big penetration: 15.5686035
[21:42:24][][main/WARN]: big penetration: 15.580811
[21:42:24][][main/WARN]: big penetration: 15.59375
[21:42:24][][main/WARN]: big penetration: 15.605957
[21:42:24][][main/WARN]: big penetration: 15.618164
[21:42:24][][main/WARN]: big penetration: 15.630859
[21:42:24][][main/WARN]: big penetration: 15.643555
[21:42:24][][main/WARN]: big penetration: 15.656738
[21:42:24][][main/WARN]: big penetration: 15.669434
[21:42:24][][main/WARN]: big penetration: 15.682617
[21:42:24][][main/WARN]: big penetration: 15.695801
[21:42:24][][main/WARN]: big penetration: 40.0
[21:42:24][][main/WARN]: big penetration: 15.708984
[21:42:24][][main/WARN]: big penetration: 15.728516
[21:42:24][][main/WARN]: big penetration: 15.774414
[21:42:24][][main/WARN]: big penetration: 10.352051
[21:42:24][][main/WARN]: big penetration: 15.791504
[21:42:24][][main/WARN]: big penetration: 13.078125
[21:42:24][][main/WARN]: big penetration: 15.818359
[21:42:25][][main/WARN]: big penetration: 16.2583
[21:42:25][][main/WARN]: big penetration: 15.848145
[21:42:25][][main/WARN]: big penetration: 19.86084
[21:42:25][][main/WARN]: big penetration: 15.880859
[21:42:25][][main/WARN]: big penetration: 20.145508
[21:42:25][][main/WARN]: big penetration: 15.915527
[21:42:25][][main/WARN]: big penetration: 15.797852
[21:42:25][][main/WARN]: big penetration: 15.951172
[21:42:25][][main/WARN]: big penetration: 11.124023
[21:42:25][][main/WARN]: big penetration: 15.987793
[21:42:25][][main/WARN]: big penetration: 16.044434
[21:42:25][][main/WARN]: big penetration: 16.100586
[21:42:25][][main/WARN]: big penetration: 16.152832
[21:42:25][][main/WARN]: big penetration: 16.201172
[21:42:25][][main/WARN]: big penetration: 16.245605
[21:42:25][][main/WARN]: big penetration: 16.28711
[21:42:25][][main/WARN]: big penetration: 16.325684
[21:42:25][][main/WARN]: big penetration: 16.361328
[21:42:25][][main/WARN]: big penetration: 16.39502
[21:42:25][][main/WARN]: big penetration: 16.42627
[21:42:25][][main/WARN]: big penetration: 16.456055
[21:42:25][][main/WARN]: big penetration: 16.483887
[21:42:25][][main/WARN]: big penetration: 16.510742
[21:42:25][][main/WARN]: big penetration: 16.536133
[21:42:25][][main/WARN]: big penetration: 16.560059
[21:42:25][][main/WARN]: big penetration: 16.583008
[21:42:25][][main/WARN]: big penetration: 16.605469
[21:42:25][][main/WARN]: big penetration: 16.626953
[21:42:25][][main/WARN]: big penetration: 16.645996
[21:42:25][][main/WARN]: big penetration: 16.66504
[21:42:25][][main/WARN]: big penetration: 16.683594
[21:42:25][][main/WARN]: big penetration: 16.70166
[21:42:25][][main/WARN]: big penetration: 16.717773
[21:42:25][][main/WARN]: big penetration: 16.733887
[21:42:25][][main/WARN]: big penetration: 16.75
[21:42:25][][main/WARN]: big penetration: 16.766113
[21:42:25][][main/WARN]: big penetration: 16.780762
[21:42:25][][main/WARN]: big penetration: 16.79541
[21:42:25][][main/WARN]: big penetration: 16.801758
[21:42:25][][main/WARN]: big penetration: 16.80957
[21:42:25][][main/WARN]: big penetration: 16.817871
[21:42:25][][main/WARN]: big penetration: 16.82666
[21:42:25][][main/WARN]: big penetration: 16.834473
[21:42:25][][main/WARN]: big penetration: 16.843262
[21:42:25][][main/WARN]: big penetration: 16.85254
[21:42:25][][main/WARN]: big penetration: 16.862305
[21:42:25][][main/WARN]: big penetration: 16.871582
[21:42:25][][main/WARN]: big penetration: 16.88086
[21:42:25][][main/WARN]: big penetration: 16.890625
[21:42:25][][main/WARN]: big penetration: 16.900879
[21:42:25][][main/WARN]: big penetration: 16.911133
[21:42:25][][main/WARN]: big penetration: 16.921875
[21:42:25][][main/WARN]: big penetration: 16.933105
[21:42:25][][main/WARN]: big penetration: 16.944336
[21:42:25][][main/WARN]: big penetration: 16.956055
[21:42:25][][main/WARN]: big penetration: 16.967773
[21:42:25][][main/WARN]: big penetration: 16.975586
[21:42:25][][main/WARN]: big penetration: 16.983887
[21:42:25][][main/WARN]: big penetration: 16.993164
[21:42:25][][main/WARN]: big penetration: 17.00293
[21:42:25][][main/WARN]: big penetration: 17.012695
[21:42:25][][main/WARN]: big penetration: 17.02295
[21:42:25][][main/WARN]: big penetration: 17.033691
[21:42:25][][main/WARN]: big penetration: 17.044922
[21:42:25][][main/WARN]: big penetration: 17.056152
[21:42:25][][main/WARN]: big penetration: 17.067383
[21:42:25][][main/WARN]: big penetration: 17.078613
[21:42:25][][main/WARN]: big penetration: 17.090332
[21:42:26][][main/WARN]: big penetration: 17.10205
[21:42:26][][main/WARN]: big penetration: 17.114258
[21:42:26][][main/WARN]: big penetration: 17.126465
[21:42:26][][main/WARN]: big penetration: 17.13916
[21:42:26][][main/WARN]: big penetration: 17.151855
[21:42:26][][main/WARN]: big penetration: 17.16455
[21:42:26][][main/WARN]: big penetration: 17.177246
[21:42:26][][main/WARN]: big penetration: 17.189941
[21:42:26][][main/WARN]: big penetration: 17.202637
[21:42:26][][main/WARN]: big penetration: 17.21582
[21:42:26][][main/WARN]: big penetration: 17.228516
[21:42:26][][main/WARN]: big penetration: 17.24121
[21:42:26][][main/WARN]: big penetration: 17.254395
[21:42:26][][main/WARN]: big penetration: 17.267578
[21:42:26][][main/WARN]: big penetration: 17.280273
[21:42:26][][main/WARN]: big penetration: 17.293457
[21:42:26][][main/WARN]: big penetration: 17.30664
[21:42:26][][main/WARN]: big penetration: 17.319824
[21:42:26][][main/WARN]: big penetration: 17.333008
[21:42:26][][main/WARN]: big penetration: 17.346191
[21:42:26][][main/WARN]: big penetration: 17.358887
[21:42:26][][main/WARN]: big penetration: 17.37207
[21:42:26][][main/WARN]: big penetration: 17.385254
[21:42:26][][main/WARN]: big penetration: 17.398438
[21:42:26][][main/WARN]: big penetration: 17.411133
[21:42:26][][main/WARN]: big penetration: 17.424316
[21:42:26][][main/WARN]: big penetration: 17.4375
[21:42:26][][main/WARN]: big penetration: 17.450195
[21:42:26][][main/WARN]: big penetration: 17.462402
[21:42:26][][main/WARN]: big penetration: 17.47461
[21:42:26][][main/WARN]: big penetration: 17.486816
[21:42:26][][main/WARN]: big penetration: 17.499512
[21:42:26][][main/WARN]: big penetration: 17.512207
[21:42:26][][main/WARN]: big penetration: 17.524902
[21:42:26][][main/WARN]: big penetration: 17.538086
[21:42:26][][main/WARN]: big penetration: 17.55127
[21:42:26][][main/WARN]: big penetration: 17.564453
[21:42:26][][main/WARN]: big penetration: 17.577637
[21:42:26][][main/WARN]: big penetration: 17.590332
[21:42:26][][main/WARN]: big penetration: 17.603516
[21:42:26][][main/WARN]: big penetration: 17.6167
[21:42:26][][main/WARN]: big penetration: 17.629883
[21:42:26][][main/WARN]: big penetration: 17.643066
[21:42:26][][main/WARN]: big penetration: 17.655762
[21:42:26][][main/WARN]: big penetration: 17.668945
[21:42:26][][main/WARN]: big penetration: 17.682129
[21:42:26][][main/WARN]: big penetration: 17.695312
[21:42:26][][main/WARN]: big penetration: 17.708496
[21:42:26][][main/WARN]: big penetration: 17.72168
[21:42:26][][main/WARN]: big penetration: 17.734375
[21:42:26][][main/WARN]: big penetration: 17.747559
[21:42:26][][main/WARN]: big penetration: 17.760742
[21:42:26][][main/WARN]: big penetration: 17.765625
[21:42:26][][main/WARN]: big penetration: 17.770996
[21:42:26][][main/WARN]: big penetration: 17.777344
[21:42:26][][main/WARN]: big penetration: 17.784668
[21:42:26][][main/WARN]: big penetration: 17.791992
[21:42:26][][main/WARN]: big penetration: 17.800293
[21:42:26][][main/WARN]: big penetration: 17.809082
[21:42:26][][main/WARN]: big penetration: 17.81836
[21:42:26][][main/WARN]: big penetration: 17.827637
[21:42:26][][main/WARN]: big penetration: 17.837402
[21:42:27][][main/WARN]: big penetration: 17.847656
[21:42:27][][main/WARN]: big penetration: 17.85791
[21:42:27][][main/WARN]: big penetration: 17.868652
[21:42:27][][main/WARN]: big penetration: 17.879883
[21:42:27][][main/WARN]: big penetration: 17.891113
[21:42:27][][main/WARN]: big penetration: 17.902344
[21:42:27][][main/WARN]: big penetration: 17.913574
[21:42:27][][main/WARN]: big penetration: 17.924805
[21:42:27][][main/WARN]: big penetration: 17.937012
[21:42:27][][main/WARN]: big penetration: 17.948242
[21:42:27][][main/WARN]: big penetration: 17.959473
[21:42:27][][main/WARN]: big penetration: 17.971191
[21:42:27][][main/WARN]: big penetration: 17.983398
[21:42:27][][main/WARN]: big penetration: 17.995605
[21:42:27][][main/WARN]: big penetration: 18.007812
[21:42:27][][main/WARN]: big penetration: 18.02002
[21:42:27][][main/WARN]: big penetration: 18.032227
[21:42:27][][main/WARN]: big penetration: 18.044434
[21:42:27][][main/WARN]: big penetration: 18.05664
[21:42:27][][main/WARN]: big penetration: 18.068848
[21:42:27][][main/WARN]: big penetration: 18.081543
[21:42:27][][main/WARN]: big penetration: 18.094238
[21:42:27][][main/WARN]: big penetration: 18.106934
[21:42:27][][main/WARN]: big penetration: 10.001953
[21:42:27][][main/WARN]: big penetration: 18.119629
[21:42:27][][main/WARN]: big penetration: 10.020508
[21:42:27][][main/WARN]: big penetration: 18.132324
[21:42:27][][main/WARN]: big penetration: 10.037598
[21:42:27][][main/WARN]: big penetration: 18.144043
[21:42:27][][main/WARN]: big penetration: 10.053711
[21:42:27][][main/WARN]: big penetration: 18.154297
[21:42:27][][main/WARN]: big penetration: 10.069336
[21:42:27][][main/WARN]: big penetration: 18.164062
[21:42:27][][main/WARN]: big penetration: 10.085449
[21:42:27][][main/WARN]: big penetration: 18.174316
[21:42:27][][main/WARN]: big penetration: 10.101074
[21:42:27][][main/WARN]: big penetration: 18.184082
[21:42:27][][main/WARN]: big penetration: 10.116699
[21:42:27][][main/WARN]: big penetration: 18.194336
[21:42:27][][main/WARN]: big penetration: 10.132324
[21:42:27][][main/WARN]: big penetration: 18.204102
[21:42:27][][main/WARN]: big penetration: 10.147949
[21:42:27][][main/WARN]: big penetration: 18.213867
[21:42:27][][main/WARN]: big penetration: 10.1640625
[21:42:27][][main/WARN]: big penetration: 18.224121
[21:42:27][][main/WARN]: big penetration: 10.1796875
[21:42:27][][main/WARN]: big penetration: 18.233887
[21:42:27][][main/WARN]: big penetration: 10.1953125
[21:42:27][][main/WARN]: big penetration: 18.24414
[21:42:27][][main/WARN]: big penetration: 10.211426
[21:42:27][][main/WARN]: big penetration: 18.254395
[21:42:27][][main/WARN]: big penetration: 10.227539
[21:42:27][][main/WARN]: big penetration: 18.264648
[21:42:27][][main/WARN]: big penetration: 10.243164
[21:42:27][][main/WARN]: big penetration: 18.274414
[21:42:27][][main/WARN]: big penetration: 10.258789
[21:42:27][][main/WARN]: big penetration: 18.284668
[21:42:27][][main/WARN]: big penetration: 10.272949
[21:42:27][][main/WARN]: big penetration: 18.292969
[21:42:27][][main/WARN]: big penetration: 10.287109
[21:42:27][][main/WARN]: big penetration: 18.301758
[21:42:27][][main/WARN]: big penetration: 10.302246
[21:42:27][][main/WARN]: big penetration: 18.311035
[21:42:27][][main/WARN]: big penetration: 10.317383
[21:42:27][][main/WARN]: big penetration: 18.320312
[21:42:27][][main/WARN]: big penetration: 10.33252
[21:42:27][][main/WARN]: big penetration: 18.330078
[21:42:27][][main/WARN]: big penetration: 10.348145
[21:42:27][][main/WARN]: big penetration: 18.339844
[21:42:27][][main/WARN]: big penetration: 10.36377
[21:42:27][][main/WARN]: big penetration: 18.34961
[21:42:27][][main/WARN]: big penetration: 10.379395
[21:42:27][][main/WARN]: big penetration: 18.359863
[21:42:27][][main/WARN]: big penetration: 10.39502
[21:42:27][][main/WARN]: big penetration: 18.370117
[21:42:27][][main/WARN]: big penetration: 10.411133
[21:42:27][][main/WARN]: big penetration: 18.380371
[21:42:27][][main/WARN]: big penetration: 10.427246
[21:42:27][][main/WARN]: big penetration: 18.390625
[21:42:27][][main/WARN]: big penetration: 10.443359
[21:42:27][][main/WARN]: big penetration: 18.400879
[21:42:27][][main/WARN]: big penetration: 10.003418
[21:42:27][][main/WARN]: big penetration: 10.459473
[21:42:27][][main/WARN]: big penetration: 18.411621
[21:42:27][][main/WARN]: big penetration: 10.020996
[21:42:27][][main/WARN]: big penetration: 10.475586
[21:42:27][][main/WARN]: big penetration: 18.422363
[21:42:27][][main/WARN]: big penetration: 10.038574
[21:42:27][][main/WARN]: big penetration: 10.491699
[21:42:27][][main/WARN]: big penetration: 18.433105
[21:42:27][][main/WARN]: big penetration: 10.056641
[21:42:27][][main/WARN]: big penetration: 10.507324
[21:42:27][][main/WARN]: big penetration: 18.44336
[21:42:27][][main/WARN]: big penetration: 10.009766
[21:42:27][][main/WARN]: big penetration: 10.522949
[21:42:27][][main/WARN]: big penetration: 18.453613
[21:42:27][][main/WARN]: big penetration: 10.5390625
[21:42:27][][main/WARN]: big penetration: 18.463867
[21:42:27][][main/WARN]: big penetration: 10.555664
[21:42:27][][main/WARN]: big penetration: 18.47461
[21:42:27][][main/WARN]: big penetration: 10.572266
[21:42:27][][main/WARN]: big penetration: 18.485352
[21:42:27][][main/WARN]: big penetration: 10.588867
[21:42:27][][main/WARN]: big penetration: 18.496094
[21:42:27][][main/WARN]: big penetration: 10.604492
[21:42:27][][main/WARN]: big penetration: 18.50586
[21:42:27][][main/WARN]: big penetration: 10.00293
[21:42:28][][main/WARN]: big penetration: 10.620117
[21:42:28][][main/WARN]: big penetration: 18.515625
[21:42:28][][main/WARN]: big penetration: 10.02002
[21:42:28][][main/WARN]: big penetration: 10.635742
[21:42:28][][main/WARN]: big penetration: 18.525879
[21:42:28][][main/WARN]: big penetration: 10.037109
[21:42:28][][main/WARN]: big penetration: 10.651855
[21:42:28][][main/WARN]: big penetration: 18.536621
[21:42:28][][main/WARN]: big penetration: 10.055176
[21:42:28][][main/WARN]: big penetration: 10.667969
[21:42:28][][main/WARN]: big penetration: 18.547363
[21:42:28][][main/WARN]: big penetration: 10.073242
[21:42:28][][main/WARN]: big penetration: 10.684082
[21:42:28][][main/WARN]: big penetration: 18.558105
[21:42:28][][main/WARN]: big penetration: 10.091309
[21:42:28][][main/WARN]: big penetration: 10.700195
[21:42:28][][main/WARN]: big penetration: 18.568848
[21:42:28][][main/WARN]: big penetration: 10.109375
[21:42:28][][main/WARN]: big penetration: 10.716797
[21:42:28][][main/WARN]: big penetration: 18.57959
[21:42:28][][main/WARN]: big penetration: 10.127441
[21:42:28][][main/WARN]: big penetration: 10.733398
[21:42:28][][main/WARN]: big penetration: 18.590332
[21:42:28][][main/WARN]: big penetration: 10.145508
[21:42:28][][main/WARN]: big penetration: 10.75
[21:42:28][][main/WARN]: big penetration: 18.601074
[21:42:28][][main/WARN]: big penetration: 10.014648
[21:42:28][][main/WARN]: big penetration: 10.163574
[21:42:28][][main/WARN]: big penetration: 10.766113
[21:42:28][][main/WARN]: big penetration: 18.611816
[21:42:28][][main/WARN]: big penetration: 10.032715
[21:42:28][][main/WARN]: big penetration: 10.181152
[21:42:28][][main/WARN]: big penetration: 10.782715
[21:42:28][][main/WARN]: big penetration: 18.623047
[21:42:28][][main/WARN]: big penetration: 10.05127
[21:42:28][][main/WARN]: big penetration: 10.199219
[21:42:28][][main/WARN]: big penetration: 10.799316
[21:42:28][][main/WARN]: big penetration: 18.634277
[21:42:28][][main/WARN]: big penetration: 10.016602
[21:42:28][][main/WARN]: big penetration: 10.069824
[21:42:28][][main/WARN]: big penetration: 10.217285
[21:42:28][][main/WARN]: big penetration: 10.815918
[21:42:28][][main/WARN]: big penetration: 18.645508
[21:42:28][][main/WARN]: big penetration: 10.034668
[21:42:28][][main/WARN]: big penetration: 10.088379
[21:42:28][][main/WARN]: big penetration: 10.235352
[21:42:28][][main/WARN]: big penetration: 10.83252
[21:42:28][][main/WARN]: big penetration: 18.656738
[21:42:28][][main/WARN]: big penetration: 10.052734
[21:42:28][][main/WARN]: big penetration: 10.106934
[21:42:28][][main/WARN]: big penetration: 10.253418
[21:42:28][][main/WARN]: big penetration: 10.01416
[21:42:28][][main/WARN]: big penetration: 10.849121
[21:42:28][][main/WARN]: big penetration: 18.667969
[21:42:28][][main/WARN]: big penetration: 10.070801
[21:42:28][][main/WARN]: big penetration: 10.125488
[21:42:28][][main/WARN]: big penetration: 10.271484
[21:42:28][][main/WARN]: big penetration: 10.032715
[21:42:28][][main/WARN]: big penetration: 10.866211
[21:42:28][][main/WARN]: big penetration: 18.679688
[21:42:28][][main/WARN]: big penetration: 10.089355
[21:42:28][][main/WARN]: big penetration: 10.144531
[21:42:28][][main/WARN]: big penetration: 10.290039
[21:42:28][][main/WARN]: big penetration: 10.051758
[21:42:28][][main/WARN]: big penetration: 10.883301
[21:42:28][][main/WARN]: big penetration: 18.691406
[21:42:28][][main/WARN]: big penetration: 10.10791
[21:42:28][][main/WARN]: big penetration: 10.163574
[21:42:28][][main/WARN]: big penetration: 10.308594
[21:42:28][][main/WARN]: big penetration: 10.070801
[21:42:28][][main/WARN]: big penetration: 10.900391
[21:42:28][][main/WARN]: big penetration: 18.702637
[21:42:28][][main/WARN]: big penetration: 10.126465
[21:42:28][][main/WARN]: big penetration: 10.182129
[21:42:28][][main/WARN]: big penetration: 10.327148
[21:42:28][][main/WARN]: big penetration: 10.089844
[21:42:28][][main/WARN]: big penetration: 10.91748
[21:42:28][][main/WARN]: big penetration: 18.713867
[21:42:28][][main/WARN]: big penetration: 10.14502
[21:42:28][][main/WARN]: big penetration: 10.200684
[21:42:28][][main/WARN]: big penetration: 10.345703
[21:42:28][][main/WARN]: big penetration: 10.108887
[21:42:28][][main/WARN]: big penetration: 10.93457
[21:42:28][][main/WARN]: big penetration: 18.725098
[21:42:28][][main/WARN]: big penetration: 10.163574
[21:42:28][][main/WARN]: big penetration: 10.219238
[21:42:28][][main/WARN]: big penetration: 10.364258
[21:42:28][][main/WARN]: big penetration: 10.12793
[21:42:28][][main/WARN]: big penetration: 10.01709
[21:42:28][][main/WARN]: big penetration: 10.95166
[21:42:28][][main/WARN]: big penetration: 18.736328
[21:42:28][][main/WARN]: big penetration: 10.182129
[21:42:28][][main/WARN]: big penetration: 10.237793
[21:42:28][][main/WARN]: big penetration: 10.3828125
[21:42:28][][main/WARN]: big penetration: 10.146484
[21:42:28][][main/WARN]: big penetration: 10.036133
[21:42:28][][main/WARN]: big penetration: 10.968262
[21:42:28][][main/WARN]: big penetration: 18.747559
[21:42:28][][main/WARN]: big penetration: 10.200684
[21:42:28][][main/WARN]: big penetration: 10.256348
[21:42:28][][main/WARN]: big penetration: 10.401367
[21:42:28][][main/WARN]: big penetration: 10.165039
[21:42:28][][main/WARN]: big penetration: 10.055176
[21:42:28][][main/WARN]: big penetration: 10.980469
[21:42:28][][main/WARN]: big penetration: 18.754395
[21:42:28][][main/WARN]: big penetration: 10.000977
[21:42:28][][main/WARN]: big penetration: 10.214355
[21:42:28][][main/WARN]: big penetration: 10.270508
[21:42:28][][main/WARN]: big penetration: 10.415527
[21:42:28][][main/WARN]: big penetration: 10.179199
[21:42:28][][main/WARN]: big penetration: 10.069336
[21:42:28][][main/WARN]: big penetration: 10.993164
[21:42:28][][main/WARN]: big penetration: 18.761719
[21:42:28][][main/WARN]: big penetration: 10.015625
[21:42:28][][main/WARN]: big penetration: 10.229004
[21:42:28][][main/WARN]: big penetration: 10.285156
[21:42:28][][main/WARN]: big penetration: 10.430176
[21:42:28][][main/WARN]: big penetration: 10.193848
[21:42:28][][main/WARN]: big penetration: 10.083984
[21:42:28][][main/WARN]: big penetration: 11.006348
[21:42:28][][main/WARN]: big penetration: 18.769531
[21:42:28][][main/WARN]: big penetration: 10.03125
[21:42:28][][main/WARN]: big penetration: 10.244141
[21:42:28][][main/WARN]: big penetration: 10.300293
[21:42:28][][main/WARN]: big penetration: 10.4453125
[21:42:28][][main/WARN]: big penetration: 10.208984
[21:42:28][][main/WARN]: big penetration: 10.099121
[21:42:28][][main/WARN]: big penetration: 11.020508
[21:42:28][][main/WARN]: big penetration: 18.777832
[21:42:28][][main/WARN]: big penetration: 10.047363
[21:42:28][][main/WARN]: big penetration: 10.259766
[21:42:28][][main/WARN]: big penetration: 10.315918
[21:42:28][][main/WARN]: big penetration: 10.4609375
[21:42:28][][main/WARN]: big penetration: 10.224609
[21:42:28][][main/WARN]: big penetration: 10.115234
[21:42:28][][main/WARN]: big penetration: 11.034668
[21:42:28][][main/WARN]: big penetration: 18.786621
[21:42:28][][main/WARN]: big penetration: 10.063477
[21:42:28][][main/WARN]: big penetration: 10.275391
[21:42:28][][main/WARN]: big penetration: 10.331543
[21:42:28][][main/WARN]: big penetration: 10.4765625
[21:42:28][][main/WARN]: big penetration: 10.240723
[21:42:28][][main/WARN]: big penetration: 10.131348
[21:42:28][][main/WARN]: big penetration: 11.049316
[21:42:28][][main/WARN]: big penetration: 18.795898
[21:42:28][][main/WARN]: big penetration: 10.080078
[21:42:28][][main/WARN]: big penetration: 10.291504
[21:42:28][][main/WARN]: big penetration: 10.348145
[21:42:28][][main/WARN]: big penetration: 10.492676
[21:42:28][][main/WARN]: big penetration: 10.257324
[21:42:28][][main/WARN]: big penetration: 10.147949
[21:42:28][][main/WARN]: big penetration: 11.063965
[21:42:28][][main/WARN]: big penetration: 18.805176
[21:42:28][][main/WARN]: big penetration: 10.09668
[21:42:28][][main/WARN]: big penetration: 10.307617
[21:42:28][][main/WARN]: big penetration: 10.364746
[21:42:28][][main/WARN]: big penetration: 10.508789
[21:42:28][][main/WARN]: big penetration: 10.273926
[21:42:28][][main/WARN]: big penetration: 10.164551
[21:42:28][][main/WARN]: big penetration: 11.079102
[21:42:28][][main/WARN]: big penetration: 18.814941
[21:42:28][][main/WARN]: big penetration: 10.11377
[21:42:28][][main/WARN]: big penetration: 10.324219
[21:42:28][][main/WARN]: big penetration: 10.381836
[21:42:28][][main/WARN]: big penetration: 10.525879
[21:42:28][][main/WARN]: big penetration: 10.291016
[21:42:28][][main/WARN]: big penetration: 10.181641
[21:42:28][][main/WARN]: big penetration: 11.092773
[21:42:28][][main/WARN]: big penetration: 18.823242
[21:42:28][][main/WARN]: big penetration: 10.129395
[21:42:28][][main/WARN]: big penetration: 10.339844
[21:42:28][][main/WARN]: big penetration: 10.397461
[21:42:28][][main/WARN]: big penetration: 10.541504
[21:42:28][][main/WARN]: big penetration: 10.306641
[21:42:28][][main/WARN]: big penetration: 10.197266
[21:42:28][][main/WARN]: big penetration: 11.106445
[21:42:28][][main/WARN]: big penetration: 18.831543
[21:42:28][][main/WARN]: big penetration: 10.14502
[21:42:28][][main/WARN]: big penetration: 10.355469
[21:42:28][][main/WARN]: big penetration: 10.413086
[21:42:28][][main/WARN]: big penetration: 10.557129
[21:42:28][][main/WARN]: big penetration: 10.322266
[21:42:28][][main/WARN]: big penetration: 10.212891
[21:42:28][][main/WARN]: big penetration: 11.121094
[21:42:28][][main/WARN]: big penetration: 18.840332
[21:42:28][][main/WARN]: big penetration: 10.161621
[21:42:28][][main/WARN]: big penetration: 10.371582
[21:42:28][][main/WARN]: big penetration: 10.429199
[21:42:28][][main/WARN]: big penetration: 10.573242
[21:42:28][][main/WARN]: big penetration: 10.338379
[21:42:28][][main/WARN]: big penetration: 10.229004
[21:42:28][][main/WARN]: big penetration: 11.13623
[21:42:28][][main/WARN]: big penetration: 18.84961
[21:42:28][][main/WARN]: big penetration: 10.178711
[21:42:28][][main/WARN]: big penetration: 10.388184
[21:42:28][][main/WARN]: big penetration: 10.445801
[21:42:28][][main/WARN]: big penetration: 10.589844
[21:42:28][][main/WARN]: big penetration: 10.35498
[21:42:28][][main/WARN]: big penetration: 10.245605
[21:42:28][][main/WARN]: big penetration: 11.151367
[21:42:28][][main/WARN]: big penetration: 18.859375
[21:42:28][][main/WARN]: big penetration: 10.195801
[21:42:28][][main/WARN]: big penetration: 10.404785
[21:42:28][][main/WARN]: big penetration: 10.462402
[21:42:28][][main/WARN]: big penetration: 10.606445
[21:42:28][][main/WARN]: big penetration: 10.371582
[21:42:28][][main/WARN]: big penetration: 10.262207
[21:42:28][][main/WARN]: big penetration: 11.166504
[21:42:28][][main/WARN]: big penetration: 18.86914
[21:42:28][][main/WARN]: big penetration: 10.212891
[21:42:28][][main/WARN]: big penetration: 10.421387
[21:42:28][][main/WARN]: big penetration: 10.479004
[21:42:28][][main/WARN]: big penetration: 10.623047
[21:42:28][][main/WARN]: big penetration: 10.388184
[21:42:28][][main/WARN]: big penetration: 10.279297
[21:42:28][][main/WARN]: big penetration: 10.015625
[21:42:28][][main/WARN]: big penetration: 11.181641
[21:42:28][][main/WARN]: big penetration: 18.878906
[21:42:28][][main/WARN]: big penetration: 10.22998
[21:42:28][][main/WARN]: big penetration: 10.437988
[21:42:28][][main/WARN]: big penetration: 10.495605
[21:42:28][][main/WARN]: big penetration: 10.639648
[21:42:28][][main/WARN]: big penetration: 10.404785
[21:42:28][][main/WARN]: big penetration: 10.296387
[21:42:28][][main/WARN]: big penetration: 10.033203
[21:42:28][][main/WARN]: big penetration: 11.197266
[21:42:28][][main/WARN]: big penetration: 18.88916
[21:42:28][][main/WARN]: big penetration: 10.247559
[21:42:28][][main/WARN]: big penetration: 10.455078
[21:42:28][][main/WARN]: big penetration: 10.512695
[21:42:28][][main/WARN]: big penetration: 10.656738
[21:42:28][][main/WARN]: big penetration: 10.422363
[21:42:28][][main/WARN]: big penetration: 10.313965
[21:42:28][][main/WARN]: big penetration: 10.050781
[21:42:28][][main/WARN]: big penetration: 11.212891
[21:42:28][][main/WARN]: big penetration: 18.899414
[21:42:28][][main/WARN]: big penetration: 10.265137
[21:42:28][][main/WARN]: big penetration: 10.472168
[21:42:28][][main/WARN]: big penetration: 10.530273
[21:42:28][][main/WARN]: big penetration: 10.673828
[21:42:28][][main/WARN]: big penetration: 10.439941
[21:42:28][][main/WARN]: big penetration: 10.331543
[21:42:28][][main/WARN]: big penetration: 10.02002
[21:42:28][][main/WARN]: big penetration: 10.068359
[21:42:28][][main/WARN]: big penetration: 11.228516
[21:42:28][][main/WARN]: big penetration: 18.909668
[21:42:28][][main/WARN]: big penetration: 10.282715
[21:42:28][][main/WARN]: big penetration: 10.489258
[21:42:28][][main/WARN]: big penetration: 10.547852
[21:42:28][][main/WARN]: big penetration: 10.690918
[21:42:28][][main/WARN]: big penetration: 10.45752
[21:42:28][][main/WARN]: big penetration: 10.349121
[21:42:28][][main/WARN]: big penetration: 10.089844
[21:42:28][][main/WARN]: big penetration: 10.0859375
[21:42:28][][main/WARN]: big penetration: 11.244141
[21:42:28][][main/WARN]: big penetration: 18.919922
[21:42:28][][main/WARN]: big penetration: 10.300293
[21:42:28][][main/WARN]: big penetration: 10.506348
[21:42:28][][main/WARN]: big penetration: 10.56543
[21:42:28][][main/WARN]: big penetration: 10.708008
[21:42:28][][main/WARN]: big penetration: 10.475098
[21:42:28][][main/WARN]: big penetration: 10.366699
[21:42:28][][main/WARN]: big penetration: 10.156738
[21:42:28][][main/WARN]: big penetration: 10.104004
[21:42:28][][main/WARN]: big penetration: 11.259766
[21:42:28][][main/WARN]: big penetration: 18.930176
[21:42:28][][main/WARN]: big penetration: 10.317871
[21:42:28][][main/WARN]: big penetration: 10.5234375
[21:42:28][][main/WARN]: big penetration: 10.583008
[21:42:28][][main/WARN]: big penetration: 10.725098
[21:42:28][][main/WARN]: big penetration: 10.492676
[21:42:28][][main/WARN]: big penetration: 10.384277
[21:42:28][][main/WARN]: big penetration: 10.220703
[21:42:28][][main/WARN]: big penetration: 10.121582
[21:42:28][][main/WARN]: big penetration: 11.275391
[21:42:28][][main/WARN]: big penetration: 18.94043
[21:42:28][][main/WARN]: big penetration: 10.335449
[21:42:28][][main/WARN]: big penetration: 10.540527
[21:42:28][][main/WARN]: big penetration: 10.600586
[21:42:28][][main/WARN]: big penetration: 10.7421875
[21:42:28][][main/WARN]: big penetration: 10.510254
[21:42:28][][main/WARN]: big penetration: 10.401855
[21:42:28][][main/WARN]: big penetration: 10.262695
[21:42:28][][main/WARN]: big penetration: 17.555664
[21:42:28][][main/WARN]: big penetration: 15.472656
[21:42:28][][main/WARN]: big penetration: 13.118164
[21:42:28][][main/WARN]: big penetration: 10.746582
[21:42:39][][main/WARN]: big penetration: 40.0
[21:42:39][][main/WARN]: big penetration: 10.020508
[21:42:39][][main/WARN]: big penetration: 10.096191
[21:42:39][][main/WARN]: big penetration: 11.625488
[21:42:39][][main/WARN]: big penetration: 10.171875
[21:42:39][][main/WARN]: big penetration: 16.069336
[21:42:39][][main/WARN]: big penetration: 10.246582
[21:42:39][][main/WARN]: big penetration: 20.703125
[21:42:39][][main/WARN]: big penetration: 10.318359
[21:42:39][][main/WARN]: big penetration: 18.592285
[21:42:39][][main/WARN]: big penetration: 10.38623
[21:42:39][][main/WARN]: big penetration: 13.899902
[21:42:39][][main/WARN]: big penetration: 10.449707
[21:42:39][][main/WARN]: big penetration: 10.509277
[21:42:39][][main/WARN]: big penetration: 10.544434
[21:42:39][][main/WARN]: big penetration: 10.592773
[21:42:39][][main/WARN]: big penetration: 10.628418
[21:42:39][][main/WARN]: big penetration: 10.663574
[21:42:39][][main/WARN]: big penetration: 10.697754
[21:42:39][][main/WARN]: big penetration: 10.730957
[21:42:47][][main/WARN]: big penetration: 40.0
[21:42:50][][main/WARN]: big penetration: 10.033203
[21:42:50][][main/WARN]: big penetration: 11.214355
[21:42:50][][main/WARN]: big penetration: 12.584961
[21:42:50][][main/WARN]: big penetration: 19.612793
[21:42:50][][main/WARN]: big penetration: 11.299805
[21:42:50][][main/WARN]: big penetration: 10.609863
[21:42:50][][main/WARN]: big penetration: 11.861816
[21:42:50][][main/WARN]: big penetration: 18.316406
[21:42:50][][main/WARN]: big penetration: 10.475586
[21:42:50][][main/WARN]: big penetration: 10.058105
[21:42:50][][main/WARN]: big penetration: 11.200195
[21:42:50][][main/WARN]: big penetration: 17.129395
[21:42:50][][main/WARN]: big penetration: 10.595215
[21:42:50][][main/WARN]: big penetration: 16.04248
[21:42:50][][main/WARN]: big penetration: 10.041992
[21:42:50][][main/WARN]: big penetration: 15.047363
[21:42:50][][main/WARN]: big penetration: 14.136719
[21:42:50][][main/WARN]: big penetration: 13.303223
[21:42:50][][main/WARN]: big penetration: 12.540039
[21:42:50][][main/WARN]: big penetration: 11.842285
[21:42:50][][main/WARN]: big penetration: 11.203613
[21:42:50][][main/WARN]: big penetration: 10.618652
[21:42:50][][main/WARN]: big penetration: 10.083008
[21:42:50][][main/WARN]: big penetration: 40.0
[21:42:52][][main/WARN]: big penetration: 10.012695
[21:42:52][][main/WARN]: big penetration: 10.031738
[21:42:52][][main/WARN]: big penetration: 10.050781
[21:42:52][][main/WARN]: big penetration: 10.068359
[21:42:52][][main/WARN]: big penetration: 10.0859375
[21:42:52][][main/WARN]: big penetration: 10.103516
[21:42:52][][main/WARN]: big penetration: 10.121094
[21:42:52][][main/WARN]: big penetration: 10.138184
[21:42:52][][main/WARN]: big penetration: 10.155273
[21:42:52][][main/WARN]: big penetration: 10.172363
[21:42:52][][main/WARN]: big penetration: 10.180664
[21:42:52][][main/WARN]: big penetration: 10.192871
[21:42:52][][main/WARN]: big penetration: 10.206543
[21:42:52][][main/WARN]: big penetration: 10.222168
[21:42:52][][main/WARN]: big penetration: 10.238281
[21:42:52][][main/WARN]: big penetration: 10.255371
[21:42:52][][main/WARN]: big penetration: 10.272949
[21:42:52][][main/WARN]: big penetration: 10.291016
[21:42:52][][main/WARN]: big penetration: 10.30957
[21:42:52][][main/WARN]: big penetration: 10.327148
[21:42:52][][main/WARN]: big penetration: 10.345215
[21:42:52][][main/WARN]: big penetration: 10.363281
[21:42:52][][main/WARN]: big penetration: 10.381836
[21:42:52][][main/WARN]: big penetration: 10.399902
[21:42:52][][main/WARN]: big penetration: 10.417969
[21:42:52][][main/WARN]: big penetration: 10.436035
[21:42:52][][main/WARN]: big penetration: 10.45459
[21:42:52][][main/WARN]: big penetration: 10.473145
[21:42:52][][main/WARN]: big penetration: 10.491211
[21:42:52][][main/WARN]: big penetration: 10.509277
[21:42:52][][main/WARN]: big penetration: 10.527832
[21:42:52][][main/WARN]: big penetration: 10.546387
[21:42:52][][main/WARN]: big penetration: 10.564941
[21:42:52][][main/WARN]: big penetration: 10.583496
[21:42:52][][main/WARN]: big penetration: 10.602051
[21:42:52][][main/WARN]: big penetration: 10.621094
[21:42:52][][main/WARN]: big penetration: 10.639648
[21:42:52][][main/WARN]: big penetration: 10.658691
[21:42:52][][main/WARN]: big penetration: 10.677734
[21:42:52][][main/WARN]: big penetration: 10.696777
[21:42:52][][main/WARN]: big penetration: 10.71582
[21:42:52][][main/WARN]: big penetration: 10.734375
[21:42:52][][main/WARN]: big penetration: 10.753418
[21:42:53][][main/WARN]: big penetration: 10.771484
[21:42:53][][main/WARN]: big penetration: 10.790039
[21:42:53][][main/WARN]: big penetration: 10.808594
[21:42:53][][main/WARN]: big penetration: 10.827148
[21:42:53][][main/WARN]: big penetration: 10.845703
[21:42:53][][main/WARN]: big penetration: 10.864258
[21:42:53][][main/WARN]: big penetration: 10.8828125
[21:42:53][][main/WARN]: big penetration: 10.901855
[21:42:53][][main/WARN]: big penetration: 10.92041
[21:42:53][][main/WARN]: big penetration: 10.939453
[21:42:53][][main/WARN]: big penetration: 10.958008
[21:42:53][][main/WARN]: big penetration: 10.977051
[21:42:53][][main/WARN]: big penetration: 10.996094
[21:42:53][][main/WARN]: big penetration: 11.015137
[21:42:53][][main/WARN]: big penetration: 11.03418
[21:42:53][][main/WARN]: big penetration: 11.053223
[21:42:53][][main/WARN]: big penetration: 11.072266
[21:42:53][][main/WARN]: big penetration: 11.091309
[21:42:53][][main/WARN]: big penetration: 11.110352
[21:42:53][][main/WARN]: big penetration: 11.129395
[21:42:53][][main/WARN]: big penetration: 11.147949
[21:42:53][][main/WARN]: big penetration: 11.166992
[21:42:53][][main/WARN]: big penetration: 11.185547
[21:42:53][][main/WARN]: big penetration: 11.20459
[21:42:53][][main/WARN]: big penetration: 11.223145
[21:42:53][][main/WARN]: big penetration: 11.2421875
[21:42:53][][main/WARN]: big penetration: 11.26123
[21:42:53][][main/WARN]: big penetration: 11.280273
[21:42:53][][main/WARN]: big penetration: 11.299316
[21:42:53][][main/WARN]: big penetration: 11.318359
[21:42:53][][main/WARN]: big penetration: 11.337402
[21:42:53][][main/WARN]: big penetration: 11.356445
[21:42:53][][main/WARN]: big penetration: 11.375488
[21:42:53][][main/WARN]: big penetration: 11.394043
[21:42:53][][main/WARN]: big penetration: 11.413086
[21:42:53][][main/WARN]: big penetration: 11.431641
[21:42:53][][main/WARN]: big penetration: 11.450684
[21:42:53][][main/WARN]: big penetration: 11.469238
[21:42:53][][main/WARN]: big penetration: 11.486328
[21:42:53][][main/WARN]: big penetration: 11.50293
[21:42:53][][main/WARN]: big penetration: 11.519531
[21:42:53][][main/WARN]: big penetration: 11.536133
[21:42:53][][main/WARN]: big penetration: 11.552246
[21:42:53][][main/WARN]: big penetration: 11.568359
[21:42:53][][main/WARN]: big penetration: 11.583496
[21:42:53][][main/WARN]: big penetration: 11.598633
[21:42:53][][main/WARN]: big penetration: 11.61377
[21:42:53][][main/WARN]: big penetration: 11.629395
[21:42:53][][main/WARN]: big penetration: 11.64502
[21:42:53][][main/WARN]: big penetration: 11.660156
[21:42:53][][main/WARN]: big penetration: 11.675293
[21:42:53][][main/WARN]: big penetration: 11.69043
[21:42:53][][main/WARN]: big penetration: 11.706055
[21:42:53][][main/WARN]: big penetration: 11.72168
[21:42:53][][main/WARN]: big penetration: 11.736816
[21:42:53][][main/WARN]: big penetration: 11.752441
[21:42:53][][main/WARN]: big penetration: 11.768066
[21:42:53][][main/WARN]: big penetration: 11.783691
[21:42:53][][main/WARN]: big penetration: 11.799316
[21:42:53][][main/WARN]: big penetration: 11.814941
[21:42:53][][main/WARN]: big penetration: 11.830566
[21:42:53][][main/WARN]: big penetration: 11.839355
[21:42:54][][main/WARN]: big penetration: 11.850098
[21:42:54][][main/WARN]: big penetration: 11.862305
[21:42:54][][main/WARN]: big penetration: 11.875488
[21:42:54][][main/WARN]: big penetration: 11.889648
[21:42:54][][main/WARN]: big penetration: 11.904785
[21:42:54][][main/WARN]: big penetration: 11.919922
[21:42:54][][main/WARN]: big penetration: 11.935547
[21:42:54][][main/WARN]: big penetration: 11.95166
[21:42:54][][main/WARN]: big penetration: 11.967773
[21:42:54][][main/WARN]: big penetration: 11.984375
[21:42:54][][main/WARN]: big penetration: 11.998535
[21:42:54][][main/WARN]: big penetration: 12.013184
[21:42:54][][main/WARN]: big penetration: 12.027832
[21:42:54][][main/WARN]: big penetration: 12.042969
[21:42:54][][main/WARN]: big penetration: 12.058105
[21:42:54][][main/WARN]: big penetration: 12.073242
[21:42:54][][main/WARN]: big penetration: 12.088379
[21:42:54][][main/WARN]: big penetration: 12.104004
[21:42:54][][main/WARN]: big penetration: 12.119629
[21:42:54][][main/WARN]: big penetration: 12.135254
[21:42:54][][main/WARN]: big penetration: 12.151367
[21:42:54][][main/WARN]: big penetration: 12.166992
[21:42:54][][main/WARN]: big penetration: 12.182617
[21:42:54][][main/WARN]: big penetration: 12.19873
[21:42:54][][main/WARN]: big penetration: 12.214844
[21:42:54][][main/WARN]: big penetration: 12.230957
[21:42:54][][main/WARN]: big penetration: 12.24707
[21:42:54][][main/WARN]: big penetration: 12.263672
[21:42:54][][main/WARN]: big penetration: 12.279785
[21:42:54][][main/WARN]: big penetration: 12.296387
[21:42:54][][main/WARN]: big penetration: 12.3125
[21:42:54][][main/WARN]: big penetration: 12.329102
[21:42:54][][main/WARN]: big penetration: 12.345215
[21:42:54][][main/WARN]: big penetration: 12.361328
[21:42:54][][main/WARN]: big penetration: 12.377441
[21:42:54][][main/WARN]: big penetration: 12.393555
[21:42:54][][main/WARN]: big penetration: 12.40918
[21:42:54][][main/WARN]: big penetration: 12.425293
[21:42:54][][main/WARN]: big penetration: 12.440918
[21:42:54][][main/WARN]: big penetration: 12.456543
[21:42:54][][main/WARN]: big penetration: 12.472168
[21:42:54][][main/WARN]: big penetration: 12.487793
[21:42:54][][main/WARN]: big penetration: 12.503418
[21:42:54][][main/WARN]: big penetration: 12.519531
[21:42:54][][main/WARN]: big penetration: 12.535156
[21:42:54][][main/WARN]: big penetration: 12.550781
[21:42:54][][main/WARN]: big penetration: 12.566406
[21:42:54][][main/WARN]: big penetration: 12.582031
[21:42:54][][main/WARN]: big penetration: 12.598145
[21:42:54][][main/WARN]: big penetration: 12.61377
[21:42:54][][main/WARN]: big penetration: 12.629395
[21:42:54][][main/WARN]: big penetration: 12.644531
[21:42:54][][main/WARN]: big penetration: 12.659668
[21:42:54][][main/WARN]: big penetration: 12.674316
[21:42:54][][main/WARN]: big penetration: 12.688965
[21:42:54][][main/WARN]: big penetration: 12.703613
[21:42:54][][main/WARN]: big penetration: 12.718262
[21:42:54][][main/WARN]: big penetration: 12.73291
[21:42:54][][main/WARN]: big penetration: 12.747559
[21:42:54][][main/WARN]: big penetration: 12.762207
[21:42:54][][main/WARN]: big penetration: 12.777344
[21:42:54][][main/WARN]: big penetration: 12.791992
[21:42:54][][main/WARN]: big penetration: 12.807129
[21:42:55][][main/WARN]: big penetration: 12.821777
[21:42:55][][main/WARN]: big penetration: 12.836426
[21:42:55][][main/WARN]: big penetration: 12.8515625
[21:42:55][][main/WARN]: big penetration: 12.866699
[21:42:55][][main/WARN]: big penetration: 12.881836
[21:42:55][][main/WARN]: big penetration: 12.896973
[21:42:55][][main/WARN]: big penetration: 12.912109
[21:42:55][][main/WARN]: big penetration: 12.927246
[21:42:55][][main/WARN]: big penetration: 12.942383
[21:42:55][][main/WARN]: big penetration: 12.95752
[21:42:55][][main/WARN]: big penetration: 12.972168
[21:42:55][][main/WARN]: big penetration: 12.986816
[21:42:55][][main/WARN]: big penetration: 13.001953
[21:42:55][][main/WARN]: big penetration: 13.01709
[21:42:55][][main/WARN]: big penetration: 13.032227
[21:42:55][][main/WARN]: big penetration: 13.047363
[21:42:55][][main/WARN]: big penetration: 13.062988
[21:42:55][][main/WARN]: big penetration: 13.078613
[21:42:55][][main/WARN]: big penetration: 13.094238
[21:42:55][][main/WARN]: big penetration: 13.109375
[21:42:55][][main/WARN]: big penetration: 13.125
[21:42:55][][main/WARN]: big penetration: 13.140625
[21:42:55][][main/WARN]: big penetration: 13.15625
[21:42:55][][main/WARN]: big penetration: 13.171875
[21:42:55][][main/WARN]: big penetration: 13.1875
[21:42:55][][main/WARN]: big penetration: 13.203125
[21:42:55][][main/WARN]: big penetration: 13.219238
[21:42:55][][main/WARN]: big penetration: 13.235352
[21:42:55][][main/WARN]: big penetration: 13.251465
[21:42:55][][main/WARN]: big penetration: 13.26709
[21:42:55][][main/WARN]: big penetration: 13.282715
[21:42:55][][main/WARN]: big penetration: 13.29834
[21:42:55][][main/WARN]: big penetration: 13.314453
[21:42:55][][main/WARN]: big penetration: 13.330566
[21:42:55][][main/WARN]: big penetration: 13.34668
[21:42:55][][main/WARN]: big penetration: 13.362793
[21:42:55][][main/WARN]: big penetration: 13.378906
[21:42:55][][main/WARN]: big penetration: 13.39502
[21:42:55][][main/WARN]: big penetration: 13.411133
[21:42:55][][main/WARN]: big penetration: 13.426758
[21:42:55][][main/WARN]: big penetration: 13.442383
[21:42:55][][main/WARN]: big penetration: 13.458008
[21:42:55][][main/WARN]: big penetration: 13.473633
[21:42:55][][main/WARN]: big penetration: 10.013184
[21:42:55][][main/WARN]: big penetration: 13.489746
[21:42:55][][main/WARN]: big penetration: 10.031738
[21:42:55][][main/WARN]: big penetration: 13.505859
[21:42:55][][main/WARN]: big penetration: 10.536259
[21:42:55][][main/WARN]: big penetration: 11.415442
[21:42:55][][main/WARN]: big penetration: 11.06663
[21:42:55][][main/WARN]: big penetration: 11.064769
[21:42:55][][main/WARN]: big penetration: 10.036267
[21:42:55][][main/WARN]: big penetration: 15.02534
[21:42:55][][main/WARN]: big penetration: 10.304582
[21:42:55][][main/WARN]: big penetration: 10.564404
[21:42:55][][main/WARN]: big penetration: 10.58477
[21:42:55][][main/WARN]: big penetration: 10.83852
[21:42:55][][main/WARN]: big penetration: 12.025991
[21:43:12][][main/WARN]: big penetration: 10.715819
[21:43:12][][main/WARN]: big penetration: 11.71582
[21:43:12][][main/WARN]: big penetration: 12.641602
[21:43:12][][main/WARN]: big penetration: 13.498047
[21:43:12][][main/WARN]: big penetration: 14.291015
[21:43:12][][main/WARN]: big penetration: 15.025391
[21:43:12][][main/WARN]: big penetration: 15.705078
[21:43:12][][main/WARN]: big penetration: 16.33496
[21:43:12][][main/WARN]: big penetration: 16.917969
[21:43:12][][main/WARN]: big penetration: 17.457031
[21:43:12][][main/INFO]: triangle zero len Norm
[21:43:12][][main/WARN]: big penetration: 17.958006
[21:43:12][][main/INFO]: triangle zero len Norm
[21:43:12][][main/WARN]: big penetration: 18.420897
[21:43:12][][main/WARN]: big penetration: 18.850586
[21:43:12][][main/WARN]: big penetration: 19.249023
[21:43:12][][main/WARN]: big penetration: 19.618164
[21:43:12][][main/WARN]: big penetration: 19.95996
[21:43:13][][main/WARN]: big penetration: 20.277344
[21:43:13][][main/WARN]: big penetration: 20.572266
[21:43:13][][main/WARN]: big penetration: 20.845703
[21:43:13][][main/WARN]: big penetration: 21.09961
[21:43:13][][main/WARN]: big penetration: 21.335938
[21:43:13][][main/WARN]: big penetration: 21.554688
[21:43:13][][main/WARN]: big penetration: 21.75879
[21:43:13][][main/WARN]: big penetration: 21.948242
[21:43:13][][main/WARN]: big penetration: 21.875
[21:43:13][][main/WARN]: big penetration: 18.333984
[21:43:13][][main/WARN]: big penetration: 15.0625
[21:43:13][][main/WARN]: big penetration: 11.787109
[21:43:17][][main/INFO]: Saved GameSettings options. (options.dat)
