[22:41:21][][main/INFO]: Loaded GameSettings options. (options.dat)
[22:41:21][][main/INFO]: OperationSystem Mac OS X 10.15.5, rt 1.8.0_231 x86_64, VM Java HotSpot(TM) 64-Bit Server VM v25.231-b11
[22:41:23][][main/INFO]: RenderEngine initialized. GL_I: Intel Inc. - Intel(R) Iris(TM) Plus Graphics 645 | 4.1 INTEL-14.6.18
[22:41:23][][main/INFO]: LWJGL 3.2.3 build 13, GLFWL 3.4.0 Cocoa NSGL EGL OSMesa dynamic
[22:41:23][][main/INFO]: AudioEngine initialized. AL_I: OpenAL Community / 1.1 ALSOFT 1.19.1, devispec OpenAL Soft
[22:41:30][][Thread-2/INFO]: Done.
[22:41:46][][Thread-3/INFO]: Done.
[22:41:48][][Thread-4/INFO]: Done.
[22:41:49][][Thread-5/INFO]: Done.
[22:41:50][][Thread-6/INFO]: Done.
[22:41:52][][Thread-7/INFO]: Done.
[22:41:54][][Thread-8/INFO]: Done.
[22:41:55][][Thread-9/INFO]: Done.
[22:41:56][][Thread-10/INFO]: Done.
[22:41:57][][Thread-11/INFO]: Done.
[22:41:57][][Thread-12/INFO]: Done.
[22:42:14][][Thread-13/INFO]: Done.
[22:42:16][][Thread-14/INFO]: Done.
[22:42:20][][Thread-15/INFO]: Done.
[22:42:31][][Thread-16/INFO]: Done.
[22:42:34][][Thread-17/INFO]: Done.
[22:42:35][][Thread-18/INFO]: Done.
[22:42:41][][Thread-19/INFO]: Done.
[22:42:42][][Thread-20/INFO]: Done.
[22:42:43][][Thread-21/INFO]: Done.
[22:42:44][][Thread-22/INFO]: Done.
[22:42:45][][Thread-23/INFO]: Done.
[22:42:46][][Thread-24/INFO]: Done.
[22:42:47][][Thread-25/INFO]: Done.
[22:42:48][][Thread-26/INFO]: Done.
[22:42:49][][Thread-27/INFO]: Done.
[22:42:50][][Thread-28/INFO]: Done.
[22:42:50][][Thread-29/INFO]: Done.
[22:42:51][][Thread-30/INFO]: Done.
[22:42:52][][Thread-31/INFO]: Done.
[22:42:52][][Thread-32/INFO]: Done.
[22:42:53][][Thread-33/INFO]: Done.
[22:42:53][][Thread-34/INFO]: Done.
[22:42:54][][Thread-35/INFO]: Done.
[22:42:55][][Thread-36/INFO]: Done.
[22:42:55][][Thread-37/INFO]: Done.
[22:42:56][][Thread-38/INFO]: Done.
[22:43:00][][Thread-39/INFO]: Done.
[22:43:02][][Thread-40/INFO]: Done.
[22:43:02][][Thread-41/INFO]: Done.
[22:43:03][][Thread-42/INFO]: Done.
[22:43:03][][Thread-43/INFO]: Done.
[22:43:03][][Thread-44/INFO]: Done.
[22:43:04][][Thread-45/INFO]: Done.
[22:43:04][][Thread-46/INFO]: Done.
[22:43:05][][Thread-47/INFO]: Done.
[22:43:05][][Thread-48/INFO]: Done.
[22:43:05][][Thread-49/INFO]: Done.
[22:43:06][][Thread-50/INFO]: Done.
[22:43:06][][Thread-51/INFO]: Done.
[22:43:06][][Thread-52/INFO]: Done.
[22:43:07][][Thread-53/INFO]: Done.
[22:43:07][][Thread-54/INFO]: Done.
[22:43:08][][Thread-55/INFO]: Done.
[22:43:08][][Thread-56/INFO]: Done.
[22:43:08][][Thread-57/INFO]: Done.
[22:43:09][][Thread-58/INFO]: Done.
[22:43:09][][Thread-59/INFO]: Done.
[22:43:09][][Thread-60/INFO]: Done.
[22:43:10][][Thread-61/INFO]: Done.
[22:43:10][][Thread-62/INFO]: Done.
[22:43:10][][Thread-63/INFO]: Done.
[22:43:11][][Thread-64/INFO]: Done.
[22:43:11][][Thread-65/INFO]: Done.
[22:43:11][][Thread-66/INFO]: Done.
[22:43:12][][Thread-67/INFO]: Done.
[22:43:12][][Thread-68/INFO]: Done.
[22:43:18][][main/INFO]: Saved GameSettings options. (options.dat)
