[22:21:22][][main/INFO]: ./.DS_Store
[22:21:22][][main/INFO]: ./libraries/.DS_Store
[22:21:22][][main/INFO]: ./libraries/platform/.DS_Store
[22:21:22][][main/INFO]: ./libraries/platform/mac/.DS_Store
[22:21:22][][main/INFO]: ./libraries/platform/linux/.DS_Store
[22:21:22][][main/INFO]: ./libraries/platform/windows/.DS_Store
[22:21:22][][main/INFO]: ./saves/.DS_Store
[22:21:22][][main/INFO]: ./saves/wrd/.DS_Store
[22:21:22][][main/INFO]: ./mods/.DS_Store
[22:21:22][][main/INFO]: ./mods/org/.DS_Store
[22:21:22][][main/INFO]: ./mods/Platf/.DS_Store
[22:21:23][][main/INFO]: ./.idea/artifacts/.DS_Store
[22:21:23][][main/INFO]: ./.idea/.DS_Store
[22:21:23][][main/INFO]: ./.idea/out/.DS_Store
[22:21:23][][main/INFO]: ./.idea/out/production/.DS_Store
[22:21:23][][main/INFO]: ./.idea/out/production/Outskirts/.DS_Store
[22:21:23][][main/INFO]: ./.idea/out/production/Outskirts/ext/.DS_Store
[22:21:23][][main/INFO]: ./.idea/_schedu/.DS_Store
[22:21:23][][main/INFO]: ./src/.DS_Store
[22:21:23][][main/INFO]: ./src/ext/.DS_Store
[22:21:23][][main/INFO]: ./src/outskirts/init/.DS_Store
[22:21:23][][main/INFO]: ./src/outskirts/.DS_Store
[22:21:23][][main/INFO]: ./src/outskirts/util/.DS_Store
[22:21:23][][main/INFO]: ./src/outskirts/physics/collision/narrowphase/collisionalgorithm/.DS_Store
[22:21:23][][main/INFO]: ./src/outskirts/event/.DS_Store
[22:21:23][][main/INFO]: ./src/outskirts/client/.DS_Store
[22:21:23][][main/INFO]: ./src/outskirts/client/render/renderer/.DS_Store
[22:21:23][][main/INFO]: ./src/outskirts/client/render/.DS_Store
[22:21:23][][main/INFO]: ./src/assets/.DS_Store
[22:21:23][][main/INFO]: ./src/assets/outskirts/textures/blocks/.DS_Store
[22:21:23][][main/INFO]: ./src/assets/outskirts/textures/.DS_Store
[22:21:23][][main/INFO]: ./src/assets/outskirts/textures/gui/.DS_Store
[22:21:23][][main/INFO]: ./src/assets/outskirts/textures/gui/weights/.DS_Store
[22:21:23][][main/INFO]: ./src/assets/outskirts/textures/skybox/.DS_Store
[22:21:23][][main/INFO]: ./src/assets/outskirts/materials/.DS_Store
[22:21:23][][main/INFO]: ./src/assets/outskirts/materials/tree1/.DS_Store
[22:21:23][][main/INFO]: ./src/assets/outskirts/materials/stall/.DS_Store
[22:21:23][][main/INFO]: ./src/assets/outskirts/materials/dennis_posed/.DS_Store
[22:21:23][][main/INFO]: ./src/assets/outskirts/materials/geo/.DS_Store
[22:21:23][][main/INFO]: ./src/assets/outskirts/materials/mount/.DS_Store
[22:21:23][][main/INFO]: ./src/assets/outskirts/materials/aya091/tex/.DS_Store
[22:21:23][][main/INFO]: ./src/assets/outskirts/materials/aya091/.DS_Store
[22:21:23][][main/INFO]: ./src/assets/outskirts/.DS_Store
[22:21:23][][main/INFO]: ./src/assets/outskirts/font/.DS_Store
