[17:41:05][][main/INFO]: Loaded GameSettings options. (options.dat)
[17:41:06][][main/INFO]: OperationSystem Mac OS X 10.15.4, rt 1.8.0_231 x86_64, VM Java HotSpot(TM) 64-Bit Server VM v25.231-b11
[17:41:08][][main/INFO]: RenderEngine initialized. GL_I: Intel Inc. - Intel(R) Iris(TM) Plus Graphics 645 | 4.1 INTEL-14.5.22
[17:41:08][][main/INFO]: LWJGL 3.2.3 build 13, GLFWL 3.4.0 Cocoa NSGL EGL OSMesa dynamic
[17:41:09][][main/INFO]: AudioEngine initialized. AL_I: OpenAL Community / 1.1 ALSOFT 1.19.1, devispec OpenAL Soft
[17:41:13][][main/INFO]: barErr. denome==0
[17:41:21][][main/WARN]: Out of iter 30
[17:41:21][][main/WARN]: Out of iter 30
[17:41:23][][main/WARN]: illegal ContactPoint-OnB. not in both AABB of bodyA and bodyB.
[17:41:23][][main/WARN]: big penetration: 44.000248
[17:41:24][][main/INFO]: triangle zero len Norm
[17:41:24][][main/INFO]: triangle zero len Norm
[17:41:24][][main/WARN]: illegal ContactPoint-OnB. not in both AABB of bodyA and bodyB.
[17:41:24][][main/WARN]: big penetration: 44.000275
[17:41:25][][main/WARN]: illegal ContactPoint-OnB. not in both AABB of bodyA and bodyB.
[17:41:25][][main/WARN]: big penetration: 45.531364
[17:41:27][][main/WARN]: illegal ContactPoint-OnB. not in both AABB of bodyA and bodyB.
[17:41:27][][main/WARN]: big penetration: 44.007885
[17:41:32][][main/WARN]: illegal ContactPoint-OnB. not in both AABB of bodyA and bodyB.
[17:41:32][][main/WARN]: big penetration: 46.696598
[17:41:32][][main/WARN]: big penetration: 10.27344
[17:41:32][][main/WARN]: big penetration: 11.591554
[17:41:32][][main/WARN]: big penetration: 11.258426
[17:41:36][][main/WARN]: illegal ContactPoint-OnB. not in both AABB of bodyA and bodyB.
[17:41:36][][main/WARN]: big penetration: 44.435223
[17:41:37][][main/WARN]: big penetration: 47.397663
[17:41:37][][main/WARN]: big penetration: 54.01961
[17:41:38][][main/INFO]: triangle zero len Norm
[17:41:38][][main/INFO]: triangle zero len Norm
[17:41:38][][main/WARN]: big penetration: 44.002716
[17:41:39][][main/WARN]: big penetration: 44.0002
[17:41:39][][main/WARN]: big penetration: 13.825905
[17:41:39][][main/WARN]: big penetration: 16.04024
[17:41:39][][main/WARN]: big penetration: 17.569523
[17:41:39][][main/WARN]: big penetration: 20.17688
[17:41:39][][main/WARN]: big penetration: 18.008873
[17:41:39][][main/WARN]: big penetration: 11.77803
[17:41:40][][main/WARN]: big penetration: 45.325928
[17:41:41][][main/WARN]: big penetration: 130.2181
[17:41:41][][main/WARN]: big penetration: 44.00248
[17:41:42][][main/WARN]: big penetration: 342.9549
[17:41:45][][main/WARN]: big penetration: 79.43892
[17:41:48][][main/WARN]: big penetration: 14.552528
[17:43:39][][main/INFO]: Saved GameSettings options. (options.dat)
