[20:19:19][][main/INFO]: Loaded GameSettings options. (options.dat)
[20:19:20][][main/INFO]: OperationSystem Mac OS X 10.15.5, rt 1.8.0_231 x86_64, VM Java HotSpot(TM) 64-Bit Server VM v25.231-b11
[20:19:22][][main/INFO]: RenderEngine initialized. GL_I: Intel Inc. - Intel(R) Iris(TM) Plus Graphics 645 | 4.1 INTEL-14.6.18
[20:19:22][][main/INFO]: LWJGL 3.2.3 build 13, GLFWL 3.4.0 Cocoa NSGL EGL OSMesa dynamic
[20:19:22][][main/INFO]: AudioEngine initialized. AL_I: OpenAL Community / 1.1 ALSOFT 1.19.1, devispec OpenAL Soft
[20:19:25][][main/WARN]: illegal ContactPoint-OnB. not in both AABB of bodyA and bodyB.
[20:19:30][][main/WARN]: Out of iter 30
[20:19:35][][main/WARN]: Out of iter 30
[20:19:41][][main/WARN]: Out of iter 30
[20:19:50][][main/WARN]: illegal ContactPoint-OnB. not in both AABB of bodyA and bodyB.
[20:20:06][][main/WARN]: Out of iter 30
[20:20:11][][main/WARN]: illegal ContactPoint-OnB. not in both AABB of bodyA and bodyB.
[20:20:27][][main/WARN]: Out of iter 30
[20:20:27][][main/WARN]: Out of iter 30
[20:20:27][][main/WARN]: Out of iter 30
[20:20:46][][main/WARN]: Out of iter 30
[20:20:46][][main/WARN]: Out of iter 30
[20:20:46][][main/WARN]: Out of iter 30
[20:20:46][][main/WARN]: Out of iter 30
[20:20:46][][main/WARN]: Out of iter 30
[20:20:46][][main/INFO]: triangle zero len Norm
[20:20:46][][main/INFO]: triangle zero len Norm
[20:20:46][][main/INFO]: triangle zero len Norm
[20:20:46][][main/INFO]: triangle zero len Norm
[20:20:47][][main/WARN]: Out of iter 30
[20:20:47][][main/WARN]: Out of iter 30
[20:20:47][][main/WARN]: Out of iter 30
[20:20:48][][main/WARN]: Out of iter 30
[20:20:48][][main/WARN]: Out of iter 30
[20:20:48][][main/WARN]: Out of iter 30
[20:20:48][][main/INFO]: barErr. denome==0
[20:20:48][][main/INFO]: Epa penetration < 0. -0.0024108887
[20:20:48][][main/WARN]: Out of iter 30
[20:20:48][][main/WARN]: Out of iter 30
[20:20:53][][main/WARN]: illegal ContactPoint-OnB. not in both AABB of bodyA and bodyB.
[20:21:09][][main/WARN]: Out of iter 30
[20:21:09][][main/WARN]: Out of iter 30
[20:21:09][][main/WARN]: Out of iter 30
[20:21:09][][main/WARN]: Out of iter 30
[20:21:09][][main/WARN]: Out of iter 30
[20:21:09][][main/WARN]: Out of iter 30
[20:21:10][][main/WARN]: Out of iter 30
[20:21:10][][main/WARN]: Out of iter 30
[20:21:10][][main/WARN]: Out of iter 30
[20:21:10][][main/WARN]: Out of iter 30
[20:21:11][][main/WARN]: Out of iter 30
[20:21:11][][main/WARN]: Out of iter 30
[20:21:11][][main/WARN]: Out of iter 30
[20:21:11][][main/WARN]: Out of iter 30
[20:21:47][][main/WARN]: illegal ContactPoint-OnB. not in both AABB of bodyA and bodyB.
[20:21:55][][main/WARN]: illegal ContactPoint-OnB. not in both AABB of bodyA and bodyB.
[20:21:55][][main/WARN]: Out of iter 30
[20:21:55][][main/WARN]: Out of iter 30
[20:21:56][][main/WARN]: Out of iter 30
[20:21:57][][main/WARN]: Out of iter 30
[20:21:57][][main/WARN]: Out of iter 30
[20:21:57][][main/WARN]: Out of iter 30
[20:21:57][][main/WARN]: Out of iter 30
[20:21:57][][main/WARN]: Out of iter 30
[20:21:57][][main/WARN]: Out of iter 30
[20:21:57][][main/WARN]: Out of iter 30
[20:21:57][][main/WARN]: Out of iter 30
[20:21:58][][main/WARN]: Out of iter 30
[20:21:58][][main/WARN]: Out of iter 30
[20:21:58][][main/WARN]: Out of iter 30
[20:21:58][][main/WARN]: Out of iter 30
[20:21:58][][main/WARN]: Out of iter 30
[20:21:58][][main/WARN]: Out of iter 30
[20:21:58][][main/WARN]: Out of iter 30
[20:21:58][][main/WARN]: Out of iter 30
[20:21:58][][main/WARN]: Out of iter 30
[20:22:00][][main/WARN]: Out of iter 30
[20:22:00][][main/WARN]: Out of iter 30
[20:22:00][][main/WARN]: Out of iter 30
[20:22:00][][main/WARN]: Out of iter 30
[20:22:01][][main/WARN]: Out of iter 30
[20:22:01][][main/WARN]: Out of iter 30
[20:22:01][][main/WARN]: Out of iter 30
[20:22:02][][main/WARN]: Out of iter 30
[20:22:03][][main/WARN]: Out of iter 30
[20:22:03][][main/WARN]: Out of iter 30
[20:22:03][][main/WARN]: Out of iter 30
[20:22:03][][main/WARN]: Out of iter 30
[20:22:03][][main/WARN]: Out of iter 30
[20:22:03][][main/WARN]: Out of iter 30
[20:22:03][][main/WARN]: Out of iter 30
[20:22:03][][main/WARN]: Out of iter 30
[20:22:03][][main/WARN]: Out of iter 30
[20:22:03][][main/WARN]: Out of iter 30
[20:22:03][][main/WARN]: Out of iter 30
[20:22:03][][main/WARN]: Out of iter 30
[20:22:04][][main/WARN]: Out of iter 30
[20:22:04][][main/INFO]: Saved GameSettings options. (options.dat)
