[23:25:02][][main/INFO]: Loaded GameSettings options. (options.dat)
[23:25:02][][main/INFO]: OperationSystem Mac OS X 10.15.4, rt 1.8.0_231 x86_64, VM Java HotSpot(TM) 64-Bit Server VM v25.231-b11
[23:25:04][][main/INFO]: RenderEngine initialized. GL_I: Intel Inc. - Intel(R) Iris(TM) Plus Graphics 645 | 4.1 INTEL-14.5.22
[23:25:04][][main/INFO]: LWJGL 3.2.3 build 13, GLFWL 3.4.0 Cocoa NSGL EGL OSMesa dynamic
[23:25:05][][main/INFO]: AudioEngine initialized. AL_I: OpenAL Community / 1.1 ALSOFT 1.19.1, devispec OpenAL Soft
[23:25:14][][main/INFO]: penetration: 1.4419701
[23:25:14][][main/INFO]: penetration: 1.1504371
[23:25:14][][main/INFO]: penetration: 1.150437
[23:25:14][][main/INFO]: penetration: 0.91849095
[23:25:14][][main/INFO]: penetration: 0.9184908
[23:25:14][][main/INFO]: penetration: 0.9184907
[23:25:14][][main/INFO]: penetration: 0.733672
[23:25:14][][main/INFO]: penetration: 0.7336719
[23:25:14][][main/INFO]: penetration: 0.7336718
[23:25:14][][main/INFO]: penetration: 0.58625257
[23:25:14][][main/INFO]: penetration: 0.58625257
[23:25:14][][main/INFO]: penetration: 0.58625233
[23:25:15][][main/INFO]: penetration: 0.7059207
[23:25:15][][main/INFO]: penetration: 0.7059207
[23:25:15][][main/INFO]: penetration: 0.7059207
[23:25:15][][main/INFO]: penetration: 0.7059207
[23:25:15][][main/INFO]: penetration: 0.7059207
[23:25:15][][main/INFO]: penetration: 0.7059207
[23:25:15][][main/INFO]: penetration: 0.7059207
[23:25:15][][main/INFO]: penetration: 0.7059207
[23:25:15][][main/INFO]: penetration: 0.7059207
[23:25:15][][main/INFO]: penetration: 0.7059207
[23:25:15][][main/INFO]: penetration: 1.8575225
[23:25:15][][main/INFO]: penetration: 1.8575226
[23:25:15][][main/INFO]: penetration: 1.8575226
[23:25:15][][main/INFO]: penetration: 1.8575224
[23:25:15][][main/INFO]: penetration: 1.8575219
[23:25:15][][main/INFO]: penetration: 1.857522
[23:25:15][][main/INFO]: penetration: 1.8575226
[23:25:15][][main/INFO]: penetration: 1.8575222
[23:25:15][][main/INFO]: penetration: 1.8575225
[23:25:15][][main/INFO]: penetration: 1.8575226
[23:25:15][][main/INFO]: penetration: 1.4812893
[23:25:15][][main/INFO]: penetration: 1.4812893
[23:25:15][][main/INFO]: penetration: 1.4812895
[23:25:15][][main/INFO]: penetration: 1.4812891
[23:25:15][][main/INFO]: penetration: 1.4812895
[23:25:15][][main/INFO]: penetration: 1.4812893
[23:25:15][][main/INFO]: penetration: 1.4812894
[23:25:15][][main/INFO]: penetration: 1.4812891
[23:25:15][][main/INFO]: penetration: 1.4812889
[23:25:15][][main/INFO]: penetration: 1.4812887
[23:25:15][][main/INFO]: penetration: 1.481289
[23:25:15][][main/INFO]: penetration: 1.4812891
[23:25:15][][main/INFO]: penetration: 1.4812895
[23:25:15][][main/INFO]: penetration: 1.481289
[23:25:15][][main/INFO]: penetration: 1.4812894
[23:25:15][][main/INFO]: penetration: 1.4812891
[23:25:15][][main/INFO]: penetration: 1.4812895
[23:25:15][][main/INFO]: penetration: 1.4812891
[23:25:15][][main/INFO]: penetration: 1.4812896
[23:25:15][][main/INFO]: penetration: 1.4812893
[23:25:15][][main/INFO]: penetration: 1.1822855
[23:25:15][][main/INFO]: penetration: 1.1822853
[23:25:15][][main/INFO]: penetration: 1.1822855
[23:25:15][][main/INFO]: penetration: 1.1822854
[23:25:15][][main/INFO]: penetration: 1.1822853
[23:25:15][][main/INFO]: penetration: 1.1822852
[23:25:15][][main/INFO]: penetration: 1.1822855
[23:25:15][][main/INFO]: penetration: 1.1822855
[23:25:15][][main/INFO]: penetration: 1.1822853
[23:25:15][][main/INFO]: penetration: 1.1822854
[23:25:15][][main/INFO]: penetration: 1.1822851
[23:25:15][][main/INFO]: penetration: 1.182285
[23:25:15][][main/INFO]: penetration: 1.1822851
[23:25:15][][main/INFO]: penetration: 1.1822848
[23:25:15][][main/INFO]: penetration: 1.1822851
[23:25:15][][main/INFO]: penetration: 1.1822852
[23:25:15][][main/INFO]: penetration: 1.1822852
[23:25:15][][main/INFO]: penetration: 1.182285
[23:25:15][][main/INFO]: penetration: 1.1822857
[23:25:15][][main/INFO]: penetration: 1.1822851
[23:25:15][][main/INFO]: penetration: 1.1822854
[23:25:15][][main/INFO]: penetration: 1.1822853
[23:25:15][][main/INFO]: penetration: 1.1822853
[23:25:15][][main/INFO]: penetration: 1.1822851
[23:25:15][][main/INFO]: penetration: 1.1822855
[23:25:15][][main/INFO]: penetration: 1.1822853
[23:25:15][][main/INFO]: penetration: 1.1822854
[23:25:15][][main/INFO]: penetration: 1.1822855
[23:25:15][][main/INFO]: penetration: 1.1822853
[23:25:15][][main/INFO]: penetration: 1.1822853
[23:25:15][][main/INFO]: penetration: 0.9441947
[23:25:15][][main/INFO]: penetration: 0.94419503
[23:25:15][][main/INFO]: penetration: 0.9441947
[23:25:15][][main/INFO]: penetration: 0.9441945
[23:25:15][][main/INFO]: penetration: 0.94419473
[23:25:15][][main/INFO]: penetration: 0.9441945
[23:25:15][][main/INFO]: penetration: 0.9441947
[23:25:15][][main/INFO]: penetration: 0.9441947
[23:25:15][][main/INFO]: penetration: 0.9441947
[23:25:15][][main/INFO]: penetration: 0.9441947
[23:25:15][][main/INFO]: penetration: 0.9441943
[23:25:15][][main/INFO]: penetration: 0.9441941
[23:25:15][][main/INFO]: penetration: 0.9441946
[23:25:15][][main/INFO]: penetration: 0.94419426
[23:25:15][][main/INFO]: penetration: 0.9441944
[23:25:15][][main/INFO]: penetration: 0.9441944
[23:25:15][][main/INFO]: penetration: 0.9441945
[23:25:15][][main/INFO]: penetration: 0.94419426
[23:25:15][][main/INFO]: penetration: 0.94419503
[23:25:15][][main/INFO]: penetration: 0.9441943
[23:25:15][][main/INFO]: penetration: 0.9441949
[23:25:15][][main/INFO]: penetration: 0.9441947
[23:25:15][][main/INFO]: penetration: 0.9441947
[23:25:15][][main/INFO]: penetration: 0.9441949
[23:25:15][][main/INFO]: penetration: 0.9441947
[23:25:15][][main/INFO]: penetration: 0.94419456
[23:25:15][][main/INFO]: penetration: 0.94419444
[23:25:15][][main/INFO]: penetration: 0.94419485
[23:25:15][][main/INFO]: penetration: 0.94419473
[23:25:15][][main/INFO]: penetration: 0.9441946
[23:25:15][][main/INFO]: penetration: 0.75436735
[23:25:15][][main/INFO]: penetration: 0.7543677
[23:25:15][][main/INFO]: penetration: 0.7543676
[23:25:15][][main/INFO]: penetration: 0.754367
[23:25:15][][main/INFO]: penetration: 0.75436723
[23:25:15][][main/INFO]: penetration: 0.75436676
[23:25:15][][main/INFO]: penetration: 0.7543671
[23:25:15][][main/INFO]: penetration: 0.7543671
[23:25:15][][main/INFO]: penetration: 0.75436735
[23:25:15][][main/INFO]: penetration: 0.7543676
[23:25:15][][main/INFO]: penetration: 0.754367
[23:25:15][][main/INFO]: penetration: 0.7543669
[23:25:15][][main/INFO]: penetration: 0.75436723
[23:25:15][][main/INFO]: penetration: 0.754367
[23:25:15][][main/INFO]: penetration: 0.754367
[23:25:15][][main/INFO]: penetration: 0.754367
[23:25:15][][main/INFO]: penetration: 0.75436723
[23:25:15][][main/INFO]: penetration: 0.7543671
[23:25:15][][main/INFO]: penetration: 0.7543676
[23:25:15][][main/INFO]: penetration: 0.7543669
[23:25:15][][main/INFO]: penetration: 0.75436723
[23:25:15][][main/INFO]: penetration: 0.7543675
[23:25:15][][main/INFO]: penetration: 0.75436735
[23:25:15][][main/INFO]: penetration: 0.7543675
[23:25:15][][main/INFO]: penetration: 0.7543675
[23:25:15][][main/INFO]: penetration: 0.7543671
[23:25:15][][main/INFO]: penetration: 0.75436723
[23:25:15][][main/INFO]: penetration: 0.7543675
[23:25:15][][main/INFO]: penetration: 0.75436735
[23:25:15][][main/INFO]: penetration: 0.75436723
[23:25:15][][main/INFO]: penetration: 0.60288906
[23:25:15][][main/INFO]: penetration: 0.6028888
[23:25:15][][main/INFO]: penetration: 0.60288894
[23:25:15][][main/INFO]: penetration: 0.6028881
[23:25:15][][main/INFO]: penetration: 0.6028886
[23:25:15][][main/INFO]: penetration: 0.602888
[23:25:15][][main/INFO]: penetration: 0.6028886
[23:25:15][][main/INFO]: penetration: 0.6028882
[23:25:15][][main/INFO]: penetration: 0.6028887
[23:25:15][][main/INFO]: penetration: 0.6028886
[23:25:15][][main/INFO]: penetration: 0.60288787
[23:25:15][][main/INFO]: penetration: 0.6028881
[23:25:15][][main/INFO]: penetration: 0.6028886
[23:25:15][][main/INFO]: penetration: 0.60288846
[23:25:15][][main/INFO]: penetration: 0.6028882
[23:25:15][][main/INFO]: penetration: 0.56169236
[23:25:15][][main/INFO]: penetration: 0.5616925
[23:25:15][][main/INFO]: penetration: 0.56169236
[23:25:15][][main/INFO]: penetration: 0.6028888
[23:25:15][][main/INFO]: penetration: 0.6028881
[23:25:15][][main/INFO]: penetration: 0.6028887
[23:25:15][][main/INFO]: penetration: 0.5616926
[23:25:15][][main/INFO]: penetration: 0.5616927
[23:25:15][][main/INFO]: penetration: 0.5616925
[23:25:15][][main/INFO]: penetration: 0.6028887
[23:25:15][][main/INFO]: penetration: 0.60288835
[23:25:15][][main/INFO]: penetration: 0.6028886
[23:25:15][][main/INFO]: penetration: 0.6028887
[23:25:15][][main/INFO]: penetration: 0.6028887
[23:25:15][][main/INFO]: penetration: 0.60288835
[23:25:29][][main/INFO]: bodyAB's AABB both dosen't contains the ContactPoint-OnB
[23:25:31][][main/INFO]: penetration: 0.60726714
[23:25:31][][main/INFO]: penetration: 0.75923324
[23:25:31][][main/INFO]: penetration: 2.119039
[23:25:31][][main/INFO]: penetration: 0.58888936
[23:25:31][][main/INFO]: penetration: 0.7970964
[23:25:31][][main/INFO]: penetration: 1.6787789
[23:25:31][][main/INFO]: penetration: 1.6751511
[23:25:31][][main/INFO]: penetration: 0.6267866
[23:25:31][][main/INFO]: penetration: 0.6324044
[23:25:31][][main/INFO]: penetration: 1.3359944
[23:25:31][][main/INFO]: penetration: 1.314651
[23:25:31][][main/INFO]: penetration: 1.0395242
[23:25:31][][main/INFO]: penetration: 1.0462724
[23:25:31][][main/INFO]: penetration: 1.0865101
[23:25:31][][main/INFO]: penetration: 0.90676314
[23:25:31][][main/INFO]: penetration: 0.82479495
[23:25:31][][main/INFO]: penetration: 0.868158
[23:25:31][][main/INFO]: penetration: 0.71957254
[23:25:31][][main/INFO]: penetration: 0.65082437
[23:25:31][][main/INFO]: penetration: 0.6912951
[23:25:31][][main/INFO]: penetration: 0.7276628
[23:25:31][][main/INFO]: penetration: 0.5548145
[23:25:31][][main/INFO]: penetration: 0.5222526
[23:25:31][][main/INFO]: penetration: 0.57390714
[23:25:31][][main/INFO]: penetration: 0.5776824
[23:25:40][][main/INFO]: penetration: 1.7925878
[23:25:40][][main/INFO]: penetration: 1.094323
[23:25:40][][main/INFO]: Err. computeMTV() out of itr.
[23:25:40][][main/INFO]: Saved GameSettings options. (options.dat)
