[13:51:36][][main/INFO]: Loaded GameSettings options. (options.dat)
[13:51:36][][main/INFO]: OperationSystem Mac OS X 10.15.5, rt 1.8.0_231 x86_64, VM Java HotSpot(TM) 64-Bit Server VM v25.231-b11
[13:51:38][][main/INFO]: RenderEngine initialized. GL_I: Intel Inc. - Intel(R) Iris(TM) Plus Graphics 645 | 4.1 INTEL-14.6.18
[13:51:38][][main/INFO]: LWJGL 3.2.3 build 13, GLFWL 3.4.0 Cocoa NSGL EGL OSMesa dynamic
[13:51:38][][main/INFO]: AudioEngine initialized. AL_I: OpenAL Community / 1.1 ALSOFT 1.19.1, devispec OpenAL Soft
[13:51:57][][main/WARN]: Out of iter 30.
[13:52:06][][main/WARN]: Out of iter 30.
[13:52:06][][main/WARN]: Out of iter 30.
[13:52:06][][main/WARN]: Out of iter 30.
[13:52:41][][main/INFO]: Err. computeMTV() out of itr.
[13:52:41][][main/INFO]: Err. computeMTV() out of itr.
[13:52:41][][main/INFO]: Err. computeMTV() out of itr.
[13:52:41][][main/INFO]: Err. computeMTV() out of itr.
[13:52:45][][main/INFO]: Err. computeMTV() out of itr.
[13:53:11][][main/INFO]: Err. computeMTV() out of itr.
[13:53:11][][main/INFO]: Err. computeMTV() out of itr.
[13:53:11][][main/INFO]: Err. computeMTV() out of itr.
[13:53:11][][main/INFO]: Err. computeMTV() out of itr.
[13:53:11][][main/INFO]: Err. computeMTV() out of itr.
[13:53:11][][main/INFO]: Err. computeMTV() out of itr.
[13:53:11][][main/INFO]: Err. computeMTV() out of itr.
[13:53:11][][main/INFO]: Err. computeMTV() out of itr.
[13:53:11][][main/INFO]: Err. computeMTV() out of itr.
[13:53:11][][main/INFO]: Err. computeMTV() out of itr.
[13:53:11][][main/INFO]: Err. computeMTV() out of itr.
[13:53:11][][main/INFO]: Err. computeMTV() out of itr.
[13:53:11][][main/INFO]: Err. computeMTV() out of itr.
[13:53:11][][main/INFO]: Err. computeMTV() out of itr.
[13:53:11][][main/INFO]: Err. computeMTV() out of itr.
[13:53:11][][main/INFO]: Err. computeMTV() out of itr.
[13:53:11][][main/INFO]: Err. computeMTV() out of itr.
[13:53:11][][main/INFO]: Err. computeMTV() out of itr.
[13:53:11][][main/INFO]: Err. computeMTV() out of itr.
[13:53:11][][main/INFO]: Err. computeMTV() out of itr.
[13:53:11][][main/INFO]: Err. computeMTV() out of itr.
[13:53:11][][main/INFO]: Err. computeMTV() out of itr.
[13:53:11][][main/INFO]: Err. computeMTV() out of itr.
[13:53:11][][main/INFO]: Err. computeMTV() out of itr.
[13:53:11][][main/INFO]: Err. computeMTV() out of itr.
[13:53:11][][main/INFO]: Err. computeMTV() out of itr.
[13:53:31][][main/INFO]: Err. computeMTV() out of itr.
[13:53:33][][main/WARN]: Out of iter 30.
[13:54:29][][main/WARN]: Out of iter 30.
[13:54:34][][main/INFO]: Saved GameSettings options. (options.dat)
