[23:14:12][][main/INFO]: Loaded GameSettings options. (options.dat)
[23:14:12][][main/INFO]: OperationSystem Mac OS X 10.15.4, rt 1.8.0_231 x86_64, VM Java HotSpot(TM) 64-Bit Server VM v25.231-b11
[23:14:12][][main/INFO]: i:0, T:Vector3f[1.0, 0.0, -0.0], B:Vector3f[0.0, 1.0, 0.0]
[23:14:12][][main/INFO]: i:1, T:Vector3f[NaN, NaN, NaN], B:Vector3f[NaN, NaN, NaN]
[23:14:12][][main/INFO]: i:2, T:Vector3f[NaN, NaN, NaN], B:Vector3f[NaN, NaN, NaN]
[23:14:12][][main/INFO]: i:3, T:Vector3f[1.0, 0.0, 0.0], B:Vector3f[0.0, 1.0, 0.0]
[23:14:12][][main/INFO]: i:4, T:Vector3f[NaN, NaN, NaN], B:Vector3f[NaN, NaN, NaN]
[23:14:12][][main/INFO]: i:5, T:Vector3f[NaN, NaN, NaN], B:Vector3f[NaN, NaN, NaN]
[23:14:12][][main/INFO]: i:0, T:Vector3f[0.0, -0.0, 1.0], B:Vector3f[-0.0, 1.0, -0.0]
[23:14:12][][main/INFO]: i:1, T:Vector3f[NaN, NaN, NaN], B:Vector3f[NaN, NaN, NaN]
[23:14:12][][main/INFO]: i:2, T:Vector3f[NaN, NaN, NaN], B:Vector3f[NaN, NaN, NaN]
[23:14:12][][main/INFO]: i:3, T:Vector3f[-0.0, -0.0, 1.0], B:Vector3f[-0.0, 1.0, -0.0]
[23:14:12][][main/INFO]: i:4, T:Vector3f[NaN, NaN, NaN], B:Vector3f[NaN, NaN, NaN]
[23:14:12][][main/INFO]: i:5, T:Vector3f[NaN, NaN, NaN], B:Vector3f[NaN, NaN, NaN]
[23:14:12][][main/INFO]: i:6, T:Vector3f[0.0, -0.0, -1.0], B:Vector3f[-0.0, 1.0, -0.0]
[23:14:12][][main/INFO]: i:7, T:Vector3f[NaN, NaN, NaN], B:Vector3f[NaN, NaN, NaN]
[23:14:12][][main/INFO]: i:8, T:Vector3f[NaN, NaN, NaN], B:Vector3f[NaN, NaN, NaN]
[23:14:12][][main/INFO]: i:9, T:Vector3f[-0.0, -0.0, -1.0], B:Vector3f[-0.0, 1.0, -0.0]
[23:14:12][][main/INFO]: i:10, T:Vector3f[NaN, NaN, NaN], B:Vector3f[NaN, NaN, NaN]
[23:14:12][][main/INFO]: i:11, T:Vector3f[NaN, NaN, NaN], B:Vector3f[NaN, NaN, NaN]
[23:14:12][][main/INFO]: i:12, T:Vector3f[1.0, 0.0, -0.0], B:Vector3f[-0.0, -0.0, 1.0]
[23:14:12][][main/INFO]: i:13, T:Vector3f[NaN, NaN, NaN], B:Vector3f[NaN, NaN, NaN]
[23:14:12][][main/INFO]: i:14, T:Vector3f[NaN, NaN, NaN], B:Vector3f[NaN, NaN, NaN]
[23:14:12][][main/INFO]: i:15, T:Vector3f[1.0, -0.0, -0.0], B:Vector3f[-0.0, -0.0, 1.0]
[23:14:12][][main/INFO]: i:16, T:Vector3f[NaN, NaN, NaN], B:Vector3f[NaN, NaN, NaN]
[23:14:12][][main/INFO]: i:17, T:Vector3f[NaN, NaN, NaN], B:Vector3f[NaN, NaN, NaN]
[23:14:12][][main/INFO]: i:18, T:Vector3f[1.0, 0.0, 0.0], B:Vector3f[-0.0, -0.0, -1.0]
[23:14:12][][main/INFO]: i:19, T:Vector3f[NaN, NaN, NaN], B:Vector3f[NaN, NaN, NaN]
[23:14:12][][main/INFO]: i:20, T:Vector3f[NaN, NaN, NaN], B:Vector3f[NaN, NaN, NaN]
[23:14:12][][main/INFO]: i:21, T:Vector3f[1.0, -0.0, -0.0], B:Vector3f[-0.0, -0.0, -1.0]
[23:14:12][][main/INFO]: i:22, T:Vector3f[NaN, NaN, NaN], B:Vector3f[NaN, NaN, NaN]
[23:14:12][][main/INFO]: i:23, T:Vector3f[NaN, NaN, NaN], B:Vector3f[NaN, NaN, NaN]
[23:14:12][][main/INFO]: i:24, T:Vector3f[-1.0, -0.0, 0.0], B:Vector3f[-0.0, 1.0, -0.0]
[23:14:12][][main/INFO]: i:25, T:Vector3f[NaN, NaN, NaN], B:Vector3f[NaN, NaN, NaN]
[23:14:12][][main/INFO]: i:26, T:Vector3f[NaN, NaN, NaN], B:Vector3f[NaN, NaN, NaN]
[23:14:12][][main/INFO]: i:27, T:Vector3f[-1.0, -0.0, -0.0], B:Vector3f[-0.0, 1.0, -0.0]
[23:14:12][][main/INFO]: i:28, T:Vector3f[NaN, NaN, NaN], B:Vector3f[NaN, NaN, NaN]
[23:14:12][][main/INFO]: i:29, T:Vector3f[NaN, NaN, NaN], B:Vector3f[NaN, NaN, NaN]
[23:14:12][][main/INFO]: i:30, T:Vector3f[1.0, -0.0, 0.0], B:Vector3f[-0.0, 1.0, -0.0]
[23:14:12][][main/INFO]: i:31, T:Vector3f[NaN, NaN, NaN], B:Vector3f[NaN, NaN, NaN]
[23:14:12][][main/INFO]: i:32, T:Vector3f[NaN, NaN, NaN], B:Vector3f[NaN, NaN, NaN]
[23:14:12][][main/INFO]: i:33, T:Vector3f[1.0, -0.0, -0.0], B:Vector3f[-0.0, 1.0, -0.0]
[23:14:12][][main/INFO]: i:34, T:Vector3f[NaN, NaN, NaN], B:Vector3f[NaN, NaN, NaN]
[23:14:12][][main/INFO]: i:35, T:Vector3f[NaN, NaN, NaN], B:Vector3f[NaN, NaN, NaN]
[23:14:12][][main/INFO]: i:0, T:Vector3f[NaN, NaN, NaN], B:Vector3f[NaN, NaN, NaN]
[23:14:12][][main/INFO]: i:1, T:Vector3f[NaN, NaN, NaN], B:Vector3f[NaN, NaN, NaN]
[23:14:12][][main/INFO]: RenderEngine initialized. GL_I: Intel Inc. - Intel(R) Iris(TM) Plus Graphics 645 | 4.1 INTEL-14.5.22
[23:14:12][][main/INFO]: LWJGL 3.2.3 build 13, GLFWL 3.4.0 Cocoa NSGL EGL OSMesa dynamic
[23:14:13][][main/INFO]: AudioEngine initialized. AL_I: OpenAL Community / 1.1 ALSOFT 1.19.1, devispec OpenAL Soft
[23:14:13][][main/INFO]: i:0, T:Vector3f[-7.296999E-7, -0.0, 1.0], B:Vector3f[0.0, 1.0, -0.0]
[23:14:13][][main/INFO]: i:1, T:Vector3f[-0.055042114, 0.03697225, 0.9977993], B:Vector3f[0.9190483, 0.3941449, 3.5996996E-5]
[23:14:13][][main/INFO]: i:2, T:Vector3f[-9.527058E-7, -0.0, 1.0], B:Vector3f[0.9127149, 0.4085971, 3.696985E-5]
[23:14:13][][main/INFO]: i:3, T:Vector3f[-9.536738E-7, -0.0, 1.0], B:Vector3f[0.9995212, -0.030939195, -1.2041172E-6]
[23:14:13][][main/INFO]: i:4, T:Vector3f[0.25483334, 0.025391623, 0.96665156], B:Vector3f[-0.95864576, -0.28325528, 0.027654584]
[23:14:13][][main/INFO]: i:5, T:Vector3f[0.8755717, -0.48290622, 0.013257117], B:Vector3f[1.0577459E-6, -1.0, 9.53073E-7]
[23:14:13][][main/INFO]: i:6, T:Vector3f[-1.9073486E-6, -0.0, 1.0], B:Vector3f[9.536743E-7, -1.0, 9.536743E-7]
[23:14:13][][main/INFO]: i:7, T:Vector3f[-1.9073486E-6, -0.0, 1.0], B:Vector3f[9.579446E-7, -0.59820694, -0.8013417]
[23:14:13][][main/INFO]: i:8, T:Vector3f[-9.536743E-7, -1.0, 9.983779E-7], B:Vector3f[-9.5367426E-7, -0.99999994, 9.983778E-7]
[23:14:13][][main/INFO]: i:9, T:Vector3f[-1.0, -0.0, -0.0], B:Vector3f[-9.5367426E-7, -0.99999994, 9.983777E-7]
[23:14:13][][main/INFO]: i:10, T:Vector3f[-0.99999994, -0.0, -0.0], B:Vector3f[0.84473103, -0.5351911, 2.6317397E-7]
[23:14:13][][main/INFO]: i:11, T:Vector3f[-4.7683716E-7, -1.0, 4.917383E-7], B:Vector3f[4.7683716E-7, 1.0, -4.917383E-7]
[23:14:13][][main/INFO]: i:12, T:Vector3f[-9.536743E-7, -0.0, 1.0], B:Vector3f[4.7683716E-7, 1.0, -4.917383E-7]
[23:14:13][][main/INFO]: i:13, T:Vector3f[-0.8217276, -0.25500962, 0.509641], B:Vector3f[-0.95519143, 0.2959884, -1.4187465E-7]
[23:14:13][][main/INFO]: i:14, T:Vector3f[NaN, NaN, NaN], B:Vector3f[NaN, NaN, NaN]
[23:14:13][][main/INFO]: i:15, T:Vector3f[-1.0, -0.0, 1.4775918E-7], B:Vector3f[-9.536743E-7, 1.0, -9.536743E-7]
[23:14:13][][main/INFO]: i:16, T:Vector3f[-1.0, -0.0, 1.477592E-7], B:Vector3f[0.96657664, -0.18128654, 0.18128659]
[23:14:13][][main/INFO]: i:17, T:Vector3f[-1.998563E-6, 0.0, 1.0], B:Vector3f[0.93831646, -0.2907594, 0.18713911]
[23:14:13][][main/INFO]: i:18, T:Vector3f[-1.9073486E-6, -0.0, 1.0], B:Vector3f[0.99952126, 0.030939141, -1.16389136E-4]
[23:14:13][][main/INFO]: i:19, T:Vector3f[0.1308951, 0.0040517794, 0.99138796], B:Vector3f[0.1308951, 0.0040517794, 0.991388]
[23:14:13][][main/INFO]: i:20, T:Vector3f[1.0, -1.5652398E-8, -3.691856E-6], B:Vector3f[-0.8094649, 0.0023997235, 0.5871633]
[23:14:13][][main/INFO]: i:21, T:Vector3f[1.0, -3.8467906E-8, 5.328593E-7], B:Vector3f[0.9997846, 0.0020630937, -0.020653373]
[23:14:13][][main/INFO]: i:22, T:Vector3f[0.9978078, 0.0015091015, 0.0661617], B:Vector3f[0.9965949, 0.0015072665, -0.08244023]
[23:14:13][][main/INFO]: i:23, T:Vector3f[-1.0, -8.204616E-9, 1.718494E-6], B:Vector3f[0.31353182, 0.0046345997, -0.94956636]
[23:14:13][][main/INFO]: i:24, T:Vector3f[-1.0, -2.2158076E-8, -1.1035656E-6], B:Vector3f[-4.098527E-6, 0.020074576, 0.99979854]
[23:14:13][][main/INFO]: i:25, T:Vector3f[0.8420629, -0.08508319, -0.5326264], B:Vector3f[0.6235812, 0.0083971545, 0.78171355]
[23:14:13][][main/INFO]: i:26, T:Vector3f[1.0, -0.0, -1.2704584E-7], B:Vector3f[0.9877943, 0.009439224, 0.15547815]
[23:14:13][][main/INFO]: i:27, T:Vector3f[1.0, 0.0, -1.3399269E-7], B:Vector3f[-1.915462E-6, -0.0, 1.0]
[23:14:13][][main/INFO]: i:28, T:Vector3f[0.9384397, -0.02344964, 0.34464613], B:Vector3f[-0.52746916, 0.8271942, -0.19371623]
[23:14:13][][main/INFO]: i:29, T:Vector3f[-1.915462E-6, 0.0, 1.0], B:Vector3f[2.0561858E-7, 0.99422157, -0.10734672]
[23:14:13][][main/INFO]: i:30, T:Vector3f[-1.9154622E-6, 0.0, 1.0], B:Vector3f[-0.0, -0.99999994, -0.0]
[23:14:13][][main/INFO]: i:31, T:Vector3f[NaN, NaN, NaN], B:Vector3f[NaN, NaN, NaN]
[23:14:13][][main/INFO]: i:32, T:Vector3f[0.9996393, 0.026859261, -1.3394434E-7], B:Vector3f[-0.0, -1.0, 0.0]
[23:14:13][][main/INFO]: i:33, T:Vector3f[0.9996392, 0.02685926, -1.3394435E-7], B:Vector3f[-0.0, -1.0, -0.0]
[23:14:13][][main/INFO]: i:34, T:Vector3f[-7.2598095E-7, -0.100831404, 0.9949035], B:Vector3f[-0.0, -1.0, -0.0]
[23:14:13][][main/INFO]: i:35, T:Vector3f[-0.99999994, -0.0, 1.3899651E-7], B:Vector3f[-0.96091026, -0.016777528, -0.27635112]
[23:14:13][][main/INFO]: i:36, T:Vector3f[-0.99999994, 0.0, 1.4027366E-7], B:Vector3f[-0.0, -1.0, -0.0]
[23:14:13][][main/INFO]: i:37, T:Vector3f[-0.99983406, -0.0033735891, -0.01790152], B:Vector3f[0.7206527, -0.49593377, 0.48446807]
[23:14:13][][main/INFO]: i:38, T:Vector3f[0.15918334, 0.63508844, 0.75585926], B:Vector3f[-0.0, -1.0, 2.0920949E-7]
[23:14:13][][main/INFO]: i:39, T:Vector3f[-0.866023, 0.0029361136, -0.49999553], B:Vector3f[-0.0, -1.0, 2.0992472E-7]
[23:14:13][][main/INFO]: i:40, T:Vector3f[0.99976635, -4.6244764E-5, -0.021611353], B:Vector3f[0.9833777, -0.1805634, -0.01911496]
[23:14:13][][main/INFO]: i:41, T:Vector3f[0.99976647, -4.6240966E-5, -0.021611907], B:Vector3f[-0.09737847, -0.9952452, 0.0021052086]
[23:14:13][][main/INFO]: i:42, T:Vector3f[0.86602056, 0.0027472342, 0.500001], B:Vector3f[-3.571776E-4, -0.9999999, -2.0603157E-4]
[23:14:13][][main/INFO]: i:43, T:Vector3f[0.8660205, 0.002750158, 0.500001], B:Vector3f[-3.595916E-4, -0.99999994, -2.0740191E-4]
[23:14:13][][main/INFO]: i:44, T:Vector3f[NaN, NaN, NaN], B:Vector3f[NaN, NaN, NaN]
[23:14:13][][main/INFO]: i:45, T:Vector3f[-0.0, -2.7386757E-4, 1.0], B:Vector3f[-0.0, -0.99999994, -3.1662438E-4]
[23:14:13][][main/INFO]: i:46, T:Vector3f[4.3937736E-4, -2.7338014E-4, 0.9999999], B:Vector3f[0.8488175, -0.5281334, -0.024163349]
[23:14:13][][main/INFO]: i:47, T:Vector3f[1.0, 6.5372456E-6, -1.3061631E-7], B:Vector3f[-0.0, -1.0, 2.0992468E-7]
[23:14:13][][main/INFO]: i:48, T:Vector3f[-0.0, -0.0, -1.0], B:Vector3f[-0.0, -1.0, 2.099247E-7]
[23:14:13][][main/INFO]: i:49, T:Vector3f[0.999994, 0.0034440614, -7.8790006E-5], B:Vector3f[0.025949502, -0.9994018, 0.022862768]
[23:14:13][][main/INFO]: i:50, T:Vector3f[0.99999404, 0.0034439913, -6.4264777E-10], B:Vector3f[0.0, -1.0, 1.8659973E-7]
[23:14:13][][main/INFO]: i:51, T:Vector3f[-0.0, -0.0, 1.0], B:Vector3f[-0.0, -1.0, 1.8659972E-7]
[23:14:13][][main/INFO]: i:52, T:Vector3f[-0.0, -0.0, 1.0], B:Vector3f[-0.8429131, -0.5377162, -0.018940335]
[23:14:13][][main/INFO]: i:53, T:Vector3f[-1.0, 8.026786E-5, 1.3390144E-7], B:Vector3f[0.014135886, -0.99990004, 1.8468805E-7]
[23:14:13][][main/INFO]: i:54, T:Vector3f[-0.8660209, 0.0027515087, 0.5000003], B:Vector3f[3.5732213E-4, -0.99999994, -2.061146E-4]
[23:14:13][][main/INFO]: i:55, T:Vector3f[-0.8671467, 0.0027397966, 0.49804518], B:Vector3f[0.8528204, -0.5221883, 0.0041180206]
[23:14:13][][main/INFO]: i:56, T:Vector3f[0.99976647, 4.6242236E-5, 0.021611655], B:Vector3f[-0.0, -1.0, 1.848908E-7]
[23:14:13][][main/INFO]: i:57, T:Vector3f[0.8660223, 0.0030290545, -0.49999616], B:Vector3f[-0.0, -1.0, 1.8659973E-7]
[23:14:13][][main/INFO]: i:58, T:Vector3f[NaN, NaN, NaN], B:Vector3f[NaN, NaN, NaN]
[23:14:13][][main/INFO]: i:59, T:Vector3f[NaN, NaN, NaN], B:Vector3f[NaN, NaN, NaN]
[23:14:13][][main/INFO]: i:60, T:Vector3f[0.8660213, 0.0030254582, 0.49999806], B:Vector3f[-0.0, -1.0, 2.0992472E-7]
[23:14:13][][main/INFO]: i:61, T:Vector3f[0.8671395, 0.0030109603, 0.49805638], B:Vector3f[-0.8388916, -0.54403776, -0.016847735]
[23:14:13][][main/INFO]: i:62, T:Vector3f[0.99975437, -4.063766E-5, 0.022164647], B:Vector3f[-0.09006628, -0.9959337, -0.0019965926]
[23:14:13][][main/INFO]: i:63, T:Vector3f[-0.86602247, 0.0027556065, -0.49999762], B:Vector3f[3.5959354E-4, -0.99999994, 2.0779774E-4]
[23:14:13][][main/INFO]: i:64, T:Vector3f[-2.1097659E-4, 0.010647931, 0.99994326], B:Vector3f[0.019805117, -0.9996812, 0.015662942]
[23:14:13][][main/INFO]: i:65, T:Vector3f[0.0, 0.010644609, 0.9999434], B:Vector3f[-0.0, -1.0, -7.74561E-5]
[23:14:13][][main/INFO]: i:66, T:Vector3f[0.86602247, 0.0027556065, -0.49999762], B:Vector3f[-3.5718016E-4, -0.99999994, 2.0642769E-4]
[23:14:13][][main/INFO]: i:67, T:Vector3f[0.5000134, 0.0013761602, -0.86601657], B:Vector3f[-0.011390832, -0.99993026, -0.0031449732]
[23:14:13][][main/INFO]: i:68, T:Vector3f[0.49999976, 0.0013763052, -0.86602443], B:Vector3f[-1.5464882E-4, -0.99999994, 2.6804817E-4]
[23:14:13][][main/INFO]: i:69, T:Vector3f[-0.0, -3.7179035E-4, -0.9999999], B:Vector3f[-0.0, -0.99999994, 3.150199E-4]
[23:14:13][][main/INFO]: i:70, T:Vector3f[0.99988794, -0.0, -0.014970241], B:Vector3f[0.8367769, -0.547544, -2.292092E-6]
[23:14:13][][main/INFO]: i:71, T:Vector3f[0.99988794, 0.0, -0.014970241], B:Vector3f[1.3562235E-4, -1.0, -1.8203064E-6]
[23:14:13][][main/INFO]: i:72, T:Vector3f[-0.8660214, 0.0029355872, 0.49999815], B:Vector3f[-2.2714107E-6, -1.0, 1.5213255E-6]
[23:14:13][][main/INFO]: i:73, T:Vector3f[-0.86505014, 0.00202708, 0.5016813], B:Vector3f[-0.9247059, -0.35255367, 0.14361353]
[23:14:13][][main/INFO]: i:74, T:Vector3f[-0.3011893, -0.0, -0.9535644], B:Vector3f[-0.9227682, -0.37915364, 0.06885784]
[23:14:13][][main/INFO]: i:75, T:Vector3f[-0.30118892, -0.0, -0.95356447], B:Vector3f[-0.0, 1.0, -0.0]
[23:14:13][][main/INFO]: i:76, T:Vector3f[-0.0, -0.99999994, -0.0], B:Vector3f[-0.0, 1.0, -0.0]
[23:14:13][][main/INFO]: i:77, T:Vector3f[0.9535646, 0.0, -0.30118856], B:Vector3f[-0.95300674, -0.034202315, 0.3010124]
[23:14:13][][main/INFO]: i:78, T:Vector3f[0.9535646, -0.0, -0.30118856], B:Vector3f[-0.0, 1.0, -0.0]
[23:14:13][][main/INFO]: i:79, T:Vector3f[0.0, -0.99999994, 0.0], B:Vector3f[0.0, 1.0, 0.0]
[23:14:13][][main/INFO]: i:80, T:Vector3f[-0.30118895, 0.0, -0.9535644], B:Vector3f[0.23047824, 0.6437591, 0.7296944]
[23:14:13][][main/INFO]: i:81, T:Vector3f[-0.30118895, -0.0, -0.95356447], B:Vector3f[0.0, -1.0, 0.0]
[23:14:13][][main/INFO]: i:82, T:Vector3f[-0.30047438, -0.0688416, -0.9513023], B:Vector3f[-0.3004744, -0.06884161, -0.95130223]
[23:14:13][][main/INFO]: i:83, T:Vector3f[0.9535646, -0.0, -0.3011886], B:Vector3f[-0.5339855, -0.066559836, -0.8428697]
[23:14:13][][main/INFO]: i:84, T:Vector3f[0.9535646, -0.0, -0.30118856], B:Vector3f[-0.0, -1.0, 0.0]
[23:14:13][][main/INFO]: i:85, T:Vector3f[0.9529279, -0.036538053, -0.30098745], B:Vector3f[0.951699, -0.06252254, -0.30059928]
[23:14:13][][main/INFO]: i:86, T:Vector3f[-0.30118883, -0.0, -0.95356447], B:Vector3f[-0.9250181, -0.0, -0.37992302]
[23:14:13][][main/INFO]: i:87, T:Vector3f[-0.3011889, 0.0, -0.95356447], B:Vector3f[-0.9535646, -0.0, 0.30118862]
[23:14:13][][main/INFO]: i:88, T:Vector3f[-0.97715336, -0.03411252, -0.20978014], B:Vector3f[-0.9535646, -0.0, 0.3011886]
[23:14:13][][main/INFO]: i:89, T:Vector3f[-0.30088875, -0.044634573, -0.95261407], B:Vector3f[-0.30118895, -0.0, -0.95356447]
[23:14:13][][main/INFO]: i:90, T:Vector3f[-0.9535646, -0.0, 0.30118853], B:Vector3f[-0.30118895, -0.0, -0.95356447]
[23:14:13][][main/INFO]: i:91, T:Vector3f[-0.9535646, 0.0, 0.3011886], B:Vector3f[-0.95420516, -0.0, 0.299153]
[23:14:13][][main/INFO]: i:92, T:Vector3f[-0.30118838, -0.0, -0.9535647], B:Vector3f[-0.978415, -0.0, -0.2066497]
[23:14:13][][main/INFO]: i:93, T:Vector3f[-0.30118832, -0.0, -0.95356464], B:Vector3f[-0.0, 1.0, -0.0]
[23:14:13][][main/INFO]: i:94, T:Vector3f[0.0, 0.99999994, 0.0], B:Vector3f[-0.0, 1.0, -0.0]
[23:14:13][][main/INFO]: i:95, T:Vector3f[-0.3011883, 0.0, -0.95356464], B:Vector3f[-0.22221771, 0.6750158, -0.70354307]
[23:14:13][][main/INFO]: i:96, T:Vector3f[-0.3011883, 0.0, -0.95356464], B:Vector3f[-0.9535673, -0.0, 0.30118003]
[23:14:13][][main/INFO]: i:97, T:Vector3f[-0.9889951, -0.06377847, 0.13349581], B:Vector3f[-0.9535673, -0.0, 0.30117995]
[23:14:13][][main/INFO]: i:98, T:Vector3f[0.8862352, -0.063788004, -0.4588229], B:Vector3f[0.95352226, -5.2946252E-5, -0.30132258]
[23:14:13][][main/INFO]: i:99, T:Vector3f[-0.30119175, -0.0, -0.9535635], B:Vector3f[0.95355, -0.0, -0.30123496]
[23:14:13][][main/INFO]: i:100, T:Vector3f[-0.9946272, 0.053297065, -0.08874863], B:Vector3f[-0.38667145, 0.31125188, 0.86810565]
[23:14:13][][main/INFO]: i:101, T:Vector3f[-0.30118862, -0.0, -0.9535646], B:Vector3f[0.27592888, 0.4008759, 0.8735913]
[23:14:13][][main/INFO]: i:102, T:Vector3f[-0.3011886, -0.0, -0.9535646], B:Vector3f[0.0, -1.0, 0.0]
[23:14:13][][main/INFO]: i:103, T:Vector3f[-0.2965784, -0.07801573, -0.95181656], B:Vector3f[-0.5763104, 0.17530048, -0.798208]
[23:14:13][][main/INFO]: i:104, T:Vector3f[-0.9535674, 0.0, 0.30117995], B:Vector3f[-0.9509777, 0.073648825, 0.300362]
[23:14:13][][main/INFO]: i:105, T:Vector3f[-0.9535673, -0.0, 0.30117992], B:Vector3f[-0.0, -1.0, -0.0]
[23:14:13][][main/INFO]: i:106, T:Vector3f[-0.09776347, 0.8850405, -0.45513242], B:Vector3f[0.0, -1.0, 0.0]
[23:14:13][][main/INFO]: i:107, T:Vector3f[-0.30118835, 0.0, -0.9535647], B:Vector3f[0.43155903, -0.11276088, 0.8950094]
[23:14:13][][main/INFO]: i:108, T:Vector3f[-0.30118835, -0.0, -0.9535647], B:Vector3f[-0.0, 1.0, -0.0]
[23:14:13][][main/INFO]: i:109, T:Vector3f[-0.23777667, 0.7922663, -0.5619399], B:Vector3f[-0.0, 1.0, -0.0]
[23:14:13][][main/INFO]: i:110, T:Vector3f[-0.3011884, 9.818831E-7, -0.95356464], B:Vector3f[0.38003916, 0.52849877, 0.7591174]
[23:14:13][][main/INFO]: i:111, T:Vector3f[-0.30117515, -0.0, -0.9535688], B:Vector3f[0.95356745, -0.0, -0.30117977]
[23:14:13][][main/INFO]: i:112, T:Vector3f[-0.99386644, 0.088086225, 0.066860415], B:Vector3f[0.9535673, -0.0, -0.30117995]
[23:14:13][][main/INFO]: i:113, T:Vector3f[0.85194147, 0.08809865, -0.5161727], B:Vector3f[-0.9535646, 0.0, 0.30118862]
[23:14:13][][main/INFO]: i:114, T:Vector3f[-0.30143484, -0.0, -0.9534868], B:Vector3f[-0.95356476, -0.0, 0.3011881]
[23:14:13][][main/INFO]: i:115, T:Vector3f[-0.30119175, 9.5423975E-6, -0.9535636], B:Vector3f[-0.2967703, 0.17057906, -0.9395904]
[23:14:13][][main/INFO]: i:116, T:Vector3f[-0.95356745, -0.0, 0.30117965], B:Vector3f[0.70374364, 0.03299677, -0.7096873]
[23:14:13][][main/INFO]: i:117, T:Vector3f[-0.9535673, 0.0, 0.30117992], B:Vector3f[-0.0, -1.0, -0.0]
[23:14:13][][main/INFO]: i:118, T:Vector3f[-0.2639234, -0.7357321, -0.6237328], B:Vector3f[-0.0, -1.0, -0.0]
[23:14:13][][main/INFO]: i:119, T:Vector3f[-0.3011886, -0.0, -0.9535645], B:Vector3f[0.19219393, -0.91524756, -0.3540951]
[23:14:13][][main/INFO]: i:120, T:Vector3f[-0.3011886, 0.0, -0.9535645], B:Vector3f[-0.0, -0.99999994, -0.0]
[23:14:13][][main/INFO]: i:121, T:Vector3f[0.058203865, -0.98115045, 0.18427163], B:Vector3f[-0.30110326, -0.023829034, -0.9532938]
[23:14:13][][main/INFO]: i:122, T:Vector3f[NaN, NaN, NaN], B:Vector3f[NaN, NaN, NaN]
[23:14:13][][main/INFO]: i:123, T:Vector3f[0.9535647, -0.0, -0.30118808], B:Vector3f[-0.0, -1.0, 0.0]
[23:14:13][][main/INFO]: i:124, T:Vector3f[0.7466622, -0.621994, -0.23583691], B:Vector3f[-0.7466622, 0.62199396, 0.23583688]
[23:14:13][][main/INFO]: i:125, T:Vector3f[0.9535647, 0.0, -0.30118805], B:Vector3f[-0.7678408, -0.59296006, 0.24252625]
[23:14:13][][main/INFO]: i:126, T:Vector3f[0.95356476, 0.0, -0.30118805], B:Vector3f[-0.0, -1.0, -0.0]
[23:14:13][][main/INFO]: i:127, T:Vector3f[0.28795564, -0.95331484, -0.0909522], B:Vector3f[-0.28795558, 0.9533149, 0.09095224]
[23:14:13][][main/INFO]: i:128, T:Vector3f[-0.30119175, 0.0, -0.9535635], B:Vector3f[0.30119178, 0.0, 0.9535636]
[23:14:13][][main/INFO]: i:129, T:Vector3f[0.9535645, -0.0, -0.30118895], B:Vector3f[0.30119178, -0.0, 0.9535636]
[23:14:13][][main/INFO]: i:130, T:Vector3f[0.9535645, -0.0, -0.30118895], B:Vector3f[-0.023759734, -0.99968964, 0.0075049526]
[23:14:13][][main/INFO]: i:131, T:Vector3f[0.743423, 0.6262463, -0.23481452], B:Vector3f[-0.0, -0.99999994, -0.0]
[23:14:13][][main/INFO]: i:132, T:Vector3f[-0.30119175, -0.0, -0.9535635], B:Vector3f[-0.0, -0.99999994, -0.0]
[23:14:13][][main/INFO]: i:133, T:Vector3f[0.022717452, 0.97762954, -0.20910387], B:Vector3f[0.5276775, -0.8493995, 0.008773164]
[23:14:13][][main/INFO]: i:134, T:Vector3f[-0.06372549, 0.99783444, -0.016294776], B:Vector3f[-0.0, 1.0, -0.0]
[23:14:13][][main/INFO]: i:135, T:Vector3f[0.9535645, -0.0, -0.30118892], B:Vector3f[-0.0, 1.0, -0.0]
[23:14:13][][main/INFO]: i:136, T:Vector3f[0.9535645, -0.0, -0.30118892], B:Vector3f[-0.7726712, -0.58601797, 0.24405341]
[23:14:13][][main/INFO]: i:137, T:Vector3f[0.82496196, 0.5015392, -0.26056907], B:Vector3f[-0.0, -1.0, -0.0]
[23:14:13][][main/INFO]: i:138, T:Vector3f[-0.30119175, -0.0, -0.9535636], B:Vector3f[-0.0, -1.0, -0.0]
[23:14:13][][main/INFO]: i:139, T:Vector3f[0.6401331, 0.49851355, -0.5845629], B:Vector3f[0.946515, 0.06283039, -0.31648332]
[23:14:13][][main/INFO]: i:140, T:Vector3f[-0.3011842, -0.0, -0.95356596], B:Vector3f[0.948389, -0.0, -0.31710908]
[23:14:13][][main/INFO]: i:141, T:Vector3f[-0.30118385, -0.0, -0.9535661], B:Vector3f[-0.9535621, -0.0, 0.30119658]
[23:14:13][][main/INFO]: i:142, T:Vector3f[0.953562, -0.0, -0.30119658], B:Vector3f[-0.9535621, -0.0, 0.3011966]
[23:14:13][][main/INFO]: i:143, T:Vector3f[0.09436402, 0.9950915, -0.029806249], B:Vector3f[-0.0, -1.0, -0.0]
[23:14:13][][main/INFO]: i:144, T:Vector3f[0.9535621, -0.0, -0.3011966], B:Vector3f[-0.0, -1.0, -0.0]
[23:14:13][][main/INFO]: i:145, T:Vector3f[0.92872494, 0.2267577, -0.29334462], B:Vector3f[0.21293245, -0.97475, -0.067248136]
[23:14:13][][main/INFO]: i:146, T:Vector3f[0.91477466, 0.28231707, -0.28893667], B:Vector3f[-0.0, -1.0, -0.0]
[23:14:13][][main/INFO]: i:147, T:Vector3f[0.9535647, -0.0, -0.30118826], B:Vector3f[-0.0, -1.0, -0.0]
[23:14:13][][main/INFO]: i:148, T:Vector3f[0.95773804, 0.043820962, -0.28428453], B:Vector3f[0.30119175, 0.0, 0.95356363]
[23:14:13][][main/INFO]: i:149, T:Vector3f[0.9286739, 0.17165935, -0.32878223], B:Vector3f[-0.0, 1.0, -0.0]
[23:14:13][][main/INFO]: i:150, T:Vector3f[0.95356447, -0.0, -0.30118895], B:Vector3f[-0.0, 1.0, -0.0]
[23:14:13][][main/INFO]: i:151, T:Vector3f[0.9535645, -0.0, -0.30118895], B:Vector3f[-0.9632926, -0.04915003, 0.26391605]
[23:14:13][][main/INFO]: i:152, T:Vector3f[0.9549898, -0.1313741, -0.2659611], B:Vector3f[-0.0, -1.0, -0.0]
[23:14:13][][main/INFO]: i:153, T:Vector3f[0.9535647, -0.0, -0.3011883], B:Vector3f[-0.0, -1.0, -0.0]
[23:14:13][][main/INFO]: i:154, T:Vector3f[0.9457988, 0.085564, -0.31327847], B:Vector3f[-0.8895318, -0.38644573, 0.24370661]
[23:14:13][][main/INFO]: i:155, T:Vector3f[0.99521405, -0.042793132, -0.08785111], B:Vector3f[-0.30119333, -0.0, -0.95356315]
[23:14:13][][main/INFO]: i:156, T:Vector3f[0.9535647, -0.0, -0.3011883], B:Vector3f[-0.30119172, -0.0, -0.9535636]
[23:14:13][][main/INFO]: i:157, T:Vector3f[0.9535647, -0.0, -0.30118826], B:Vector3f[0.4271508, -0.90406775, 0.014274391]
[23:14:13][][main/INFO]: i:158, T:Vector3f[-0.9157645, -0.040669616, -0.3996515], B:Vector3f[4.151037E-5, -0.99999994, 1.8105336E-5]
[23:14:13][][main/INFO]: i:159, T:Vector3f[0.30119103, -0.0, 0.95356387], B:Vector3f[-4.687999E-6, -1.0, -1.4842098E-5]
[23:14:13][][main/INFO]: i:160, T:Vector3f[0.301191, 0.0, 0.95356387], B:Vector3f[0.30119103, 0.0, 0.95356375]
[23:14:13][][main/INFO]: i:161, T:Vector3f[0.111018255, -0.9295891, 0.35148117], B:Vector3f[-0.0, -1.0, -0.0]
[23:14:13][][main/INFO]: i:162, T:Vector3f[0.30119103, -0.0, 0.95356387], B:Vector3f[-0.0, -1.0, -0.0]
[23:14:13][][main/INFO]: i:163, T:Vector3f[0.30119103, 0.0, 0.95356387], B:Vector3f[-0.30029264, -0.07717903, -0.95071954]
[23:14:13][][main/INFO]: i:164, T:Vector3f[0.058547236, -0.9809252, 0.18535918], B:Vector3f[-0.0, 1.0, -0.0]
[23:14:13][][main/INFO]: i:165, T:Vector3f[-0.30118856, -0.0, -0.95356464], B:Vector3f[0.0, 1.0, 0.0]
[23:14:13][][main/INFO]: i:166, T:Vector3f[-0.30118853, -0.0, -0.95356464], B:Vector3f[-0.34530237, 0.25272638, -0.90382284]
[23:14:13][][main/INFO]: i:167, T:Vector3f[0.23638542, -0.75883853, 0.60686576], B:Vector3f[-0.0, -1.0, -0.0]
[23:14:13][][main/INFO]: i:168, T:Vector3f[0.9535621, -0.0, -0.3011966], B:Vector3f[-0.0, -1.0, -0.0]
[23:14:13][][main/INFO]: i:169, T:Vector3f[0.20996119, 0.9754578, -0.066319324], B:Vector3f[0.20996118, 0.9754579, -0.06631933]
[23:14:13][][main/INFO]: i:170, T:Vector3f[-0.30118397, -0.0, -0.9535661], B:Vector3f[0.21043459, 0.9754567, -0.064819664]
[23:14:13][][main/INFO]: i:171, T:Vector3f[-0.30118388, 0.0, -0.9535662], B:Vector3f[0.9535621, -0.0, -0.30119663]
[23:14:13][][main/INFO]: i:172, T:Vector3f[0.5204877, 0.0, -0.8538691], B:Vector3f[-0.5204877, 0.0, 0.8538691]
[23:14:13][][main/INFO]: i:173, T:Vector3f[-0.025309987, 0.9988171, 0.041521437], B:Vector3f[-0.0, -1.0, -0.0]
[23:14:13][][main/INFO]: i:174, T:Vector3f[-0.30118883, 0.0, -0.9535645], B:Vector3f[0.0, -1.0, 0.0]
[23:14:13][][main/INFO]: i:175, T:Vector3f[-0.28782672, 0.2945521, -0.91126007], B:Vector3f[0.28782666, -0.29455203, 0.9112601]
[23:14:13][][main/INFO]: i:176, T:Vector3f[0.0, 1.0, 0.0], B:Vector3f[0.0, -0.99999994, 0.0]
[23:14:13][][main/INFO]: i:177, T:Vector3f[-0.9535627, -0.0, 0.30119446], B:Vector3f[0.0, -0.99999994, -0.0]
[23:14:13][][main/INFO]: i:178, T:Vector3f[-0.9535627, 0.0, 0.30119446], B:Vector3f[0.9535628, 0.0, -0.30119452]
[23:14:13][][main/INFO]: i:179, T:Vector3f[0.054869067, 0.99834317, -0.017331079], B:Vector3f[-3.7054098E-4, -0.99999994, 1.170488E-4]
[23:14:13][][main/INFO]: i:180, T:Vector3f[-0.95356274, -0.0, 0.3011945], B:Vector3f[1.9037501E-4, -1.0, -6.0132286E-5]
[23:14:13][][main/INFO]: i:181, T:Vector3f[-0.95356274, 0.0, 0.3011945], B:Vector3f[0.8844984, -0.0, -0.46654314]
[23:14:13][][main/INFO]: i:182, T:Vector3f[0.8961886, -0.0, -0.4436733], B:Vector3f[-0.9535673, -0.0, 0.30118003]
[23:14:13][][main/INFO]: i:183, T:Vector3f[-0.30118856, -0.0, -0.95356464], B:Vector3f[-0.95356727, -0.0, 0.30118045]
[23:14:13][][main/INFO]: i:184, T:Vector3f[-0.3011886, 0.0, -0.95356464], B:Vector3f[0.0, 1.0, 0.0]
[23:14:13][][main/INFO]: i:185, T:Vector3f[-0.2756158, -0.35992283, -0.8913425], B:Vector3f[0.95356727, -0.0, -0.30118027]
[23:14:13][][main/INFO]: i:186, T:Vector3f[-0.3011888, -0.0, -0.9535645], B:Vector3f[0.95356727, -0.0, -0.30118045]
[23:14:13][][main/INFO]: i:187, T:Vector3f[-0.30118883, 0.0, -0.9535645], B:Vector3f[0.28787377, -0.29404473, 0.911409]
[23:14:13][][main/INFO]: i:188, T:Vector3f[0.30049413, -0.06788029, 0.95136505], B:Vector3f[0.0, -1.0, 0.0]
[23:14:13][][main/INFO]: i:189, T:Vector3f[-0.30118883, 0.0, -0.9535645], B:Vector3f[0.0, -1.0, 0.0]
[23:14:13][][main/INFO]: i:190, T:Vector3f[-0.26745307, 0.07727946, -0.9604669], B:Vector3f[0.9535672, -0.0, -0.30118045]
[23:14:13][][main/INFO]: i:191, T:Vector3f[-0.23427762, -0.0018749309, -0.97216797], B:Vector3f[-0.0, 1.0, -0.0]
[23:14:13][][main/INFO]: i:192, T:Vector3f[-0.30118856, -0.0, -0.9535647], B:Vector3f[0.0, 1.0, 0.0]
[23:14:13][][main/INFO]: i:193, T:Vector3f[-0.30118856, 0.0, -0.9535647], B:Vector3f[0.21316612, -0.009640272, -0.9769684]
[23:14:13][][main/INFO]: i:194, T:Vector3f[-0.8536128, -0.34454107, -0.39068758], B:Vector3f[-0.34874383, -0.60841537, -0.71288747]
[23:14:13][][main/INFO]: i:195, T:Vector3f[0.6648339, 0.17771551, -0.7255433], B:Vector3f[-0.86496735, -0.488899, 0.11317775]
[23:14:13][][main/INFO]: i:196, T:Vector3f[NaN, NaN, NaN], B:Vector3f[NaN, NaN, NaN]
[23:14:13][][main/INFO]: i:197, T:Vector3f[0.6648339, 0.1777155, -0.7255433], B:Vector3f[-0.8649673, -0.48889902, 0.11317773]
[23:14:13][][main/INFO]: i:198, T:Vector3f[-0.13461423, 0.33908784, -0.93107384], B:Vector3f[-0.55773425, -0.8208216, -0.12322495]
[23:14:13][][main/INFO]: i:199, T:Vector3f[0.4164947, 0.8538612, -0.31217495], B:Vector3f[-0.41649473, -0.8538613, 0.31217498]
[23:14:13][][main/INFO]: i:200, T:Vector3f[-0.3778224, -0.17990874, 0.9082307], B:Vector3f[0.32331258, -0.006902174, -0.946267]
[23:14:13][][main/INFO]: i:201, T:Vector3f[0.8821092, -0.1882728, -0.43178308], B:Vector3f[-0.67438895, 0.060758702, -0.73587215]
[23:14:13][][main/INFO]: i:202, T:Vector3f[0.88210917, -0.18827279, -0.4317831], B:Vector3f[-0.67438895, 0.06075871, -0.73587215]
[23:14:13][][main/INFO]: i:203, T:Vector3f[NaN, NaN, NaN], B:Vector3f[NaN, NaN, NaN]
[23:14:13][][main/INFO]: i:204, T:Vector3f[0.93486553, -0.07398847, -0.3472062], B:Vector3f[-0.13214263, 0.6407238, -0.7563142]
[23:14:13][][main/INFO]: i:205, T:Vector3f[-0.78984463, -0.16924167, 0.5894936], B:Vector3f[0.48441508, 0.42099828, -0.76687837]
[23:14:13][][main/INFO]: i:206, T:Vector3f[-0.52643657, 0.6361164, -0.56411034], B:Vector3f[0.52643657, -0.63611645, 0.56411034]
[23:14:13][][main/INFO]: i:207, T:Vector3f[-0.8387964, 0.26061317, -0.4780184], B:Vector3f[-0.7848793, -0.6186727, 0.034762792]
[23:14:13][][main/INFO]: i:208, T:Vector3f[-0.09238675, 0.3364571, -0.93715596], B:Vector3f[-0.9109887, -0.37398717, 0.17387693]
[23:14:13][][main/INFO]: i:209, T:Vector3f[NaN, NaN, NaN], B:Vector3f[NaN, NaN, NaN]
[23:14:13][][main/INFO]: i:210, T:Vector3f[-0.15350065, 0.34006846, -0.92778826], B:Vector3f[0.10667949, -0.91377926, -0.39195263]
[23:14:13][][main/INFO]: i:211, T:Vector3f[0.3974514, 0.26137033, -0.87961245], B:Vector3f[-0.24145848, -0.9302108, -0.27641582]
[23:14:13][][main/INFO]: i:212, T:Vector3f[-0.9661018, 0.01902584, 0.2574593], B:Vector3f[-0.95058167, -0.12099244, 0.28592902]
[23:14:13][][main/INFO]: i:213, T:Vector3f[0.8675985, 0.07358121, -0.4917913], B:Vector3f[-0.23909031, -0.9305361, -0.27737796]
[23:14:13][][main/INFO]: i:214, T:Vector3f[-0.98125404, 0.12482534, 0.14683051], B:Vector3f[0.69540894, -0.4677805, -0.5455161]
[23:14:13][][main/INFO]: i:215, T:Vector3f[0.651059, -0.28251994, 0.70448893], B:Vector3f[-0.66501695, -0.17551886, -0.72591025]
[23:14:13][][main/INFO]: i:216, T:Vector3f[0.7681325, -0.2857497, 0.5729919], B:Vector3f[0.41874462, -0.7874938, -0.45222384]
[23:14:13][][main/INFO]: i:217, T:Vector3f[0.17681488, -0.34111446, 0.92324287], B:Vector3f[0.659274, -0.59377855, -0.46128622]
[23:14:13][][main/INFO]: i:218, T:Vector3f[-0.39745182, -0.2613529, 0.87961745], B:Vector3f[-0.24146506, -0.9302129, -0.27640295]
[23:14:13][][main/INFO]: i:219, T:Vector3f[-0.53085285, -0.22461875, 0.8171545], B:Vector3f[0.5592995, -0.6877784, -0.46275812]
[23:14:13][][main/INFO]: i:220, T:Vector3f[-0.964679, 0.123526305, 0.23267075], B:Vector3f[0.7827411, -0.618643, -0.067802384]
[23:14:13][][main/INFO]: i:221, T:Vector3f[-0.97712165, 0.13784377, 0.16196392], B:Vector3f[0.2592985, -0.6292098, -0.7327068]
[23:14:13][][main/INFO]: i:222, T:Vector3f[-0.97204256, 0.16678655, -0.16527419], B:Vector3f[-0.24285033, -0.9300204, -0.2758366]
[23:14:13][][main/INFO]: i:223, T:Vector3f[-0.64441365, 0.3148998, -0.696828], B:Vector3f[-0.24215333, -0.9301183, -0.2761186]
[23:14:13][][main/INFO]: i:224, T:Vector3f[-0.6444165, 0.31489998, -0.6968251], B:Vector3f[-0.24218623, -0.9301042, -0.2761377]
[23:14:13][][main/INFO]: i:225, T:Vector3f[0.5308478, 0.22464356, -0.8171511], B:Vector3f[0.55929875, -0.6877785, -0.46275887]
[23:14:13][][main/INFO]: i:226, T:Vector3f[0.40311015, 0.28712183, -0.86894375], B:Vector3f[-0.44603702, -0.6047464, 0.6597975]
[23:14:13][][main/INFO]: i:227, T:Vector3f[0.24175116, 0.930352, 0.2756838], B:Vector3f[-0.24175118, -0.930352, -0.27568382]
[23:14:13][][main/INFO]: i:228, T:Vector3f[0.9720394, -0.16681056, 0.1652685], B:Vector3f[-0.24289154, -0.93000805, -0.27584192]
[23:14:13][][main/INFO]: i:229, T:Vector3f[0.9924711, -0.07905111, -0.09355135], B:Vector3f[0.82279956, -0.3697537, -0.43160537]
[23:14:13][][main/INFO]: i:230, T:Vector3f[NaN, NaN, NaN], B:Vector3f[NaN, NaN, NaN]
[23:14:13][][main/INFO]: i:231, T:Vector3f[0.15350395, -0.34006906, 0.9277874], B:Vector3f[0.10668179, -0.91378057, -0.3919488]
[23:14:13][][main/INFO]: i:232, T:Vector3f[0.17680861, -0.34110957, 0.9232459], B:Vector3f[0.6592718, -0.5937766, -0.46129185]
[23:14:13][][main/INFO]: i:233, T:Vector3f[NaN, NaN, NaN], B:Vector3f[NaN, NaN, NaN]
[23:14:13][][main/INFO]: i:234, T:Vector3f[-0.86759555, -0.07355913, 0.4917997], B:Vector3f[-0.23909026, -0.93053585, -0.27737835]
[23:14:13][][main/INFO]: i:235, T:Vector3f[-0.9654721, 0.11042575, 0.23594467], B:Vector3f[-0.61114323, -0.7179531, 0.3332376]
[23:14:13][][main/INFO]: Saved GameSettings options. (options.dat)
