[23:03:06][][main/INFO]: Loaded GameSettings options. (options.dat)
[23:03:06][][main/INFO]: OperationSystem Mac OS X 10.15.4, rt 1.8.0_231 x86_64, VM Java HotSpot(TM) 64-Bit Server VM v25.231-b11
[23:03:06][][main/INFO]: RenderEngine initialized. GL_I: Intel Inc. - Intel(R) Iris(TM) Plus Graphics 645 | 4.1 INTEL-14.5.22
[23:03:06][][main/INFO]: LWJGL 3.2.3 build 13, GLFWL 3.4.0 Cocoa NSGL EGL OSMesa dynamic
[23:03:07][][main/INFO]: AudioEngine initialized. AL_I: OpenAL Community / 1.1 ALSOFT 1.19.1, devispec OpenAL Soft
[23:03:45][][main/INFO]: barErr. denome==0
[23:03:45][][main/INFO]: barErr. denome==0
[23:03:45][][main/INFO]: barErr. denome==0
[23:03:45][][main/INFO]: barErr. denome==0
[23:03:45][][main/INFO]: barErr. denome==0
[23:03:45][][main/INFO]: barErr. denome==0
[23:03:45][][main/INFO]: barErr. denome==0
[23:03:45][][main/INFO]: barErr. denome==0
[23:03:45][][main/INFO]: barErr. denome==0
[23:03:45][][main/INFO]: barErr. denome==0
[23:03:45][][main/INFO]: barErr. denome==0
[23:03:45][][main/INFO]: barErr. denome==0
[23:03:45][][main/WARN]: zero penetration
[23:03:45][][main/INFO]: barErr. denome==0
[23:03:45][][main/WARN]: zero penetration
[23:04:43][][main/INFO]: barErr. denome==0
[23:04:46][][main/WARN]: zero penetration
[23:04:46][][main/INFO]: Err. computeMTV() out of itr.
[23:04:46][][main/WARN]: no find mtv. err
[23:04:46][][main/INFO]: Err. computeMTV() out of itr.
[23:04:46][][main/WARN]: no find mtv. err
[23:04:46][][main/INFO]: Err. computeMTV() out of itr.
[23:04:46][][main/WARN]: no find mtv. err
[23:04:46][][main/INFO]: barErr. denome==0
[23:05:11][][main/WARN]: zero penetration
[23:05:21][][main/WARN]: zero penetration
[23:05:57][][main/INFO]: barErr. denome==0
[23:05:57][][main/INFO]: barErr. denome==0
[23:05:57][][main/INFO]: barErr. denome==0
[23:06:03][][main/INFO]: Saved GameSettings options. (options.dat)
