[22:27:05][][main/INFO]: Loaded GameSettings options. (options.dat)
[22:27:06][][main/INFO]: OperationSystem Mac OS X 10.15.4, rt 1.8.0_231 x86_64, VM Java HotSpot(TM) 64-Bit Server VM v25.231-b11
[22:27:08][][main/INFO]: RenderEngine initialized. GL_I: Intel Inc. - Intel(R) Iris(TM) Plus Graphics 645 | 4.1 INTEL-14.5.22
[22:27:08][][main/INFO]: LWJGL 3.2.3 build 13, GLFWL 3.4.0 Cocoa NSGL EGL OSMesa dynamic
[22:27:08][][main/INFO]: AudioEngine initialized. AL_I: OpenAL Community / 1.1 ALSOFT 1.19.1, devispec OpenAL Soft
[22:27:23][][main/WARN]: Out of iter 30
[22:27:23][][main/WARN]: illegal ContactPoint-OnB. not in both AABB of bodyA and bodyB.
[22:27:23][][main/WARN]: big penetration: 76.92961
[22:27:34][][main/WARN]: big penetration: 335.85364
[22:27:35][][main/INFO]: triangle zero len Norm
[22:27:35][][main/INFO]: triangle zero len Norm
[22:27:35][][main/INFO]: triangle zero len Norm
[22:27:35][][main/INFO]: triangle zero len Norm
[22:27:35][][main/WARN]: big penetration: 44.001472
[22:27:35][][main/WARN]: big penetration: 59.05255
[22:27:35][][main/WARN]: big penetration: 76.110596
[22:27:36][][main/WARN]: big penetration: 166.09866
[22:27:36][][main/WARN]: big penetration: 239.36938
[22:27:36][][main/INFO]: triangle zero len Norm
[22:27:36][][main/INFO]: triangle zero len Norm
[22:27:36][][main/INFO]: triangle zero len Norm
[22:27:36][][main/INFO]: triangle zero len Norm
[22:27:36][][main/INFO]: triangle zero len Norm
[22:27:36][][main/INFO]: triangle zero len Norm
[22:27:36][][main/INFO]: triangle zero len Norm
[22:27:36][][main/INFO]: triangle zero len Norm
[22:27:36][][main/INFO]: triangle zero len Norm
[22:27:36][][main/INFO]: triangle zero len Norm
[22:27:36][][main/INFO]: Err. computeMTV() out of itr.
[22:27:36][][main/WARN]: big penetration: 1201.7731
[22:27:38][][main/INFO]: triangle zero len Norm
[22:27:38][][main/INFO]: triangle zero len Norm
[22:27:38][][main/INFO]: triangle zero len Norm
[22:27:38][][main/INFO]: triangle zero len Norm
[22:27:38][][main/WARN]: big penetration: 45.09944
[22:27:39][][main/WARN]: big penetration: 63.30893
[22:27:39][][main/INFO]: triangle zero len Norm
[22:27:39][][main/INFO]: triangle zero len Norm
[22:27:39][][main/INFO]: triangle zero len Norm
[22:27:39][][main/INFO]: triangle zero len Norm
[22:27:39][][main/WARN]: big penetration: 48.887375
[22:27:39][][main/INFO]: triangle zero len Norm
[22:27:39][][main/INFO]: triangle zero len Norm
[22:27:39][][main/INFO]: triangle zero len Norm
[22:27:39][][main/INFO]: triangle zero len Norm
[22:27:39][][main/WARN]: big penetration: 44.013382
[22:27:40][][main/WARN]: big penetration: 46.845337
[22:27:40][][main/WARN]: big penetration: 53.022247
[22:27:40][][main/WARN]: big penetration: 52.661835
[22:27:40][][main/WARN]: big penetration: 57.88968
[22:27:41][][main/WARN]: big penetration: 10.634979
[22:27:41][][main/WARN]: big penetration: 53.265274
[22:27:41][][main/WARN]: big penetration: 44.009186
[22:27:42][][main/WARN]: big penetration: 13.11911
[22:27:42][][main/WARN]: big penetration: 57.52324
[22:27:42][][main/WARN]: big penetration: 85.3082
[22:27:42][][main/WARN]: big penetration: 50.45082
[22:27:43][][main/WARN]: big penetration: 44.022675
[22:27:43][][main/WARN]: big penetration: 51.682373
[22:27:43][][main/WARN]: big penetration: 58.66324
[22:27:43][][main/WARN]: big penetration: 44.00653
[22:27:44][][main/WARN]: big penetration: 44.027313
[22:27:44][][main/WARN]: big penetration: 44.036667
[22:27:44][][main/WARN]: big penetration: 44.009094
[22:27:46][][main/WARN]: big penetration: 47.499557
[22:27:47][][main/WARN]: big penetration: 96.93373
[22:27:55][][main/INFO]: Saved GameSettings options. (options.dat)
