[23:14:34][][main/INFO]: Loaded GameSettings options. (options.dat)
[23:14:35][][main/INFO]: OperationSystem Mac OS X 10.15.4, rt 1.8.0_231 x86_64, VM Java HotSpot(TM) 64-Bit Server VM v25.231-b11
[23:14:35][][main/INFO]: i:0, T:Vector3f[2.0, 0.0, -0.0], B:Vector3f[0.0, 2.0, 0.0]
[23:14:35][][main/INFO]: i:1, T:Vector3f[NaN, NaN, NaN], B:Vector3f[NaN, NaN, NaN]
[23:14:35][][main/INFO]: i:2, T:Vector3f[NaN, NaN, NaN], B:Vector3f[NaN, NaN, NaN]
[23:14:35][][main/INFO]: i:3, T:Vector3f[2.0, 0.0, 0.0], B:Vector3f[0.0, 2.0, 0.0]
[23:14:35][][main/INFO]: i:4, T:Vector3f[NaN, NaN, NaN], B:Vector3f[NaN, NaN, NaN]
[23:14:35][][main/INFO]: i:5, T:Vector3f[NaN, NaN, NaN], B:Vector3f[NaN, NaN, NaN]
[23:14:35][][main/INFO]: i:0, T:Vector3f[0.0, -0.0, 1.0], B:Vector3f[-0.0, 1.0, -0.0]
[23:14:35][][main/INFO]: i:1, T:Vector3f[NaN, NaN, NaN], B:Vector3f[NaN, NaN, NaN]
[23:14:35][][main/INFO]: i:2, T:Vector3f[NaN, NaN, NaN], B:Vector3f[NaN, NaN, NaN]
[23:14:35][][main/INFO]: i:3, T:Vector3f[-0.0, -0.0, 1.0], B:Vector3f[-0.0, 1.0, -0.0]
[23:14:35][][main/INFO]: i:4, T:Vector3f[-Infinity, NaN, -Infinity], B:Vector3f[NaN, NaN, NaN]
[23:14:35][][main/INFO]: i:5, T:Vector3f[NaN, NaN, NaN], B:Vector3f[-Infinity, NaN, -Infinity]
[23:14:35][][main/INFO]: i:6, T:Vector3f[0.0, -0.0, -1.0], B:Vector3f[-0.0, 1.0, -0.0]
[23:14:35][][main/INFO]: i:7, T:Vector3f[NaN, NaN, NaN], B:Vector3f[NaN, NaN, NaN]
[23:14:35][][main/INFO]: i:8, T:Vector3f[NaN, NaN, NaN], B:Vector3f[NaN, NaN, NaN]
[23:14:35][][main/INFO]: i:9, T:Vector3f[-0.0, -0.0, -1.0], B:Vector3f[-0.0, 1.0, -0.0]
[23:14:35][][main/INFO]: i:10, T:Vector3f[Infinity, Infinity, NaN], B:Vector3f[NaN, NaN, NaN]
[23:14:35][][main/INFO]: i:11, T:Vector3f[NaN, NaN, NaN], B:Vector3f[Infinity, Infinity, NaN]
[23:14:35][][main/INFO]: i:12, T:Vector3f[1.0, 0.0, -0.0], B:Vector3f[-0.0, -0.0, 1.0]
[23:14:35][][main/INFO]: i:13, T:Vector3f[NaN, NaN, NaN], B:Vector3f[NaN, NaN, NaN]
[23:14:35][][main/INFO]: i:14, T:Vector3f[NaN, NaN, NaN], B:Vector3f[NaN, NaN, NaN]
[23:14:35][][main/INFO]: i:15, T:Vector3f[1.0, -0.0, -0.0], B:Vector3f[-0.0, -0.0, 1.0]
[23:14:35][][main/INFO]: i:16, T:Vector3f[NaN, -Infinity, Infinity], B:Vector3f[NaN, NaN, NaN]
[23:14:35][][main/INFO]: i:17, T:Vector3f[NaN, NaN, NaN], B:Vector3f[NaN, -Infinity, Infinity]
[23:14:35][][main/INFO]: i:18, T:Vector3f[1.0, 0.0, 0.0], B:Vector3f[-0.0, -0.0, -1.0]
[23:14:35][][main/INFO]: i:19, T:Vector3f[NaN, NaN, NaN], B:Vector3f[NaN, NaN, NaN]
[23:14:35][][main/INFO]: i:20, T:Vector3f[NaN, NaN, NaN], B:Vector3f[NaN, NaN, NaN]
[23:14:35][][main/INFO]: i:21, T:Vector3f[1.0, -0.0, -0.0], B:Vector3f[-0.0, -0.0, -1.0]
[23:14:35][][main/INFO]: i:22, T:Vector3f[-Infinity, NaN, NaN], B:Vector3f[NaN, NaN, NaN]
[23:14:35][][main/INFO]: i:23, T:Vector3f[NaN, NaN, NaN], B:Vector3f[-Infinity, NaN, NaN]
[23:14:35][][main/INFO]: i:24, T:Vector3f[-1.0, -0.0, 0.0], B:Vector3f[-0.0, 1.0, -0.0]
[23:14:35][][main/INFO]: i:25, T:Vector3f[NaN, NaN, NaN], B:Vector3f[NaN, NaN, NaN]
[23:14:35][][main/INFO]: i:26, T:Vector3f[NaN, NaN, NaN], B:Vector3f[NaN, NaN, NaN]
[23:14:35][][main/INFO]: i:27, T:Vector3f[-1.0, -0.0, -0.0], B:Vector3f[-0.0, 1.0, -0.0]
[23:14:35][][main/INFO]: i:28, T:Vector3f[Infinity, NaN, -Infinity], B:Vector3f[NaN, NaN, NaN]
[23:14:35][][main/INFO]: i:29, T:Vector3f[NaN, NaN, NaN], B:Vector3f[Infinity, NaN, -Infinity]
[23:14:35][][main/INFO]: i:30, T:Vector3f[1.0, -0.0, 0.0], B:Vector3f[-0.0, 1.0, -0.0]
[23:14:35][][main/INFO]: i:31, T:Vector3f[NaN, NaN, NaN], B:Vector3f[NaN, NaN, NaN]
[23:14:35][][main/INFO]: i:32, T:Vector3f[NaN, NaN, NaN], B:Vector3f[NaN, NaN, NaN]
[23:14:35][][main/INFO]: i:33, T:Vector3f[1.0, -0.0, -0.0], B:Vector3f[-0.0, 1.0, -0.0]
[23:14:35][][main/INFO]: i:34, T:Vector3f[NaN, NaN, Infinity], B:Vector3f[NaN, NaN, NaN]
[23:14:35][][main/INFO]: i:35, T:Vector3f[NaN, NaN, NaN], B:Vector3f[NaN, NaN, Infinity]
[23:14:35][][main/INFO]: i:0, T:Vector3f[NaN, NaN, NaN], B:Vector3f[NaN, NaN, NaN]
[23:14:35][][main/INFO]: i:1, T:Vector3f[NaN, NaN, NaN], B:Vector3f[NaN, NaN, NaN]
[23:14:35][][main/INFO]: RenderEngine initialized. GL_I: Intel Inc. - Intel(R) Iris(TM) Plus Graphics 645 | 4.1 INTEL-14.5.22
[23:14:35][][main/INFO]: LWJGL 3.2.3 build 13, GLFWL 3.4.0 Cocoa NSGL EGL OSMesa dynamic
[23:14:35][][main/INFO]: AudioEngine initialized. AL_I: OpenAL Community / 1.1 ALSOFT 1.19.1, devispec OpenAL Soft
[23:14:36][][main/INFO]: i:0, T:Vector3f[-5.1303705E-6, -0.0, 7.0307956], B:Vector3f[0.0, 7.030759, -0.0]
[23:14:36][][main/INFO]: i:1, T:Vector3f[-0.3878426, 0.26051715, 7.0307813], B:Vector3f[6.3882356, 2.7396715, 2.502124E-4]
[23:14:36][][main/INFO]: i:2, T:Vector3f[-6.6982557E-6, -0.0, 7.0307703], B:Vector3f[6.280888, 2.8117793, 2.5440968E-4]
[23:14:36][][main/INFO]: i:3, T:Vector3f[-6.7050614E-6, -0.0, 7.0307703], B:Vector3f[22.577854, -0.69887525, -2.7199407E-5]
[23:14:36][][main/INFO]: i:4, T:Vector3f[1.8478632, 0.1841213, 7.009443], B:Vector3f[-15.0562105, -4.4487247, 0.4343348]
[23:14:36][][main/INFO]: i:5, T:Vector3f[160.56154, -88.5549, 2.431078], B:Vector3f[1.3609875E-5, -12.866867, 1.22630645E-5]
[23:14:36][][main/INFO]: i:6, T:Vector3f[-2.454144E-5, -0.0, 12.866782], B:Vector3f[1.22708E-5, -12.866866, 1.22708E-5]
[23:14:36][][main/INFO]: i:7, T:Vector3f[-2.454144E-5, -0.0, 12.866782], B:Vector3f[3.569882E-5, -22.292814, -29.862848]
[23:14:36][][main/INFO]: i:8, T:Vector3f[-7.143746E-6, -7.490761, 7.47861E-6], B:Vector3f[-4.679967E-6, -4.907301, 4.8993406E-6]
[23:14:36][][main/INFO]: i:9, T:Vector3f[-15.836469, -0.0, -0.0], B:Vector3f[-4.679967E-6, -4.907301, 4.89934E-6]
[23:14:36][][main/INFO]: i:10, T:Vector3f[-15.83647, -0.0, -0.0], B:Vector3f[485.4257, -307.54822, 1.5123324E-4]
[23:14:36][][main/INFO]: i:11, T:Vector3f[-4.984465E-6, -10.45318, 5.1402294E-6], B:Vector3f[6.1354003E-6, 12.866867, -6.3271314E-6]
[23:14:36][][main/INFO]: i:12, T:Vector3f[-1.227072E-5, -0.0, 12.866782], B:Vector3f[6.1354E-6, 12.866866, -6.327131E-6]
[23:14:36][][main/INFO]: i:13, T:Vector3f[-20.74596, -6.438167, 12.866784], B:Vector3f[-20.746075, 6.4286566, -3.0814158E-6]
[23:14:36][][main/INFO]: i:14, T:Vector3f[Infinity, Infinity, -Infinity], B:Vector3f[NaN, NaN, NaN]
[23:14:36][][main/INFO]: i:15, T:Vector3f[-41.522697, -0.0, 6.13536E-6], B:Vector3f[-1.22708E-5, 12.866866, -1.22708E-5]
[23:14:36][][main/INFO]: i:16, T:Vector3f[-41.522694, -0.0, 6.13536E-6], B:Vector3f[89.38785, -16.765162, 16.765165]
[23:14:36][][main/INFO]: i:17, T:Vector3f[-1.4051975E-5, 0.0, 7.031039], B:Vector3f[54.103245, -16.765162, 10.790424]
[23:14:36][][main/INFO]: i:18, T:Vector3f[-1.3410643E-5, -0.0, 7.031039], B:Vector3f[22.57634, 0.6988271, -0.0026288992]
[23:14:36][][main/INFO]: i:19, T:Vector3f[0.85252565, 0.026389424, 6.456955], B:Vector3f[1.8430114, 0.05704932, 13.958808]
[23:14:36][][main/INFO]: i:20, T:Vector3f[22.68936, -3.551429E-7, -8.3765844E-5], B:Vector3f[-33.755035, 0.10006951, 24.484964]
[23:14:36][][main/INFO]: i:21, T:Vector3f[22.688818, -8.727913E-7, 1.2089947E-5], B:Vector3f[118.73937, 0.24502322, -2.4528968]
[23:14:36][][main/INFO]: i:22, T:Vector3f[38.524868, 0.058265664, 2.5544705], B:Vector3f[88.54023, 0.1339097, -7.3242164]
[23:14:36][][main/INFO]: i:23, T:Vector3f[-22.689249, -1.8615656E-7, 3.8991337E-5], B:Vector3f[3.5888357, 0.053049855, -10.869192]
[23:14:36][][main/INFO]: i:24, T:Vector3f[-22.689236, -5.027498E-7, -2.503906E-5], B:Vector3f[-2.8815759E-5, 0.14113952, 7.0293436]
[23:14:36][][main/INFO]: i:25, T:Vector3f[3.4651685, -0.35012537, -2.191808], B:Vector3f[5.2560186, 0.07077763, 6.588879]
[23:14:36][][main/INFO]: i:26, T:Vector3f[41.52292, -0.0, -5.275314E-6], B:Vector3f[62.98279, 0.6018548, 9.913449]
[23:14:36][][main/INFO]: i:27, T:Vector3f[41.522923, 0.0, -5.563768E-6], B:Vector3f[-2.4646028E-5, -0.0, 12.866884]
[23:14:36][][main/INFO]: i:28, T:Vector3f[42.19523, -1.0543703, 15.496384], B:Vector3f[-0.5672851, 0.8896349, -0.20833887]
[23:14:36][][main/INFO]: i:29, T:Vector3f[-1.3467186E-5, 0.0, 7.030777], B:Vector3f[1.8105696E-7, 0.8754595, -0.09452391]
[23:14:36][][main/INFO]: i:30, T:Vector3f[-1.3467186E-5, 0.0, 7.0307765], B:Vector3f[-0.0, -7.030741, -0.0]
[23:14:36][][main/INFO]: i:31, T:Vector3f[NaN, NaN, NaN], B:Vector3f[NaN, NaN, NaN]
[23:14:36][][main/INFO]: i:32, T:Vector3f[75.324776, 2.023898, -1.0092968E-5], B:Vector3f[-0.0, -7.0307407, 0.0]
[23:14:36][][main/INFO]: i:33, T:Vector3f[75.32477, 2.0238976, -1.0092968E-5], B:Vector3f[-0.0, -7.0307407, -0.0]
[23:14:36][][main/INFO]: i:34, T:Vector3f[-4.761467E-6, -0.6613196, 6.525241], B:Vector3f[-0.0, -7.0307407, -0.0]
[23:14:36][][main/INFO]: i:35, T:Vector3f[-22.689148, -0.0, 3.1537124E-6], B:Vector3f[-150.85161, -2.6338747, -43.383873]
[23:14:36][][main/INFO]: i:36, T:Vector3f[-22.689144, 0.0, 3.1826892E-6], B:Vector3f[-0.0, -7.0310564, -0.0]
[23:14:36][][main/INFO]: i:37, T:Vector3f[-23.309967, -0.0786513, -0.41735306], B:Vector3f[8.628527, -5.9379196, 5.800638]
[23:14:36][][main/INFO]: i:38, T:Vector3f[3.7420783, 14.929645, 17.768723], B:Vector3f[-0.0, -10.724969, 2.2437653E-6]
[23:14:36][][main/INFO]: i:39, T:Vector3f[-12.174207, 0.04127472, -7.0287385], B:Vector3f[-0.0, -10.72497, 2.2514362E-6]
[23:14:36][][main/INFO]: i:40, T:Vector3f[3335.3394, -0.15427803, -72.098045], B:Vector3f[58.428524, -10.728384, -1.1357374]
[23:14:36][][main/INFO]: i:41, T:Vector3f[3334.4846, -0.15422581, -72.081406], B:Vector3f[-1.049335, -10.724606, 0.022685396]
[23:14:36][][main/INFO]: i:42, T:Vector3f[12.172594, 0.03861452, 7.0279045], B:Vector3f[-0.0038306117, -10.7246685, -0.0022096206]
[23:14:36][][main/INFO]: i:43, T:Vector3f[12.172593, 0.038655616, 7.027904], B:Vector3f[-0.0038564997, -10.724666, -0.0022243164]
[23:14:36][][main/INFO]: i:44, T:Vector3f[NaN, NaN, NaN], B:Vector3f[NaN, NaN, NaN]
[23:14:36][][main/INFO]: i:45, T:Vector3f[-0.0, -0.0029372885, 10.725215], B:Vector3f[-0.0, -10.724654, -0.0033956873]
[23:14:36][][main/INFO]: i:46, T:Vector3f[0.004712358, -0.0029320244, 10.7250805], B:Vector3f[17.236769, -10.7247, -0.4906803]
[23:14:36][][main/INFO]: i:47, T:Vector3f[376.75867, 0.0024629638, -4.9210827E-5], B:Vector3f[-0.0, -10.724947, 2.2514312E-6]
[23:14:36][][main/INFO]: i:48, T:Vector3f[-0.0, -0.0, -10.725274], B:Vector3f[-0.0, -10.724947, 2.2514314E-6]
[23:14:36][][main/INFO]: i:49, T:Vector3f[12.172334, 0.041922517, -9.59064E-4], B:Vector3f[0.27844873, -10.723989, 0.24532682]
[23:14:36][][main/INFO]: i:50, T:Vector3f[12.173422, 0.041925408, -7.823269E-9], B:Vector3f[0.0, -10.724949, 2.0012726E-6]
[23:14:36][][main/INFO]: i:51, T:Vector3f[-0.0, -0.0, 10.725226], B:Vector3f[-0.0, -10.724948, 2.0012724E-6]
[23:14:36][][main/INFO]: i:52, T:Vector3f[-0.0, -0.0, 10.725226], B:Vector3f[-16.809603, -10.723283, -0.37771332]
[23:14:36][][main/INFO]: i:53, T:Vector3f[-481.61105, 0.03865789, 6.448841E-5], B:Vector3f[0.1516175, -10.724644, 1.9809115E-6]
[23:14:36][][main/INFO]: i:54, T:Vector3f[-12.17268, 0.038674857, 7.0279403], B:Vector3f[0.0038321533, -10.724645, -0.002210506]
[23:14:36][][main/INFO]: i:55, T:Vector3f[-12.235805, 0.038659684, 7.027627], B:Vector3f[17.516884, -10.725719, 0.08458392]
[23:14:36][][main/INFO]: i:56, T:Vector3f[422.12662, 0.019524638, 9.124986], B:Vector3f[-0.0, -10.724947, 1.982944E-6]
[23:14:36][][main/INFO]: i:57, T:Vector3f[12.172723, 0.04257609, -7.0278964], B:Vector3f[-0.0, -10.724947, 2.0012724E-6]
[23:14:36][][main/INFO]: i:58, T:Vector3f[NaN, NaN, NaN], B:Vector3f[NaN, NaN, NaN]
[23:14:36][][main/INFO]: i:59, T:Vector3f[NaN, NaN, NaN], B:Vector3f[NaN, NaN, NaN]
[23:14:36][][main/INFO]: i:60, T:Vector3f[12.17412, 0.04253047, 7.028738], B:Vector3f[-0.0, -10.72497, 2.2514362E-6]
[23:14:36][][main/INFO]: i:61, T:Vector3f[12.239654, 0.04249963, 7.030054], B:Vector3f[-16.535719, -10.723741, -0.33209226]
[23:14:36][][main/INFO]: i:62, T:Vector3f[3061.2886, -0.12443417, 67.86905], B:Vector3f[-0.96986794, -10.724593, -0.02150007]
[23:14:36][][main/INFO]: i:63, T:Vector3f[-12.17268, 0.038732387, -7.02789], B:Vector3f[0.0038565132, -10.724645, 0.0022285571]
[23:14:36][][main/INFO]: i:64, T:Vector3f[-5.583592E-4, 0.028180238, 2.6463957], B:Vector3f[0.21247415, -10.724825, 0.16803588]
[23:14:36][][main/INFO]: i:65, T:Vector3f[0.0, 0.028176162, 2.6468391], B:Vector3f[-0.0, -10.724641, -8.306888E-4]
[23:14:36][][main/INFO]: i:66, T:Vector3f[12.17268, 0.038732387, -7.02789], B:Vector3f[-0.0038306306, -10.724645, 0.002213864]
[23:14:36][][main/INFO]: i:67, T:Vector3f[5.268499, 0.014500207, -9.1249695], B:Vector3f[-0.12217587, -10.7250595, -0.033732377]
[23:14:36][][main/INFO]: i:68, T:Vector3f[5.2683353, 0.0145016825, -9.125019], B:Vector3f[-0.0016585559, -10.724659, 0.0028747253]
[23:14:36][][main/INFO]: i:69, T:Vector3f[-0.0, -0.003987536, -10.725225], B:Vector3f[-0.0, -10.724654, 0.0033784797]
[23:14:36][][main/INFO]: i:70, T:Vector3f[726.4914, -0.0, -10.87697], B:Vector3f[16.389671, -10.724563, -4.489444E-5]
[23:14:36][][main/INFO]: i:71, T:Vector3f[726.49146, 0.0, -10.876971], B:Vector3f[0.0014545427, -10.724948, -1.9522691E-5]
[23:14:36][][main/INFO]: i:72, T:Vector3f[-12.172637, 0.04126207, 7.0278816], B:Vector3f[-2.4360761E-5, -10.724947, 1.6316137E-5]
[23:14:36][][main/INFO]: i:73, T:Vector3f[-12.098279, 0.028350009, 7.0163336], B:Vector3f[-19.323977, -7.367465, 3.0011535]
[23:14:36][][main/INFO]: i:74, T:Vector3f[-1.7207435, -0.0, -5.447869], B:Vector3f[-17.939827, -7.3712454, 1.3386871]
[23:14:36][][main/INFO]: i:75, T:Vector3f[-1.720741, -0.0, -5.4478683], B:Vector3f[-0.0, 5.7131877, -0.0]
[23:14:36][][main/INFO]: i:76, T:Vector3f[-0.0, -14.137451, -0.0], B:Vector3f[-0.0, 5.7131877, -0.0]
[23:14:36][][main/INFO]: i:77, T:Vector3f[17.58097, 0.0, -5.5530453], B:Vector3f[-7.4366755, -0.2668937, 2.3489146]
[23:14:36][][main/INFO]: i:78, T:Vector3f[17.580973, -0.0, -5.5530457], B:Vector3f[-0.0, 5.713188, -0.0]
[23:14:36][][main/INFO]: i:79, T:Vector3f[0.0, -95.69206, 0.0], B:Vector3f[0.0, 5.713188, 0.0]
[23:14:36][][main/INFO]: i:80, T:Vector3f[-1.7207415, 0.0, -5.447869], B:Vector3f[0.097821705, 0.27323017, 0.30970365]
[23:14:36][][main/INFO]: i:81, T:Vector3f[-1.7207413, -0.0, -5.4478683], B:Vector3f[0.0, -5.7131877, 0.0]
[23:14:36][][main/INFO]: i:82, T:Vector3f[-1.6516184, -0.37840182, -5.229026], B:Vector3f[-1.001708, -0.22950104, -3.1714084]
[23:14:36][][main/INFO]: i:83, T:Vector3f[17.580969, -0.0, -5.5530453], B:Vector3f[-1.998551, -0.24911393, -3.154614]
[23:14:36][][main/INFO]: i:84, T:Vector3f[17.58097, -0.0, -5.5530453], B:Vector3f[-0.0, -5.7132087, 0.0]
[23:14:36][][main/INFO]: i:85, T:Vector3f[15.672442, -0.6009275, -4.9502263], B:Vector3f[15.012632, -0.9862655, -4.7418213]
[23:14:36][][main/INFO]: i:86, T:Vector3f[-1.7207404, -0.0, -5.447868], B:Vector3f[-13.533736, -0.0, -5.55857]
[23:14:36][][main/INFO]: i:87, T:Vector3f[-1.7207406, 0.0, -5.447867], B:Vector3f[-17.580969, -0.0, 5.5530457]
[23:14:36][][main/INFO]: i:88, T:Vector3f[-11.292961, -0.39423838, -2.4244292], B:Vector3f[-17.580969, -0.0, 5.5530453]
[23:14:36][][main/INFO]: i:89, T:Vector3f[-2.6576238, -0.39423844, -8.41404], B:Vector3f[-1.7207409, -0.0, -5.4478674]
[23:14:36][][main/INFO]: i:90, T:Vector3f[-17.580969, -0.0, 5.5530443], B:Vector3f[-1.7207408, -0.0, -5.447867]
[23:14:36][][main/INFO]: i:91, T:Vector3f[-17.580969, 0.0, 5.5530453], B:Vector3f[-25.151737, -0.0, 7.8853245]
[23:14:36][][main/INFO]: i:92, T:Vector3f[-1.7207335, -0.0, -5.4478555], B:Vector3f[-10.5659275, -0.0, -2.2316153]
[23:14:36][][main/INFO]: i:93, T:Vector3f[-1.7207332, -0.0, -5.447855], B:Vector3f[-0.0, 5.7131305, -0.0]
[23:14:36][][main/INFO]: i:94, T:Vector3f[0.0, 13.619759, 0.0], B:Vector3f[-0.0, 5.71313, -0.0]
[23:14:36][][main/INFO]: i:95, T:Vector3f[-1.7207168, 0.0, -5.447804], B:Vector3f[-0.5216138, 1.5844711, -1.6514333]
[23:14:36][][main/INFO]: i:96, T:Vector3f[-1.7207171, 0.0, -5.4478045], B:Vector3f[-17.581589, -0.0, 5.553067]
[23:14:36][][main/INFO]: i:97, T:Vector3f[-95.178955, -6.137915, 12.847376], B:Vector3f[-17.581593, -0.0, 5.5530667]
[23:14:36][][main/INFO]: i:98, T:Vector3f[85.34612, -6.142905, -44.185513], B:Vector3f[17.592365, -9.768517E-4, -5.5593634]
[23:14:36][][main/INFO]: i:99, T:Vector3f[-1.7207985, -0.0, -5.4479933], B:Vector3f[17.578539, -0.0, -5.5532174]
[23:14:36][][main/INFO]: i:100, T:Vector3f[-11.229498, 0.6017323, -1.001986], B:Vector3f[-1.4998733, 1.2073257, 3.367325]
[23:14:36][][main/INFO]: i:101, T:Vector3f[-1.7207409, -0.0, -5.447874], B:Vector3f[0.73372936, 1.0659791, 2.3229885]
[23:14:36][][main/INFO]: i:102, T:Vector3f[-1.7207408, -0.0, -5.447874], B:Vector3f[0.0, -5.7131877, 0.0]
[23:14:36][][main/INFO]: i:103, T:Vector3f[-1.6798795, -0.44189674, -5.3912797], B:Vector3f[-0.5435768, 0.16534366, -0.7528709]
[23:14:36][][main/INFO]: i:104, T:Vector3f[-17.578794, 0.0, 5.5521827], B:Vector3f[-3.0258121, 0.23433515, 0.9556891]
[23:14:36][][main/INFO]: i:105, T:Vector3f[-17.578802, -0.0, 5.552185], B:Vector3f[-0.0, -5.7131877, -0.0]
[23:14:36][][main/INFO]: i:106, T:Vector3f[-0.7279473, 6.5900164, -3.3889184], B:Vector3f[0.0, -5.713188, 0.0]
[23:14:36][][main/INFO]: i:107, T:Vector3f[-1.7207327, 0.0, -5.4478536], B:Vector3f[0.82809496, -0.21637067, 1.7173845]
[23:14:36][][main/INFO]: i:108, T:Vector3f[-1.7207327, -0.0, -5.4478536], B:Vector3f[-0.0, 5.713188, -0.0]
[23:14:36][][main/INFO]: i:109, T:Vector3f[-5.496163, 18.313087, -12.989135], B:Vector3f[-0.0, 5.7131877, -0.0]
[23:14:36][][main/INFO]: i:110, T:Vector3f[-1.7207055, 5.609551E-6, -5.447766], B:Vector3f[0.9153986, 1.2729926, 1.8284827]
[23:14:36][][main/INFO]: i:111, T:Vector3f[-1.7206323, -0.0, -5.4477983], B:Vector3f[17.581429, -0.0, -5.553011]
[23:14:36][][main/INFO]: i:112, T:Vector3f[-47.844387, 4.2404404, 3.2186375], B:Vector3f[17.581427, -0.0, -5.5530143]
[23:14:36][][main/INFO]: i:113, T:Vector3f[41.006474, 4.24045, -24.844925], B:Vector3f[-17.578812, 0.0, 5.5523643]
[23:14:36][][main/INFO]: i:114, T:Vector3f[-1.7221792, -0.0, -5.4475293], B:Vector3f[-17.578812, -0.0, 5.552354]
[23:14:36][][main/INFO]: i:115, T:Vector3f[-1.7208855, 5.452133E-5, -5.4482694], B:Vector3f[-1.2002978, 0.6899129, -3.800206]
[23:14:36][][main/INFO]: i:116, T:Vector3f[-17.58159, -0.0, 5.55306], B:Vector3f[14.715368, 0.6899666, -14.83965]
[23:14:36][][main/INFO]: i:117, T:Vector3f[-17.581593, 0.0, 5.5530663], B:Vector3f[-0.0, -5.7131305, -0.0]
[23:14:36][][main/INFO]: i:118, T:Vector3f[-2.0491512, -5.712363, -4.842779], B:Vector3f[-0.0, -5.7131305, -0.0]
[23:14:36][][main/INFO]: i:119, T:Vector3f[-1.7207335, -0.0, -5.4478507], B:Vector3f[0.25786284, -1.2279698, -0.47508246]
[23:14:36][][main/INFO]: i:120, T:Vector3f[-1.7207333, 0.0, -5.44785], B:Vector3f[-0.0, -5.713214, -0.0]
[23:14:36][][main/INFO]: i:121, T:Vector3f[0.09273596, -1.5632627, 0.2935992], B:Vector3f[-6.0703464, -0.48040158, -19.218733]
[23:14:36][][main/INFO]: i:122, T:Vector3f[NaN, NaN, NaN], B:Vector3f[-Infinity, -Infinity, Infinity]
[23:14:36][][main/INFO]: i:123, T:Vector3f[17.581598, -0.0, -5.5532336], B:Vector3f[-0.0, -5.7131877, 0.0]
[23:14:36][][main/INFO]: i:124, T:Vector3f[19.585783, -16.315598, -6.1862655], B:Vector3f[-0.7818002, 0.6512651, 0.2469354]
[23:14:36][][main/INFO]: i:125, T:Vector3f[17.5816, 0.0, -5.553234], B:Vector3f[-0.64099425, -0.49500364, 0.20246115]
[23:14:36][][main/INFO]: i:126, T:Vector3f[17.581602, 0.0, -5.553234], B:Vector3f[-0.0, -5.7131305, -0.0]
[23:14:36][][main/INFO]: i:127, T:Vector3f[18.731426, -62.012836, -5.916413], B:Vector3f[-0.11285931, 0.37363562, 0.035647187]
[23:14:36][][main/INFO]: i:128, T:Vector3f[-285.58063, 0.0, -904.1392], B:Vector3f[1.7206625, 0.0, 5.4475627]
[23:14:36][][main/INFO]: i:129, T:Vector3f[17.580904, -0.0, -5.5530314], B:Vector3f[1.7206626, -0.0, 5.447563]
[23:14:36][][main/INFO]: i:130, T:Vector3f[17.580902, -0.0, -5.553031], B:Vector3f[-0.02316491, -0.9746624, 0.0073170667]
[23:14:36][][main/INFO]: i:131, T:Vector3f[17.508799, 14.749101, -5.530257], B:Vector3f[-0.0, -5.7132134, -0.0]
[23:14:36][][main/INFO]: i:132, T:Vector3f[-1.7206545, -0.0, -5.4475374], B:Vector3f[-0.0, -5.7132134, -0.0]
[23:14:36][][main/INFO]: i:133, T:Vector3f[0.58766156, 25.289602, -5.409159], B:Vector3f[0.4546724, -0.73188365, 0.007559382]
[23:14:36][][main/INFO]: i:134, T:Vector3f[-22.666069, 354.9127, -5.795774], B:Vector3f[-0.0, 5.713123, -0.0]
[23:14:36][][main/INFO]: i:135, T:Vector3f[17.580902, -0.0, -5.5530305], B:Vector3f[-0.0, 5.7131243, -0.0]
[23:14:36][][main/INFO]: i:136, T:Vector3f[17.580904, -0.0, -5.553031], B:Vector3f[-0.50403017, -0.3822722, 0.15920132]
[23:14:36][][main/INFO]: i:137, T:Vector3f[16.625216, 10.107371, -5.251172], B:Vector3f[-0.0, -5.7128563, -0.0]
[23:14:36][][main/INFO]: i:138, T:Vector3f[-1.7207904, -0.0, -5.447968], B:Vector3f[-0.0, -5.7128553, -0.0]
[23:14:36][][main/INFO]: i:139, T:Vector3f[10.4061985, 8.103988, -9.502832], B:Vector3f[9.491689, 0.63006556, -3.1737068]
[23:14:36][][main/INFO]: i:140, T:Vector3f[-1.7207221, -0.0, -5.4479017], B:Vector3f[8.548852, -0.0, -2.8584456]
[23:14:36][][main/INFO]: i:141, T:Vector3f[-1.7207195, -0.0, -5.447901], B:Vector3f[-17.583254, -0.0, 5.553929]
[23:14:36][][main/INFO]: i:142, T:Vector3f[574.89624, -0.0, -181.58943], B:Vector3f[-17.583254, -0.0, 5.5539293]
[23:14:36][][main/INFO]: i:143, T:Vector3f[17.183287, 181.20193, -5.4275913], B:Vector3f[-0.0, -5.7128305, -0.0]
[23:14:36][][main/INFO]: i:144, T:Vector3f[17.583254, -0.0, -5.5539293], B:Vector3f[-0.0, -5.7128344, -0.0]
[23:14:36][][main/INFO]: i:145, T:Vector3f[20.955778, 5.116568, -6.619037], B:Vector3f[0.9373176, -4.2907987, -0.2960228]
[23:14:36][][main/INFO]: i:146, T:Vector3f[22.073479, 6.8123007, -6.972031], B:Vector3f[-0.0, -5.712856, -0.0]
[23:14:36][][main/INFO]: i:147, T:Vector3f[17.581059, -0.0, -5.5530667], B:Vector3f[-0.0, -5.712856, -0.0]
[23:14:36][][main/INFO]: i:148, T:Vector3f[17.677654, 0.8088348, -5.2472425], B:Vector3f[0.68227357, 0.0, 2.1600566]
[23:14:36][][main/INFO]: i:149, T:Vector3f[17.390364, 3.214496, -6.1567817], B:Vector3f[-0.0, 5.713187, -0.0]
[23:14:36][][main/INFO]: i:150, T:Vector3f[17.581047, -0.0, -5.553077], B:Vector3f[-0.0, 5.713188, -0.0]
[23:14:36][][main/INFO]: i:151, T:Vector3f[17.581049, -0.0, -5.553077], B:Vector3f[-27.835653, -1.4202572, 7.626214]
[23:14:36][][main/INFO]: i:152, T:Vector3f[162.786, -22.393814, -45.335293], B:Vector3f[-0.0, -5.7131295, -0.0]
[23:14:36][][main/INFO]: i:153, T:Vector3f[17.580912, -0.0, -5.5530205], B:Vector3f[-0.0, -5.7131295, -0.0]
[23:14:36][][main/INFO]: i:154, T:Vector3f[12.859751, 1.1633887, -4.259556], B:Vector3f[-8.391085, -3.6453996, 2.2989204]
[23:14:36][][main/INFO]: i:155, T:Vector3f[9.948287, -0.42776564, -0.8781709], B:Vector3f[-1.7207999, -0.0, -5.4479675]
[23:14:36][][main/INFO]: i:156, T:Vector3f[17.581055, -0.0, -5.5530663], B:Vector3f[-1.7207903, -0.0, -5.447968]
[23:14:36][][main/INFO]: i:157, T:Vector3f[17.581059, -0.0, -5.5530667], B:Vector3f[2.6732762, -5.6580086, 0.089334704]
[23:14:36][][main/INFO]: i:158, T:Vector3f[-15.234448, -0.6765704, -6.6485105], B:Vector3f[2.3715371E-4, -5.7131195, 1.0343796E-4]
[23:14:36][][main/INFO]: i:159, T:Vector3f[1.7207857, -0.0, 5.447968], B:Vector3f[-2.678315E-5, -5.71313, -8.479483E-5]
[23:14:36][][main/INFO]: i:160, T:Vector3f[1.7207857, 0.0, 5.4479685], B:Vector3f[0.35667297, 0.0, 1.1292183]
[23:14:36][][main/INFO]: i:161, T:Vector3f[1.1300341, -9.462113, 3.5776613], B:Vector3f[-0.0, -5.712856, -0.0]
[23:14:36][][main/INFO]: i:162, T:Vector3f[1.7207857, -0.0, 5.447968], B:Vector3f[-0.0, -5.7128553, -0.0]
[23:14:36][][main/INFO]: i:163, T:Vector3f[1.7207859, 0.0, 5.4479685], B:Vector3f[-7.5353293, -1.9366754, -23.856678]
[23:14:36][][main/INFO]: i:164, T:Vector3f[0.09830983, -1.6471245, 0.31124663], B:Vector3f[-0.0, 5.71313, -0.0]
[23:14:36][][main/INFO]: i:165, T:Vector3f[-1.7207341, -0.0, -5.4478536], B:Vector3f[0.0, 5.71313, 0.0]
[23:14:36][][main/INFO]: i:166, T:Vector3f[-1.7207341, -0.0, -5.447854], B:Vector3f[-2.5862093, 1.8928435, -6.769357]
[23:14:36][][main/INFO]: i:167, T:Vector3f[18.798542, -60.346603, 48.260975], B:Vector3f[-0.0, -5.713125, -0.0]
[23:14:36][][main/INFO]: i:168, T:Vector3f[17.583485, -0.0, -5.5540023], B:Vector3f[-0.0, -5.7131248, -0.0]
[23:14:36][][main/INFO]: i:169, T:Vector3f[21.609255, 100.39435, -6.8256006], B:Vector3f[0.28154534, 1.3080305, -0.08893024]
[23:14:36][][main/INFO]: i:170, T:Vector3f[-1.7205759, -0.0, -5.4474444], B:Vector3f[0.2904084, 1.3461704, -0.08945381]
[23:14:36][][main/INFO]: i:171, T:Vector3f[-1.7205753, 0.0, -5.4474444], B:Vector3f[17.57957, -0.0, -5.5527663]
[23:14:36][][main/INFO]: i:172, T:Vector3f[6.7250276, 0.0, -11.032524], B:Vector3f[-6.201494, 0.0, 10.173658]
[23:14:36][][main/INFO]: i:173, T:Vector3f[-0.16074462, 6.3435225, 0.26370412], B:Vector3f[-0.0, -5.7131314, -0.0]
[23:14:36][][main/INFO]: i:174, T:Vector3f[-1.7207375, 0.0, -5.447859], B:Vector3f[0.0, -5.71313, 0.0]
[23:14:36][][main/INFO]: i:175, T:Vector3f[-1.0183069, 1.0421005, -3.2239618], B:Vector3f[2.2789347, -2.3321846, 7.2151146]
[23:14:36][][main/INFO]: i:176, T:Vector3f[0.0, 2.552861, 0.0], B:Vector3f[0.0, -5.7132134, 0.0]
[23:14:36][][main/INFO]: i:177, T:Vector3f[-17.583536, -0.0, 5.5539756], B:Vector3f[0.0, -5.7132134, -0.0]
[23:14:36][][main/INFO]: i:178, T:Vector3f[-17.583536, 0.0, 5.5539756], B:Vector3f[0.4753086, 0.0, -0.15013206]
[23:14:36][][main/INFO]: i:179, T:Vector3f[34.459316, 626.98755, -10.884404], B:Vector3f[-0.00213134, -5.7519684, 6.7326106E-4]
[23:14:36][][main/INFO]: i:180, T:Vector3f[-17.583305, -0.0, 5.553903], B:Vector3f[0.0010876482, -5.7131877, -3.4354706E-4]
[23:14:36][][main/INFO]: i:181, T:Vector3f[-17.583305, 0.0, 5.553903], B:Vector3f[14.009562, -0.0, -7.3895717]
[23:14:36][][main/INFO]: i:182, T:Vector3f[19.32689, -0.0, -9.568104], B:Vector3f[-17.579685, -0.0, 5.5524664]
[23:14:36][][main/INFO]: i:183, T:Vector3f[-1.7207505, -0.0, -5.4479055], B:Vector3f[-17.57978, -0.0, 5.5525045]
[23:14:36][][main/INFO]: i:184, T:Vector3f[-1.7207508, 0.0, -5.447906], B:Vector3f[0.0, 1175.5262, 0.0]
[23:14:36][][main/INFO]: i:185, T:Vector3f[-1.6877892, -2.2040603, -5.4583163], B:Vector3f[17.579784, -0.0, -5.552502]
[23:14:36][][main/INFO]: i:186, T:Vector3f[-1.7207539, -0.0, -5.4479113], B:Vector3f[17.57978, -0.0, -5.5525045]
[23:14:36][][main/INFO]: i:187, T:Vector3f[-1.720754, 0.0, -5.4479113], B:Vector3f[7.1776705, -7.331534, 22.724522]
[23:14:36][][main/INFO]: i:188, T:Vector3f[910.90137, -205.76855, 2883.9155], B:Vector3f[0.0, -5.7131853, 0.0]
[23:14:36][][main/INFO]: i:189, T:Vector3f[-1.7207452, 0.0, -5.4478836], B:Vector3f[0.0, -5.7131877, 0.0]
[23:14:36][][main/INFO]: i:190, T:Vector3f[-1.5334948, 0.44309703, -5.507026], B:Vector3f[2.4143615, -0.0, -0.7625666]
[23:14:36][][main/INFO]: i:191, T:Vector3f[-1.3417068, -0.01073772, -5.567601], B:Vector3f[-0.0, 5.7131877, -0.0]
[23:14:36][][main/INFO]: i:192, T:Vector3f[-1.7207417, -0.0, -5.447878], B:Vector3f[0.0, 5.7131877, 0.0]
[23:14:36][][main/INFO]: i:193, T:Vector3f[-1.7207417, 0.0, -5.447878], B:Vector3f[2.442489, -0.110459656, -11.194248]
[23:14:36][][main/INFO]: i:194, T:Vector3f[-3.8611422, -1.5584608, -1.7671951], B:Vector3f[-1.858261, -3.2419057, -3.7985792]
[23:14:36][][main/INFO]: i:195, T:Vector3f[8.327644, 2.226047, -9.088084], B:Vector3f[-10.461726, -5.913203, 1.3688778]
[23:14:36][][main/INFO]: i:196, T:Vector3f[NaN, NaN, NaN], B:Vector3f[NaN, NaN, NaN]
[23:14:36][][main/INFO]: i:197, T:Vector3f[8.327644, 2.2260468, -9.088084], B:Vector3f[-10.461726, -5.9132037, 1.3688778]
[23:14:36][][main/INFO]: i:198, T:Vector3f[-0.85339123, 2.1496582, -5.902572], B:Vector3f[-3.9812837, -5.8592844, -0.8796187]
[23:14:36][][main/INFO]: i:199, T:Vector3f[0.7237873, 1.4838458, -0.5424997], B:Vector3f[-3.049832, -6.2525005, 2.2859383]
[23:14:36][][main/INFO]: i:200, T:Vector3f[-4.58208, -2.1818616, 11.014661], B:Vector3f[5.820395, -0.12425554, -17.035055]
[23:14:36][][main/INFO]: i:201, T:Vector3f[15.431577, -3.2936354, -7.5535927], B:Vector3f[-5.7629104, 0.5192062, -6.2883077]
[23:14:36][][main/INFO]: i:202, T:Vector3f[15.431576, -3.2936351, -7.553593], B:Vector3f[-5.7629104, 0.5192063, -6.2883077]
[23:14:36][][main/INFO]: i:203, T:Vector3f[NaN, NaN, NaN], B:Vector3f[NaN, NaN, NaN]
[23:14:36][][main/INFO]: i:204, T:Vector3f[18.076145, -1.4306082, -6.713425], B:Vector3f[-0.8245734, 3.998133, -4.71942]
[23:14:36][][main/INFO]: i:205, T:Vector3f[-3.911704, -0.83816904, 2.9194658], B:Vector3f[4.4372582, 3.8563583, -7.0246315]
[23:14:36][][main/INFO]: i:206, T:Vector3f[-2.7193806, 3.2859466, -2.9139895], B:Vector3f[2.4621925, -2.9751754, 2.6383963]
[23:14:36][][main/INFO]: i:207, T:Vector3f[-6.7608886, 2.1006012, -3.8529365], B:Vector3f[-7.470139, -5.888257, 0.3308571]
[23:14:36][][main/INFO]: i:208, T:Vector3f[-0.5908669, 2.1518385, -5.993656], B:Vector3f[-14.484998, -5.94651, 2.7646961]
[23:14:36][][main/INFO]: i:209, T:Vector3f[NaN, NaN, NaN], B:Vector3f[NaN, NaN, NaN]
[23:14:36][][main/INFO]: i:210, T:Vector3f[-0.9698814, 2.148695, -5.862155], B:Vector3f[0.6795434, -5.820731, -2.4967198]
[23:14:36][][main/INFO]: i:211, T:Vector3f[3.3216012, 2.1843374, -7.351142], B:Vector3f[-1.5156426, -5.8389635, -1.7350711]
[23:14:36][][main/INFO]: i:212, T:Vector3f[-77.03049, 1.516993, 20.52808], B:Vector3f[-48.9705, -6.233089, 14.73002]
[23:14:36][][main/INFO]: i:213, T:Vector3f[28.191633, 2.3909383, -15.980203], B:Vector3f[-1.5002143, -5.838813, -1.740457]
[23:14:36][][main/INFO]: i:214, T:Vector3f[-7.3611317, 0.9364097, 1.1014872], B:Vector3f[8.096394, -5.4461985, -6.351246]
[23:14:36][][main/INFO]: i:215, T:Vector3f[2.4269996, -1.05317, 2.6261744], B:Vector3f[-8.13468, -2.1469975, -8.879544]
[23:14:36][][main/INFO]: i:216, T:Vector3f[5.671595, -2.109866, 4.230752], B:Vector3f[3.0845745, -5.8008704, -3.3311906]
[23:14:36][][main/INFO]: i:217, T:Vector3f[1.113174, -2.1475554, 5.812463], B:Vector3f[6.4101925, -5.7733736, -4.485136]
[23:14:36][][main/INFO]: i:218, T:Vector3f[-3.3216515, -2.1842227, 7.351288], B:Vector3f[-1.5156654, -5.838905, -1.734969]
[23:14:36][][main/INFO]: i:219, T:Vector3f[-5.1988053, -2.1997604, 8.0026455], B:Vector3f[4.7063017, -5.7874045, -3.893941]
[23:14:36][][main/INFO]: i:220, T:Vector3f[-14.308091, 1.8321387, 3.450966], B:Vector3f[10.652567, -8.419305, -0.92274374]
[23:14:36][][main/INFO]: i:221, T:Vector3f[-15.501187, 2.1867719, 2.569417], B:Vector3f[2.4669344, -5.986226, -6.9708834]
[23:14:36][][main/INFO]: i:222, T:Vector3f[-11.990272, 2.057334, -2.0386786], B:Vector3f[-1.5247179, -5.8390646, -1.7318197]
[23:14:36][][main/INFO]: i:223, T:Vector3f[-4.3399363, 2.1207576, -4.6929317], B:Vector3f[-1.5201721, -5.8390274, -1.7333968]
[23:14:36][][main/INFO]: i:224, T:Vector3f[-4.34002, 2.1207902, -4.6929817], B:Vector3f[-1.5203807, -5.838947, -1.7335191]
[23:14:36][][main/INFO]: i:225, T:Vector3f[5.1986637, 2.1999645, -8.002471], B:Vector3f[4.706181, -5.787265, -3.8938527]
[23:14:36][][main/INFO]: i:226, T:Vector3f[1.8301322, 1.3035418, -3.945031], B:Vector3f[-6.4601536, -8.758813, 9.556142]
[23:14:36][][main/INFO]: i:227, T:Vector3f[0.068424, 0.26332203, 0.07802812], B:Vector3f[-1.5176358, -5.8404493, -1.730654]
[23:14:36][][main/INFO]: i:228, T:Vector3f[11.989913, -2.0575752, 2.0385542], B:Vector3f[-1.524985, -5.839019, -1.7318625]
[23:14:36][][main/INFO]: i:229, T:Vector3f[24.529531, -1.9537965, -2.312179], B:Vector3f[12.730817, -5.721037, -6.678041]
[23:14:36][][main/INFO]: i:230, T:Vector3f[NaN, NaN, NaN], B:Vector3f[NaN, NaN, NaN]
[23:14:36][][main/INFO]: i:231, T:Vector3f[0.969903, -2.1487002, 5.8621535], B:Vector3f[0.6795574, -5.8207345, -2.4966934]
[23:14:36][][main/INFO]: i:232, T:Vector3f[1.1131293, -2.1475146, 5.8124547], B:Vector3f[6.410112, -5.7733006, -4.4851494]
[23:14:36][][main/INFO]: i:233, T:Vector3f[NaN, NaN, NaN], B:Vector3f[NaN, NaN, NaN]
[23:14:36][][main/INFO]: i:234, T:Vector3f[-28.191448, -2.390213, 15.980425], B:Vector3f[-1.5002145, -5.8388133, -1.7404599]
[23:14:36][][main/INFO]: i:235, T:Vector3f[-16.826687, 1.9245502, 4.112151], B:Vector3f[-6.6270666, -7.7852826, 3.6135352]
[23:14:36][][main/INFO]: i:236, T:Vector3f[-9.900161, 10.061628, 0.3353306], B:Vector3f[-0.0, 0.0, 0.0]
[23:14:36][][main/INFO]: i:237, T:Vector3f[-5.6717014, 2.1097639, -4.2309933], B:Vector3f[3.084626, -5.800818, -3.3310945]
[23:14:36][][main/INFO]: i:238, T:Vector3f[-6.167786, 0.93170553, -7.656311], B:Vector3f[4.800108, -1.7270423, 8.513797]
[23:14:36][][main/INFO]: i:239, T:Vector3f[2.308529, 2.4104514, -4.171049], B:Vector3f[-2.9486814, -3.0788667, 5.327676]
[23:14:36][][main/INFO]: i:240, T:Vector3f[18.074812, -1.4305192, -6.7128534], B:Vector3f[0.82474464, -3.9981465, 4.7193336]
[23:14:36][][main/INFO]: i:241, T:Vector3f[24.063276, -7.436998, -4.787172], B:Vector3f[-10.358591, 7.218831, 1.1231618]
[23:14:36][][main/INFO]: i:242, T:Vector3f[10.291633, 4.2677174, 1.6928474], B:Vector3f[-3.4556916, 1.3519592, -2.124883]
[23:14:36][][main/INFO]: i:243, T:Vector3f[6.7606053, -2.100791, 3.8529434], B:Vector3f[-7.469981, -5.8881497, 0.330846]
[23:14:36][][main/INFO]: i:244, T:Vector3f[4.339846, -2.120819, 4.692877], B:Vector3f[-1.5204003, -5.8389263, -1.7334867]
[23:14:36][][main/INFO]: i:245, T:Vector3f[0.85341215, -2.1496637, 5.90257], B:Vector3f[-3.9813004, -5.859287, -0.8796256]
[23:14:36][][main/INFO]: i:246, T:Vector3f[0.853412, -2.1496637, 5.9025693], B:Vector3f[-3.9813004, -5.859286, -0.87962556]
[23:14:36][][main/INFO]: i:247, T:Vector3f[-3.3215566, -2.1842706, 7.351198], B:Vector3f[-1.5156399, -5.8388476, -1.7351595]
[23:14:36][][main/INFO]: i:248, T:Vector3f[-8.327117, -2.2257624, 9.088025], B:Vector3f[-10.461376, -5.913, 1.3688279]
[23:14:36][][main/INFO]: i:249, T:Vector3f[-8.327117, -2.2257624, 9.088024], B:Vector3f[-10.461377, -5.913, 1.3688279]
[23:14:36][][main/INFO]: i:250, T:Vector3f[5.2807274, 2.9079156, 3.3759153], B:Vector3f[-0.85627973, -2.2893937, -2.6630645]
[23:14:36][][main/INFO]: i:251, T:Vector3f[-5.34292, 0.08188734, -10.9495535], B:Vector3f[5.7848916, -0.5227559, 6.292231]
[23:14:36][][main/INFO]: i:252, T:Vector3f[15.430751, -3.2934754, -7.553148], B:Vector3f[5.7624745, -0.51911354, 6.2885656]
[23:14:36][][main/INFO]: i:253, T:Vector3f[2.074797, 1.6204644, 1.6642975], B:Vector3f[-1.967552, 2.3249273, 11.623345]
[23:14:36][][main/INFO]: i:254, T:Vector3f[1.9271855, 1.0249258, -0.020810949], B:Vector3f[-3.224095, -2.7446022, -2.7211607]
[23:14:36][][main/INFO]: i:255, T:Vector3f[-19.092081, 1.217, 41.21255], B:Vector3f[4.9006763, -2.8188462, -18.65947]
[23:14:36][][main/INFO]: i:256, T:Vector3f[NaN, NaN, NaN], B:Vector3f[NaN, NaN, NaN]
[23:14:36][][main/INFO]: i:257, T:Vector3f[-19.092081, 1.2170002, 41.21255], B:Vector3f[4.9006763, -2.8188462, -18.65947]
[23:14:36][][main/INFO]: i:258, T:Vector3f[-2.4548905, 2.2669582, -10.407668], B:Vector3f[-1.5302495, -3.2246962, 1.2937661]
[23:14:36][][main/INFO]: i:259, T:Vector3f[NaN, NaN, NaN], B:Vector3f[NaN, NaN, NaN]
[23:14:36][][main/INFO]: i:260, T:Vector3f[-77.717575, -2.482798, 223.10988], B:Vector3f[-0.6282099, -3.1677694, -1.5049925]
[23:14:36][][main/INFO]: i:261, T:Vector3f[-7.4043202, 1.6875383, 4.998122], B:Vector3f[6.0029316, -2.7744706, -22.074799]
[23:14:36][][main/INFO]: i:262, T:Vector3f[-7.40432, 1.6875381, 4.998122], B:Vector3f[6.0029316, -2.7744706, -22.0748]
[23:14:36][][main/INFO]: i:263, T:Vector3f[NaN, NaN, NaN], B:Vector3f[NaN, NaN, NaN]
[23:14:36][][main/INFO]: i:264, T:Vector3f[-6.0232334, 1.7765263, 0.5760142], B:Vector3f[-2.6042829, -3.3290637, 5.4846845]
[23:14:36][][main/INFO]: i:265, T:Vector3f[-6.0232334, 1.7765265, 0.5760142], B:Vector3f[-2.6042829, -3.329064, 5.4846845]
[23:14:36][][main/INFO]: i:266, T:Vector3f[NaN, NaN, NaN], B:Vector3f[NaN, NaN, NaN]
[23:14:36][][main/INFO]: i:267, T:Vector3f[-5.084021, 1.8692414, -3.0591936], B:Vector3f[-1.4987388, -3.2199297, 1.2056929]
[23:14:36][][main/INFO]: i:268, T:Vector3f[-3.2280571, 2.1499987, -8.24665], B:Vector3f[-3.2513802, -3.4850566, 6.1043596]
[23:14:36][][main/INFO]: i:269, T:Vector3f[NaN, NaN, NaN], B:Vector3f[NaN, NaN, NaN]
[23:14:36][][main/INFO]: i:270, T:Vector3f[-1.7213694, 2.3811657, -12.59598], B:Vector3f[0.102626085, -2.9704618, -3.5775857]
[23:14:36][][main/INFO]: i:271, T:Vector3f[-81.127335, -6.4868894, 228.80312], B:Vector3f[-0.51933944, -3.0399225, -1.6867716]
[23:14:36][][main/INFO]: i:272, T:Vector3f[-6.2810926, 1.8719354, 1.2658668], B:Vector3f[-1.4442723, -3.1432185, 1.125082]
[23:14:36][][main/INFO]: i:273, T:Vector3f[-7.678377, 1.5752172, 5.3623586], B:Vector3f[-0.75223386, -2.9962623, -0.9038038]
[23:14:36][][main/INFO]: i:274, T:Vector3f[-6.528714, 1.6483662, 1.9287581], B:Vector3f[0.091849804, -2.9425554, -3.4247572]
[23:14:36][][main/INFO]: i:275, T:Vector3f[-4.318069, 1.7890224, -4.673591], B:Vector3f[-0.76317865, -2.9969583, -0.87111586]
[23:14:36][][main/INFO]: i:276, T:Vector3f[-4.6788077, 1.7692163, -3.4554667], B:Vector3f[0.02768335, -2.953537, -3.5416594]
[23:14:36][][main/INFO]: i:277, T:Vector3f[1.7010777, 2.6443589, -25.233126], B:Vector3f[6.2782674, -2.0961316, -24.877943]
[23:14:36][][main/INFO]: i:278, T:Vector3f[-33.61055, -2.1994126, 95.30266], B:Vector3f[-0.5186779, -3.0284824, -1.6766626]
[23:14:36][][main/INFO]: i:279, T:Vector3f[-9.496327, 1.250959, 12.348333], B:Vector3f[-2.3417163, -3.289331, 4.594695]
[23:14:36][][main/INFO]: i:280, T:Vector3f[-6.4267855, 1.6512307, 1.3567742], B:Vector3f[-1.3682717, -3.1623929, 1.1089389]
[23:14:36][][main/INFO]: i:281, T:Vector3f[-6.580924, 1.631131, 1.9087188], B:Vector3f[-0.08517054, -2.9950745, -3.485652]
[23:14:36][][main/INFO]: i:282, T:Vector3f[-5.8559194, 1.8204067, -0.7987987], B:Vector3f[-0.76981276, -3.1738133, -0.928864]
[23:14:36][][main/INFO]: i:283, T:Vector3f[-4.442117, 1.997729, -4.8057785], B:Vector3f[-0.78207684, -3.1753516, -0.8941059]
[23:14:36][][main/INFO]: i:284, T:Vector3f[-4.4854894, 2.0824044, -4.851771], B:Vector3f[-0.8351091, -3.0718167, -0.9503428]
[23:14:36][][main/INFO]: i:285, T:Vector3f[-10.63084, 0.94825095, 14.0182495], B:Vector3f[-2.9199352, -3.4565818, 5.451361]
[23:14:36][][main/INFO]: i:286, T:Vector3f[-81.823326, -14.169732, 222.73705], B:Vector3f[-0.51073825, -2.9449792, -1.6118088]
[23:14:36][][main/INFO]: i:287, T:Vector3f[NaN, NaN, NaN], B:Vector3f[NaN, NaN, NaN]
[23:14:36][][main/INFO]: i:288, T:Vector3f[-5.4821606, 1.7251093, -0.74274683], B:Vector3f[-0.7593871, -2.9967504, -0.883919]
[23:14:36][][main/INFO]: i:289, T:Vector3f[-6.284421, 1.6810619, 1.9662863], B:Vector3f[-0.0026376445, -2.9552019, -3.4392726]
[23:14:36][][main/INFO]: i:290, T:Vector3f[NaN, NaN, NaN], B:Vector3f[NaN, NaN, NaN]
[23:14:36][][main/INFO]: i:291, T:Vector3f[-1.8569127, 2.3440402, -13.931695], B:Vector3f[0.08097341, -2.9426816, -3.7394974]
[23:14:36][][main/INFO]: i:292, T:Vector3f[1.6204273, 2.8415942, -25.893946], B:Vector3f[6.262743, -2.0581665, -25.005142]
[23:14:36][][main/INFO]: i:293, T:Vector3f[NaN, NaN, NaN], B:Vector3f[NaN, NaN, NaN]
[23:14:36][][main/INFO]: i:294, T:Vector3f[-7.447627, 1.404862, 5.14541], B:Vector3f[-0.7560058, -3.170209, -0.98042625]
[23:14:36][][main/INFO]: i:295, T:Vector3f[-6.432361, 1.6699158, 1.3539164], B:Vector3f[-1.3218551, -3.317934, 1.1327288]
[23:14:36][][main/INFO]: i:296, T:Vector3f[NaN, NaN, NaN], B:Vector3f[NaN, NaN, NaN]
[23:14:36][][main/INFO]: i:297, T:Vector3f[-4.971501, 2.0298736, -3.4901161], B:Vector3f[0.077168606, -2.973213, -3.5062613]
[23:14:36][][main/INFO]: i:298, T:Vector3f[-3.2415907, 2.3119717, -8.671307], B:Vector3f[-3.1699915, -3.5027304, 6.2191887]
[23:14:36][][main/INFO]: i:299, T:Vector3f[NaN, NaN, NaN], B:Vector3f[NaN, NaN, NaN]
[23:14:36][][main/INFO]: i:300, T:Vector3f[-6.2636313, 1.6197603, 0.88994265], B:Vector3f[-3.0677238, -3.4793057, 5.8956304]
[23:14:36][][main/INFO]: i:301, T:Vector3f[-6.4415765, 1.5857587, 1.3760524], B:Vector3f[-1.3078626, -3.1430326, 1.0880481]
[23:14:36][][main/INFO]: i:302, T:Vector3f[-4.847959, 1.8902663, -2.9773846], B:Vector3f[-1.3576114, -3.152538, 1.2239512]
[23:14:36][][main/INFO]: i:303, T:Vector3f[-4.847959, 1.8902662, -2.9773848], B:Vector3f[-1.3576112, -3.152538, 1.2239512]
[23:14:36][][main/INFO]: i:304, T:Vector3f[-4.3777924, 1.9626129, -4.736299], B:Vector3f[-0.78965694, -3.0651443, -0.9007933]
[23:14:36][][main/INFO]: i:305, T:Vector3f[-2.703791, 2.220199, -10.99882], B:Vector3f[-1.4245468, -3.1628377, 1.47436]
[23:14:36][][main/INFO]: i:306, T:Vector3f[-2.703791, 2.2201996, -10.998819], B:Vector3f[-1.4245468, -3.1628377, 1.4743602]
[23:14:36][][main/INFO]: i:307, T:Vector3f[-35.11652, -5.356993, 96.36118], B:Vector3f[-0.41270417, -2.9262972, -1.8771455]
[23:14:36][][main/INFO]: i:308, T:Vector3f[-13.796757, -0.3730267, 25.744177], B:Vector3f[2.7826242, -2.1793187, -12.460965]
[23:14:36][][main/INFO]: i:309, T:Vector3f[-13.796755, -0.37302688, 25.744173], B:Vector3f[2.7826238, -2.1793184, -12.460963]
[23:14:36][][main/INFO]: i:310, T:Vector3f[-6.5783625, 1.562541, 1.8289175], B:Vector3f[0.044941794, -2.9134111, -3.390749]
[23:14:36][][main/INFO]: i:311, T:Vector3f[-6.9588027, 1.4605279, 3.0893567], B:Vector3f[3.8074713, -1.9045119, -15.856384]
[23:14:36][][main/INFO]: i:312, T:Vector3f[-6.9588027, 1.460528, 3.0893567], B:Vector3f[3.807471, -1.9045122, -15.856384]
[23:14:36][][main/INFO]: i:313, T:Vector3f[-0.012706873, -0.9339643, 10.963666], B:Vector3f[4.848527, -2.2633898, -14.676213]
[23:14:36][][main/INFO]: i:314, T:Vector3f[13.673528, 1.127572, 8.216962], B:Vector3f[-14.235529, -5.1379914, -10.846216]
[23:14:36][][main/INFO]: i:315, T:Vector3f[8.327387, 2.2259, -9.087996], B:Vector3f[-10.461841, -5.9132686, 1.3688549]
[23:14:36][][main/INFO]: i:316, T:Vector3f[NaN, NaN, NaN], B:Vector3f[NaN, NaN, NaN]
[23:14:36][][main/INFO]: i:317, T:Vector3f[8.327387, 2.2259, -9.087996], B:Vector3f[-10.461842, -5.9132695, 1.3688545]
[23:14:36][][main/INFO]: i:318, T:Vector3f[-0.8533858, 2.1496627, -5.9025717], B:Vector3f[-3.9813986, -5.859456, -0.87964445]
[23:14:36][][main/INFO]: i:319, T:Vector3f[-5.4803033, -11.235242, 4.1076474], B:Vector3f[-6.7140493, -13.76456, 5.032376]
[23:14:36][][main/INFO]: i:320, T:Vector3f[0.8361184, -2.1000354, -4.635644], B:Vector3f[2.6846154, -0.17162018, -7.9774046]
[23:14:36][][main/INFO]: i:321, T:Vector3f[15.430683, -3.2934544, -7.553282], B:Vector3f[-5.7626176, 0.51912206, -6.2886953]
[23:14:36][][main/INFO]: i:322, T:Vector3f[15.43068, -3.293454, -7.5532813], B:Vector3f[-5.7626166, 0.5191221, -6.2886953]
[23:14:36][][main/INFO]: i:323, T:Vector3f[NaN, NaN, NaN], B:Vector3f[NaN, NaN, NaN]
[23:14:36][][main/INFO]: i:324, T:Vector3f[18.074816, -1.4305559, -6.7128606], B:Vector3f[-0.82475203, 3.9980464, -4.7192254]
[23:14:36][][main/INFO]: i:325, T:Vector3f[0.6956971, 2.920652, -4.060925], B:Vector3f[3.3345623, 2.9566796, -5.3539085]
[23:14:36][][main/INFO]: i:326, T:Vector3f[-11.8312025, 14.296149, -12.677878], B:Vector3f[-19.932066, 24.084768, -21.358461]
[23:14:36][][main/INFO]: i:327, T:Vector3f[-6.7607646, 2.1007023, -3.8529427], B:Vector3f[-7.470288, -5.888372, 0.33086357]
[23:14:36][][main/INFO]: i:328, T:Vector3f[-0.5908639, 2.1518385, -5.993656], B:Vector3f[-14.485007, -5.94651, 2.7646961]
[23:14:36][][main/INFO]: i:329, T:Vector3f[NaN, NaN, NaN], B:Vector3f[NaN, NaN, NaN]
[23:14:36][][main/INFO]: i:330, T:Vector3f[-0.96987885, 2.148695, -5.862155], B:Vector3f[0.6795451, -5.820731, -2.4967198]
[23:14:36][][main/INFO]: i:331, T:Vector3f[3.3216038, 2.1843374, -7.3511252], B:Vector3f[-1.515641, -5.8389635, -1.73508]
[23:14:36][][main/INFO]: i:332, T:Vector3f[-77.03049, 1.516993, 20.527767], B:Vector3f[-48.9705, -6.233089, 14.729816]
[23:14:36][][main/INFO]: i:333, T:Vector3f[28.191633, 2.3909383, -15.980115], B:Vector3f[-1.5002143, -5.838813, -1.7404807]
[23:14:36][][main/INFO]: i:334, T:Vector3f[-7.3610387, 0.93634725, 1.1014144], B:Vector3f[8.096369, -5.446182, -6.3512263]
[23:14:36][][main/INFO]: i:335, T:Vector3f[2.4271123, -1.0531404, 2.6262796], B:Vector3f[-8.134997, -2.1470811, -8.879861]
[23:14:36][][main/INFO]: i:336, T:Vector3f[5.671512, -2.1096947, 4.2308183], B:Vector3f[3.0845563, -5.8007827, -3.3311565]
[23:14:36][][main/INFO]: i:337, T:Vector3f[1.113169, -2.14755, 5.8124514], B:Vector3f[6.409996, -5.7731657, -4.485002]
[23:14:36][][main/INFO]: i:338, T:Vector3f[-3.3216984, -2.1843796, 7.351241], B:Vector3f[-1.5156653, -5.838985, -1.734993]
[23:14:36][][main/INFO]: i:339, T:Vector3f[-5.1986237, -2.1999843, 8.002495], B:Vector3f[4.7061834, -5.7872586, -3.8938427]
[23:14:36][][main/INFO]: i:340, T:Vector3f[-14.30774, 1.8318588, 3.4509346], B:Vector3f[10.652337, -8.419122, -0.92272365]
[23:14:36][][main/INFO]: i:341, T:Vector3f[-15.501118, 2.1865857, 2.5692], B:Vector3f[2.4668458, -5.986015, -6.9706373]
[23:14:36][][main/INFO]: i:342, T:Vector3f[-11.990276, 2.057334, -2.0386786], B:Vector3f[-1.5247179, -5.8390646, -1.7318197]
[23:14:36][][main/INFO]: i:343, T:Vector3f[-4.3399363, 2.1207576, -4.6929317], B:Vector3f[-1.5201721, -5.8390274, -1.7333968]
[23:14:36][][main/INFO]: i:344, T:Vector3f[-4.34002, 2.1207902, -4.6929817], B:Vector3f[-1.5203807, -5.838947, -1.7335191]
[23:14:36][][main/INFO]: i:345, T:Vector3f[5.1986637, 2.1999645, -8.002471], B:Vector3f[4.706181, -5.787265, -3.8938527]
[23:14:36][][main/INFO]: i:346, T:Vector3f[1.8301322, 1.3035418, -3.9450345], B:Vector3f[-6.4601536, -8.758813, 9.556131]
[23:14:36][][main/INFO]: i:347, T:Vector3f[0.068424, 0.26332203, 0.07802919], B:Vector3f[-1.5176358, -5.8404493, -1.7306776]
[23:14:36][][main/INFO]: i:348, T:Vector3f[11.990038, -2.0572822, 2.0386207], B:Vector3f[-1.5249852, -5.83902, -1.7318863]
[23:14:36][][main/INFO]: i:349, T:Vector3f[24.528494, -1.9532735, -2.311569], B:Vector3f[12.7303095, -5.7207694, -6.677729]
[23:14:36][][main/INFO]: i:350, T:Vector3f[NaN, NaN, NaN], B:Vector3f[NaN, NaN, NaN]
[23:14:36][][main/INFO]: i:351, T:Vector3f[0.96988213, -2.1487002, 5.8621535], B:Vector3f[0.679571, -5.8207345, -2.4966934]
[23:14:36][][main/INFO]: i:352, T:Vector3f[1.1131024, -2.1475096, 5.8124585], B:Vector3f[6.4098763, -5.773093, -4.4849887]
[23:14:36][][main/INFO]: i:353, T:Vector3f[NaN, NaN, NaN], B:Vector3f[NaN, NaN, NaN]
[23:14:36][][main/INFO]: i:354, T:Vector3f[-28.191647, -2.3909824, 15.980196], B:Vector3f[-1.5002143, -5.838813, -1.7404598]
[23:14:36][][main/INFO]: i:355, T:Vector3f[-16.826971, 1.9242218, 4.112304], B:Vector3f[-6.6273327, -7.785597, 3.6136813]
[23:14:36][][main/INFO]: i:356, T:Vector3f[-9.900167, 10.061628, 0.3353306], B:Vector3f[-0.0, 0.0, 0.0]
[23:14:36][][main/INFO]: i:357, T:Vector3f[-5.6717024, 2.1097639, -4.2309933], B:Vector3f[3.0846295, -5.800818, -3.3310945]
[23:14:36][][main/INFO]: i:358, T:Vector3f[-1.030159, -1.075641, 1.8612909], B:Vector3f[-12.966022, 5.2144456, -24.398466]
[23:14:36][][main/INFO]: i:359, T:Vector3f[-1.030159, -1.0756409, 1.8612909], B:Vector3f[-3.747718, -3.9131815, 6.7713757]
[23:14:36][][main/INFO]: i:360, T:Vector3f[18.07615, -1.4306251, -6.7133503], B:Vector3f[0.8245601, -3.9981318, 4.7194014]
[23:14:36][][main/INFO]: i:361, T:Vector3f[16.96573, -1.6525482, -4.213221], B:Vector3f[2.8981032, -3.583722, 0.050782055]
[23:14:36][][main/INFO]: i:362, T:Vector3f[15.556342, 0.39789557, 5.941712], B:Vector3f[2.5296397, -3.0476644, 2.7056396]
[23:14:36][][main/INFO]: i:363, T:Vector3f[6.760855, -2.1007335, 3.8530047], B:Vector3f[-7.4701777, -5.8884206, 0.3309342]
[23:14:36][][main/INFO]: i:364, T:Vector3f[4.3399057, -2.120788, 4.692942], B:Vector3f[-1.5202779, -5.839133, -1.733356]
[23:14:36][][main/INFO]: i:365, T:Vector3f[0.8533883, -2.1496696, 5.902573], B:Vector3f[-3.981407, -5.8595204, -0.87947893]
[23:14:36][][main/INFO]: i:366, T:Vector3f[0.85338825, -2.1496696, 5.9025736], B:Vector3f[-3.9814072, -5.8595204, -0.87947893]
[23:14:36][][main/INFO]: i:367, T:Vector3f[-3.321551, -2.1843197, 7.3510966], B:Vector3f[-1.5158145, -5.839057, -1.7349329]
[23:14:36][][main/INFO]: i:368, T:Vector3f[-8.327189, -2.2258644, 9.087837], B:Vector3f[-10.461967, -5.913306, 1.3689948]
[23:14:36][][main/INFO]: i:369, T:Vector3f[-8.3271885, -2.2258646, 9.087836], B:Vector3f[-10.461968, -5.913306, 1.3689948]
[23:14:36][][main/INFO]: i:370, T:Vector3f[3.6987557, -6.787444, -7.9051323], B:Vector3f[-1.972866, -9.13332, -10.626324]
[23:14:36][][main/INFO]: i:371, T:Vector3f[8.642151, -1.2891872, 2.886886], B:Vector3f[5.770054, -0.5213143, 6.2773848]
[23:14:36][][main/INFO]: i:372, T:Vector3f[15.431564, -3.293649, -7.553546], B:Vector3f[5.762928, -0.51921034, 6.2883425]
[23:14:36][][main/INFO]: i:373, T:Vector3f[0.45224276, -4.997541, -22.900484], B:Vector3f[-2.9066374, -1.5053701, -2.5939865]
[23:14:36][][main/INFO]: i:374, T:Vector3f[-1.3946534, -3.9457965, -4.668029], B:Vector3f[-3.1439066, -1.3702537, -0.25168335]
[23:14:36][][main/INFO]: i:375, T:Vector3f[-1.4043242, -3.9437444, -4.667599], B:Vector3f[3.2789853, -2.7330465, -0.53694123]
[23:14:36][][main/INFO]: i:376, T:Vector3f[NaN, NaN, NaN], B:Vector3f[NaN, NaN, NaN]
[23:14:36][][main/INFO]: i:377, T:Vector3f[NaN, NaN, NaN], B:Vector3f[NaN, NaN, NaN]
[23:14:36][][main/INFO]: i:378, T:Vector3f[-1.393452, -3.9571717, -4.648442], B:Vector3f[1.1482939, -5.1433, 3.8811662]
[23:14:36][][main/INFO]: i:379, T:Vector3f[NaN, NaN, NaN], B:Vector3f[NaN, NaN, NaN]
[23:14:36][][main/INFO]: i:380, T:Vector3f[NaN, NaN, NaN], B:Vector3f[NaN, NaN, NaN]
[23:14:36][][main/INFO]: i:381, T:Vector3f[-1.3046229, -3.8944638, -4.7716675], B:Vector3f[8.865953, 3.6702385, -12.259663]
[23:14:36][][main/INFO]: i:382, T:Vector3f[NaN, NaN, NaN], B:Vector3f[NaN, NaN, NaN]
[23:14:36][][main/INFO]: i:383, T:Vector3f[NaN, NaN, NaN], B:Vector3f[NaN, NaN, NaN]
[23:14:36][][main/INFO]: i:384, T:Vector3f[-1.3523391, -3.9614997, -4.6516047], B:Vector3f[3.1969657, -2.7051566, -0.56230867]
[23:14:36][][main/INFO]: i:385, T:Vector3f[0.750646, -1.6847588, -8.848251], B:Vector3f[12.316806, 7.1681952, -18.761557]
[23:14:36][][main/INFO]: i:386, T:Vector3f[-1.3612504, -3.945014, -4.6760063], B:Vector3f[4.354409, -1.3535535, -3.0311089]
[23:14:36][][main/INFO]: i:387, T:Vector3f[-5.5833616, -8.463724, 3.6651602], B:Vector3f[2.9150677, -2.8940072, -0.1875596]
[23:14:36][][main/INFO]: i:388, T:Vector3f[-1.0365916, -3.5288367, -5.428442], B:Vector3f[3.133143, -2.6573167, -0.6237132]
[23:14:36][][main/INFO]: i:389, T:Vector3f[-1.3969445, -3.9470193, -4.6640725], B:Vector3f[2.2691135, -3.6600075, 1.2090383]
[23:14:36][][main/INFO]: i:390, T:Vector3f[-1.3933421, -3.9428105, -4.6717606], B:Vector3f[8.260668, 3.340569, -11.57746]
[23:14:36][][main/INFO]: i:391, T:Vector3f[-0.4439757, -2.8015375, -6.749601], B:Vector3f[-5.466786, -13.161773, 18.467268]
[23:14:36][][main/INFO]: i:392, T:Vector3f[-1.4229901, -4.018685, -4.541765], B:Vector3f[-3.6851144, -10.946731, 14.449314]
[23:14:36][][main/INFO]: i:393, T:Vector3f[-1.385769, -3.9743423, -4.622577], B:Vector3f[1.1616678, -5.172671, 3.926242]
[23:14:36][][main/INFO]: i:394, T:Vector3f[0.28180584, -1.9877313, -8.243125], B:Vector3f[10.576889, 6.0438514, -16.515574]
[23:14:36][][main/INFO]: i:395, T:Vector3f[-5.085923, -8.445078, 3.5123265], B:Vector3f[3.154951, -2.8846984, -0.26135698]
[23:14:36][][main/INFO]: i:396, T:Vector3f[-5.0859227, -8.445078, 3.5123265], B:Vector3f[3.1549513, -2.8846984, -0.26135704]
[23:14:36][][main/INFO]: i:397, T:Vector3f[-5.3438945, -8.093327, 3.0046172], B:Vector3f[3.0671024, -2.764912, -0.43425316]
[23:14:36][][main/INFO]: i:398, T:Vector3f[-1.4222581, -3.9415724, -4.6666822], B:Vector3f[3.638747, -2.1597226, -1.5524764]
[23:14:36][][main/INFO]: i:399, T:Vector3f[-1.4197301, -3.9384654, -4.672323], B:Vector3f[3.1952724, -2.70469, -0.562937]
[23:14:36][][main/INFO]: i:400, T:Vector3f[NaN, NaN, NaN], B:Vector3f[NaN, NaN, NaN]
[23:14:36][][main/INFO]: i:401, T:Vector3f[NaN, NaN, NaN], B:Vector3f[NaN, NaN, NaN]
[23:14:36][][main/INFO]: i:402, T:Vector3f[-1.3995308, -3.9436972, -4.668914], B:Vector3f[1.1769687, -5.207123, 3.9777591]
[23:14:36][][main/INFO]: i:403, T:Vector3f[NaN, NaN, NaN], B:Vector3f[NaN, NaN, NaN]
[23:14:36][][main/INFO]: i:404, T:Vector3f[NaN, NaN, NaN], B:Vector3f[NaN, NaN, NaN]
[23:14:36][][main/INFO]: i:405, T:Vector3f[-1.343693, -3.9157746, -4.727696], B:Vector3f[7.771706, 3.0740924, -11.02725]
[23:14:36][][main/INFO]: i:406, T:Vector3f[NaN, NaN, NaN], B:Vector3f[NaN, NaN, NaN]
[23:14:36][][main/INFO]: i:407, T:Vector3f[NaN, NaN, NaN], B:Vector3f[NaN, NaN, NaN]
[23:14:36][][main/INFO]: i:408, T:Vector3f[-1.3668704, -3.9565516, -4.6560907], B:Vector3f[3.1129367, -2.676371, -0.58808464]
[23:14:36][][main/INFO]: i:409, T:Vector3f[0.2850515, -1.9856282, -8.247575], B:Vector3f[10.238593, 5.825318, -16.080149]
[23:14:36][][main/INFO]: i:410, T:Vector3f[-1.3830448, -3.9454274, -4.6700916], B:Vector3f[4.1248584, -1.3575363, -2.9683256]
[23:14:36][][main/INFO]: i:411, T:Vector3f[-5.2170253, -8.4498625, 3.5524542], B:Vector3f[2.8137136, -2.8979647, -0.1563779]
[23:14:36][][main/INFO]: i:412, T:Vector3f[-1.0787027, -3.5124013, -5.444703], B:Vector3f[3.0444238, -2.6227026, -0.6579667]
[23:14:36][][main/INFO]: i:413, T:Vector3f[-1.4094751, -3.9370122, -4.6772037], B:Vector3f[2.2489097, -3.6439009, 1.187884]
[23:14:36][][main/INFO]: i:414, T:Vector3f[-1.4293236, -3.962426, -4.631255], B:Vector3f[7.2916155, 2.8127804, -10.485805]
[23:14:36][][main/INFO]: i:415, T:Vector3f[-0.29250744, -2.4548898, -7.3469315], B:Vector3f[-6.448033, -15.407426, 22.336058]
[23:14:36][][main/INFO]: i:416, T:Vector3f[-1.4107214, -3.9819167, -4.6043196], B:Vector3f[-4.1074653, -12.211162, 16.595415]
[23:14:36][][main/INFO]: i:417, T:Vector3f[-1.3928939, -3.9585078, -4.6465316], B:Vector3f[1.1952752, -5.2482285, 4.039613]
[23:14:36][][main/INFO]: i:418, T:Vector3f[-0.06039847, -2.2088315, -7.8016067], B:Vector3f[9.037576, 5.0493593, -14.529346]
[23:14:36][][main/INFO]: i:419, T:Vector3f[-4.748041, -8.432858, 3.408505], B:Vector3f[3.0588431, -2.888918, -0.23169897]
[23:14:36][][main/INFO]: i:420, T:Vector3f[-4.748041, -8.432858, 3.408505], B:Vector3f[3.0588434, -2.8889182, -0.23169899]
[23:14:36][][main/INFO]: i:421, T:Vector3f[-16.82382, 1.2307488, 2.920202], B:Vector3f[-1.0659927, 0.4119699, -0.39849308]
[23:14:36][][main/INFO]: i:422, T:Vector3f[-0.0, -0.0, 7.710516], B:Vector3f[15.401055, -0.7926784, 4.2902284]
[23:14:36][][main/INFO]: i:423, T:Vector3f[0.0, 0.0, 7.7105093], B:Vector3f[-8.002178, -7.7101254, 4.2768999E-4]
[23:14:36][][main/INFO]: i:424, T:Vector3f[75.73413, 5.1567017E-4, 7.7098947], B:Vector3f[-53.377068, -7.7104335, 7.944322E-4]
[23:14:36][][main/INFO]: i:425, T:Vector3f[0.0, 0.0, 7.710417], B:Vector3f[18.31285, -7.709945, 3.013997E-4]
[23:14:36][][main/INFO]: i:426, T:Vector3f[0.0, -0.0, 7.7104173], B:Vector3f[21.341665, -7.7096105, -3.8175178E-5]
[23:14:36][][main/INFO]: i:427, T:Vector3f[-4.368554, -1.06078485E-4, 7.710308], B:Vector3f[-0.7875977, -7.710148, -5.9430965E-4]
[23:14:36][][main/INFO]: i:428, T:Vector3f[-4.6965237, 3.133868E-4, 7.7100606], B:Vector3f[-0.0, -7.711153, -0.0]
[23:14:36][][main/INFO]: i:429, T:Vector3f[13.353973, -0.0, 7.7099], B:Vector3f[-0.0, -7.7111535, -0.0]
[23:14:36][][main/INFO]: i:430, T:Vector3f[13.353973, -0.0, 7.7099004], B:Vector3f[-42.683765, -7.7096095, -1.3493569E-4]
[23:14:36][][main/INFO]: i:431, T:Vector3f[-13.35494, -0.0, 7.710432], B:Vector3f[-46.308403, -7.70961, -6.227253E-5]
[23:14:36][][main/INFO]: i:432, T:Vector3f[-13.35494, -0.0, 7.7104325], B:Vector3f[16.004423, -7.710125, -1.0737727E-4]
[23:14:36][][main/INFO]: i:433, T:Vector3f[16.573195, -4.3340034, -0.04340541], B:Vector3f[7.814434, -6.524103, 2.1217709]
[23:14:36][][main/INFO]: i:434, T:Vector3f[-5.4661818, 2.153841, -7.2339416], B:Vector3f[-10.420976, -1.1560513, -3.827689]
[23:14:36][][main/INFO]: i:435, T:Vector3f[-24.881521, -4.4941525, -3.648527E-5], B:Vector3f[-0.0, 2.4121883, -7.710409]
[23:14:36][][main/INFO]: i:436, T:Vector3f[-4.3876023, -0.7330412, -2.7493014], B:Vector3f[0.0, 2.4121883, -7.7104096]
[23:14:36][][main/INFO]: i:437, T:Vector3f[-4.387603, -4.2072453, -0.103185594], B:Vector3f[-0.0, -7.7111545, -0.0]
[23:14:36][][main/INFO]: i:438, T:Vector3f[-0.0, -0.0, 7.7104177], B:Vector3f[-0.0, -7.7111535, -0.0]
[23:14:36][][main/INFO]: i:439, T:Vector3f[-0.0, -0.0, 7.710417], B:Vector3f[-15.477528, -7.709945, 1.6428754E-4]
[23:14:36][][main/INFO]: i:440, T:Vector3f[-13.357657, 0.0, 7.712255], B:Vector3f[-25.286543, -7.709944, 0.001517481]
[23:14:36][][main/INFO]: i:441, T:Vector3f[-13.3576565, 0.0, 7.712258], B:Vector3f[-0.0, -7.7103486, -0.0]
[23:14:36][][main/INFO]: i:442, T:Vector3f[13.355373, -4.2595735E-4, 7.7106566], B:Vector3f[-0.0, -7.710349, -0.0]
[23:14:36][][main/INFO]: i:443, T:Vector3f[-0.0, -0.0, 7.7104173], B:Vector3f[-2.6579528, -7.710264, -4.7590664E-5]
[23:14:36][][main/INFO]: i:444, T:Vector3f[0.0, 0.0, 7.7104173], B:Vector3f[-21.341665, -7.7096105, -3.9062972E-5]
[23:14:36][][main/INFO]: i:445, T:Vector3f[-2.6924736, 1.9483283E-4, 7.710413], B:Vector3f[-17.03894, -7.7099214, -3.0478624E-5]
[23:14:36][][main/INFO]: i:446, T:Vector3f[4.2130737, -3.0500515E-4, 7.7104244], B:Vector3f[0.0, -7.711153, 0.0]
[23:14:36][][main/INFO]: i:447, T:Vector3f[-13.353973, -0.0, 7.7099], B:Vector3f[-0.0, -7.7111535, -0.0]
[23:14:36][][main/INFO]: i:448, T:Vector3f[-13.353973, -0.0, 7.7099004], B:Vector3f[1.6474285, -0.0, 3.5825047]
[23:14:36][][main/INFO]: i:449, T:Vector3f[-24.429527, -0.0, -14.104365], B:Vector3f[-0.24259512, -0.0, -0.14006208]
[23:14:36][][main/INFO]: i:450, T:Vector3f[-24.881233, 4.494128, -1.2937968E-4], B:Vector3f[-1.4697532E-4, -2.412175, -7.7103596]
[23:14:36][][main/INFO]: i:451, T:Vector3f[-8.411003, -1.4597933, -4.872428], B:Vector3f[-3.1090825, -1.2883074, -6.79066]
[23:14:36][][main/INFO]: i:452, T:Vector3f[13.354958, 0.0, 7.710433], B:Vector3f[16.099972, 0.0, 4.314058]
[23:14:36][][main/INFO]: i:453, T:Vector3f[13.354956, 0.0, 7.7104325], B:Vector3f[-16.003586, -7.710125, 4.73188E-4]
[23:14:36][][main/INFO]: i:454, T:Vector3f[0.6731259, 4.2833562E-5, 7.7103696], B:Vector3f[3.321854, -7.71019, 5.701623E-4]
[23:14:36][][main/INFO]: i:455, T:Vector3f[-1.1205503, -4.7730908E-4, 7.710058], B:Vector3f[0.0, -7.7111535, 0.0]
[23:14:36][][main/INFO]: i:456, T:Vector3f[13.353966, 0.0, 7.7099], B:Vector3f[0.0, -7.7111535, 0.0]
[23:14:36][][main/INFO]: i:457, T:Vector3f[13.312191, -2.4292276, 7.6857815], B:Vector3f[0.13219546, -0.024123216, 0.076322936]
[23:14:36][][main/INFO]: i:458, T:Vector3f[-59.107166, 2.1209705, 20.704466], B:Vector3f[-18.370247, 1.1384081, 3.4024704]
[23:14:36][][main/INFO]: i:459, T:Vector3f[-24.881245, -4.4941287, 1.2834466E-4], B:Vector3f[1.5111548E-4, -2.4121754, -7.7103605]
[23:14:36][][main/INFO]: i:460, T:Vector3f[-3.4817863, -4.160857, -2.0101216], B:Vector3f[-11.485999, -2.591058, -6.631358]
[23:14:36][][main/INFO]: i:461, T:Vector3f[7.3447256, -8.986972, 4.2404847], B:Vector3f[-0.0, -7.711151, -0.0]
[23:14:36][][main/INFO]: i:462, T:Vector3f[-13.353966, 0.0, 7.7099], B:Vector3f[-0.0, -7.7111535, 0.0]
[23:14:36][][main/INFO]: i:463, T:Vector3f[-4.4515224, 0.0, 7.7102447], B:Vector3f[-28.17083, -7.7111535, -0.001089294]
[23:14:36][][main/INFO]: i:464, T:Vector3f[-4.4515224, -0.0, 7.7102447], B:Vector3f[0.0, -7.7111535, 0.0]
[23:14:36][][main/INFO]: i:465, T:Vector3f[0.0, 0.0, 7.7104177], B:Vector3f[0.0, -7.7111535, 0.0]
[23:14:36][][main/INFO]: i:466, T:Vector3f[-7.1852903, -2.4938042E-4, 7.7103686], B:Vector3f[45.471096, -7.7095766, 3.123209E-4]
[23:14:36][][main/INFO]: i:467, T:Vector3f[-13.354968, 0.0, 7.7104325], B:Vector3f[65.90469, -7.7104006, 1.0637248E-4]
[23:14:36][][main/INFO]: i:468, T:Vector3f[-13.354967, 0.0, 7.710431], B:Vector3f[-16.003592, -7.7101245, -4.8774804E-4]
[23:14:36][][main/INFO]: i:469, T:Vector3f[-11.388513, -2.8053586, -20.55446], B:Vector3f[-14.825423, -9.39091, -16.934944]
[23:14:36][][main/INFO]: i:470, T:Vector3f[12.213936, 5.628219, -22.48807], B:Vector3f[19.91058, 3.0208857, -19.780657]
[23:14:36][][main/INFO]: i:471, T:Vector3f[-24.881233, 4.494109, 4.7611524E-5], B:Vector3f[1.4749223E-4, 2.412165, -7.710403]
[23:14:36][][main/INFO]: i:472, T:Vector3f[-24.881233, 2.2239156, 4.812904E-5], B:Vector3f[1.4697471E-4, 3.6306806, -7.710403]
[23:14:36][][main/INFO]: i:473, T:Vector3f[-24.881653, -4.4257684, -2.3332852E-5], B:Vector3f[6.8509224E-5, 2.3754835, -7.7104173]
[23:14:36][][main/INFO]: i:474, T:Vector3f[-24.881512, 0.0, 0.0], B:Vector3f[-3.9715383E-6, 0.0, -7.7104287]
[23:14:36][][main/INFO]: i:475, T:Vector3f[-24.881516, -0.0, 0.0], B:Vector3f[-26.361717, -2.792228, 6.889684]
[23:14:36][][main/INFO]: i:476, T:Vector3f[13.354956, -0.0, 7.7104335], B:Vector3f[19.934643, -2.7922287, 16.225405]
[23:14:36][][main/INFO]: i:477, T:Vector3f[13.354952, -0.0, 7.710431], B:Vector3f[16.00445, -7.7101245, 1.0646739E-4]
[23:14:36][][main/INFO]: i:478, T:Vector3f[4.451654, 0.0, 7.710484], B:Vector3f[5.3348203, -7.7101254, 1.6804266E-4]
[23:14:36][][main/INFO]: i:479, T:Vector3f[0.0, 0.0, 7.7105093], B:Vector3f[12.349774, -7.7101254, 1.276245E-4]
[23:14:36][][main/INFO]: i:480, T:Vector3f[0.0, -0.0, 7.7105093], B:Vector3f[8.002178, -7.7101254, 4.2768999E-4]
[23:14:36][][main/INFO]: i:481, T:Vector3f[-5.1041565, -1.5762872E-4, 7.710171], B:Vector3f[1.6202903, -7.710322, 5.2217088E-6]
[23:14:36][][main/INFO]: i:482, T:Vector3f[-13.357657, 0.0, 7.712258], B:Vector3f[3.0197933, -7.7103496, -3.487659E-4]
[23:14:36][][main/INFO]: i:483, T:Vector3f[-13.357657, 0.0, 7.7122583], B:Vector3f[11.219216, -7.710405, -5.7754747E-5]
[23:14:36][][main/INFO]: i:484, T:Vector3f[18.278938, -1.7984577E-4, 7.713206], B:Vector3f[-2.0665672, -7.7103286, -4.5589582E-4]
[23:14:36][][main/INFO]: i:485, T:Vector3f[13.357581, -0.0, 7.712215], B:Vector3f[-1.2717032, -7.7103553, -2.959648E-4]
[23:14:36][][main/INFO]: i:486, T:Vector3f[13.357583, 0.0, 7.7122154], B:Vector3f[-0.0, -7.710349, -0.0]
[23:14:36][][main/INFO]: i:487, T:Vector3f[NaN, NaN, NaN], B:Vector3f[NaN, NaN, NaN]
[23:14:36][][main/INFO]: i:488, T:Vector3f[-13.357539, 0.0, 7.7122154], B:Vector3f[0.0, -7.710349, 0.0]
[23:14:36][][main/INFO]: i:489, T:Vector3f[-13.357539, -0.0, 7.7122154], B:Vector3f[-0.0, -7.710349, 0.0]
[23:14:36][][main/INFO]: i:490, T:Vector3f[-0.0, -0.0, 7.7091756], B:Vector3f[0.75480527, -7.710349, -1.7187794E-4]
[23:14:36][][main/INFO]: i:491, T:Vector3f[13.357613, 0.0, 7.712258], B:Vector3f[3.01979, -7.7103496, 3.510102E-4]
[23:14:36][][main/INFO]: i:492, T:Vector3f[13.357613, -0.0, 7.712258], B:Vector3f[0.0, -7.7103486, 0.0]
[23:14:36][][main/INFO]: i:493, T:Vector3f[-13.3576565, 0.0, 7.712258], B:Vector3f[-1.5096128, -7.7103486, 0.0]
[23:14:36][][main/INFO]: i:494, T:Vector3f[-0.0, -0.0, 7.7091756], B:Vector3f[-1.509613, -7.710349, -0.0]
[23:14:36][][main/INFO]: i:495, T:Vector3f[0.0, 0.0, 7.7091756], B:Vector3f[-0.0, -7.710349, -0.0]
[23:14:36][][main/INFO]: i:496, T:Vector3f[Infinity, NaN, NaN], B:Vector3f[NaN, NaN, NaN]
[23:14:36][][main/INFO]: i:497, T:Vector3f[0.0, 0.0, 7.7091756], B:Vector3f[1.509613, -7.710349, 0.0]
[23:14:36][][main/INFO]: i:498, T:Vector3f[-0.0, -0.0, 7.7091756], B:Vector3f[-0.0, -7.710349, 0.0]
[23:14:36][][main/INFO]: i:499, T:Vector3f[2.1672184, -3.0295641E-5, 7.7100706], B:Vector3f[0.24501984, -7.7103524, 1.01301055E-4]
[23:14:36][][main/INFO]: i:500, T:Vector3f[-13.353654, 0.0, 7.709769], B:Vector3f[27.321007, -7.7104053, 6.319484E-4]
[23:14:36][][main/INFO]: i:501, T:Vector3f[-13.353653, 0.0, 7.709767], B:Vector3f[10.657707, -7.709865, 1.9234301E-4]
[23:14:36][][main/INFO]: i:502, T:Vector3f[-40.58073, 0.0017055209, 7.7083797], B:Vector3f[47.12108, -7.71215, 0.0020527835]
[23:14:36][][main/INFO]: i:503, T:Vector3f[13.3575945, -0.0, 7.7122293], B:Vector3f[-17.803528, -7.7101035, -0.002560738]
[23:14:36][][main/INFO]: i:504, T:Vector3f[13.357584, 0.0, 7.712216], B:Vector3f[11.219186, -7.7104044, 4.009893E-5]
[23:14:36][][main/INFO]: i:505, T:Vector3f[NaN, NaN, NaN], B:Vector3f[NaN, NaN, NaN]
[23:14:36][][main/INFO]: i:506, T:Vector3f[-13.357539, 0.0, 7.712216], B:Vector3f[8.051601, -7.710404, 3.9949304E-5]
[23:14:36][][main/INFO]: i:507, T:Vector3f[-13.357539, -0.0, 7.712216], B:Vector3f[-11.219166, -7.7104044, 3.9949307E-5]
[23:14:36][][main/INFO]: i:508, T:Vector3f[-0.0, -0.0, 7.7091746], B:Vector3f[-5.6096697, -7.7104044, -0.0012375233]
[23:14:36][][main/INFO]: i:509, T:Vector3f[13.357616, 0.0, 7.7122607], B:Vector3f[8.054289, -7.7104077, 0.0019175777]
[23:14:36][][main/INFO]: i:510, T:Vector3f[13.357613, -0.0, 7.7122583], B:Vector3f[-11.219197, -7.710405, -5.8053996E-5]
[23:14:36][][main/INFO]: i:511, T:Vector3f[-13.357657, 0.0, 7.7122583], B:Vector3f[-8.051553, -7.710405, -5.7754747E-5]
[23:14:36][][main/INFO]: i:512, T:Vector3f[-0.0, -0.0, 7.709174], B:Vector3f[-13.6610985, -7.710404, 0.0012372241]
[23:14:36][][main/INFO]: i:513, T:Vector3f[-0.0, 0.0, 7.7091746], B:Vector3f[5.6096697, -7.7104044, -0.0012378223]
[23:14:36][][main/INFO]: i:514, T:Vector3f[Infinity, NaN, NaN], B:Vector3f[Infinity, NaN, NaN]
[23:14:36][][main/INFO]: i:515, T:Vector3f[0.0, 0.0, 7.709174], B:Vector3f[13.6610985, -7.710404, -0.0012372241]
[23:14:36][][main/INFO]: i:516, T:Vector3f[-0.0, -0.0, 7.7091746], B:Vector3f[-5.6096697, -7.7104044, -0.0012375233]
[23:14:36][][main/INFO]: i:517, T:Vector3f[0.44972315, 8.656028E-4, 7.711022], B:Vector3f[-5.1496315, -7.709519, 6.5397244E-4]
[23:14:36][][main/INFO]: i:518, T:Vector3f[-0.0, -0.0, 7.7102084], B:Vector3f[-5.3291163, -7.7098656, 3.2888795E-4]
[23:14:36][][main/INFO]: i:519, T:Vector3f[-0.0, -0.0, 7.7102084], B:Vector3f[-1.9536566, -7.710355, 1.3196652E-4]
[23:14:36][][main/INFO]: i:520, T:Vector3f[-6.7582984, 1.8581857E-4, 7.710283], B:Vector3f[-9.7707815, -7.7101398, 2.1822109E-4]
[23:14:36][][main/INFO]: i:521, T:Vector3f[13.353651, -0.0, 7.7097483], B:Vector3f[-5.0512233, -7.7101836, 9.288325E-5]
[23:14:36][][main/INFO]: i:522, T:Vector3f[13.353653, 0.0, 7.7097487], B:Vector3f[10.657715, -7.709865, -2.9170146E-4]
[23:14:36][][main/INFO]: i:523, T:Vector3f[NaN, NaN, NaN], B:Vector3f[NaN, NaN, NaN]
[23:14:36][][main/INFO]: i:524, T:Vector3f[-13.353634, 0.0, 7.7097483], B:Vector3f[-10.657701, -7.709865, -2.9245132E-4]
[23:14:36][][main/INFO]: i:525, T:Vector3f[-13.353635, -0.0, 7.7097487], B:Vector3f[-10.6577015, -7.709865, -2.920764E-4]
[23:14:36][][main/INFO]: i:526, T:Vector3f[-0.0, -0.0, 7.71089], B:Vector3f[7.225922, -7.7098656, 0.0012359876]
[23:14:36][][main/INFO]: i:527, T:Vector3f[13.353636, 0.0, 7.709768], B:Vector3f[39.55913, -7.709867, -0.0014757547]
[23:14:36][][main/INFO]: i:528, T:Vector3f[13.353635, -0.0, 7.709767], B:Vector3f[-10.658532, -7.709865, -2.3227386E-4]
[23:14:36][][main/INFO]: i:529, T:Vector3f[-13.353653, 0.0, 7.709767], B:Vector3f[-14.45155, -7.709865, -2.3227386E-4]
[23:14:36][][main/INFO]: i:530, T:Vector3f[-0.0, -0.0, 7.71089], B:Vector3f[-19.78097, -7.7098646, -6.8061816E-4]
[23:14:36][][main/INFO]: i:531, T:Vector3f[-0.0, 0.0, 7.71089], B:Vector3f[5.329037, -7.7098656, 6.0074404E-4]
[23:14:36][][main/INFO]: i:532, T:Vector3f[Infinity, NaN, NaN], B:Vector3f[Infinity, NaN, NaN]
[23:14:36][][main/INFO]: i:533, T:Vector3f[0.0, 0.0, 7.7108893], B:Vector3f[19.780891, -7.7098646, 6.00744E-4]
[23:14:36][][main/INFO]: i:534, T:Vector3f[-0.0, -0.0, 7.71089], B:Vector3f[-5.329117, -7.7098656, 6.0074404E-4]
[23:14:36][][main/INFO]: i:535, T:Vector3f[2.5286915, -3.6654482E-4, 7.7106133], B:Vector3f[-1.5836954, -7.7104087, 1.9078626E-4]
[23:14:36][][main/INFO]: i:536, T:Vector3f[-0.0, -0.0, 7.710038], B:Vector3f[-1.9536564, -7.710354, 1.0718639E-4]
[23:14:36][][main/INFO]: i:537, T:Vector3f[-0.0, -0.0, 7.710038], B:Vector3f[-0.0, -7.7103395, 0.0]
[23:14:36][][main/INFO]: i:538, T:Vector3f[-11.879685, -2.0365856E-5, 7.709827], B:Vector3f[-12.963469, -7.710362, -2.3152762E-4]
[23:14:36][][main/INFO]: i:539, T:Vector3f[-13.354454, -0.0, 7.7102203], B:Vector3f[-14.080516, -7.710347, 6.59616E-5]
[23:14:36][][main/INFO]: i:540, T:Vector3f[-13.354452, 0.0, 7.7102184], B:Vector3f[3.9074862, -7.7103543, -9.0683556E-5]
[23:14:36][][main/INFO]: i:541, T:Vector3f[0.0, 0.0, 7.7102084], B:Vector3f[1.9536566, -7.710355, -8.917597E-5]
[23:14:36][][main/INFO]: i:542, T:Vector3f[13.354444, -0.0, 7.7102137], B:Vector3f[-13.493035, -7.710355, -9.648167E-5]
[23:14:36][][main/INFO]: i:543, T:Vector3f[13.3544445, 0.0, 7.7102137], B:Vector3f[3.907485, -7.710355, 8.9871755E-5]
[23:14:36][][main/INFO]: i:544, T:Vector3f[NaN, NaN, NaN], B:Vector3f[NaN, NaN, NaN]
[23:14:36][][main/INFO]: i:545, T:Vector3f[-13.354518, 0.0, 7.7102127], B:Vector3f[13.492719, -7.710354, 8.992973E-5]
[23:14:36][][main/INFO]: i:546, T:Vector3f[-13.354519, -0.0, 7.7102137], B:Vector3f[-3.9074962, -7.710355, 1.326623E-4]
[23:14:36][][main/INFO]: i:547, T:Vector3f[-0.0, -0.0, 7.7102084], B:Vector3f[-1.9536566, -7.710355, 1.3196652E-4]
[23:14:36][][main/INFO]: i:548, T:Vector3f[13.3545265, 0.0, 7.710219], B:Vector3f[13.493132, -7.7103543, 1.447226E-4]
[23:14:36][][main/INFO]: i:549, T:Vector3f[13.3545265, -0.0, 7.7102184], B:Vector3f[-3.9074972, -7.7103543, -9.0683556E-5]
[23:14:36][][main/INFO]: i:550, T:Vector3f[-13.354452, 0.0, 7.7102184], B:Vector3f[-13.492728, -7.7103543, -9.0683556E-5]
[23:14:36][][main/INFO]: i:551, T:Vector3f[-0.0, -0.0, 7.7102084], B:Vector3f[-15.446558, -7.710355, -8.917597E-5]
[23:14:36][][main/INFO]: i:552, T:Vector3f[-0.0, 0.0, 7.7102084], B:Vector3f[1.9536566, -7.710355, 8.9060006E-5]
[23:14:36][][main/INFO]: i:553, T:Vector3f[-7.6864705, -13.711717, -1.2441275], B:Vector3f[0.8290837, -9.7164545, -1.3099793]
[23:14:36][][main/INFO]: i:554, T:Vector3f[0.0, 0.0, 7.710305], B:Vector3f[8.922264, 4.7207847, 8.118255]
[23:14:36][][main/INFO]: i:555, T:Vector3f[0.0, -0.0, 7.7103057], B:Vector3f[8.972919, -7.710361, -0.0016232827]
[23:14:36][][main/INFO]: i:556, T:Vector3f[-42.95667, 118.357025, 85.01922], B:Vector3f[-26.418287, 89.80181, 63.69176]
[23:14:36][][main/INFO]: i:557, T:Vector3f[-13.3551035, 0.0, 7.710609], B:Vector3f[-5.2285843, 5.0782404, 8.351902]
[23:14:36][][main/INFO]: i:558, T:Vector3f[-13.355105, 0.0, 7.71061], B:Vector3f[-0.0, -7.71034, -0.0]
[23:14:36][][main/INFO]: i:559, T:Vector3f[0.0, 0.0, 7.710071], B:Vector3f[0.0, -7.7103395, 0.0]
[23:14:36][][main/INFO]: i:560, T:Vector3f[13.355097, -0.0, 7.710541], B:Vector3f[-14.573482, -7.7103386, -5.1092706E-4]
[23:14:36][][main/INFO]: i:561, T:Vector3f[13.355098, 0.0, 7.71054], B:Vector3f[-0.0, -7.7103395, -0.0]
[23:14:36][][main/INFO]: i:562, T:Vector3f[NaN, NaN, NaN], B:Vector3f[NaN, NaN, NaN]
[23:14:36][][main/INFO]: i:563, T:Vector3f[-13.355156, 0.0, 7.7106056], B:Vector3f[0.0, -7.7103395, 0.0]
[23:14:36][][main/INFO]: i:564, T:Vector3f[-13.355156, -0.0, 7.7106056], B:Vector3f[-0.0, -7.7103395, 0.0]
[23:14:36][][main/INFO]: i:565, T:Vector3f[-0.0, -0.0, 7.710038], B:Vector3f[7.2862716, -7.7103395, -3.0936676E-4]
[23:14:36][][main/INFO]: i:566, T:Vector3f[13.355165, 0.0, 7.7106104], B:Vector3f[29.146105, -7.7103405, 6.266091E-4]
[23:14:36][][main/INFO]: i:567, T:Vector3f[13.355163, -0.0, 7.71061], B:Vector3f[0.0, -7.71034, 0.0]
[23:14:36][][main/INFO]: i:568, T:Vector3f[-13.355105, 0.0, 7.71061], B:Vector3f[-14.572514, -7.71034, 0.0]
[23:14:36][][main/INFO]: i:569, T:Vector3f[-0.0, -0.0, 7.710071], B:Vector3f[-14.572512, -7.7103395, -0.0]
[23:14:36][][main/INFO]: i:570, T:Vector3f[0.0, 0.0, 7.710071], B:Vector3f[-0.0, -7.7103395, -0.0]
[23:14:36][][main/INFO]: i:571, T:Vector3f[-4.335451, -33.623955, 7.5092545], B:Vector3f[-0.0, -7.710339, -0.0]
[23:14:36][][main/INFO]: i:572, T:Vector3f[-40.204437, -0.0, 19.478056], B:Vector3f[-8.225149, -0.0, 2.7445781]
[23:14:36][][main/INFO]: i:573, T:Vector3f[-24.881525, -7.1879826, -0.0016916441], B:Vector3f[-7.258691E-4, -3.858076, -7.710981]
[23:14:36][][main/INFO]: i:574, T:Vector3f[-24.882477, -12.229664, -0.0025328787], B:Vector3f[-0.0, -0.0, -7.710341]
[23:14:36][][main/INFO]: i:575, T:Vector3f[-24.880285, -0.5923013, 4.6633685E-4], B:Vector3f[5.974941E-5, 0.31791165, -7.7102585]
[23:14:36][][main/INFO]: i:576, T:Vector3f[-24.8814, -6.5388694, 0.0019480817], B:Vector3f[6.5961975E-4, 3.5096712, -7.711055]
[23:14:36][][main/INFO]: i:577, T:Vector3f[-17.134869, 0.91800344, -11.909816], B:Vector3f[-3.4531548, 0.18500336, -2.4001608]
[23:14:36][][main/INFO]: i:578, T:Vector3f[-13.355163, -0.0, 7.71061], B:Vector3f[-3.1581028, 0.11334195, -0.8685467]
[23:14:36][][main/INFO]: i:579, T:Vector3f[-13.355163, -0.0, 7.7106094], B:Vector3f[22.625122, -7.710361, 0.0011350175]
[23:14:36][][main/INFO]: i:580, T:Vector3f[-0.0, -0.0, 7.7103057], B:Vector3f[8.972919, -7.710361, 0.0014459423]
[23:14:36][][main/INFO]: i:581, T:Vector3f[13.3542385, 0.0, 7.710076], B:Vector3f[314.52042, -7.710363, -0.0038007258]
[23:14:36][][main/INFO]: i:582, T:Vector3f[13.354238, -0.0, 7.7100754], B:Vector3f[19.975227, -7.7103615, -0.0018145825]
[23:14:36][][main/INFO]: i:583, T:Vector3f[-13.35418, 0.0, 7.7100754], B:Vector3f[-321.23843, -7.7103615, -0.0018145825]
[23:14:36][][main/INFO]: i:584, T:Vector3f[-0.0, -0.0, 7.710338], B:Vector3f[-310.23618, -7.710361, -0.0015981251]
[23:14:36][][main/INFO]: i:585, T:Vector3f[0.0, 0.0, 7.710338], B:Vector3f[-15.6875, -7.710361, 0.0021907717]
[23:14:36][][main/INFO]: i:586, T:Vector3f[Infinity, NaN, NaN], B:Vector3f[-Infinity, NaN, NaN]
[23:14:36][][main/INFO]: i:587, T:Vector3f[NaN, NaN, NaN], B:Vector3f[Infinity, NaN, NaN]
[23:14:36][][main/INFO]: i:588, T:Vector3f[-0.0, -0.0, 7.7101665], B:Vector3f[-3.0912333, -7.71022, -9.306011E-6]
[23:14:36][][main/INFO]: i:589, T:Vector3f[13.354428, -0.0, 7.710129], B:Vector3f[-6.182465, -7.7102194, -6.0038764E-7]
[23:14:36][][main/INFO]: i:590, T:Vector3f[-13.354358, 0.0, 7.710129], B:Vector3f[6.1824327, -7.710219, -6.0038764E-7]
[23:14:36][][main/INFO]: i:591, T:Vector3f[-13.354358, 0.0, 7.710129], B:Vector3f[6.1824327, -7.7102194, -6.0038764E-7]
[23:14:36][][main/INFO]: i:592, T:Vector3f[-0.0, 0.0, 7.7101665], B:Vector3f[3.0912168, -7.71022, -9.306011E-6]
[23:14:36][][main/INFO]: i:593, T:Vector3f[13.355355, 0.0, 7.7107], B:Vector3f[6.182663, -7.7102184, 1.1438239E-4]
[23:14:36][][main/INFO]: i:594, T:Vector3f[13.355356, 0.0, 7.7107005], B:Vector3f[6.1826634, -7.71022, 1.143824E-4]
[23:14:36][][main/INFO]: i:595, T:Vector3f[NaN, NaN, NaN], B:Vector3f[NaN, NaN, NaN]
[23:14:36][][main/INFO]: i:596, T:Vector3f[-13.355426, -0.0, 7.7107], B:Vector3f[-6.182696, -7.7102184, 1.1438239E-4]
[23:14:36][][main/INFO]: i:597, T:Vector3f[-13.355427, -0.0, 7.7107005], B:Vector3f[-6.1826963, -7.71022, 1.143824E-4]
[23:14:36][][main/INFO]: i:598, T:Vector3f[-0.0, -0.0, 7.7101665], B:Vector3f[-3.0912333, -7.71022, -9.306011E-6]
[23:14:36][][main/INFO]: i:599, T:Vector3f[13.354428, -0.0, 7.710129], B:Vector3f[-6.182465, -7.710219, -6.0038764E-7]
[23:14:36][][main/INFO]: i:600, T:Vector3f[13.354428, -0.0, 7.710129], B:Vector3f[-6.182465, -7.7102194, -6.0038764E-7]
[23:14:36][][main/INFO]: i:601, T:Vector3f[-13.354358, 0.0, 7.710129], B:Vector3f[6.1824327, -7.7102194, -6.0038764E-7]
[23:14:36][][main/INFO]: i:602, T:Vector3f[0.0, 0.0, 7.7101665], B:Vector3f[3.0912168, -7.71022, -9.306011E-6]
[23:14:36][][main/INFO]: i:603, T:Vector3f[0.0, 0.0, 7.7101665], B:Vector3f[3.0912168, -7.71022, -9.306011E-6]
[23:14:36][][main/INFO]: i:604, T:Vector3f[16.960619, -14.204081, 18.051605], B:Vector3f[7.017196, -10.998126, 2.3937879]
[23:14:36][][main/INFO]: i:605, T:Vector3f[0.0, 0.0, 7.7105117], B:Vector3f[-962.73944, 801.14813, -588.8787]
[23:14:36][][main/INFO]: i:606, T:Vector3f[0.0, 0.0, 7.7105093], B:Vector3f[-8.002165, -7.7101254, 4.4133965E-4]
[23:14:36][][main/INFO]: i:607, T:Vector3f[75.734085, 5.1567017E-4, 7.7098804], B:Vector3f[-53.37702, -7.7104335, 8.18123E-4]
[23:14:36][][main/INFO]: i:608, T:Vector3f[0.0, 0.0, 7.710453], B:Vector3f[18.31285, -7.709945, 2.7638598E-4]
[23:14:36][][main/INFO]: i:609, T:Vector3f[0.0, -0.0, 7.710454], B:Vector3f[21.341665, -7.7096105, -9.588184E-5]
[23:14:36][][main/INFO]: i:610, T:Vector3f[-4.368556, -1.06078485E-4, 7.7103243], B:Vector3f[-0.78760695, -7.710148, -7.517631E-4]
[23:14:36][][main/INFO]: i:611, T:Vector3f[-4.6965294, 3.133868E-4, 7.710011], B:Vector3f[-0.0, -7.711153, -0.0]
[23:14:36][][main/INFO]: i:612, T:Vector3f[13.353893, -0.0, 7.7098274], B:Vector3f[-0.0, -7.7111535, -0.0]
[23:14:36][][main/INFO]: i:613, T:Vector3f[13.353893, -0.0, 7.709828], B:Vector3f[-42.68351, -7.7096095, -1.1718099E-4]
[23:14:36][][main/INFO]: i:614, T:Vector3f[-13.354956, -0.0, 7.710417], B:Vector3f[-46.308144, -7.70961, -3.7534126E-5]
[23:14:36][][main/INFO]: i:615, T:Vector3f[-13.354956, -0.0, 7.7104173], B:Vector3f[16.00444, -7.710125, 2.638933E-5]
[23:14:36][][main/INFO]: i:616, T:Vector3f[16.573174, -4.3340034, -0.043317374], B:Vector3f[7.814453, -6.524103, 2.121876]
[23:14:36][][main/INFO]: i:617, T:Vector3f[-5.466149, 2.153841, -7.233912], B:Vector3f[-10.420913, -1.1560513, -3.8276324]
[23:14:36][][main/INFO]: i:618, T:Vector3f[-24.88137, -4.4941525, -2.6587672E-5], B:Vector3f[-0.0, 2.4121883, -7.710342]
[23:14:36][][main/INFO]: i:619, T:Vector3f[-4.387576, -0.7330412, -2.7492754], B:Vector3f[0.0, 2.4121883, -7.7103424]
[23:14:36][][main/INFO]: i:620, T:Vector3f[-4.387575, -4.2072453, -0.10318293], B:Vector3f[-0.0, -7.7111545, -0.0]
[23:14:36][][main/INFO]: i:621, T:Vector3f[-0.0, -0.0, 7.710454], B:Vector3f[-0.0, -7.7111535, -0.0]
[23:14:36][][main/INFO]: i:622, T:Vector3f[-0.0, -0.0, 7.7104535], B:Vector3f[-15.477434, -7.709945, 1.16113E-4]
[23:14:36][][main/INFO]: i:623, T:Vector3f[-13.35761, 0.0, 7.712257], B:Vector3f[-25.28642, -7.709944, 0.001441607]
[23:14:36][][main/INFO]: i:624, T:Vector3f[-13.357613, 0.0, 7.712258], B:Vector3f[-0.0, -7.7103486, -0.0]
[23:14:36][][main/INFO]: i:625, T:Vector3f[13.355285, -4.2595735E-4, 7.7107353], B:Vector3f[-0.0, -7.710349, -0.0]
[23:14:36][][main/INFO]: i:626, T:Vector3f[-0.0, -0.0, 7.710454], B:Vector3f[-2.6579347, -7.710264, -5.616088E-5]
[23:14:36][][main/INFO]: i:627, T:Vector3f[0.0, 0.0, 7.710454], B:Vector3f[-21.34145, -7.7096105, -9.588184E-5]
[23:14:36][][main/INFO]: i:628, T:Vector3f[-2.6924465, 1.9483283E-4, 7.710442], B:Vector3f[-17.038769, -7.7099214, -7.655096E-5]
[23:14:36][][main/INFO]: Saved GameSettings options. (options.dat)
