[21:48:11][][main/INFO]: Loaded GameSettings options. (%s)
[21:48:11][][main/INFO]: OperationSystem %s %s, rt %s %s, VM %s v%s
[21:48:11][][main/INFO]: RenderEngine initialized. GL_I: %s - %s | %s
[21:48:11][][main/INFO]: LWJGL %s, GLFWL %s
[21:48:12][][main/INFO]: AudioEngine initialized. AL_I: %s / %s, devispec %s
[21:48:12][][main/WARN]: false
[21:48:12][][main/WARN]: false
[21:48:12][][main/WARN]: false
[21:48:12][][main/WARN]: false
[21:48:12][][main/WARN]: false
[21:48:12][][main/WARN]: false
[21:48:12][][main/WARN]: false
[21:48:12][][main/WARN]: false
[21:48:12][][main/WARN]: false
[21:48:12][][main/WARN]: false
[21:48:12][][main/WARN]: false
[21:48:12][][main/WARN]: false
[21:48:12][][main/WARN]: false
[21:48:12][][main/WARN]: false
[21:48:12][][main/WARN]: false
[21:48:12][][main/WARN]: false
[21:48:12][][main/WARN]: false
[21:48:12][][main/WARN]: false
[21:48:12][][main/WARN]: false
[21:48:12][][main/WARN]: false
[21:48:12][][main/WARN]: false
[21:48:12][][main/WARN]: false
[21:48:12][][main/WARN]: false
[21:48:12][][main/WARN]: false
[21:48:12][][main/WARN]: false
[21:48:12][][main/WARN]: false
[21:48:12][][main/WARN]: false
[21:48:12][][main/WARN]: false
[21:48:12][][main/WARN]: false
[21:48:12][][main/WARN]: false
[21:48:12][][main/WARN]: false
[21:48:12][][main/WARN]: false
[21:48:12][][main/WARN]: false
[21:48:12][][main/WARN]: false
[21:48:12][][main/WARN]: false
[21:48:12][][main/WARN]: false
[21:48:12][][main/WARN]: false
[21:48:12][][main/WARN]: false
[21:48:12][][main/WARN]: false
[21:48:12][][main/WARN]: false
[21:48:12][][main/WARN]: false
[21:48:12][][main/WARN]: false
[21:48:12][][main/WARN]: false
[21:48:13][][main/WARN]: false
[21:48:13][][main/WARN]: false
[21:48:13][][main/WARN]: false
[21:48:13][][main/WARN]: false
[21:48:13][][main/WARN]: false
[21:48:13][][main/WARN]: false
[21:48:13][][main/WARN]: false
[21:48:13][][main/WARN]: false
[21:48:13][][main/WARN]: false
[21:48:13][][main/WARN]: false
[21:48:13][][main/WARN]: false
[21:48:13][][main/WARN]: false
[21:48:13][][main/WARN]: false
[21:48:13][][main/WARN]: false
[21:48:13][][main/WARN]: false
[21:48:13][][main/WARN]: false
[21:48:13][][main/WARN]: false
[21:48:13][][main/WARN]: false
[21:48:13][][main/WARN]: false
[21:48:13][][main/WARN]: false
[21:48:13][][main/WARN]: false
[21:48:13][][main/WARN]: false
[21:48:13][][main/WARN]: false
[21:48:13][][main/WARN]: false
[21:48:13][][main/WARN]: false
[21:48:13][][main/WARN]: false
[21:48:13][][main/WARN]: false
[21:48:13][][main/WARN]: false
[21:48:13][][main/WARN]: false
[21:48:13][][main/WARN]: false
[21:48:13][][main/WARN]: false
[21:48:13][][main/WARN]: false
[21:48:13][][main/WARN]: false
[21:48:13][][main/WARN]: false
[21:48:13][][main/WARN]: false
[21:48:13][][main/WARN]: false
[21:48:13][][main/WARN]: false
[21:48:13][][main/WARN]: false
[21:48:13][][main/WARN]: false
[21:48:13][][main/WARN]: false
[21:48:13][][main/WARN]: false
[21:48:13][][main/WARN]: false
[21:48:13][][main/WARN]: false
[21:48:13][][main/WARN]: false
[21:48:13][][main/WARN]: false
[21:48:13][][main/WARN]: false
[21:48:13][][main/WARN]: false
[21:48:13][][main/WARN]: false
[21:48:13][][main/WARN]: false
[21:48:13][][main/WARN]: false
[21:48:13][][main/WARN]: false
[21:48:13][][main/WARN]: false
[21:48:13][][main/WARN]: false
[21:48:13][][main/WARN]: false
[21:48:13][][main/WARN]: false
[21:48:13][][main/WARN]: false
[21:48:13][][main/WARN]: false
[21:48:13][][main/WARN]: false
[21:48:13][][main/WARN]: false
[21:48:13][][main/WARN]: false
[21:48:13][][main/WARN]: false
[21:48:13][][main/WARN]: false
[21:48:14][][main/WARN]: false
[21:48:14][][main/WARN]: false
[21:48:14][][main/WARN]: false
[21:48:14][][main/WARN]: false
[21:48:14][][main/WARN]: false
[21:48:14][][main/WARN]: false
[21:48:14][][main/WARN]: false
[21:48:14][][main/WARN]: false
[21:48:14][][main/WARN]: false
[21:48:14][][main/WARN]: false
[21:48:14][][main/WARN]: false
[21:48:14][][main/WARN]: false
[21:48:14][][main/WARN]: false
[21:48:14][][main/WARN]: false
[21:48:14][][main/WARN]: false
[21:48:14][][main/WARN]: false
[21:48:14][][main/WARN]: false
[21:48:14][][main/WARN]: false
[21:48:14][][main/WARN]: false
[21:48:14][][main/WARN]: false
[21:48:14][][main/WARN]: false
[21:48:14][][main/WARN]: false
[21:48:14][][main/WARN]: false
[21:48:14][][main/WARN]: false
[21:48:14][][main/WARN]: false
[21:48:14][][main/WARN]: false
[21:48:14][][main/WARN]: false
[21:48:14][][main/WARN]: false
[21:48:14][][main/WARN]: false
[21:48:14][][main/WARN]: false
[21:48:14][][main/WARN]: false
[21:48:14][][main/WARN]: false
[21:48:14][][main/WARN]: false
[21:48:14][][main/WARN]: false
[21:48:14][][main/WARN]: false
[21:48:14][][main/WARN]: false
[21:48:14][][main/WARN]: false
[21:48:14][][main/WARN]: false
[21:48:14][][main/WARN]: false
[21:48:14][][main/WARN]: false
[21:48:14][][main/WARN]: false
[21:48:14][][main/WARN]: false
[21:48:14][][main/WARN]: false
[21:48:14][][main/WARN]: false
[21:48:14][][main/WARN]: false
[21:48:14][][main/WARN]: false
[21:48:14][][main/WARN]: false
[21:48:14][][main/WARN]: false
[21:48:14][][main/WARN]: false
[21:48:14][][main/WARN]: false
[21:48:14][][main/WARN]: false
[21:48:14][][main/WARN]: false
[21:48:14][][main/WARN]: false
[21:48:14][][main/WARN]: false
[21:48:14][][main/WARN]: false
[21:48:14][][main/WARN]: false
[21:48:14][][main/WARN]: false
[21:48:14][][main/WARN]: false
[21:48:14][][main/WARN]: false
[21:48:14][][main/WARN]: false
[21:48:14][][main/WARN]: false
[21:48:14][][main/WARN]: false
[21:48:14][][main/WARN]: false
[21:48:15][][main/WARN]: false
[21:48:15][][main/WARN]: false
[21:48:15][][main/WARN]: false
[21:48:15][][main/WARN]: false
[21:48:15][][main/WARN]: false
[21:48:15][][main/WARN]: false
[21:48:15][][main/WARN]: false
[21:48:15][][main/WARN]: false
[21:48:15][][main/WARN]: false
[21:48:15][][main/WARN]: false
[21:48:15][][main/WARN]: false
[21:48:15][][main/WARN]: false
[21:48:15][][main/WARN]: false
[21:48:15][][main/WARN]: false
[21:48:15][][main/WARN]: false
[21:48:15][][main/WARN]: false
[21:48:15][][main/WARN]: false
[21:48:15][][main/WARN]: false
[21:48:15][][main/WARN]: false
[21:48:15][][main/WARN]: false
[21:48:15][][main/WARN]: false
[21:48:15][][main/WARN]: false
[21:48:15][][main/WARN]: false
[21:48:15][][main/WARN]: false
[21:48:15][][main/WARN]: false
[21:48:15][][main/WARN]: false
[21:48:15][][main/WARN]: false
[21:48:15][][main/WARN]: false
[21:48:15][][main/WARN]: false
[21:48:15][][main/WARN]: false
[21:48:15][][main/WARN]: false
[21:48:15][][main/WARN]: false
[21:48:15][][main/WARN]: false
[21:48:15][][main/WARN]: false
[21:48:15][][main/WARN]: false
[21:48:15][][main/WARN]: false
[21:48:15][][main/WARN]: false
[21:48:15][][main/WARN]: false
[21:48:15][][main/WARN]: false
[21:48:15][][main/WARN]: false
[21:48:15][][main/WARN]: false
[21:48:15][][main/WARN]: false
[21:48:15][][main/WARN]: false
[21:48:15][][main/WARN]: false
[21:48:15][][main/WARN]: false
[21:48:15][][main/WARN]: false
[21:48:15][][main/WARN]: false
[21:48:15][][main/WARN]: false
[21:48:15][][main/WARN]: false
[21:48:15][][main/WARN]: false
[21:48:15][][main/WARN]: false
[21:48:15][][main/WARN]: false
[21:48:15][][main/WARN]: false
[21:48:15][][main/WARN]: false
[21:48:15][][main/WARN]: false
[21:48:15][][main/WARN]: false
[21:48:15][][main/WARN]: false
[21:48:15][][main/WARN]: false
[21:48:15][][main/WARN]: false
[21:48:15][][main/WARN]: false
[21:48:15][][main/WARN]: false
[21:48:15][][main/WARN]: false
[21:48:15][][main/WARN]: false
[21:48:16][][main/WARN]: false
[21:48:16][][main/WARN]: false
[21:48:16][][main/WARN]: false
[21:48:16][][main/WARN]: false
[21:48:16][][main/WARN]: false
[21:48:16][][main/WARN]: false
[21:48:16][][main/WARN]: false
[21:48:16][][main/WARN]: false
[21:48:16][][main/WARN]: false
[21:48:16][][main/WARN]: false
[21:48:16][][main/WARN]: false
[21:48:16][][main/WARN]: false
[21:48:16][][main/WARN]: false
[21:48:16][][main/WARN]: false
[21:48:16][][main/WARN]: false
[21:48:16][][main/WARN]: false
[21:48:16][][main/WARN]: false
[21:48:16][][main/WARN]: false
[21:48:16][][main/WARN]: false
[21:48:16][][main/WARN]: false
[21:48:16][][main/WARN]: false
[21:48:16][][main/WARN]: false
[21:48:16][][main/WARN]: false
[21:48:16][][main/WARN]: false
[21:48:16][][main/WARN]: false
[21:48:16][][main/WARN]: false
[21:48:16][][main/WARN]: false
[21:48:16][][main/WARN]: false
[21:48:16][][main/WARN]: false
[21:48:16][][main/WARN]: false
[21:48:16][][main/WARN]: false
[21:48:16][][main/WARN]: false
[21:48:16][][main/WARN]: false
[21:48:16][][main/WARN]: false
[21:48:16][][main/WARN]: false
[21:48:16][][main/WARN]: false
[21:48:16][][main/WARN]: false
[21:48:16][][main/WARN]: false
[21:48:16][][main/WARN]: false
[21:48:16][][main/WARN]: false
[21:48:16][][main/WARN]: false
[21:48:16][][main/WARN]: false
[21:48:16][][main/WARN]: false
[21:48:16][][main/WARN]: false
[21:48:16][][main/WARN]: false
[21:48:16][][main/WARN]: false
[21:48:16][][main/WARN]: false
[21:48:16][][main/WARN]: false
[21:48:16][][main/WARN]: false
[21:48:16][][main/WARN]: false
[21:48:16][][main/WARN]: false
[21:48:16][][main/WARN]: false
[21:48:16][][main/WARN]: false
[21:48:16][][main/WARN]: false
[21:48:16][][main/WARN]: false
[21:48:16][][main/WARN]: false
[21:48:16][][main/WARN]: false
[21:48:16][][main/WARN]: false
[21:48:16][][main/WARN]: false
[21:48:16][][main/WARN]: false
[21:48:16][][main/WARN]: false
[21:48:16][][main/WARN]: false
[21:48:17][][main/WARN]: false
[21:48:17][][main/WARN]: false
[21:48:17][][main/WARN]: false
[21:48:17][][main/WARN]: false
[21:48:17][][main/WARN]: false
[21:48:17][][main/WARN]: false
[21:48:17][][main/WARN]: false
[21:48:17][][main/WARN]: false
[21:48:17][][main/WARN]: false
[21:48:17][][main/WARN]: false
[21:48:17][][main/WARN]: false
[21:48:17][][main/WARN]: false
[21:48:17][][main/WARN]: false
[21:48:17][][main/WARN]: false
[21:48:17][][main/WARN]: false
[21:48:17][][main/WARN]: false
[21:48:17][][main/WARN]: false
[21:48:17][][main/WARN]: false
[21:48:17][][main/WARN]: false
[21:48:17][][main/WARN]: false
[21:48:17][][main/WARN]: false
[21:48:17][][main/WARN]: false
[21:48:17][][main/WARN]: false
[21:48:17][][main/WARN]: false
[21:48:17][][main/WARN]: false
[21:48:17][][main/WARN]: false
[21:48:17][][main/WARN]: false
[21:48:17][][main/WARN]: false
[21:48:17][][main/WARN]: false
[21:48:17][][main/WARN]: false
[21:48:17][][main/WARN]: false
[21:48:17][][main/WARN]: false
[21:48:17][][main/WARN]: false
[21:48:17][][main/WARN]: false
[21:48:17][][main/WARN]: false
[21:48:17][][main/WARN]: false
[21:48:17][][main/WARN]: false
[21:48:17][][main/WARN]: false
[21:48:17][][main/WARN]: false
[21:48:17][][main/WARN]: false
[21:48:17][][main/WARN]: false
[21:48:17][][main/WARN]: false
[21:48:17][][main/WARN]: false
[21:48:17][][main/WARN]: false
[21:48:17][][main/WARN]: false
[21:48:17][][main/WARN]: false
[21:48:17][][main/WARN]: false
[21:48:17][][main/WARN]: false
[21:48:17][][main/WARN]: false
[21:48:17][][main/WARN]: false
[21:48:17][][main/WARN]: false
[21:48:17][][main/WARN]: false
[21:48:17][][main/WARN]: false
[21:48:17][][main/WARN]: false
[21:48:17][][main/WARN]: false
[21:48:17][][main/WARN]: false
[21:48:17][][main/WARN]: false
[21:48:17][][main/WARN]: false
[21:48:17][][main/WARN]: false
[21:48:17][][main/WARN]: false
[21:48:17][][main/WARN]: false
[21:48:17][][main/WARN]: false
[21:48:17][][main/WARN]: false
[21:48:18][][main/WARN]: false
[21:48:18][][main/WARN]: false
[21:48:18][][main/WARN]: false
[21:48:18][][main/WARN]: false
[21:48:18][][main/WARN]: false
[21:48:18][][main/WARN]: false
[21:48:18][][main/WARN]: false
[21:48:18][][main/WARN]: false
[21:48:18][][main/WARN]: false
[21:48:18][][main/WARN]: false
[21:48:18][][main/WARN]: false
[21:48:18][][main/WARN]: false
[21:48:18][][main/WARN]: false
[21:48:18][][main/WARN]: false
[21:48:18][][main/WARN]: false
[21:48:18][][main/WARN]: false
[21:48:18][][main/WARN]: false
[21:48:18][][main/WARN]: false
[21:48:18][][main/WARN]: false
[21:48:18][][main/WARN]: false
[21:48:18][][main/WARN]: false
[21:48:18][][main/WARN]: false
[21:48:18][][main/WARN]: false
[21:48:18][][main/WARN]: false
[21:48:18][][main/WARN]: false
[21:48:18][][main/WARN]: false
[21:48:18][][main/WARN]: false
[21:48:18][][main/WARN]: false
[21:48:18][][main/WARN]: false
[21:48:18][][main/WARN]: false
[21:48:18][][main/WARN]: false
[21:48:18][][main/WARN]: false
[21:48:18][][main/WARN]: false
[21:48:18][][main/WARN]: false
[21:48:18][][main/WARN]: false
[21:48:18][][main/WARN]: false
[21:48:18][][main/WARN]: false
[21:48:18][][main/WARN]: false
[21:48:18][][main/WARN]: false
[21:48:18][][main/WARN]: false
[21:48:18][][main/WARN]: false
[21:48:18][][main/WARN]: false
[21:48:18][][main/WARN]: false
[21:48:18][][main/WARN]: false
[21:48:18][][main/WARN]: false
[21:48:18][][main/WARN]: false
[21:48:18][][main/WARN]: false
[21:48:18][][main/WARN]: false
[21:48:18][][main/WARN]: false
[21:48:18][][main/WARN]: false
[21:48:18][][main/WARN]: false
[21:48:18][][main/WARN]: false
[21:48:18][][main/WARN]: false
[21:48:18][][main/WARN]: false
[21:48:18][][main/WARN]: false
[21:48:18][][main/WARN]: false
[21:48:18][][main/WARN]: false
[21:48:18][][main/WARN]: false
[21:48:18][][main/WARN]: false
[21:48:18][][main/WARN]: false
[21:48:18][][main/WARN]: false
[21:48:18][][main/WARN]: false
[21:48:19][][main/WARN]: false
[21:48:19][][main/WARN]: false
[21:48:19][][main/WARN]: false
[21:48:19][][main/WARN]: false
[21:48:19][][main/WARN]: false
[21:48:19][][main/WARN]: false
[21:48:19][][main/WARN]: false
[21:48:19][][main/WARN]: false
[21:48:19][][main/WARN]: false
[21:48:19][][main/WARN]: false
[21:48:19][][main/WARN]: false
[21:48:19][][main/WARN]: false
[21:48:19][][main/WARN]: false
[21:48:19][][main/WARN]: false
[21:48:19][][main/WARN]: false
[21:48:19][][main/WARN]: false
[21:48:19][][main/WARN]: false
[21:48:19][][main/WARN]: false
[21:48:19][][main/WARN]: false
[21:48:19][][main/WARN]: false
[21:48:19][][main/WARN]: false
[21:48:19][][main/WARN]: false
[21:48:19][][main/WARN]: false
[21:48:19][][main/WARN]: false
[21:48:19][][main/WARN]: false
[21:48:19][][main/WARN]: false
[21:48:19][][main/WARN]: false
[21:48:19][][main/WARN]: false
[21:48:19][][main/WARN]: false
[21:48:19][][main/WARN]: false
[21:48:19][][main/WARN]: false
[21:48:19][][main/WARN]: false
[21:48:19][][main/WARN]: false
[21:48:19][][main/WARN]: false
[21:48:19][][main/WARN]: false
[21:48:19][][main/WARN]: false
[21:48:19][][main/WARN]: false
[21:48:19][][main/WARN]: false
[21:48:19][][main/WARN]: false
[21:48:19][][main/WARN]: false
[21:48:19][][main/WARN]: false
[21:48:19][][main/WARN]: false
[21:48:19][][main/WARN]: false
[21:48:19][][main/WARN]: false
[21:48:19][][main/WARN]: false
[21:48:19][][main/WARN]: false
[21:48:19][][main/WARN]: false
[21:48:19][][main/WARN]: false
[21:48:19][][main/WARN]: false
[21:48:19][][main/WARN]: false
[21:48:19][][main/WARN]: false
[21:48:19][][main/WARN]: false
[21:48:19][][main/WARN]: false
[21:48:19][][main/WARN]: false
[21:48:19][][main/WARN]: false
[21:48:19][][main/WARN]: false
[21:48:19][][main/WARN]: false
[21:48:19][][main/WARN]: false
[21:48:19][][main/WARN]: false
[21:48:19][][main/WARN]: false
[21:48:19][][main/WARN]: false
[21:48:19][][main/WARN]: false
[21:48:19][][main/WARN]: false
[21:48:20][][main/WARN]: false
[21:48:20][][main/WARN]: false
[21:48:20][][main/WARN]: false
[21:48:20][][main/WARN]: false
[21:48:20][][main/WARN]: false
[21:48:20][][main/WARN]: false
[21:48:20][][main/WARN]: false
[21:48:20][][main/WARN]: false
[21:48:20][][main/WARN]: false
[21:48:20][][main/WARN]: false
[21:48:20][][main/WARN]: false
[21:48:20][][main/WARN]: false
[21:48:20][][main/WARN]: false
[21:48:20][][main/WARN]: false
[21:48:20][][main/WARN]: false
[21:48:20][][main/WARN]: false
[21:48:20][][main/WARN]: false
[21:48:20][][main/WARN]: false
[21:48:20][][main/WARN]: false
[21:48:20][][main/WARN]: false
[21:48:20][][main/WARN]: false
[21:48:20][][main/WARN]: false
[21:48:20][][main/WARN]: false
[21:48:20][][main/WARN]: false
[21:48:20][][main/WARN]: false
[21:48:20][][main/WARN]: false
[21:48:20][][main/WARN]: false
[21:48:20][][main/WARN]: false
[21:48:20][][main/WARN]: false
[21:48:20][][main/WARN]: false
[21:48:20][][main/WARN]: false
[21:48:20][][main/WARN]: false
[21:48:20][][main/WARN]: false
[21:48:20][][main/WARN]: false
[21:48:20][][main/WARN]: false
[21:48:20][][main/WARN]: false
[21:48:20][][main/WARN]: false
[21:48:20][][main/WARN]: false
[21:48:20][][main/WARN]: false
[21:48:20][][main/WARN]: false
[21:48:20][][main/WARN]: false
[21:48:20][][main/WARN]: false
[21:48:20][][main/WARN]: false
[21:48:20][][main/WARN]: false
[21:48:20][][main/WARN]: false
[21:48:20][][main/WARN]: false
[21:48:20][][main/WARN]: false
[21:48:20][][main/WARN]: false
[21:48:20][][main/WARN]: false
[21:48:20][][main/WARN]: false
[21:48:20][][main/WARN]: false
[21:48:20][][main/WARN]: false
[21:48:20][][main/WARN]: false
[21:48:20][][main/WARN]: false
[21:48:20][][main/WARN]: false
[21:48:20][][main/WARN]: false
[21:48:20][][main/WARN]: false
[21:48:20][][main/WARN]: false
[21:48:20][][main/WARN]: false
[21:48:20][][main/WARN]: false
[21:48:20][][main/WARN]: false
[21:48:20][][main/WARN]: false
[21:48:21][][main/WARN]: false
[21:48:21][][main/WARN]: false
[21:48:21][][main/WARN]: false
[21:48:21][][main/WARN]: false
[21:48:21][][main/WARN]: false
[21:48:21][][main/WARN]: false
[21:48:21][][main/WARN]: false
[21:48:21][][main/WARN]: false
[21:48:21][][main/WARN]: false
[21:48:21][][main/WARN]: false
[21:48:21][][main/WARN]: false
[21:48:21][][main/WARN]: false
[21:48:21][][main/WARN]: false
[21:48:21][][main/WARN]: false
[21:48:21][][main/WARN]: false
[21:48:21][][main/WARN]: false
[21:48:21][][main/WARN]: false
[21:48:21][][main/WARN]: false
[21:48:21][][main/WARN]: false
[21:48:21][][main/WARN]: false
[21:48:21][][main/WARN]: false
[21:48:21][][main/WARN]: false
[21:48:21][][main/WARN]: false
[21:48:21][][main/WARN]: false
[21:48:21][][main/WARN]: false
[21:48:21][][main/WARN]: false
[21:48:21][][main/WARN]: false
[21:48:21][][main/WARN]: false
[21:48:21][][main/WARN]: false
[21:48:21][][main/WARN]: false
[21:48:21][][main/WARN]: false
[21:48:21][][main/WARN]: false
[21:48:21][][main/WARN]: false
[21:48:21][][main/WARN]: false
[21:48:21][][main/WARN]: false
[21:48:21][][main/WARN]: false
[21:48:21][][main/WARN]: false
[21:48:21][][main/WARN]: false
[21:48:21][][main/WARN]: false
[21:48:21][][main/WARN]: false
[21:48:21][][main/WARN]: false
[21:48:21][][main/WARN]: false
[21:48:21][][main/WARN]: false
[21:48:21][][main/WARN]: false
[21:48:21][][main/WARN]: false
[21:48:21][][main/WARN]: false
[21:48:21][][main/WARN]: false
[21:48:21][][main/WARN]: false
[21:48:21][][main/WARN]: false
[21:48:21][][main/WARN]: false
[21:48:21][][main/WARN]: false
[21:48:21][][main/WARN]: false
[21:48:21][][main/WARN]: false
[21:48:21][][main/WARN]: false
[21:48:21][][main/WARN]: false
[21:48:21][][main/WARN]: false
[21:48:21][][main/WARN]: false
[21:48:21][][main/WARN]: false
[21:48:21][][main/WARN]: false
[21:48:21][][main/WARN]: false
[21:48:21][][main/WARN]: false
[21:48:21][][main/WARN]: false
[21:48:21][][main/WARN]: false
[21:48:22][][main/WARN]: false
[21:48:22][][main/WARN]: false
[21:48:22][][main/WARN]: false
[21:48:22][][main/WARN]: false
[21:48:22][][main/WARN]: false
[21:48:22][][main/WARN]: false
[21:48:22][][main/WARN]: false
[21:48:22][][main/WARN]: false
[21:48:22][][main/WARN]: false
[21:48:22][][main/WARN]: false
[21:48:22][][main/WARN]: false
[21:48:22][][main/WARN]: false
[21:48:22][][main/WARN]: false
[21:48:22][][main/WARN]: false
[21:48:22][][main/WARN]: false
[21:48:22][][main/WARN]: false
[21:48:22][][main/WARN]: false
[21:48:22][][main/WARN]: false
[21:48:22][][main/WARN]: false
[21:48:22][][main/WARN]: false
[21:48:22][][main/WARN]: false
[21:48:22][][main/WARN]: false
[21:48:22][][main/WARN]: false
[21:48:22][][main/WARN]: false
[21:48:22][][main/WARN]: false
[21:48:22][][main/WARN]: false
[21:48:22][][main/WARN]: false
[21:48:22][][main/WARN]: false
[21:48:22][][main/WARN]: false
[21:48:22][][main/WARN]: false
[21:48:22][][main/WARN]: false
[21:48:22][][main/WARN]: false
[21:48:22][][main/WARN]: false
[21:48:22][][main/WARN]: false
[21:48:22][][main/WARN]: false
[21:48:22][][main/WARN]: false
[21:48:22][][main/WARN]: false
[21:48:22][][main/WARN]: false
[21:48:22][][main/WARN]: false
[21:48:22][][main/WARN]: false
[21:48:22][][main/WARN]: false
[21:48:22][][main/WARN]: false
[21:48:22][][main/WARN]: false
[21:48:22][][main/WARN]: false
[21:48:22][][main/WARN]: false
[21:48:22][][main/WARN]: false
[21:48:22][][main/WARN]: false
[21:48:22][][main/WARN]: false
[21:48:22][][main/WARN]: false
[21:48:22][][main/WARN]: false
[21:48:22][][main/WARN]: false
[21:48:22][][main/WARN]: false
[21:48:22][][main/WARN]: false
[21:48:22][][main/WARN]: false
[21:48:22][][main/WARN]: false
[21:48:22][][main/WARN]: false
[21:48:22][][main/WARN]: false
[21:48:22][][main/WARN]: false
[21:48:22][][main/WARN]: false
[21:48:22][][main/WARN]: false
[21:48:22][][main/WARN]: false
[21:48:22][][main/WARN]: false
[21:48:23][][main/WARN]: false
[21:48:23][][main/WARN]: false
[21:48:23][][main/WARN]: false
[21:48:23][][main/WARN]: false
[21:48:23][][main/WARN]: false
[21:48:23][][main/WARN]: false
[21:48:23][][main/WARN]: false
[21:48:23][][main/WARN]: false
[21:48:23][][main/WARN]: false
[21:48:23][][main/WARN]: false
[21:48:23][][main/WARN]: false
[21:48:23][][main/WARN]: false
[21:48:23][][main/WARN]: false
[21:48:23][][main/WARN]: false
[21:48:23][][main/WARN]: false
[21:48:23][][main/WARN]: false
[21:48:23][][main/WARN]: false
[21:48:23][][main/WARN]: false
[21:48:23][][main/WARN]: false
[21:48:23][][main/WARN]: false
[21:48:23][][main/WARN]: false
[21:48:23][][main/WARN]: false
[21:48:23][][main/WARN]: false
[21:48:23][][main/WARN]: false
[21:48:23][][main/WARN]: false
[21:48:23][][main/WARN]: false
[21:48:23][][main/WARN]: false
[21:48:23][][main/WARN]: false
[21:48:23][][main/WARN]: false
[21:48:23][][main/WARN]: false
[21:48:23][][main/WARN]: false
[21:48:23][][main/WARN]: false
[21:48:23][][main/WARN]: false
[21:48:23][][main/WARN]: false
[21:48:23][][main/WARN]: false
[21:48:23][][main/WARN]: false
[21:48:23][][main/WARN]: false
[21:48:23][][main/WARN]: false
[21:48:23][][main/WARN]: false
[21:48:23][][main/WARN]: false
[21:48:23][][main/WARN]: false
[21:48:23][][main/WARN]: false
[21:48:23][][main/WARN]: false
[21:48:23][][main/WARN]: false
[21:48:23][][main/WARN]: false
[21:48:23][][main/WARN]: false
[21:48:23][][main/WARN]: false
[21:48:23][][main/WARN]: false
[21:48:23][][main/WARN]: false
[21:48:23][][main/WARN]: false
[21:48:23][][main/WARN]: false
[21:48:23][][main/WARN]: false
[21:48:23][][main/WARN]: false
[21:48:23][][main/WARN]: false
[21:48:23][][main/WARN]: false
[21:48:23][][main/WARN]: false
[21:48:23][][main/WARN]: false
[21:48:23][][main/WARN]: false
[21:48:23][][main/WARN]: false
[21:48:23][][main/WARN]: false
[21:48:23][][main/WARN]: false
[21:48:23][][main/WARN]: false
[21:48:23][][main/WARN]: false
[21:48:24][][main/WARN]: false
[21:48:24][][main/WARN]: false
[21:48:24][][main/WARN]: false
[21:48:24][][main/WARN]: false
[21:48:24][][main/WARN]: false
[21:48:24][][main/WARN]: false
[21:48:24][][main/WARN]: false
[21:48:24][][main/WARN]: false
[21:48:24][][main/WARN]: false
[21:48:24][][main/WARN]: false
[21:48:24][][main/WARN]: false
[21:48:24][][main/WARN]: false
[21:48:24][][main/WARN]: false
[21:48:24][][main/WARN]: false
[21:48:24][][main/WARN]: false
[21:48:24][][main/WARN]: false
[21:48:24][][main/WARN]: false
[21:48:24][][main/WARN]: false
[21:48:24][][main/WARN]: false
[21:48:24][][main/WARN]: false
[21:48:24][][main/WARN]: false
[21:48:24][][main/WARN]: false
[21:48:24][][main/WARN]: false
[21:48:24][][main/WARN]: false
[21:48:24][][main/WARN]: false
[21:48:24][][main/WARN]: false
[21:48:24][][main/WARN]: false
[21:48:24][][main/WARN]: false
[21:48:24][][main/WARN]: false
[21:48:24][][main/WARN]: false
[21:48:24][][main/WARN]: false
[21:48:24][][main/WARN]: false
[21:48:24][][main/WARN]: false
[21:48:24][][main/WARN]: false
[21:48:24][][main/WARN]: false
[21:48:24][][main/WARN]: false
[21:48:24][][main/WARN]: false
[21:48:24][][main/WARN]: false
[21:48:24][][main/WARN]: false
[21:48:24][][main/WARN]: false
[21:48:24][][main/WARN]: false
[21:48:24][][main/WARN]: false
[21:48:24][][main/WARN]: false
[21:48:24][][main/WARN]: false
[21:48:24][][main/WARN]: false
[21:48:24][][main/WARN]: false
[21:48:24][][main/WARN]: false
[21:48:24][][main/WARN]: false
[21:48:24][][main/WARN]: false
[21:48:24][][main/WARN]: false
[21:48:24][][main/WARN]: false
[21:48:24][][main/WARN]: false
[21:48:24][][main/WARN]: false
[21:48:24][][main/WARN]: false
[21:48:24][][main/WARN]: false
[21:48:24][][main/WARN]: false
[21:48:24][][main/WARN]: false
[21:48:24][][main/WARN]: false
[21:48:24][][main/WARN]: false
[21:48:24][][main/WARN]: false
[21:48:24][][main/WARN]: false
[21:48:24][][main/WARN]: false
[21:48:25][][main/WARN]: false
[21:48:25][][main/WARN]: false
[21:48:25][][main/WARN]: false
[21:48:25][][main/WARN]: false
[21:48:25][][main/WARN]: false
[21:48:25][][main/WARN]: false
[21:48:25][][main/WARN]: false
[21:48:25][][main/WARN]: false
[21:48:25][][main/WARN]: false
[21:48:25][][main/WARN]: false
[21:48:25][][main/WARN]: false
[21:48:25][][main/WARN]: false
[21:48:25][][main/WARN]: false
[21:48:25][][main/WARN]: false
[21:48:25][][main/WARN]: false
[21:48:25][][main/WARN]: false
[21:48:25][][main/WARN]: false
[21:48:25][][main/WARN]: false
[21:48:25][][main/WARN]: false
[21:48:25][][main/WARN]: false
[21:48:25][][main/WARN]: false
[21:48:25][][main/WARN]: false
[21:48:25][][main/WARN]: false
[21:48:25][][main/WARN]: false
[21:48:25][][main/WARN]: false
[21:48:25][][main/WARN]: false
[21:48:25][][main/WARN]: false
[21:48:25][][main/WARN]: false
[21:48:25][][main/WARN]: false
[21:48:25][][main/WARN]: false
[21:48:25][][main/WARN]: false
[21:48:25][][main/WARN]: false
[21:48:25][][main/WARN]: false
[21:48:25][][main/WARN]: false
[21:48:25][][main/WARN]: false
[21:48:25][][main/WARN]: false
[21:48:25][][main/WARN]: false
[21:48:25][][main/WARN]: false
[21:48:25][][main/WARN]: false
[21:48:25][][main/WARN]: false
[21:48:25][][main/WARN]: false
[21:48:25][][main/WARN]: false
[21:48:25][][main/WARN]: false
[21:48:25][][main/WARN]: false
[21:48:25][][main/WARN]: false
[21:48:25][][main/WARN]: false
[21:48:25][][main/WARN]: false
[21:48:25][][main/WARN]: false
[21:48:25][][main/WARN]: false
[21:48:25][][main/WARN]: false
[21:48:25][][main/WARN]: false
[21:48:25][][main/WARN]: false
[21:48:25][][main/WARN]: false
[21:48:25][][main/WARN]: false
[21:48:25][][main/WARN]: false
[21:48:25][][main/WARN]: false
[21:48:25][][main/WARN]: false
[21:48:25][][main/WARN]: false
[21:48:25][][main/WARN]: false
[21:48:25][][main/WARN]: false
[21:48:25][][main/WARN]: false
[21:48:25][][main/WARN]: false
[21:48:25][][main/WARN]: false
[21:48:26][][main/WARN]: false
[21:48:26][][main/WARN]: false
[21:48:26][][main/WARN]: false
[21:48:26][][main/WARN]: false
[21:48:26][][main/WARN]: false
[21:48:26][][main/WARN]: false
[21:48:26][][main/WARN]: false
[21:48:26][][main/WARN]: false
[21:48:26][][main/WARN]: false
[21:48:26][][main/WARN]: false
[21:48:26][][main/WARN]: false
[21:48:26][][main/WARN]: false
[21:48:26][][main/WARN]: false
[21:48:26][][main/WARN]: false
[21:48:26][][main/WARN]: false
[21:48:26][][main/WARN]: false
[21:48:26][][main/WARN]: false
[21:48:26][][main/WARN]: false
[21:48:26][][main/WARN]: false
[21:48:26][][main/WARN]: false
[21:48:26][][main/WARN]: false
[21:48:26][][main/WARN]: false
[21:48:26][][main/WARN]: false
[21:48:26][][main/WARN]: false
[21:48:26][][main/WARN]: false
[21:48:26][][main/WARN]: false
[21:48:26][][main/WARN]: false
[21:48:26][][main/WARN]: false
[21:48:26][][main/WARN]: false
[21:48:26][][main/WARN]: false
[21:48:26][][main/WARN]: false
[21:48:26][][main/WARN]: false
[21:48:26][][main/WARN]: false
[21:48:26][][main/WARN]: false
[21:48:26][][main/WARN]: false
[21:48:26][][main/WARN]: false
[21:48:26][][main/WARN]: false
[21:48:26][][main/WARN]: false
[21:48:26][][main/WARN]: false
[21:48:26][][main/WARN]: false
[21:48:26][][main/WARN]: false
[21:48:26][][main/WARN]: false
[21:48:26][][main/WARN]: false
[21:48:26][][main/WARN]: false
[21:48:26][][main/WARN]: false
[21:48:26][][main/WARN]: false
[21:48:26][][main/WARN]: false
[21:48:26][][main/WARN]: false
[21:48:26][][main/WARN]: false
[21:48:26][][main/WARN]: false
[21:48:26][][main/WARN]: false
[21:48:26][][main/WARN]: false
[21:48:26][][main/WARN]: false
[21:48:26][][main/WARN]: false
[21:48:26][][main/WARN]: false
[21:48:26][][main/WARN]: false
[21:48:26][][main/WARN]: false
[21:48:26][][main/WARN]: false
[21:48:26][][main/WARN]: false
[21:48:26][][main/WARN]: false
[21:48:26][][main/WARN]: false
[21:48:26][][main/WARN]: false
[21:48:27][][main/WARN]: false
[21:48:27][][main/WARN]: false
[21:48:27][][main/WARN]: false
[21:48:27][][main/WARN]: false
[21:48:27][][main/WARN]: false
[21:48:27][][main/WARN]: false
[21:48:27][][main/WARN]: false
[21:48:27][][main/WARN]: false
[21:48:27][][main/WARN]: false
[21:48:27][][main/WARN]: false
[21:48:27][][main/WARN]: false
[21:48:27][][main/WARN]: false
[21:48:27][][main/WARN]: false
[21:48:27][][main/WARN]: false
[21:48:27][][main/WARN]: false
[21:48:27][][main/WARN]: false
[21:48:27][][main/WARN]: false
[21:48:27][][main/WARN]: false
[21:48:27][][main/WARN]: false
[21:48:27][][main/WARN]: false
[21:48:27][][main/WARN]: false
[21:48:27][][main/WARN]: false
[21:48:27][][main/WARN]: false
[21:48:27][][main/WARN]: false
[21:48:27][][main/WARN]: false
[21:48:27][][main/WARN]: false
[21:48:27][][main/WARN]: false
[21:48:27][][main/WARN]: false
[21:48:27][][main/WARN]: false
[21:48:27][][main/WARN]: false
[21:48:27][][main/WARN]: false
[21:48:27][][main/WARN]: false
[21:48:27][][main/WARN]: false
[21:48:27][][main/WARN]: false
[21:48:27][][main/WARN]: false
[21:48:27][][main/WARN]: false
[21:48:27][][main/WARN]: false
[21:48:27][][main/WARN]: false
[21:48:27][][main/WARN]: false
[21:48:27][][main/WARN]: false
[21:48:27][][main/WARN]: false
[21:48:27][][main/WARN]: false
[21:48:27][][main/WARN]: false
[21:48:27][][main/WARN]: false
[21:48:27][][main/WARN]: false
[21:48:27][][main/WARN]: false
[21:48:27][][main/WARN]: false
[21:48:27][][main/WARN]: false
[21:48:27][][main/WARN]: false
[21:48:27][][main/WARN]: false
[21:48:27][][main/WARN]: false
[21:48:27][][main/WARN]: false
[21:48:27][][main/WARN]: false
[21:48:27][][main/WARN]: false
[21:48:27][][main/WARN]: false
[21:48:27][][main/INFO]: Saved GameSettings options. (%s)
