[23:14:13][][main/INFO]: Loaded GameSettings options. (options.dat)
[23:14:14][][main/INFO]: OperationSystem Mac OS X 10.15.4, rt 1.8.0_231 x86_64, VM Java HotSpot(TM) 64-Bit Server VM v25.231-b11
[23:14:16][][main/INFO]: RenderEngine initialized. GL_I: Intel Inc. - Intel(R) Iris(TM) Plus Graphics 645 | 4.1 INTEL-14.5.22
[23:14:16][][main/INFO]: LWJGL 3.2.3 build 13, GLFWL 3.4.0 Cocoa NSGL EGL OSMesa dynamic
[23:14:16][][main/INFO]: AudioEngine initialized. AL_I: OpenAL Community / 1.1 ALSOFT 1.19.1, devispec OpenAL Soft
[23:15:46][][main/INFO]: Epa penetration < 0. -4.3213367E-7
[23:15:48][][main/INFO]: Epa penetration < 0. -9.536743E-7
[23:15:50][][main/INFO]: Epa penetration < 0. -7.6293945E-6
[23:15:51][][main/INFO]: Epa penetration < 0. -3.8146973E-6
[23:15:51][][main/INFO]: Epa penetration < 0. -3.8146973E-6
[23:15:52][][main/INFO]: Epa penetration < 0. -1.5258789E-5
[23:15:55][][main/INFO]: Epa penetration < 0. -3.8146973E-6
[23:15:55][][main/INFO]: Epa penetration < 0. -7.6293945E-6
[23:15:56][][main/INFO]: Epa penetration < 0. -1.5258789E-5
[23:15:58][][main/INFO]: Epa penetration < 0. -3.0517578E-5
[23:15:58][][main/INFO]: Epa penetration < 0. -2.2888184E-5
[23:15:58][][main/INFO]: Epa penetration < 0. -7.6293945E-6
[23:15:58][][main/INFO]: Epa penetration < 0. -3.0517578E-5
[23:15:58][][main/INFO]: Epa penetration < 0. -4.5776367E-5
[23:15:59][][main/INFO]: Epa penetration < 0. -3.0517578E-5
[23:16:11][][main/INFO]: Epa penetration < 0. -3.8146973E-6
[23:16:23][][main/INFO]: Epa penetration < 0. -3.0517578E-5
[23:16:24][][main/INFO]: Epa penetration < 0. -1.9073486E-5
[23:16:25][][main/INFO]: Epa penetration < 0. -5.722046E-6
[23:16:38][][main/INFO]: Epa penetration < 0. -4.3213367E-7
[23:16:39][][main/INFO]: Saved GameSettings options. (options.dat)
