[17:37:00][][main/INFO]: Loaded GameSettings options. (options.dat)
[17:37:00][][main/INFO]: OperationSystem Mac OS X 10.15.4, rt 1.8.0_231 x86_64, VM Java HotSpot(TM) 64-Bit Server VM v25.231-b11
[17:37:02][][main/INFO]: RenderEngine initialized. GL_I: Intel Inc. - Intel(R) Iris(TM) Plus Graphics 645 | 4.1 INTEL-14.5.22
[17:37:02][][main/INFO]: LWJGL 3.2.3 build 13, GLFWL 3.4.0 Cocoa NSGL EGL OSMesa dynamic
[17:37:02][][main/INFO]: AudioEngine initialized. AL_I: OpenAL Community / 1.1 ALSOFT 1.19.1, devispec OpenAL Soft
[17:37:06][][main/INFO]: Zero manifold...
[17:37:06][][main/INFO]: Zero manifold...
[17:37:06][][main/INFO]: Zero manifold...
[17:37:06][][main/INFO]: Zero manifold...
[17:37:06][][main/INFO]: Zero manifold...
[17:37:06][][main/INFO]: Zero manifold...
[17:37:06][][main/INFO]: Zero manifold...
[17:37:06][][main/INFO]: Zero manifold...
[17:37:06][][main/INFO]: Zero manifold...
[17:37:06][][main/INFO]: Zero manifold...
[17:37:06][][main/INFO]: Zero manifold...
[17:37:06][][main/INFO]: Zero manifold...
[17:37:06][][main/INFO]: Zero manifold...
[17:37:06][][main/INFO]: Zero manifold...
[17:37:06][][main/INFO]: Zero manifold...
[17:37:06][][main/INFO]: Zero manifold...
[17:37:06][][main/INFO]: Zero manifold...
[17:37:06][][main/INFO]: Zero manifold...
[17:37:06][][main/INFO]: Zero manifold...
[17:37:06][][main/INFO]: Zero manifold...
[17:37:06][][main/INFO]: Zero manifold...
[17:37:06][][main/INFO]: Zero manifold...
[17:37:06][][main/INFO]: Zero manifold...
[17:37:06][][main/INFO]: Zero manifold...
[17:37:06][][main/INFO]: Zero manifold...
[17:37:06][][main/INFO]: Zero manifold...
[17:37:06][][main/INFO]: Zero manifold...
[17:37:06][][main/INFO]: Zero manifold...
[17:37:06][][main/INFO]: Zero manifold...
[17:37:06][][main/INFO]: Zero manifold...
[17:37:06][][main/INFO]: Zero manifold...
[17:37:06][][main/INFO]: Zero manifold...
[17:37:06][][main/INFO]: Zero manifold...
[17:37:06][][main/INFO]: Zero manifold...
[17:37:06][][main/INFO]: Zero manifold...
[17:37:06][][main/INFO]: Zero manifold...
[17:37:06][][main/INFO]: Zero manifold...
[17:37:06][][main/INFO]: Zero manifold...
[17:37:06][][main/INFO]: Zero manifold...
[17:37:06][][main/INFO]: Zero manifold...
[17:37:06][][main/INFO]: Zero manifold...
[17:37:06][][main/INFO]: Zero manifold...
[17:37:06][][main/INFO]: Zero manifold...
[17:37:06][][main/INFO]: Zero manifold...
[17:37:06][][main/INFO]: Zero manifold...
[17:37:06][][main/INFO]: Zero manifold...
[17:37:06][][main/INFO]: Zero manifold...
[17:37:06][][main/INFO]: Zero manifold...
[17:37:06][][main/INFO]: Zero manifold...
[17:37:06][][main/INFO]: Zero manifold...
[17:37:06][][main/INFO]: Zero manifold...
[17:37:06][][main/INFO]: Zero manifold...
[17:37:06][][main/INFO]: Zero manifold...
[17:37:06][][main/INFO]: Zero manifold...
[17:37:06][][main/INFO]: Zero manifold...
[17:37:06][][main/INFO]: Zero manifold...
[17:37:06][][main/INFO]: Zero manifold...
[17:37:06][][main/INFO]: Zero manifold...
[17:37:06][][main/INFO]: Zero manifold...
[17:37:06][][main/INFO]: Zero manifold...
[17:37:06][][main/INFO]: Zero manifold...
[17:37:06][][main/INFO]: Zero manifold...
[17:37:06][][main/INFO]: Zero manifold...
[17:37:06][][main/INFO]: Zero manifold...
[17:37:06][][main/INFO]: Zero manifold...
[17:37:06][][main/INFO]: Zero manifold...
[17:37:06][][main/INFO]: Zero manifold...
[17:37:06][][main/INFO]: Zero manifold...
[17:37:07][][main/INFO]: Zero manifold...
[17:37:07][][main/INFO]: Zero manifold...
[17:37:07][][main/INFO]: Zero manifold...
[17:37:07][][main/INFO]: Zero manifold...
[17:37:07][][main/INFO]: Zero manifold...
[17:37:07][][main/INFO]: Zero manifold...
[17:37:07][][main/INFO]: Zero manifold...
[17:37:07][][main/INFO]: Zero manifold...
[17:37:07][][main/INFO]: Zero manifold...
[17:37:07][][main/INFO]: Zero manifold...
[17:37:07][][main/INFO]: Zero manifold...
[17:37:07][][main/INFO]: Zero manifold...
[17:37:07][][main/INFO]: Zero manifold...
[17:37:07][][main/INFO]: Zero manifold...
[17:37:07][][main/INFO]: Zero manifold...
[17:37:07][][main/INFO]: Zero manifold...
[17:37:07][][main/INFO]: Zero manifold...
[17:37:07][][main/INFO]: Zero manifold...
[17:37:07][][main/INFO]: Zero manifold...
[17:37:07][][main/INFO]: Zero manifold...
[17:37:07][][main/INFO]: Zero manifold...
[17:37:07][][main/INFO]: Zero manifold...
[17:37:07][][main/INFO]: Zero manifold...
[17:37:07][][main/INFO]: Zero manifold...
[17:37:07][][main/INFO]: Zero manifold...
[17:37:07][][main/INFO]: Zero manifold...
[17:37:07][][main/INFO]: Zero manifold...
[17:37:07][][main/INFO]: Zero manifold...
[17:37:07][][main/INFO]: Zero manifold...
[17:37:07][][main/INFO]: Zero manifold...
[17:37:07][][main/INFO]: Zero manifold...
[17:37:07][][main/INFO]: Zero manifold...
[17:37:07][][main/INFO]: Zero manifold...
[17:37:07][][main/INFO]: Zero manifold...
[17:37:07][][main/INFO]: Zero manifold...
[17:37:07][][main/INFO]: Zero manifold...
[17:37:07][][main/INFO]: Zero manifold...
[17:37:07][][main/INFO]: Zero manifold...
[17:37:07][][main/INFO]: Zero manifold...
[17:37:07][][main/INFO]: Zero manifold...
[17:37:07][][main/INFO]: Zero manifold...
[17:37:07][][main/INFO]: Zero manifold...
[17:37:07][][main/INFO]: Zero manifold...
[17:37:07][][main/INFO]: Zero manifold...
[17:37:07][][main/INFO]: Zero manifold...
[17:37:07][][main/INFO]: Zero manifold...
[17:37:07][][main/INFO]: Zero manifold...
[17:37:07][][main/INFO]: Zero manifold...
[17:37:07][][main/INFO]: Zero manifold...
[17:37:07][][main/INFO]: Zero manifold...
[17:37:07][][main/INFO]: Zero manifold...
[17:37:07][][main/INFO]: Zero manifold...
[17:37:07][][main/INFO]: Zero manifold...
[17:37:07][][main/INFO]: Zero manifold...
[17:37:07][][main/INFO]: Zero manifold...
[17:37:07][][main/INFO]: Zero manifold...
[17:37:07][][main/INFO]: Zero manifold...
[17:37:07][][main/INFO]: Zero manifold...
[17:37:07][][main/INFO]: Zero manifold...
[17:37:07][][main/INFO]: Zero manifold...
[17:37:07][][main/INFO]: Zero manifold...
[17:37:07][][main/INFO]: Zero manifold...
[17:37:07][][main/INFO]: Zero manifold...
[17:37:08][][main/INFO]: Zero manifold...
[17:37:08][][main/INFO]: Zero manifold...
[17:37:08][][main/INFO]: Zero manifold...
[17:37:08][][main/INFO]: Zero manifold...
[17:37:08][][main/INFO]: Zero manifold...
[17:37:08][][main/INFO]: Zero manifold...
[17:37:08][][main/INFO]: Zero manifold...
[17:37:08][][main/INFO]: Zero manifold...
[17:37:08][][main/INFO]: Zero manifold...
[17:37:08][][main/INFO]: Zero manifold...
[17:37:08][][main/INFO]: Zero manifold...
[17:37:08][][main/INFO]: Zero manifold...
[17:37:08][][main/INFO]: Zero manifold...
[17:37:08][][main/INFO]: Zero manifold...
[17:37:08][][main/INFO]: Zero manifold...
[17:37:08][][main/INFO]: Zero manifold...
[17:37:08][][main/INFO]: Zero manifold...
[17:37:08][][main/INFO]: Zero manifold...
[17:37:08][][main/INFO]: Zero manifold...
[17:37:08][][main/INFO]: Zero manifold...
[17:37:08][][main/INFO]: Zero manifold...
[17:37:08][][main/INFO]: Zero manifold...
[17:37:08][][main/INFO]: Zero manifold...
[17:37:08][][main/INFO]: Zero manifold...
[17:37:08][][main/INFO]: Zero manifold...
[17:37:08][][main/INFO]: Zero manifold...
[17:37:08][][main/INFO]: Zero manifold...
[17:37:08][][main/INFO]: Zero manifold...
[17:37:08][][main/INFO]: Zero manifold...
[17:37:08][][main/INFO]: Zero manifold...
[17:37:08][][main/INFO]: Zero manifold...
[17:37:08][][main/INFO]: Zero manifold...
[17:37:08][][main/INFO]: Zero manifold...
[17:37:08][][main/INFO]: Zero manifold...
[17:37:08][][main/INFO]: Zero manifold...
[17:37:08][][main/INFO]: Zero manifold...
[17:37:08][][main/INFO]: Zero manifold...
[17:37:08][][main/INFO]: Zero manifold...
[17:37:08][][main/INFO]: Zero manifold...
[17:37:08][][main/INFO]: Zero manifold...
[17:37:08][][main/INFO]: Zero manifold...
[17:37:08][][main/INFO]: Zero manifold...
[17:37:08][][main/INFO]: Zero manifold...
[17:37:08][][main/INFO]: Zero manifold...
[17:37:08][][main/INFO]: Zero manifold...
[17:37:08][][main/INFO]: Zero manifold...
[17:37:08][][main/INFO]: Zero manifold...
[17:37:08][][main/INFO]: Zero manifold...
[17:37:08][][main/INFO]: Zero manifold...
[17:37:08][][main/INFO]: Zero manifold...
[17:37:08][][main/INFO]: Zero manifold...
[17:37:08][][main/INFO]: Zero manifold...
[17:37:08][][main/INFO]: Zero manifold...
[17:37:08][][main/INFO]: Zero manifold...
[17:37:08][][main/INFO]: Zero manifold...
[17:37:08][][main/INFO]: Zero manifold...
[17:37:08][][main/INFO]: Zero manifold...
[17:37:08][][main/INFO]: Zero manifold...
[17:37:08][][main/INFO]: Zero manifold...
[17:37:08][][main/INFO]: Zero manifold...
[17:37:08][][main/INFO]: Zero manifold...
[17:37:08][][main/INFO]: Zero manifold...
[17:37:09][][main/INFO]: Zero manifold...
[17:37:09][][main/INFO]: Zero manifold...
[17:37:09][][main/INFO]: Zero manifold...
[17:37:09][][main/INFO]: Zero manifold...
[17:37:09][][main/INFO]: Zero manifold...
[17:37:09][][main/INFO]: Zero manifold...
[17:37:32][][main/INFO]: barErr. denome==0
[17:37:32][][main/INFO]: barErr. denome==0
[17:37:36][][main/INFO]: barErr. denome==0
[17:37:36][][main/INFO]: barErr. denome==0
[17:37:36][][main/INFO]: barErr. denome==0
[17:37:36][][main/INFO]: barErr. denome==0
[17:37:36][][main/INFO]: barErr. denome==0
[17:37:36][][main/INFO]: barErr. denome==0
[17:37:36][][main/INFO]: barErr. denome==0
[17:37:36][][main/INFO]: barErr. denome==0
[17:37:36][][main/INFO]: barErr. denome==0
[17:37:36][][main/INFO]: barErr. denome==0
[17:37:36][][main/INFO]: barErr. denome==0
[17:37:36][][main/INFO]: barErr. denome==0
[17:37:36][][main/INFO]: barErr. denome==0
[17:37:36][][main/INFO]: barErr. denome==0
[17:37:36][][main/INFO]: barErr. denome==0
[17:37:36][][main/INFO]: barErr. denome==0
[17:37:36][][main/INFO]: barErr. denome==0
[17:37:36][][main/INFO]: barErr. denome==0
[17:37:36][][main/INFO]: barErr. denome==0
[17:37:36][][main/INFO]: barErr. denome==0
[17:37:36][][main/INFO]: barErr. denome==0
[17:37:36][][main/INFO]: barErr. denome==0
[17:37:36][][main/INFO]: barErr. denome==0
[17:37:36][][main/INFO]: barErr. denome==0
[17:37:36][][main/INFO]: barErr. denome==0
[17:37:37][][main/INFO]: barErr. denome==0
[17:37:37][][main/INFO]: barErr. denome==0
[17:37:37][][main/INFO]: barErr. denome==0
[17:37:37][][main/INFO]: barErr. denome==0
[17:37:37][][main/INFO]: barErr. denome==0
[17:37:37][][main/INFO]: barErr. denome==0
[17:37:37][][main/INFO]: barErr. denome==0
[17:37:37][][main/INFO]: barErr. denome==0
[17:37:37][][main/INFO]: barErr. denome==0
[17:37:37][][main/INFO]: barErr. denome==0
[17:37:37][][main/INFO]: barErr. denome==0
[17:37:37][][main/INFO]: barErr. denome==0
[17:37:37][][main/INFO]: barErr. denome==0
[17:37:37][][main/INFO]: barErr. denome==0
[17:37:37][][main/INFO]: barErr. denome==0
[17:37:37][][main/INFO]: barErr. denome==0
[17:37:37][][main/INFO]: barErr. denome==0
[17:37:37][][main/INFO]: barErr. denome==0
[17:37:37][][main/INFO]: barErr. denome==0
[17:37:37][][main/INFO]: barErr. denome==0
[17:37:37][][main/INFO]: barErr. denome==0
[17:37:37][][main/INFO]: barErr. denome==0
[17:37:37][][main/INFO]: barErr. denome==0
[17:37:37][][main/INFO]: barErr. denome==0
[17:37:37][][main/INFO]: barErr. denome==0
[17:37:37][][main/INFO]: barErr. denome==0
[17:37:37][][main/INFO]: barErr. denome==0
[17:37:37][][main/INFO]: barErr. denome==0
[17:37:37][][main/INFO]: barErr. denome==0
[17:37:37][][main/INFO]: barErr. denome==0
[17:37:37][][main/INFO]: barErr. denome==0
[17:37:37][][main/INFO]: barErr. denome==0
[17:37:37][][main/INFO]: barErr. denome==0
[17:37:37][][main/INFO]: barErr. denome==0
[17:37:37][][main/INFO]: barErr. denome==0
[17:37:37][][main/INFO]: barErr. denome==0
[17:37:37][][main/INFO]: barErr. denome==0
[17:37:37][][main/INFO]: barErr. denome==0
[17:37:37][][main/INFO]: barErr. denome==0
[17:37:37][][main/INFO]: barErr. denome==0
[17:37:37][][main/INFO]: barErr. denome==0
[17:37:37][][main/INFO]: barErr. denome==0
[17:37:37][][main/INFO]: barErr. denome==0
[17:37:37][][main/INFO]: barErr. denome==0
[17:37:37][][main/INFO]: barErr. denome==0
[17:37:37][][main/INFO]: barErr. denome==0
[17:37:37][][main/INFO]: barErr. denome==0
[17:37:37][][main/INFO]: barErr. denome==0
[17:37:37][][main/INFO]: barErr. denome==0
[17:37:37][][main/INFO]: barErr. denome==0
[17:37:37][][main/INFO]: barErr. denome==0
[17:37:37][][main/INFO]: barErr. denome==0
[17:37:37][][main/INFO]: barErr. denome==0
[17:37:37][][main/INFO]: barErr. denome==0
[17:37:37][][main/INFO]: barErr. denome==0
[17:37:37][][main/INFO]: barErr. denome==0
[17:37:37][][main/INFO]: barErr. denome==0
[17:37:37][][main/INFO]: barErr. denome==0
[17:37:37][][main/INFO]: barErr. denome==0
[17:37:37][][main/INFO]: barErr. denome==0
[17:37:37][][main/INFO]: barErr. denome==0
[17:37:37][][main/INFO]: barErr. denome==0
[17:37:37][][main/INFO]: barErr. denome==0
[17:37:38][][main/INFO]: barErr. denome==0
[17:37:38][][main/INFO]: barErr. denome==0
[17:37:38][][main/INFO]: barErr. denome==0
[17:37:38][][main/INFO]: barErr. denome==0
[17:37:38][][main/INFO]: barErr. denome==0
[17:37:38][][main/INFO]: barErr. denome==0
[17:37:38][][main/INFO]: barErr. denome==0
[17:37:38][][main/INFO]: barErr. denome==0
[17:37:38][][main/INFO]: barErr. denome==0
[17:37:38][][main/INFO]: barErr. denome==0
[17:37:38][][main/INFO]: barErr. denome==0
[17:37:38][][main/INFO]: barErr. denome==0
[17:37:38][][main/INFO]: barErr. denome==0
[17:37:38][][main/INFO]: barErr. denome==0
[17:37:38][][main/INFO]: barErr. denome==0
[17:37:38][][main/INFO]: barErr. denome==0
[17:37:38][][main/INFO]: barErr. denome==0
[17:37:38][][main/INFO]: barErr. denome==0
[17:37:38][][main/INFO]: barErr. denome==0
[17:37:38][][main/INFO]: barErr. denome==0
[17:37:38][][main/INFO]: barErr. denome==0
[17:37:38][][main/INFO]: barErr. denome==0
[17:37:38][][main/INFO]: barErr. denome==0
[17:37:38][][main/INFO]: barErr. denome==0
[17:37:38][][main/INFO]: barErr. denome==0
[17:37:38][][main/INFO]: barErr. denome==0
[17:37:38][][main/INFO]: barErr. denome==0
[17:37:38][][main/INFO]: barErr. denome==0
[17:37:38][][main/INFO]: barErr. denome==0
[17:37:38][][main/INFO]: barErr. denome==0
[17:37:38][][main/INFO]: barErr. denome==0
[17:37:38][][main/INFO]: barErr. denome==0
[17:37:38][][main/INFO]: barErr. denome==0
[17:37:38][][main/INFO]: barErr. denome==0
[17:37:38][][main/INFO]: barErr. denome==0
[17:37:38][][main/INFO]: barErr. denome==0
[17:37:38][][main/INFO]: barErr. denome==0
[17:37:38][][main/INFO]: barErr. denome==0
[17:37:38][][main/INFO]: barErr. denome==0
[17:37:38][][main/INFO]: barErr. denome==0
[17:37:38][][main/INFO]: barErr. denome==0
[17:37:38][][main/INFO]: barErr. denome==0
[17:37:38][][main/INFO]: barErr. denome==0
[17:37:38][][main/INFO]: barErr. denome==0
[17:37:38][][main/INFO]: barErr. denome==0
[17:37:38][][main/INFO]: barErr. denome==0
[17:37:38][][main/INFO]: barErr. denome==0
[17:37:38][][main/INFO]: barErr. denome==0
[17:37:38][][main/INFO]: barErr. denome==0
[17:37:38][][main/INFO]: barErr. denome==0
[17:37:38][][main/INFO]: barErr. denome==0
[17:37:38][][main/INFO]: barErr. denome==0
[17:37:38][][main/INFO]: barErr. denome==0
[17:37:38][][main/INFO]: barErr. denome==0
[17:37:38][][main/INFO]: barErr. denome==0
[17:37:38][][main/INFO]: barErr. denome==0
[17:37:38][][main/INFO]: barErr. denome==0
[17:37:38][][main/INFO]: barErr. denome==0
[17:37:38][][main/INFO]: barErr. denome==0
[17:37:38][][main/INFO]: barErr. denome==0
[17:37:38][][main/INFO]: barErr. denome==0
[17:37:38][][main/INFO]: barErr. denome==0
[17:37:39][][main/INFO]: barErr. denome==0
[17:37:39][][main/INFO]: barErr. denome==0
[17:37:39][][main/INFO]: barErr. denome==0
[17:37:39][][main/INFO]: barErr. denome==0
[17:37:39][][main/INFO]: barErr. denome==0
[17:37:39][][main/INFO]: barErr. denome==0
[17:37:39][][main/INFO]: barErr. denome==0
[17:37:39][][main/INFO]: barErr. denome==0
[17:37:39][][main/INFO]: barErr. denome==0
[17:37:39][][main/INFO]: barErr. denome==0
[17:37:39][][main/INFO]: barErr. denome==0
[17:37:39][][main/INFO]: barErr. denome==0
[17:37:39][][main/INFO]: barErr. denome==0
[17:37:39][][main/INFO]: barErr. denome==0
[17:37:39][][main/INFO]: barErr. denome==0
[17:37:39][][main/INFO]: barErr. denome==0
[17:37:39][][main/INFO]: barErr. denome==0
[17:37:39][][main/INFO]: barErr. denome==0
[17:37:39][][main/INFO]: barErr. denome==0
[17:37:39][][main/INFO]: barErr. denome==0
[17:37:39][][main/INFO]: barErr. denome==0
[17:37:39][][main/INFO]: barErr. denome==0
[17:37:39][][main/INFO]: barErr. denome==0
[17:37:39][][main/INFO]: barErr. denome==0
[17:37:39][][main/INFO]: barErr. denome==0
[17:37:39][][main/INFO]: barErr. denome==0
[17:37:39][][main/INFO]: barErr. denome==0
[17:37:39][][main/INFO]: barErr. denome==0
[17:37:39][][main/INFO]: barErr. denome==0
[17:37:39][][main/INFO]: barErr. denome==0
[17:37:39][][main/INFO]: barErr. denome==0
[17:37:39][][main/INFO]: barErr. denome==0
[17:37:39][][main/INFO]: barErr. denome==0
[17:37:39][][main/INFO]: barErr. denome==0
[17:37:39][][main/INFO]: barErr. denome==0
[17:37:39][][main/INFO]: barErr. denome==0
[17:37:39][][main/INFO]: barErr. denome==0
[17:37:39][][main/INFO]: barErr. denome==0
[17:37:39][][main/INFO]: barErr. denome==0
[17:37:39][][main/INFO]: barErr. denome==0
[17:37:39][][main/INFO]: barErr. denome==0
[17:37:39][][main/INFO]: barErr. denome==0
[17:37:39][][main/INFO]: barErr. denome==0
[17:37:39][][main/INFO]: barErr. denome==0
[17:37:39][][main/INFO]: barErr. denome==0
[17:37:39][][main/INFO]: barErr. denome==0
[17:37:39][][main/INFO]: barErr. denome==0
[17:37:39][][main/INFO]: barErr. denome==0
[17:37:39][][main/INFO]: barErr. denome==0
[17:37:39][][main/INFO]: barErr. denome==0
[17:37:39][][main/INFO]: barErr. denome==0
[17:37:39][][main/INFO]: barErr. denome==0
[17:37:39][][main/INFO]: barErr. denome==0
[17:37:39][][main/INFO]: barErr. denome==0
[17:37:39][][main/INFO]: barErr. denome==0
[17:37:39][][main/INFO]: barErr. denome==0
[17:37:39][][main/INFO]: barErr. denome==0
[17:37:39][][main/INFO]: barErr. denome==0
[17:37:39][][main/INFO]: barErr. denome==0
[17:37:39][][main/INFO]: barErr. denome==0
[17:37:39][][main/INFO]: barErr. denome==0
[17:37:39][][main/INFO]: barErr. denome==0
[17:37:39][][main/INFO]: barErr. denome==0
[17:37:40][][main/INFO]: barErr. denome==0
[17:37:40][][main/INFO]: barErr. denome==0
[17:37:40][][main/INFO]: barErr. denome==0
[17:37:40][][main/INFO]: barErr. denome==0
[17:37:40][][main/INFO]: barErr. denome==0
[17:37:40][][main/INFO]: barErr. denome==0
[17:37:40][][main/INFO]: barErr. denome==0
[17:37:40][][main/INFO]: barErr. denome==0
[17:37:40][][main/INFO]: barErr. denome==0
[17:37:40][][main/INFO]: barErr. denome==0
[17:37:40][][main/INFO]: barErr. denome==0
[17:37:40][][main/INFO]: barErr. denome==0
[17:37:40][][main/INFO]: barErr. denome==0
[17:37:40][][main/INFO]: barErr. denome==0
[17:37:40][][main/INFO]: barErr. denome==0
[17:37:40][][main/INFO]: barErr. denome==0
[17:37:40][][main/INFO]: barErr. denome==0
[17:37:40][][main/INFO]: barErr. denome==0
[17:37:40][][main/INFO]: barErr. denome==0
[17:37:40][][main/INFO]: barErr. denome==0
[17:37:40][][main/INFO]: barErr. denome==0
[17:37:40][][main/INFO]: barErr. denome==0
[17:37:40][][main/INFO]: barErr. denome==0
[17:37:40][][main/INFO]: barErr. denome==0
[17:37:40][][main/INFO]: barErr. denome==0
[17:37:40][][main/INFO]: barErr. denome==0
[17:37:40][][main/INFO]: barErr. denome==0
[17:37:40][][main/INFO]: barErr. denome==0
[17:37:40][][main/INFO]: barErr. denome==0
[17:37:40][][main/INFO]: barErr. denome==0
[17:37:40][][main/INFO]: barErr. denome==0
[17:37:40][][main/INFO]: barErr. denome==0
[17:37:40][][main/INFO]: barErr. denome==0
[17:37:40][][main/INFO]: barErr. denome==0
[17:37:40][][main/INFO]: barErr. denome==0
[17:37:40][][main/INFO]: barErr. denome==0
[17:37:40][][main/INFO]: barErr. denome==0
[17:37:40][][main/INFO]: barErr. denome==0
[17:37:40][][main/INFO]: barErr. denome==0
[17:37:40][][main/INFO]: barErr. denome==0
[17:37:40][][main/INFO]: barErr. denome==0
[17:37:40][][main/INFO]: barErr. denome==0
[17:37:40][][main/INFO]: barErr. denome==0
[17:37:40][][main/INFO]: barErr. denome==0
[17:37:40][][main/INFO]: barErr. denome==0
[17:37:40][][main/INFO]: barErr. denome==0
[17:37:40][][main/INFO]: barErr. denome==0
[17:37:40][][main/INFO]: barErr. denome==0
[17:37:40][][main/INFO]: barErr. denome==0
[17:37:40][][main/INFO]: barErr. denome==0
[17:37:40][][main/INFO]: barErr. denome==0
[17:37:40][][main/INFO]: barErr. denome==0
[17:37:40][][main/INFO]: barErr. denome==0
[17:37:40][][main/INFO]: barErr. denome==0
[17:37:40][][main/INFO]: barErr. denome==0
[17:37:40][][main/INFO]: barErr. denome==0
[17:37:40][][main/INFO]: barErr. denome==0
[17:37:40][][main/INFO]: barErr. denome==0
[17:37:40][][main/INFO]: barErr. denome==0
[17:37:40][][main/INFO]: barErr. denome==0
[17:37:40][][main/INFO]: barErr. denome==0
[17:37:40][][main/INFO]: barErr. denome==0
[17:37:41][][main/INFO]: barErr. denome==0
[17:37:41][][main/INFO]: barErr. denome==0
[17:37:41][][main/INFO]: barErr. denome==0
[17:37:41][][main/INFO]: barErr. denome==0
[17:37:41][][main/INFO]: barErr. denome==0
[17:37:41][][main/INFO]: barErr. denome==0
[17:37:41][][main/INFO]: barErr. denome==0
[17:37:41][][main/INFO]: barErr. denome==0
[17:37:41][][main/INFO]: barErr. denome==0
[17:37:41][][main/INFO]: barErr. denome==0
[17:37:41][][main/INFO]: barErr. denome==0
[17:37:41][][main/INFO]: barErr. denome==0
[17:37:41][][main/INFO]: barErr. denome==0
[17:37:41][][main/INFO]: barErr. denome==0
[17:37:41][][main/INFO]: barErr. denome==0
[17:37:41][][main/INFO]: barErr. denome==0
[17:37:41][][main/INFO]: barErr. denome==0
[17:37:41][][main/INFO]: barErr. denome==0
[17:37:41][][main/INFO]: barErr. denome==0
[17:37:41][][main/INFO]: barErr. denome==0
[17:37:41][][main/INFO]: barErr. denome==0
[17:37:41][][main/INFO]: barErr. denome==0
[17:37:41][][main/INFO]: barErr. denome==0
[17:37:41][][main/INFO]: barErr. denome==0
[17:37:41][][main/INFO]: barErr. denome==0
[17:37:41][][main/INFO]: barErr. denome==0
[17:37:41][][main/INFO]: barErr. denome==0
[17:37:41][][main/INFO]: barErr. denome==0
[17:37:41][][main/INFO]: barErr. denome==0
[17:37:41][][main/INFO]: barErr. denome==0
[17:37:41][][main/INFO]: barErr. denome==0
[17:37:41][][main/INFO]: barErr. denome==0
[17:37:41][][main/INFO]: barErr. denome==0
[17:37:41][][main/INFO]: barErr. denome==0
[17:37:41][][main/INFO]: barErr. denome==0
[17:37:41][][main/INFO]: barErr. denome==0
[17:37:41][][main/INFO]: barErr. denome==0
[17:37:41][][main/INFO]: barErr. denome==0
[17:37:41][][main/INFO]: barErr. denome==0
[17:37:41][][main/INFO]: barErr. denome==0
[17:37:41][][main/INFO]: barErr. denome==0
[17:37:41][][main/INFO]: barErr. denome==0
[17:37:41][][main/INFO]: barErr. denome==0
[17:37:41][][main/INFO]: barErr. denome==0
[17:37:41][][main/INFO]: barErr. denome==0
[17:37:41][][main/INFO]: barErr. denome==0
[17:37:41][][main/INFO]: barErr. denome==0
[17:37:41][][main/INFO]: barErr. denome==0
[17:37:41][][main/INFO]: barErr. denome==0
[17:37:41][][main/INFO]: barErr. denome==0
[17:37:41][][main/INFO]: barErr. denome==0
[17:37:41][][main/INFO]: barErr. denome==0
[17:37:41][][main/INFO]: barErr. denome==0
[17:37:41][][main/INFO]: barErr. denome==0
[17:37:41][][main/INFO]: barErr. denome==0
[17:37:41][][main/INFO]: barErr. denome==0
[17:37:41][][main/INFO]: barErr. denome==0
[17:37:41][][main/INFO]: barErr. denome==0
[17:37:41][][main/INFO]: barErr. denome==0
[17:37:41][][main/INFO]: barErr. denome==0
[17:37:41][][main/INFO]: barErr. denome==0
[17:37:41][][main/INFO]: barErr. denome==0
[17:37:41][][main/INFO]: barErr. denome==0
[17:37:42][][main/INFO]: barErr. denome==0
[17:37:42][][main/INFO]: barErr. denome==0
[17:37:42][][main/INFO]: barErr. denome==0
[17:37:42][][main/INFO]: barErr. denome==0
[17:37:42][][main/INFO]: barErr. denome==0
[17:37:42][][main/INFO]: barErr. denome==0
[17:37:42][][main/INFO]: barErr. denome==0
[17:37:42][][main/INFO]: barErr. denome==0
[17:37:42][][main/INFO]: barErr. denome==0
[17:37:42][][main/INFO]: barErr. denome==0
[17:37:42][][main/INFO]: barErr. denome==0
[17:37:42][][main/INFO]: barErr. denome==0
[17:37:42][][main/INFO]: barErr. denome==0
[17:37:42][][main/INFO]: barErr. denome==0
[17:37:42][][main/INFO]: barErr. denome==0
[17:37:42][][main/INFO]: barErr. denome==0
[17:37:42][][main/INFO]: barErr. denome==0
[17:37:42][][main/INFO]: barErr. denome==0
[17:37:42][][main/INFO]: barErr. denome==0
[17:37:42][][main/INFO]: barErr. denome==0
[17:37:42][][main/INFO]: barErr. denome==0
[17:37:42][][main/INFO]: barErr. denome==0
[17:37:42][][main/INFO]: barErr. denome==0
[17:37:42][][main/INFO]: barErr. denome==0
[17:37:42][][main/INFO]: barErr. denome==0
[17:37:42][][main/INFO]: barErr. denome==0
[17:37:42][][main/INFO]: barErr. denome==0
[17:37:42][][main/INFO]: barErr. denome==0
[17:37:42][][main/INFO]: barErr. denome==0
[17:37:42][][main/INFO]: barErr. denome==0
[17:37:42][][main/INFO]: barErr. denome==0
[17:37:42][][main/INFO]: barErr. denome==0
[17:37:42][][main/INFO]: barErr. denome==0
[17:37:42][][main/INFO]: barErr. denome==0
[17:37:42][][main/INFO]: barErr. denome==0
[17:37:42][][main/INFO]: barErr. denome==0
[17:37:42][][main/INFO]: barErr. denome==0
[17:37:42][][main/INFO]: barErr. denome==0
[17:37:42][][main/INFO]: barErr. denome==0
[17:37:42][][main/INFO]: barErr. denome==0
[17:37:42][][main/INFO]: barErr. denome==0
[17:37:42][][main/INFO]: barErr. denome==0
[17:37:42][][main/INFO]: barErr. denome==0
[17:37:42][][main/INFO]: barErr. denome==0
[17:37:42][][main/INFO]: barErr. denome==0
[17:37:42][][main/INFO]: barErr. denome==0
[17:37:42][][main/INFO]: barErr. denome==0
[17:37:42][][main/INFO]: barErr. denome==0
[17:37:42][][main/INFO]: barErr. denome==0
[17:37:42][][main/INFO]: barErr. denome==0
[17:37:42][][main/INFO]: barErr. denome==0
[17:37:42][][main/INFO]: barErr. denome==0
[17:37:42][][main/INFO]: barErr. denome==0
[17:37:42][][main/INFO]: barErr. denome==0
[17:37:42][][main/INFO]: barErr. denome==0
[17:37:42][][main/INFO]: barErr. denome==0
[17:37:42][][main/INFO]: barErr. denome==0
[17:37:42][][main/INFO]: barErr. denome==0
[17:37:42][][main/INFO]: barErr. denome==0
[17:37:42][][main/INFO]: barErr. denome==0
[17:37:42][][main/INFO]: barErr. denome==0
[17:37:42][][main/INFO]: barErr. denome==0
[17:37:43][][main/INFO]: barErr. denome==0
[17:37:43][][main/INFO]: barErr. denome==0
[17:37:43][][main/INFO]: barErr. denome==0
[17:37:43][][main/INFO]: barErr. denome==0
[17:37:43][][main/INFO]: barErr. denome==0
[17:37:43][][main/INFO]: barErr. denome==0
[17:37:43][][main/INFO]: barErr. denome==0
[17:37:43][][main/INFO]: barErr. denome==0
[17:37:43][][main/INFO]: barErr. denome==0
[17:37:43][][main/INFO]: barErr. denome==0
[17:37:43][][main/INFO]: barErr. denome==0
[17:37:43][][main/INFO]: barErr. denome==0
[17:37:43][][main/INFO]: barErr. denome==0
[17:37:43][][main/INFO]: barErr. denome==0
[17:37:43][][main/INFO]: barErr. denome==0
[17:37:43][][main/INFO]: barErr. denome==0
[17:37:43][][main/INFO]: barErr. denome==0
[17:37:43][][main/INFO]: barErr. denome==0
[17:37:43][][main/INFO]: barErr. denome==0
[17:37:43][][main/INFO]: barErr. denome==0
[17:37:43][][main/INFO]: barErr. denome==0
[17:37:43][][main/INFO]: barErr. denome==0
[17:37:43][][main/INFO]: barErr. denome==0
[17:37:43][][main/INFO]: barErr. denome==0
[17:37:43][][main/INFO]: barErr. denome==0
[17:37:43][][main/INFO]: barErr. denome==0
[17:37:43][][main/INFO]: barErr. denome==0
[17:37:43][][main/INFO]: barErr. denome==0
[17:37:43][][main/INFO]: barErr. denome==0
[17:37:43][][main/INFO]: barErr. denome==0
[17:37:43][][main/INFO]: barErr. denome==0
[17:37:43][][main/INFO]: barErr. denome==0
[17:37:43][][main/INFO]: barErr. denome==0
[17:37:43][][main/INFO]: barErr. denome==0
[17:37:43][][main/INFO]: barErr. denome==0
[17:37:43][][main/INFO]: barErr. denome==0
[17:37:43][][main/INFO]: barErr. denome==0
[17:37:43][][main/INFO]: barErr. denome==0
[17:37:43][][main/INFO]: barErr. denome==0
[17:37:43][][main/INFO]: barErr. denome==0
[17:37:43][][main/INFO]: barErr. denome==0
[17:37:43][][main/INFO]: barErr. denome==0
[17:37:43][][main/INFO]: barErr. denome==0
[17:37:43][][main/INFO]: barErr. denome==0
[17:37:43][][main/INFO]: barErr. denome==0
[17:37:43][][main/INFO]: barErr. denome==0
[17:37:43][][main/INFO]: barErr. denome==0
[17:37:43][][main/INFO]: barErr. denome==0
[17:37:43][][main/INFO]: barErr. denome==0
[17:37:43][][main/INFO]: barErr. denome==0
[17:37:43][][main/INFO]: barErr. denome==0
[17:37:43][][main/INFO]: barErr. denome==0
[17:37:43][][main/INFO]: barErr. denome==0
[17:37:43][][main/INFO]: barErr. denome==0
[17:37:43][][main/INFO]: barErr. denome==0
[17:37:43][][main/INFO]: barErr. denome==0
[17:37:43][][main/INFO]: barErr. denome==0
[17:37:43][][main/INFO]: barErr. denome==0
[17:37:43][][main/INFO]: barErr. denome==0
[17:37:43][][main/INFO]: barErr. denome==0
[17:37:43][][main/INFO]: barErr. denome==0
[17:37:43][][main/INFO]: barErr. denome==0
[17:37:43][][main/INFO]: barErr. denome==0
[17:37:44][][main/INFO]: barErr. denome==0
[17:37:44][][main/INFO]: barErr. denome==0
[17:37:44][][main/INFO]: barErr. denome==0
[17:37:44][][main/INFO]: barErr. denome==0
[17:37:44][][main/INFO]: barErr. denome==0
[17:37:44][][main/INFO]: barErr. denome==0
[17:37:44][][main/INFO]: barErr. denome==0
[17:37:44][][main/INFO]: barErr. denome==0
[17:37:44][][main/INFO]: barErr. denome==0
[17:37:44][][main/INFO]: barErr. denome==0
[17:37:44][][main/INFO]: barErr. denome==0
[17:37:44][][main/INFO]: barErr. denome==0
[17:37:44][][main/INFO]: barErr. denome==0
[17:37:44][][main/INFO]: barErr. denome==0
[17:37:44][][main/INFO]: barErr. denome==0
[17:37:44][][main/INFO]: barErr. denome==0
[17:37:44][][main/INFO]: barErr. denome==0
[17:37:44][][main/INFO]: barErr. denome==0
[17:37:44][][main/INFO]: barErr. denome==0
[17:37:44][][main/INFO]: barErr. denome==0
[17:37:44][][main/INFO]: barErr. denome==0
[17:37:44][][main/INFO]: barErr. denome==0
[17:37:44][][main/INFO]: barErr. denome==0
[17:37:44][][main/INFO]: barErr. denome==0
[17:37:44][][main/INFO]: barErr. denome==0
[17:37:44][][main/INFO]: barErr. denome==0
[17:37:44][][main/INFO]: barErr. denome==0
[17:37:44][][main/INFO]: barErr. denome==0
[17:37:44][][main/INFO]: barErr. denome==0
[17:37:44][][main/INFO]: barErr. denome==0
[17:37:44][][main/INFO]: barErr. denome==0
[17:37:44][][main/INFO]: barErr. denome==0
[17:37:44][][main/INFO]: barErr. denome==0
[17:37:44][][main/INFO]: barErr. denome==0
[17:37:44][][main/INFO]: barErr. denome==0
[17:37:44][][main/INFO]: barErr. denome==0
[17:37:44][][main/INFO]: barErr. denome==0
[17:37:44][][main/INFO]: barErr. denome==0
[17:37:44][][main/INFO]: barErr. denome==0
[17:37:44][][main/INFO]: barErr. denome==0
[17:37:44][][main/INFO]: barErr. denome==0
[17:37:44][][main/INFO]: barErr. denome==0
[17:37:44][][main/INFO]: barErr. denome==0
[17:37:44][][main/INFO]: barErr. denome==0
[17:37:44][][main/INFO]: barErr. denome==0
[17:37:44][][main/INFO]: barErr. denome==0
[17:37:44][][main/INFO]: barErr. denome==0
[17:37:44][][main/INFO]: barErr. denome==0
[17:37:44][][main/INFO]: barErr. denome==0
[17:37:44][][main/INFO]: barErr. denome==0
[17:37:44][][main/INFO]: barErr. denome==0
[17:37:44][][main/INFO]: barErr. denome==0
[17:37:44][][main/INFO]: barErr. denome==0
[17:37:44][][main/INFO]: barErr. denome==0
[17:37:44][][main/INFO]: barErr. denome==0
[17:37:44][][main/INFO]: barErr. denome==0
[17:37:44][][main/INFO]: barErr. denome==0
[17:37:44][][main/INFO]: barErr. denome==0
[17:37:44][][main/INFO]: barErr. denome==0
[17:37:44][][main/INFO]: barErr. denome==0
[17:37:44][][main/INFO]: barErr. denome==0
[17:37:44][][main/INFO]: barErr. denome==0
[17:37:45][][main/INFO]: barErr. denome==0
[17:37:45][][main/INFO]: barErr. denome==0
[17:37:45][][main/INFO]: barErr. denome==0
[17:37:45][][main/INFO]: barErr. denome==0
[17:37:45][][main/INFO]: barErr. denome==0
[17:37:45][][main/INFO]: barErr. denome==0
[17:37:45][][main/INFO]: barErr. denome==0
[17:37:45][][main/INFO]: barErr. denome==0
[17:37:45][][main/INFO]: barErr. denome==0
[17:37:45][][main/INFO]: barErr. denome==0
[17:37:45][][main/INFO]: barErr. denome==0
[17:37:45][][main/INFO]: barErr. denome==0
[17:37:45][][main/INFO]: barErr. denome==0
[17:37:45][][main/INFO]: barErr. denome==0
[17:37:45][][main/INFO]: barErr. denome==0
[17:37:45][][main/INFO]: barErr. denome==0
[17:37:45][][main/INFO]: barErr. denome==0
[17:37:45][][main/INFO]: barErr. denome==0
[17:37:45][][main/INFO]: barErr. denome==0
[17:37:45][][main/INFO]: barErr. denome==0
[17:37:45][][main/INFO]: barErr. denome==0
[17:37:45][][main/INFO]: barErr. denome==0
[17:37:45][][main/INFO]: barErr. denome==0
[17:37:45][][main/INFO]: barErr. denome==0
[17:37:45][][main/INFO]: barErr. denome==0
[17:37:45][][main/INFO]: barErr. denome==0
[17:37:45][][main/INFO]: barErr. denome==0
[17:37:45][][main/INFO]: barErr. denome==0
[17:37:45][][main/INFO]: barErr. denome==0
[17:37:45][][main/INFO]: barErr. denome==0
[17:37:45][][main/INFO]: barErr. denome==0
[17:37:45][][main/INFO]: barErr. denome==0
[17:37:45][][main/INFO]: barErr. denome==0
[17:37:45][][main/INFO]: barErr. denome==0
[17:37:45][][main/INFO]: barErr. denome==0
[17:37:45][][main/INFO]: barErr. denome==0
[17:37:45][][main/INFO]: barErr. denome==0
[17:37:45][][main/INFO]: barErr. denome==0
[17:37:45][][main/INFO]: barErr. denome==0
[17:37:45][][main/INFO]: barErr. denome==0
[17:37:45][][main/INFO]: barErr. denome==0
[17:37:45][][main/INFO]: barErr. denome==0
[17:37:45][][main/INFO]: barErr. denome==0
[17:37:45][][main/INFO]: barErr. denome==0
[17:37:45][][main/INFO]: barErr. denome==0
[17:37:45][][main/INFO]: barErr. denome==0
[17:37:45][][main/INFO]: barErr. denome==0
[17:37:45][][main/INFO]: barErr. denome==0
[17:37:45][][main/INFO]: barErr. denome==0
[17:37:45][][main/INFO]: barErr. denome==0
[17:37:45][][main/INFO]: barErr. denome==0
[17:37:45][][main/INFO]: barErr. denome==0
[17:37:45][][main/INFO]: barErr. denome==0
[17:37:45][][main/INFO]: barErr. denome==0
[17:37:45][][main/INFO]: barErr. denome==0
[17:37:45][][main/INFO]: barErr. denome==0
[17:37:45][][main/INFO]: barErr. denome==0
[17:37:45][][main/INFO]: barErr. denome==0
[17:37:45][][main/INFO]: barErr. denome==0
[17:37:45][][main/INFO]: barErr. denome==0
[17:37:45][][main/INFO]: barErr. denome==0
[17:37:45][][main/INFO]: barErr. denome==0
[17:37:45][][main/INFO]: barErr. denome==0
[17:37:46][][main/INFO]: barErr. denome==0
[17:37:46][][main/INFO]: barErr. denome==0
[17:37:46][][main/INFO]: barErr. denome==0
[17:37:46][][main/INFO]: barErr. denome==0
[17:37:46][][main/INFO]: barErr. denome==0
[17:37:46][][main/INFO]: barErr. denome==0
[17:37:46][][main/INFO]: barErr. denome==0
[17:37:46][][main/INFO]: barErr. denome==0
[17:37:46][][main/INFO]: barErr. denome==0
[17:37:46][][main/INFO]: barErr. denome==0
[17:37:46][][main/INFO]: barErr. denome==0
[17:37:46][][main/INFO]: barErr. denome==0
[17:37:46][][main/INFO]: barErr. denome==0
[17:37:46][][main/INFO]: barErr. denome==0
[17:37:46][][main/INFO]: barErr. denome==0
[17:37:46][][main/INFO]: barErr. denome==0
[17:37:46][][main/INFO]: barErr. denome==0
[17:37:46][][main/INFO]: barErr. denome==0
[17:37:46][][main/INFO]: barErr. denome==0
[17:37:46][][main/INFO]: barErr. denome==0
[17:37:46][][main/INFO]: barErr. denome==0
[17:37:46][][main/INFO]: barErr. denome==0
[17:37:46][][main/INFO]: barErr. denome==0
[17:37:46][][main/INFO]: barErr. denome==0
[17:37:46][][main/INFO]: barErr. denome==0
[17:37:46][][main/INFO]: barErr. denome==0
[17:37:46][][main/INFO]: barErr. denome==0
[17:37:46][][main/INFO]: barErr. denome==0
[17:37:46][][main/INFO]: barErr. denome==0
[17:37:46][][main/INFO]: barErr. denome==0
[17:37:46][][main/INFO]: barErr. denome==0
[17:37:46][][main/INFO]: barErr. denome==0
[17:37:46][][main/INFO]: barErr. denome==0
[17:37:46][][main/INFO]: barErr. denome==0
[17:37:46][][main/INFO]: barErr. denome==0
[17:37:46][][main/INFO]: barErr. denome==0
[17:37:46][][main/INFO]: barErr. denome==0
[17:37:46][][main/INFO]: barErr. denome==0
[17:37:46][][main/INFO]: barErr. denome==0
[17:37:46][][main/INFO]: barErr. denome==0
[17:37:46][][main/INFO]: barErr. denome==0
[17:37:46][][main/INFO]: barErr. denome==0
[17:37:46][][main/INFO]: barErr. denome==0
[17:37:46][][main/INFO]: barErr. denome==0
[17:37:46][][main/INFO]: barErr. denome==0
[17:37:46][][main/INFO]: barErr. denome==0
[17:37:46][][main/INFO]: barErr. denome==0
[17:37:46][][main/INFO]: barErr. denome==0
[17:37:46][][main/INFO]: barErr. denome==0
[17:37:46][][main/INFO]: barErr. denome==0
[17:37:46][][main/INFO]: barErr. denome==0
[17:37:46][][main/INFO]: barErr. denome==0
[17:37:46][][main/INFO]: barErr. denome==0
[17:37:46][][main/INFO]: barErr. denome==0
[17:37:46][][main/INFO]: barErr. denome==0
[17:37:46][][main/INFO]: barErr. denome==0
[17:37:46][][main/INFO]: barErr. denome==0
[17:37:46][][main/INFO]: barErr. denome==0
[17:37:46][][main/INFO]: barErr. denome==0
[17:37:46][][main/INFO]: barErr. denome==0
[17:37:46][][main/INFO]: barErr. denome==0
[17:37:46][][main/INFO]: barErr. denome==0
[17:37:47][][main/INFO]: barErr. denome==0
[17:37:47][][main/INFO]: barErr. denome==0
[17:37:47][][main/INFO]: barErr. denome==0
[17:37:47][][main/INFO]: barErr. denome==0
[17:37:47][][main/INFO]: barErr. denome==0
[17:37:47][][main/INFO]: barErr. denome==0
[17:37:47][][main/INFO]: barErr. denome==0
[17:37:47][][main/INFO]: barErr. denome==0
[17:37:47][][main/INFO]: barErr. denome==0
[17:37:47][][main/INFO]: barErr. denome==0
[17:37:47][][main/INFO]: barErr. denome==0
[17:37:47][][main/INFO]: barErr. denome==0
[17:37:47][][main/INFO]: barErr. denome==0
[17:37:47][][main/INFO]: barErr. denome==0
[17:37:47][][main/INFO]: barErr. denome==0
[17:37:47][][main/INFO]: barErr. denome==0
[17:37:47][][main/INFO]: barErr. denome==0
[17:37:47][][main/INFO]: barErr. denome==0
[17:37:47][][main/INFO]: barErr. denome==0
[17:37:47][][main/INFO]: barErr. denome==0
[17:37:47][][main/INFO]: barErr. denome==0
[17:37:47][][main/INFO]: barErr. denome==0
[17:37:47][][main/INFO]: barErr. denome==0
[17:37:47][][main/INFO]: barErr. denome==0
[17:37:47][][main/INFO]: barErr. denome==0
[17:37:47][][main/INFO]: barErr. denome==0
[17:37:47][][main/INFO]: barErr. denome==0
[17:37:47][][main/INFO]: barErr. denome==0
[17:37:47][][main/INFO]: barErr. denome==0
[17:37:47][][main/INFO]: barErr. denome==0
[17:37:47][][main/INFO]: barErr. denome==0
[17:37:47][][main/INFO]: barErr. denome==0
[17:37:47][][main/INFO]: barErr. denome==0
[17:37:47][][main/INFO]: barErr. denome==0
[17:37:47][][main/INFO]: barErr. denome==0
[17:37:47][][main/INFO]: barErr. denome==0
[17:37:47][][main/INFO]: barErr. denome==0
[17:37:47][][main/INFO]: barErr. denome==0
[17:37:47][][main/INFO]: barErr. denome==0
[17:37:47][][main/INFO]: barErr. denome==0
[17:37:47][][main/INFO]: barErr. denome==0
[17:37:47][][main/INFO]: barErr. denome==0
[17:37:47][][main/INFO]: barErr. denome==0
[17:37:47][][main/INFO]: barErr. denome==0
[17:37:47][][main/INFO]: barErr. denome==0
[17:37:47][][main/INFO]: barErr. denome==0
[17:37:47][][main/INFO]: barErr. denome==0
[17:37:47][][main/INFO]: barErr. denome==0
[17:37:47][][main/INFO]: barErr. denome==0
[17:37:47][][main/INFO]: barErr. denome==0
[17:37:47][][main/INFO]: barErr. denome==0
[17:37:47][][main/INFO]: barErr. denome==0
[17:37:47][][main/INFO]: barErr. denome==0
[17:37:47][][main/INFO]: barErr. denome==0
[17:37:47][][main/INFO]: barErr. denome==0
[17:37:47][][main/INFO]: barErr. denome==0
[17:37:47][][main/INFO]: barErr. denome==0
[17:37:47][][main/INFO]: barErr. denome==0
[17:37:47][][main/INFO]: barErr. denome==0
[17:37:47][][main/INFO]: barErr. denome==0
[17:37:47][][main/INFO]: barErr. denome==0
[17:37:47][][main/INFO]: barErr. denome==0
[17:37:47][][main/INFO]: barErr. denome==0
[17:37:48][][main/INFO]: barErr. denome==0
[17:37:48][][main/INFO]: barErr. denome==0
[17:37:48][][main/INFO]: barErr. denome==0
[17:37:48][][main/INFO]: barErr. denome==0
[17:37:48][][main/INFO]: barErr. denome==0
[17:37:48][][main/INFO]: barErr. denome==0
[17:37:48][][main/INFO]: barErr. denome==0
[17:37:48][][main/INFO]: barErr. denome==0
[17:37:48][][main/INFO]: barErr. denome==0
[17:37:48][][main/INFO]: barErr. denome==0
[17:37:48][][main/INFO]: barErr. denome==0
[17:37:48][][main/INFO]: barErr. denome==0
[17:37:48][][main/INFO]: barErr. denome==0
[17:37:48][][main/INFO]: barErr. denome==0
[17:37:48][][main/INFO]: barErr. denome==0
[17:37:48][][main/INFO]: barErr. denome==0
[17:37:48][][main/INFO]: barErr. denome==0
[17:37:48][][main/INFO]: barErr. denome==0
[17:37:48][][main/INFO]: barErr. denome==0
[17:37:48][][main/INFO]: barErr. denome==0
[17:37:48][][main/INFO]: barErr. denome==0
[17:37:48][][main/INFO]: barErr. denome==0
[17:37:48][][main/INFO]: barErr. denome==0
[17:37:48][][main/INFO]: barErr. denome==0
[17:37:48][][main/INFO]: barErr. denome==0
[17:37:48][][main/INFO]: barErr. denome==0
[17:37:48][][main/INFO]: barErr. denome==0
[17:37:48][][main/INFO]: barErr. denome==0
[17:37:48][][main/INFO]: barErr. denome==0
[17:37:48][][main/INFO]: barErr. denome==0
[17:37:48][][main/INFO]: barErr. denome==0
[17:37:48][][main/INFO]: barErr. denome==0
[17:37:48][][main/INFO]: barErr. denome==0
[17:37:48][][main/INFO]: barErr. denome==0
[17:37:48][][main/INFO]: barErr. denome==0
[17:37:48][][main/INFO]: barErr. denome==0
[17:37:48][][main/INFO]: barErr. denome==0
[17:37:48][][main/INFO]: barErr. denome==0
[17:37:48][][main/INFO]: barErr. denome==0
[17:37:48][][main/INFO]: barErr. denome==0
[17:37:48][][main/INFO]: barErr. denome==0
[17:37:48][][main/INFO]: barErr. denome==0
[17:37:48][][main/INFO]: barErr. denome==0
[17:37:48][][main/INFO]: barErr. denome==0
[17:37:48][][main/INFO]: barErr. denome==0
[17:37:48][][main/INFO]: barErr. denome==0
[17:37:48][][main/INFO]: barErr. denome==0
[17:37:48][][main/INFO]: barErr. denome==0
[17:37:48][][main/INFO]: barErr. denome==0
[17:37:48][][main/INFO]: barErr. denome==0
[17:37:48][][main/INFO]: barErr. denome==0
[17:37:48][][main/INFO]: barErr. denome==0
[17:37:48][][main/INFO]: barErr. denome==0
[17:37:48][][main/INFO]: barErr. denome==0
[17:37:48][][main/INFO]: barErr. denome==0
[17:37:48][][main/INFO]: barErr. denome==0
[17:37:48][][main/INFO]: barErr. denome==0
[17:37:48][][main/INFO]: barErr. denome==0
[17:37:48][][main/INFO]: barErr. denome==0
[17:37:48][][main/INFO]: barErr. denome==0
[17:37:48][][main/INFO]: barErr. denome==0
[17:37:48][][main/INFO]: barErr. denome==0
[17:37:49][][main/INFO]: barErr. denome==0
[17:37:49][][main/INFO]: barErr. denome==0
[17:37:49][][main/INFO]: barErr. denome==0
[17:37:49][][main/INFO]: barErr. denome==0
[17:37:49][][main/INFO]: barErr. denome==0
[17:37:49][][main/INFO]: barErr. denome==0
[17:37:49][][main/INFO]: barErr. denome==0
[17:37:49][][main/INFO]: barErr. denome==0
[17:37:49][][main/INFO]: barErr. denome==0
[17:37:49][][main/INFO]: barErr. denome==0
[17:37:49][][main/INFO]: barErr. denome==0
[17:37:49][][main/INFO]: barErr. denome==0
[17:37:49][][main/INFO]: barErr. denome==0
[17:37:49][][main/INFO]: barErr. denome==0
[17:37:49][][main/INFO]: barErr. denome==0
[17:37:49][][main/INFO]: barErr. denome==0
[17:37:49][][main/INFO]: barErr. denome==0
[17:37:49][][main/INFO]: barErr. denome==0
[17:37:49][][main/INFO]: barErr. denome==0
[17:37:49][][main/INFO]: barErr. denome==0
[17:37:49][][main/INFO]: barErr. denome==0
[17:37:49][][main/INFO]: barErr. denome==0
[17:37:49][][main/INFO]: barErr. denome==0
[17:37:49][][main/INFO]: barErr. denome==0
[17:37:49][][main/INFO]: barErr. denome==0
[17:37:49][][main/INFO]: barErr. denome==0
[17:37:49][][main/INFO]: barErr. denome==0
[17:37:49][][main/INFO]: barErr. denome==0
[17:37:49][][main/INFO]: barErr. denome==0
[17:37:49][][main/INFO]: barErr. denome==0
[17:37:49][][main/INFO]: barErr. denome==0
[17:37:49][][main/INFO]: barErr. denome==0
[17:37:49][][main/INFO]: barErr. denome==0
[17:37:49][][main/INFO]: barErr. denome==0
[17:37:49][][main/INFO]: barErr. denome==0
[17:37:49][][main/INFO]: barErr. denome==0
[17:37:49][][main/INFO]: barErr. denome==0
[17:37:49][][main/INFO]: barErr. denome==0
[17:37:49][][main/INFO]: barErr. denome==0
[17:37:49][][main/INFO]: barErr. denome==0
[17:37:49][][main/INFO]: barErr. denome==0
[17:37:49][][main/INFO]: barErr. denome==0
[17:37:49][][main/INFO]: barErr. denome==0
[17:37:49][][main/INFO]: barErr. denome==0
[17:37:49][][main/INFO]: barErr. denome==0
[17:37:49][][main/INFO]: barErr. denome==0
[17:37:49][][main/INFO]: barErr. denome==0
[17:37:49][][main/INFO]: barErr. denome==0
[17:37:49][][main/INFO]: barErr. denome==0
[17:37:49][][main/INFO]: barErr. denome==0
[17:37:49][][main/INFO]: barErr. denome==0
[17:37:49][][main/INFO]: barErr. denome==0
[17:37:49][][main/INFO]: barErr. denome==0
[17:37:49][][main/INFO]: barErr. denome==0
[17:37:49][][main/INFO]: barErr. denome==0
[17:37:49][][main/INFO]: barErr. denome==0
[17:37:49][][main/INFO]: barErr. denome==0
[17:37:49][][main/INFO]: barErr. denome==0
[17:37:49][][main/INFO]: barErr. denome==0
[17:37:49][][main/INFO]: barErr. denome==0
[17:37:49][][main/INFO]: barErr. denome==0
[17:37:49][][main/INFO]: barErr. denome==0
[17:37:49][][main/INFO]: barErr. denome==0
[17:37:50][][main/INFO]: barErr. denome==0
[17:37:50][][main/INFO]: barErr. denome==0
[17:37:50][][main/INFO]: barErr. denome==0
[17:37:50][][main/INFO]: barErr. denome==0
[17:37:50][][main/INFO]: barErr. denome==0
[17:37:50][][main/INFO]: barErr. denome==0
[17:37:50][][main/INFO]: barErr. denome==0
[17:37:50][][main/INFO]: barErr. denome==0
[17:37:50][][main/INFO]: barErr. denome==0
[17:37:50][][main/INFO]: barErr. denome==0
[17:37:50][][main/INFO]: barErr. denome==0
[17:37:50][][main/INFO]: barErr. denome==0
[17:37:50][][main/INFO]: barErr. denome==0
[17:37:50][][main/INFO]: barErr. denome==0
[17:37:50][][main/INFO]: barErr. denome==0
[17:37:50][][main/INFO]: barErr. denome==0
[17:37:50][][main/INFO]: barErr. denome==0
[17:37:50][][main/INFO]: barErr. denome==0
[17:37:50][][main/INFO]: barErr. denome==0
[17:37:50][][main/INFO]: barErr. denome==0
[17:37:50][][main/INFO]: barErr. denome==0
[17:37:50][][main/INFO]: barErr. denome==0
[17:37:50][][main/INFO]: barErr. denome==0
[17:37:50][][main/INFO]: barErr. denome==0
[17:37:50][][main/INFO]: barErr. denome==0
[17:37:50][][main/INFO]: barErr. denome==0
[17:37:50][][main/INFO]: barErr. denome==0
[17:37:50][][main/INFO]: barErr. denome==0
[17:37:50][][main/INFO]: barErr. denome==0
[17:37:50][][main/INFO]: barErr. denome==0
[17:37:50][][main/INFO]: barErr. denome==0
[17:37:50][][main/INFO]: barErr. denome==0
[17:37:50][][main/INFO]: barErr. denome==0
[17:37:50][][main/INFO]: barErr. denome==0
[17:37:50][][main/INFO]: barErr. denome==0
[17:37:50][][main/INFO]: barErr. denome==0
[17:37:50][][main/INFO]: barErr. denome==0
[17:37:50][][main/INFO]: barErr. denome==0
[17:37:50][][main/INFO]: barErr. denome==0
[17:37:50][][main/INFO]: barErr. denome==0
[17:37:50][][main/INFO]: barErr. denome==0
[17:37:50][][main/INFO]: barErr. denome==0
[17:37:50][][main/INFO]: barErr. denome==0
[17:37:50][][main/INFO]: barErr. denome==0
[17:37:50][][main/INFO]: barErr. denome==0
[17:37:50][][main/INFO]: barErr. denome==0
[17:37:50][][main/INFO]: barErr. denome==0
[17:37:50][][main/INFO]: barErr. denome==0
[17:37:50][][main/INFO]: barErr. denome==0
[17:37:50][][main/INFO]: barErr. denome==0
[17:37:50][][main/INFO]: barErr. denome==0
[17:37:50][][main/INFO]: barErr. denome==0
[17:37:50][][main/INFO]: barErr. denome==0
[17:37:50][][main/INFO]: barErr. denome==0
[17:37:50][][main/INFO]: barErr. denome==0
[17:37:50][][main/INFO]: barErr. denome==0
[17:37:50][][main/INFO]: barErr. denome==0
[17:37:50][][main/INFO]: barErr. denome==0
[17:37:50][][main/INFO]: barErr. denome==0
[17:37:50][][main/INFO]: barErr. denome==0
[17:37:50][][main/INFO]: barErr. denome==0
[17:37:50][][main/INFO]: barErr. denome==0
[17:37:51][][main/INFO]: barErr. denome==0
[17:37:51][][main/INFO]: barErr. denome==0
[17:37:51][][main/INFO]: barErr. denome==0
[17:37:51][][main/INFO]: barErr. denome==0
[17:37:51][][main/INFO]: barErr. denome==0
[17:37:51][][main/INFO]: barErr. denome==0
[17:37:51][][main/INFO]: barErr. denome==0
[17:37:51][][main/INFO]: barErr. denome==0
[17:37:51][][main/INFO]: barErr. denome==0
[17:37:51][][main/INFO]: barErr. denome==0
[17:37:51][][main/INFO]: barErr. denome==0
[17:37:51][][main/INFO]: barErr. denome==0
[17:37:51][][main/INFO]: barErr. denome==0
[17:37:51][][main/INFO]: barErr. denome==0
[17:37:51][][main/INFO]: barErr. denome==0
[17:37:51][][main/INFO]: barErr. denome==0
[17:37:51][][main/INFO]: barErr. denome==0
[17:37:51][][main/INFO]: barErr. denome==0
[17:37:51][][main/INFO]: barErr. denome==0
[17:37:51][][main/INFO]: barErr. denome==0
[17:37:51][][main/INFO]: barErr. denome==0
[17:37:51][][main/INFO]: barErr. denome==0
[17:37:51][][main/INFO]: barErr. denome==0
[17:37:51][][main/INFO]: barErr. denome==0
[17:37:51][][main/INFO]: barErr. denome==0
[17:37:51][][main/INFO]: barErr. denome==0
[17:37:51][][main/INFO]: barErr. denome==0
[17:37:51][][main/INFO]: barErr. denome==0
[17:37:51][][main/INFO]: barErr. denome==0
[17:37:51][][main/INFO]: barErr. denome==0
[17:37:51][][main/INFO]: barErr. denome==0
[17:37:51][][main/INFO]: barErr. denome==0
[17:37:51][][main/INFO]: barErr. denome==0
[17:37:51][][main/INFO]: barErr. denome==0
[17:37:51][][main/INFO]: barErr. denome==0
[17:37:51][][main/INFO]: barErr. denome==0
[17:37:51][][main/INFO]: barErr. denome==0
[17:37:51][][main/INFO]: barErr. denome==0
[17:37:51][][main/INFO]: barErr. denome==0
[17:37:51][][main/INFO]: barErr. denome==0
[17:37:51][][main/INFO]: barErr. denome==0
[17:37:51][][main/INFO]: barErr. denome==0
[17:37:51][][main/INFO]: barErr. denome==0
[17:37:51][][main/INFO]: barErr. denome==0
[17:37:51][][main/INFO]: barErr. denome==0
[17:37:51][][main/INFO]: barErr. denome==0
[17:37:51][][main/INFO]: barErr. denome==0
[17:37:51][][main/INFO]: barErr. denome==0
[17:37:51][][main/INFO]: barErr. denome==0
[17:37:51][][main/INFO]: barErr. denome==0
[17:37:51][][main/INFO]: barErr. denome==0
[17:37:51][][main/INFO]: barErr. denome==0
[17:37:51][][main/INFO]: barErr. denome==0
[17:37:51][][main/INFO]: barErr. denome==0
[17:37:51][][main/INFO]: barErr. denome==0
[17:37:51][][main/INFO]: barErr. denome==0
[17:37:51][][main/INFO]: barErr. denome==0
[17:37:51][][main/INFO]: barErr. denome==0
[17:37:51][][main/INFO]: barErr. denome==0
[17:37:51][][main/INFO]: barErr. denome==0
[17:37:51][][main/INFO]: barErr. denome==0
[17:37:51][][main/INFO]: barErr. denome==0
[17:37:52][][main/INFO]: barErr. denome==0
[17:37:52][][main/INFO]: barErr. denome==0
[17:37:52][][main/INFO]: barErr. denome==0
[17:37:52][][main/INFO]: barErr. denome==0
[17:37:52][][main/INFO]: barErr. denome==0
[17:37:52][][main/INFO]: barErr. denome==0
[17:37:52][][main/INFO]: barErr. denome==0
[17:37:52][][main/INFO]: barErr. denome==0
[17:37:52][][main/INFO]: barErr. denome==0
[17:37:52][][main/INFO]: barErr. denome==0
[17:37:52][][main/INFO]: barErr. denome==0
[17:37:52][][main/INFO]: barErr. denome==0
[17:37:52][][main/INFO]: barErr. denome==0
[17:37:52][][main/INFO]: barErr. denome==0
[17:37:52][][main/INFO]: barErr. denome==0
[17:37:52][][main/INFO]: barErr. denome==0
[17:37:52][][main/INFO]: barErr. denome==0
[17:37:52][][main/INFO]: barErr. denome==0
[17:37:52][][main/INFO]: barErr. denome==0
[17:37:52][][main/INFO]: barErr. denome==0
[17:37:52][][main/INFO]: barErr. denome==0
[17:37:52][][main/INFO]: barErr. denome==0
[17:37:52][][main/INFO]: barErr. denome==0
[17:37:52][][main/INFO]: barErr. denome==0
[17:37:52][][main/INFO]: barErr. denome==0
[17:37:52][][main/INFO]: barErr. denome==0
[17:37:52][][main/INFO]: barErr. denome==0
[17:37:52][][main/INFO]: barErr. denome==0
[17:37:52][][main/INFO]: barErr. denome==0
[17:37:52][][main/INFO]: barErr. denome==0
[17:37:52][][main/INFO]: barErr. denome==0
[17:37:52][][main/INFO]: barErr. denome==0
[17:37:52][][main/INFO]: barErr. denome==0
[17:37:52][][main/INFO]: barErr. denome==0
[17:37:52][][main/INFO]: barErr. denome==0
[17:37:52][][main/INFO]: barErr. denome==0
[17:37:52][][main/INFO]: barErr. denome==0
[17:37:52][][main/INFO]: barErr. denome==0
[17:37:52][][main/INFO]: barErr. denome==0
[17:37:52][][main/INFO]: barErr. denome==0
[17:37:52][][main/INFO]: barErr. denome==0
[17:37:52][][main/INFO]: barErr. denome==0
[17:37:52][][main/INFO]: barErr. denome==0
[17:37:52][][main/INFO]: barErr. denome==0
[17:37:52][][main/INFO]: barErr. denome==0
[17:37:52][][main/INFO]: barErr. denome==0
[17:37:52][][main/INFO]: barErr. denome==0
[17:37:52][][main/INFO]: barErr. denome==0
[17:37:52][][main/INFO]: barErr. denome==0
[17:37:52][][main/INFO]: barErr. denome==0
[17:37:52][][main/INFO]: barErr. denome==0
[17:37:52][][main/INFO]: barErr. denome==0
[17:37:52][][main/INFO]: barErr. denome==0
[17:37:52][][main/INFO]: barErr. denome==0
[17:37:52][][main/INFO]: barErr. denome==0
[17:37:52][][main/INFO]: barErr. denome==0
[17:37:52][][main/INFO]: barErr. denome==0
[17:37:52][][main/INFO]: barErr. denome==0
[17:37:52][][main/INFO]: barErr. denome==0
[17:37:52][][main/INFO]: barErr. denome==0
[17:37:52][][main/INFO]: barErr. denome==0
[17:37:52][][main/INFO]: barErr. denome==0
[17:37:52][][main/INFO]: barErr. denome==0
[17:37:53][][main/INFO]: barErr. denome==0
[17:37:53][][main/INFO]: barErr. denome==0
[17:37:53][][main/INFO]: barErr. denome==0
[17:37:53][][main/INFO]: barErr. denome==0
[17:37:53][][main/INFO]: barErr. denome==0
[17:37:53][][main/INFO]: barErr. denome==0
[17:37:53][][main/INFO]: barErr. denome==0
[17:37:53][][main/INFO]: barErr. denome==0
[17:37:53][][main/INFO]: barErr. denome==0
[17:37:53][][main/INFO]: barErr. denome==0
[17:37:53][][main/INFO]: barErr. denome==0
[17:37:53][][main/INFO]: barErr. denome==0
[17:37:53][][main/INFO]: barErr. denome==0
[17:37:53][][main/INFO]: barErr. denome==0
[17:37:53][][main/INFO]: barErr. denome==0
[17:37:53][][main/INFO]: barErr. denome==0
[17:37:53][][main/INFO]: barErr. denome==0
[17:37:53][][main/INFO]: barErr. denome==0
[17:37:53][][main/INFO]: barErr. denome==0
[17:37:53][][main/INFO]: barErr. denome==0
[17:37:53][][main/INFO]: barErr. denome==0
[17:37:53][][main/INFO]: barErr. denome==0
[17:37:53][][main/INFO]: barErr. denome==0
[17:37:53][][main/INFO]: barErr. denome==0
[17:37:53][][main/INFO]: barErr. denome==0
[17:37:53][][main/INFO]: barErr. denome==0
[17:37:53][][main/INFO]: barErr. denome==0
[17:37:53][][main/INFO]: barErr. denome==0
[17:37:53][][main/INFO]: barErr. denome==0
[17:37:53][][main/INFO]: barErr. denome==0
[17:37:53][][main/INFO]: barErr. denome==0
[17:37:53][][main/INFO]: barErr. denome==0
[17:37:53][][main/INFO]: barErr. denome==0
[17:37:53][][main/INFO]: barErr. denome==0
[17:37:53][][main/INFO]: barErr. denome==0
[17:37:53][][main/INFO]: barErr. denome==0
[17:37:53][][main/INFO]: barErr. denome==0
[17:37:53][][main/INFO]: barErr. denome==0
[17:37:53][][main/INFO]: barErr. denome==0
[17:37:53][][main/INFO]: barErr. denome==0
[17:37:53][][main/INFO]: barErr. denome==0
[17:37:53][][main/INFO]: barErr. denome==0
[17:37:53][][main/INFO]: barErr. denome==0
[17:37:53][][main/INFO]: barErr. denome==0
[17:37:53][][main/INFO]: barErr. denome==0
[17:37:53][][main/INFO]: barErr. denome==0
[17:37:53][][main/INFO]: barErr. denome==0
[17:37:53][][main/INFO]: barErr. denome==0
[17:37:53][][main/INFO]: barErr. denome==0
[17:37:53][][main/INFO]: barErr. denome==0
[17:37:53][][main/INFO]: barErr. denome==0
[17:37:53][][main/INFO]: barErr. denome==0
[17:37:53][][main/INFO]: barErr. denome==0
[17:37:53][][main/INFO]: barErr. denome==0
[17:37:53][][main/INFO]: barErr. denome==0
[17:37:53][][main/INFO]: barErr. denome==0
[17:37:53][][main/INFO]: barErr. denome==0
[17:37:53][][main/INFO]: barErr. denome==0
[17:37:53][][main/INFO]: barErr. denome==0
[17:37:53][][main/INFO]: barErr. denome==0
[17:37:53][][main/INFO]: barErr. denome==0
[17:37:53][][main/INFO]: barErr. denome==0
[17:37:53][][main/INFO]: barErr. denome==0
[17:37:54][][main/INFO]: barErr. denome==0
[17:37:54][][main/INFO]: barErr. denome==0
[17:37:54][][main/INFO]: barErr. denome==0
[17:37:54][][main/INFO]: barErr. denome==0
[17:37:54][][main/INFO]: barErr. denome==0
[17:37:54][][main/INFO]: barErr. denome==0
[17:37:54][][main/INFO]: barErr. denome==0
[17:37:54][][main/INFO]: barErr. denome==0
[17:37:54][][main/INFO]: barErr. denome==0
[17:37:54][][main/INFO]: barErr. denome==0
[17:37:54][][main/INFO]: barErr. denome==0
[17:37:54][][main/INFO]: barErr. denome==0
[17:37:54][][main/INFO]: barErr. denome==0
[17:37:54][][main/INFO]: barErr. denome==0
[17:37:54][][main/INFO]: barErr. denome==0
[17:37:54][][main/INFO]: barErr. denome==0
[17:37:54][][main/INFO]: barErr. denome==0
[17:37:54][][main/INFO]: barErr. denome==0
[17:37:54][][main/INFO]: barErr. denome==0
[17:37:54][][main/INFO]: barErr. denome==0
[17:37:54][][main/INFO]: barErr. denome==0
[17:37:54][][main/INFO]: barErr. denome==0
[17:37:54][][main/INFO]: barErr. denome==0
[17:37:54][][main/INFO]: barErr. denome==0
[17:37:54][][main/INFO]: barErr. denome==0
[17:37:54][][main/INFO]: barErr. denome==0
[17:37:54][][main/INFO]: barErr. denome==0
[17:37:54][][main/INFO]: barErr. denome==0
[17:37:54][][main/INFO]: barErr. denome==0
[17:37:54][][main/INFO]: barErr. denome==0
[17:37:54][][main/INFO]: barErr. denome==0
[17:37:54][][main/INFO]: barErr. denome==0
[17:37:54][][main/INFO]: barErr. denome==0
[17:37:54][][main/INFO]: barErr. denome==0
[17:37:54][][main/INFO]: barErr. denome==0
[17:37:54][][main/INFO]: barErr. denome==0
[17:37:54][][main/INFO]: barErr. denome==0
[17:37:54][][main/INFO]: barErr. denome==0
[17:37:54][][main/INFO]: barErr. denome==0
[17:37:54][][main/INFO]: barErr. denome==0
[17:37:54][][main/INFO]: barErr. denome==0
[17:37:54][][main/INFO]: barErr. denome==0
[17:37:54][][main/INFO]: barErr. denome==0
[17:37:54][][main/INFO]: barErr. denome==0
[17:37:54][][main/INFO]: barErr. denome==0
[17:37:54][][main/INFO]: barErr. denome==0
[17:37:54][][main/INFO]: barErr. denome==0
[17:37:54][][main/INFO]: barErr. denome==0
[17:37:54][][main/INFO]: barErr. denome==0
[17:37:54][][main/INFO]: barErr. denome==0
[17:37:54][][main/INFO]: barErr. denome==0
[17:37:54][][main/INFO]: barErr. denome==0
[17:37:54][][main/INFO]: barErr. denome==0
[17:37:54][][main/INFO]: barErr. denome==0
[17:37:54][][main/INFO]: barErr. denome==0
[17:37:54][][main/INFO]: barErr. denome==0
[17:37:54][][main/INFO]: barErr. denome==0
[17:37:54][][main/INFO]: barErr. denome==0
[17:37:54][][main/INFO]: barErr. denome==0
[17:37:54][][main/INFO]: barErr. denome==0
[17:37:54][][main/INFO]: barErr. denome==0
[17:37:54][][main/INFO]: barErr. denome==0
[17:37:55][][main/INFO]: barErr. denome==0
[17:37:55][][main/INFO]: barErr. denome==0
[17:37:55][][main/INFO]: barErr. denome==0
[17:37:55][][main/INFO]: barErr. denome==0
[17:37:55][][main/INFO]: barErr. denome==0
[17:37:55][][main/INFO]: barErr. denome==0
[17:37:55][][main/INFO]: barErr. denome==0
[17:37:55][][main/INFO]: barErr. denome==0
[17:37:55][][main/INFO]: barErr. denome==0
[17:37:55][][main/INFO]: barErr. denome==0
[17:37:55][][main/INFO]: barErr. denome==0
[17:37:55][][main/INFO]: barErr. denome==0
[17:37:55][][main/INFO]: barErr. denome==0
[17:37:55][][main/INFO]: barErr. denome==0
[17:37:55][][main/INFO]: barErr. denome==0
[17:37:55][][main/INFO]: barErr. denome==0
[17:37:55][][main/INFO]: barErr. denome==0
[17:37:55][][main/INFO]: barErr. denome==0
[17:37:55][][main/INFO]: barErr. denome==0
[17:37:55][][main/INFO]: barErr. denome==0
[17:37:55][][main/INFO]: barErr. denome==0
[17:37:55][][main/INFO]: barErr. denome==0
[17:37:55][][main/INFO]: barErr. denome==0
[17:37:55][][main/INFO]: barErr. denome==0
[17:37:55][][main/INFO]: barErr. denome==0
[17:37:55][][main/INFO]: barErr. denome==0
[17:37:55][][main/INFO]: barErr. denome==0
[17:37:55][][main/INFO]: barErr. denome==0
[17:37:55][][main/INFO]: barErr. denome==0
[17:37:55][][main/INFO]: barErr. denome==0
[17:37:55][][main/INFO]: barErr. denome==0
[17:37:55][][main/INFO]: barErr. denome==0
[17:37:55][][main/INFO]: barErr. denome==0
[17:37:55][][main/INFO]: barErr. denome==0
[17:37:55][][main/INFO]: barErr. denome==0
[17:37:55][][main/INFO]: barErr. denome==0
[17:37:55][][main/INFO]: barErr. denome==0
[17:37:55][][main/INFO]: barErr. denome==0
[17:37:55][][main/INFO]: barErr. denome==0
[17:37:55][][main/INFO]: barErr. denome==0
[17:37:55][][main/INFO]: barErr. denome==0
[17:37:55][][main/INFO]: barErr. denome==0
[17:37:55][][main/INFO]: barErr. denome==0
[17:37:55][][main/INFO]: barErr. denome==0
[17:37:55][][main/INFO]: barErr. denome==0
[17:37:55][][main/INFO]: barErr. denome==0
[17:37:55][][main/INFO]: barErr. denome==0
[17:37:55][][main/INFO]: barErr. denome==0
[17:37:55][][main/INFO]: barErr. denome==0
[17:37:55][][main/INFO]: barErr. denome==0
[17:37:55][][main/INFO]: barErr. denome==0
[17:37:55][][main/INFO]: barErr. denome==0
[17:37:55][][main/INFO]: barErr. denome==0
[17:37:55][][main/INFO]: barErr. denome==0
[17:37:55][][main/INFO]: barErr. denome==0
[17:37:55][][main/INFO]: barErr. denome==0
[17:37:55][][main/INFO]: barErr. denome==0
[17:37:55][][main/INFO]: barErr. denome==0
[17:37:55][][main/INFO]: barErr. denome==0
[17:37:55][][main/INFO]: barErr. denome==0
[17:37:55][][main/INFO]: barErr. denome==0
[17:37:55][][main/INFO]: barErr. denome==0
[17:37:55][][main/INFO]: barErr. denome==0
[17:37:56][][main/INFO]: barErr. denome==0
[17:37:56][][main/INFO]: barErr. denome==0
[17:37:56][][main/INFO]: barErr. denome==0
[17:37:56][][main/INFO]: barErr. denome==0
[17:37:56][][main/INFO]: barErr. denome==0
[17:37:56][][main/INFO]: barErr. denome==0
[17:37:56][][main/INFO]: barErr. denome==0
[17:37:56][][main/INFO]: barErr. denome==0
[17:37:56][][main/INFO]: barErr. denome==0
[17:37:56][][main/INFO]: barErr. denome==0
[17:37:56][][main/INFO]: barErr. denome==0
[17:37:56][][main/INFO]: barErr. denome==0
[17:37:56][][main/INFO]: barErr. denome==0
[17:37:56][][main/INFO]: barErr. denome==0
[17:37:56][][main/INFO]: barErr. denome==0
[17:37:56][][main/INFO]: barErr. denome==0
[17:37:56][][main/INFO]: barErr. denome==0
[17:37:56][][main/INFO]: barErr. denome==0
[17:37:56][][main/INFO]: barErr. denome==0
[17:37:56][][main/INFO]: barErr. denome==0
[17:37:56][][main/INFO]: barErr. denome==0
[17:37:56][][main/INFO]: barErr. denome==0
[17:37:56][][main/INFO]: barErr. denome==0
[17:37:56][][main/INFO]: barErr. denome==0
[17:37:56][][main/INFO]: barErr. denome==0
[17:37:56][][main/INFO]: barErr. denome==0
[17:37:56][][main/INFO]: barErr. denome==0
[17:37:56][][main/INFO]: barErr. denome==0
[17:37:56][][main/INFO]: barErr. denome==0
[17:37:56][][main/INFO]: barErr. denome==0
[17:37:56][][main/INFO]: barErr. denome==0
[17:37:56][][main/INFO]: barErr. denome==0
[17:37:56][][main/INFO]: barErr. denome==0
[17:37:56][][main/INFO]: barErr. denome==0
[17:37:56][][main/INFO]: barErr. denome==0
[17:37:56][][main/INFO]: barErr. denome==0
[17:37:56][][main/INFO]: barErr. denome==0
[17:37:56][][main/INFO]: barErr. denome==0
[17:37:56][][main/INFO]: barErr. denome==0
[17:37:56][][main/INFO]: barErr. denome==0
[17:37:56][][main/INFO]: barErr. denome==0
[17:37:56][][main/INFO]: barErr. denome==0
[17:37:56][][main/INFO]: barErr. denome==0
[17:37:56][][main/INFO]: barErr. denome==0
[17:37:56][][main/INFO]: barErr. denome==0
[17:37:56][][main/INFO]: barErr. denome==0
[17:37:56][][main/INFO]: barErr. denome==0
[17:37:56][][main/INFO]: barErr. denome==0
[17:37:56][][main/INFO]: barErr. denome==0
[17:37:56][][main/INFO]: barErr. denome==0
[17:37:56][][main/INFO]: barErr. denome==0
[17:37:56][][main/INFO]: barErr. denome==0
[17:37:56][][main/INFO]: barErr. denome==0
[17:37:56][][main/INFO]: barErr. denome==0
[17:37:56][][main/INFO]: barErr. denome==0
[17:37:56][][main/INFO]: barErr. denome==0
[17:37:56][][main/INFO]: barErr. denome==0
[17:37:56][][main/INFO]: barErr. denome==0
[17:37:56][][main/INFO]: barErr. denome==0
[17:37:56][][main/INFO]: barErr. denome==0
[17:37:56][][main/INFO]: barErr. denome==0
[17:37:56][][main/INFO]: barErr. denome==0
[17:37:57][][main/INFO]: barErr. denome==0
[17:37:57][][main/INFO]: barErr. denome==0
[17:37:57][][main/INFO]: barErr. denome==0
[17:37:57][][main/INFO]: barErr. denome==0
[17:37:57][][main/INFO]: barErr. denome==0
[17:37:57][][main/INFO]: barErr. denome==0
[17:37:57][][main/INFO]: barErr. denome==0
[17:37:57][][main/INFO]: barErr. denome==0
[17:37:57][][main/INFO]: barErr. denome==0
[17:37:57][][main/INFO]: barErr. denome==0
[17:37:57][][main/INFO]: barErr. denome==0
[17:37:57][][main/INFO]: barErr. denome==0
[17:37:57][][main/INFO]: barErr. denome==0
[17:37:57][][main/INFO]: barErr. denome==0
[17:37:57][][main/INFO]: barErr. denome==0
[17:37:57][][main/INFO]: barErr. denome==0
[17:37:57][][main/INFO]: barErr. denome==0
[17:37:57][][main/INFO]: barErr. denome==0
[17:37:57][][main/INFO]: barErr. denome==0
[17:37:57][][main/INFO]: barErr. denome==0
[17:37:57][][main/INFO]: barErr. denome==0
[17:37:57][][main/INFO]: barErr. denome==0
[17:37:57][][main/INFO]: barErr. denome==0
[17:37:57][][main/INFO]: barErr. denome==0
[17:37:57][][main/INFO]: barErr. denome==0
[17:37:57][][main/INFO]: barErr. denome==0
[17:37:57][][main/INFO]: barErr. denome==0
[17:37:57][][main/INFO]: barErr. denome==0
[17:37:57][][main/INFO]: barErr. denome==0
[17:37:57][][main/INFO]: barErr. denome==0
[17:37:57][][main/INFO]: barErr. denome==0
[17:37:57][][main/INFO]: barErr. denome==0
[17:37:57][][main/INFO]: barErr. denome==0
[17:37:57][][main/INFO]: barErr. denome==0
[17:37:57][][main/INFO]: barErr. denome==0
[17:37:57][][main/INFO]: barErr. denome==0
[17:37:57][][main/INFO]: barErr. denome==0
[17:37:57][][main/INFO]: barErr. denome==0
[17:37:57][][main/INFO]: barErr. denome==0
[17:37:57][][main/INFO]: barErr. denome==0
[17:37:57][][main/INFO]: barErr. denome==0
[17:37:57][][main/INFO]: barErr. denome==0
[17:37:57][][main/INFO]: barErr. denome==0
[17:37:57][][main/INFO]: barErr. denome==0
[17:37:57][][main/INFO]: barErr. denome==0
[17:37:57][][main/INFO]: barErr. denome==0
[17:37:57][][main/INFO]: barErr. denome==0
[17:37:57][][main/INFO]: barErr. denome==0
[17:37:57][][main/INFO]: barErr. denome==0
[17:37:57][][main/INFO]: barErr. denome==0
[17:37:57][][main/INFO]: barErr. denome==0
[17:37:57][][main/INFO]: barErr. denome==0
[17:37:57][][main/INFO]: barErr. denome==0
[17:37:57][][main/INFO]: barErr. denome==0
[17:37:57][][main/INFO]: barErr. denome==0
[17:37:57][][main/INFO]: barErr. denome==0
[17:37:57][][main/INFO]: barErr. denome==0
[17:37:57][][main/INFO]: barErr. denome==0
[17:37:57][][main/INFO]: barErr. denome==0
[17:37:57][][main/INFO]: barErr. denome==0
[17:37:57][][main/INFO]: barErr. denome==0
[17:37:57][][main/INFO]: barErr. denome==0
[17:37:57][][main/INFO]: barErr. denome==0
[17:37:58][][main/INFO]: barErr. denome==0
[17:37:58][][main/INFO]: barErr. denome==0
[17:37:58][][main/INFO]: barErr. denome==0
[17:37:58][][main/INFO]: barErr. denome==0
[17:37:58][][main/INFO]: barErr. denome==0
[17:37:58][][main/INFO]: barErr. denome==0
[17:37:58][][main/INFO]: barErr. denome==0
[17:37:58][][main/INFO]: barErr. denome==0
[17:37:58][][main/INFO]: barErr. denome==0
[17:37:58][][main/INFO]: barErr. denome==0
[17:37:58][][main/INFO]: barErr. denome==0
[17:37:58][][main/INFO]: barErr. denome==0
[17:37:58][][main/INFO]: barErr. denome==0
[17:37:58][][main/INFO]: barErr. denome==0
[17:37:58][][main/INFO]: barErr. denome==0
[17:37:58][][main/INFO]: barErr. denome==0
[17:37:58][][main/INFO]: barErr. denome==0
[17:37:58][][main/INFO]: barErr. denome==0
[17:37:58][][main/INFO]: barErr. denome==0
[17:37:58][][main/INFO]: barErr. denome==0
[17:37:58][][main/INFO]: barErr. denome==0
[17:37:58][][main/INFO]: barErr. denome==0
[17:37:58][][main/INFO]: barErr. denome==0
[17:37:58][][main/INFO]: barErr. denome==0
[17:37:58][][main/INFO]: barErr. denome==0
[17:37:58][][main/INFO]: barErr. denome==0
[17:37:58][][main/INFO]: barErr. denome==0
[17:37:58][][main/INFO]: barErr. denome==0
[17:37:58][][main/INFO]: barErr. denome==0
[17:37:58][][main/INFO]: barErr. denome==0
[17:37:58][][main/INFO]: barErr. denome==0
[17:37:58][][main/INFO]: barErr. denome==0
[17:37:58][][main/INFO]: barErr. denome==0
[17:37:58][][main/INFO]: barErr. denome==0
[17:37:58][][main/INFO]: barErr. denome==0
[17:37:58][][main/INFO]: barErr. denome==0
[17:37:58][][main/INFO]: barErr. denome==0
[17:37:58][][main/INFO]: barErr. denome==0
[17:37:58][][main/INFO]: barErr. denome==0
[17:37:58][][main/INFO]: barErr. denome==0
[17:37:58][][main/INFO]: barErr. denome==0
[17:37:58][][main/INFO]: barErr. denome==0
[17:37:58][][main/INFO]: barErr. denome==0
[17:37:58][][main/INFO]: barErr. denome==0
[17:37:58][][main/INFO]: barErr. denome==0
[17:37:58][][main/INFO]: barErr. denome==0
[17:37:58][][main/INFO]: barErr. denome==0
[17:37:58][][main/INFO]: barErr. denome==0
[17:37:58][][main/INFO]: barErr. denome==0
[17:37:58][][main/INFO]: barErr. denome==0
[17:37:58][][main/INFO]: barErr. denome==0
[17:37:58][][main/INFO]: barErr. denome==0
[17:37:58][][main/INFO]: barErr. denome==0
[17:37:58][][main/INFO]: barErr. denome==0
[17:37:58][][main/INFO]: barErr. denome==0
[17:37:58][][main/INFO]: barErr. denome==0
[17:37:58][][main/INFO]: barErr. denome==0
[17:37:58][][main/INFO]: barErr. denome==0
[17:37:58][][main/INFO]: barErr. denome==0
[17:37:58][][main/INFO]: barErr. denome==0
[17:37:58][][main/INFO]: barErr. denome==0
[17:37:58][][main/INFO]: barErr. denome==0
[17:37:59][][main/INFO]: barErr. denome==0
[17:37:59][][main/INFO]: barErr. denome==0
[17:37:59][][main/INFO]: barErr. denome==0
[17:37:59][][main/INFO]: barErr. denome==0
[17:37:59][][main/INFO]: barErr. denome==0
[17:37:59][][main/INFO]: barErr. denome==0
[17:37:59][][main/INFO]: barErr. denome==0
[17:37:59][][main/INFO]: barErr. denome==0
[17:37:59][][main/INFO]: barErr. denome==0
[17:37:59][][main/INFO]: barErr. denome==0
[17:37:59][][main/INFO]: barErr. denome==0
[17:37:59][][main/INFO]: barErr. denome==0
[17:37:59][][main/INFO]: barErr. denome==0
[17:37:59][][main/INFO]: barErr. denome==0
[17:37:59][][main/INFO]: barErr. denome==0
[17:37:59][][main/INFO]: barErr. denome==0
[17:37:59][][main/INFO]: barErr. denome==0
[17:37:59][][main/INFO]: barErr. denome==0
[17:37:59][][main/INFO]: barErr. denome==0
[17:37:59][][main/INFO]: barErr. denome==0
[17:37:59][][main/INFO]: barErr. denome==0
[17:37:59][][main/INFO]: barErr. denome==0
[17:37:59][][main/INFO]: barErr. denome==0
[17:37:59][][main/INFO]: barErr. denome==0
[17:37:59][][main/INFO]: barErr. denome==0
[17:37:59][][main/INFO]: barErr. denome==0
[17:37:59][][main/INFO]: barErr. denome==0
[17:37:59][][main/INFO]: barErr. denome==0
[17:37:59][][main/INFO]: barErr. denome==0
[17:37:59][][main/INFO]: barErr. denome==0
[17:37:59][][main/INFO]: barErr. denome==0
[17:37:59][][main/INFO]: barErr. denome==0
[17:37:59][][main/INFO]: barErr. denome==0
[17:37:59][][main/INFO]: barErr. denome==0
[17:37:59][][main/INFO]: barErr. denome==0
[17:37:59][][main/INFO]: barErr. denome==0
[17:37:59][][main/INFO]: barErr. denome==0
[17:37:59][][main/INFO]: barErr. denome==0
[17:37:59][][main/INFO]: barErr. denome==0
[17:37:59][][main/INFO]: barErr. denome==0
[17:37:59][][main/INFO]: barErr. denome==0
[17:37:59][][main/INFO]: barErr. denome==0
[17:37:59][][main/INFO]: barErr. denome==0
[17:37:59][][main/INFO]: barErr. denome==0
[17:37:59][][main/INFO]: barErr. denome==0
[17:37:59][][main/INFO]: barErr. denome==0
[17:37:59][][main/INFO]: barErr. denome==0
[17:37:59][][main/INFO]: barErr. denome==0
[17:37:59][][main/INFO]: barErr. denome==0
[17:37:59][][main/INFO]: barErr. denome==0
[17:37:59][][main/INFO]: barErr. denome==0
[17:37:59][][main/INFO]: barErr. denome==0
[17:37:59][][main/INFO]: barErr. denome==0
[17:37:59][][main/INFO]: barErr. denome==0
[17:37:59][][main/INFO]: barErr. denome==0
[17:37:59][][main/INFO]: barErr. denome==0
[17:37:59][][main/INFO]: barErr. denome==0
[17:37:59][][main/INFO]: barErr. denome==0
[17:37:59][][main/INFO]: barErr. denome==0
[17:37:59][][main/INFO]: barErr. denome==0
[17:37:59][][main/INFO]: barErr. denome==0
[17:37:59][][main/INFO]: barErr. denome==0
[17:37:59][][main/INFO]: barErr. denome==0
[17:38:00][][main/INFO]: barErr. denome==0
[17:38:00][][main/INFO]: barErr. denome==0
[17:38:00][][main/INFO]: barErr. denome==0
[17:38:00][][main/INFO]: barErr. denome==0
[17:38:00][][main/INFO]: barErr. denome==0
[17:38:00][][main/INFO]: barErr. denome==0
[17:38:00][][main/INFO]: barErr. denome==0
[17:38:00][][main/INFO]: barErr. denome==0
[17:38:00][][main/INFO]: barErr. denome==0
[17:38:00][][main/INFO]: barErr. denome==0
[17:38:00][][main/INFO]: barErr. denome==0
[17:38:00][][main/INFO]: barErr. denome==0
[17:38:00][][main/INFO]: barErr. denome==0
[17:38:00][][main/INFO]: barErr. denome==0
[17:38:00][][main/INFO]: barErr. denome==0
[17:38:00][][main/INFO]: barErr. denome==0
[17:38:00][][main/INFO]: barErr. denome==0
[17:38:00][][main/INFO]: barErr. denome==0
[17:38:00][][main/INFO]: barErr. denome==0
[17:38:00][][main/INFO]: barErr. denome==0
[17:38:00][][main/INFO]: barErr. denome==0
[17:38:00][][main/INFO]: barErr. denome==0
[17:38:00][][main/INFO]: barErr. denome==0
[17:38:00][][main/INFO]: barErr. denome==0
[17:38:00][][main/INFO]: barErr. denome==0
[17:38:00][][main/INFO]: barErr. denome==0
[17:38:00][][main/INFO]: barErr. denome==0
[17:38:00][][main/INFO]: barErr. denome==0
[17:38:00][][main/INFO]: barErr. denome==0
[17:38:00][][main/INFO]: barErr. denome==0
[17:38:00][][main/INFO]: barErr. denome==0
[17:38:00][][main/INFO]: barErr. denome==0
[17:38:00][][main/INFO]: barErr. denome==0
[17:38:00][][main/INFO]: barErr. denome==0
[17:38:00][][main/INFO]: barErr. denome==0
[17:38:00][][main/INFO]: barErr. denome==0
[17:38:00][][main/INFO]: barErr. denome==0
[17:38:00][][main/INFO]: barErr. denome==0
[17:38:00][][main/INFO]: barErr. denome==0
[17:38:00][][main/INFO]: barErr. denome==0
[17:38:00][][main/INFO]: barErr. denome==0
[17:38:00][][main/INFO]: barErr. denome==0
[17:38:00][][main/INFO]: barErr. denome==0
[17:38:00][][main/INFO]: barErr. denome==0
[17:38:00][][main/INFO]: barErr. denome==0
[17:38:00][][main/INFO]: barErr. denome==0
[17:38:00][][main/INFO]: barErr. denome==0
[17:38:00][][main/INFO]: barErr. denome==0
[17:38:00][][main/INFO]: barErr. denome==0
[17:38:00][][main/INFO]: barErr. denome==0
[17:38:00][][main/INFO]: barErr. denome==0
[17:38:00][][main/INFO]: barErr. denome==0
[17:38:00][][main/INFO]: barErr. denome==0
[17:38:00][][main/INFO]: barErr. denome==0
[17:38:00][][main/INFO]: barErr. denome==0
[17:38:00][][main/INFO]: barErr. denome==0
[17:38:00][][main/INFO]: barErr. denome==0
[17:38:00][][main/INFO]: barErr. denome==0
[17:38:00][][main/INFO]: barErr. denome==0
[17:38:00][][main/INFO]: barErr. denome==0
[17:38:00][][main/INFO]: barErr. denome==0
[17:38:00][][main/INFO]: barErr. denome==0
[17:38:01][][main/INFO]: barErr. denome==0
[17:38:01][][main/INFO]: barErr. denome==0
[17:38:01][][main/INFO]: barErr. denome==0
[17:38:01][][main/INFO]: barErr. denome==0
[17:38:01][][main/INFO]: barErr. denome==0
[17:38:01][][main/INFO]: barErr. denome==0
[17:38:01][][main/INFO]: barErr. denome==0
[17:38:01][][main/INFO]: barErr. denome==0
[17:38:01][][main/INFO]: barErr. denome==0
[17:38:01][][main/INFO]: barErr. denome==0
[17:38:01][][main/INFO]: barErr. denome==0
[17:38:01][][main/INFO]: barErr. denome==0
[17:38:01][][main/INFO]: barErr. denome==0
[17:38:01][][main/INFO]: barErr. denome==0
[17:38:01][][main/INFO]: barErr. denome==0
[17:38:01][][main/INFO]: barErr. denome==0
[17:38:01][][main/INFO]: barErr. denome==0
[17:38:01][][main/INFO]: barErr. denome==0
[17:38:01][][main/INFO]: barErr. denome==0
[17:38:01][][main/INFO]: barErr. denome==0
[17:38:01][][main/INFO]: barErr. denome==0
[17:38:01][][main/INFO]: barErr. denome==0
[17:38:01][][main/INFO]: barErr. denome==0
[17:38:01][][main/INFO]: barErr. denome==0
[17:38:01][][main/INFO]: barErr. denome==0
[17:38:01][][main/INFO]: barErr. denome==0
[17:38:01][][main/INFO]: barErr. denome==0
[17:38:01][][main/INFO]: barErr. denome==0
[17:38:01][][main/INFO]: barErr. denome==0
[17:38:01][][main/INFO]: barErr. denome==0
[17:38:01][][main/INFO]: barErr. denome==0
[17:38:01][][main/INFO]: barErr. denome==0
[17:38:01][][main/INFO]: barErr. denome==0
[17:38:01][][main/INFO]: barErr. denome==0
[17:38:01][][main/INFO]: barErr. denome==0
[17:38:01][][main/INFO]: barErr. denome==0
[17:38:01][][main/INFO]: barErr. denome==0
[17:38:01][][main/INFO]: barErr. denome==0
[17:38:01][][main/INFO]: barErr. denome==0
[17:38:01][][main/INFO]: barErr. denome==0
[17:38:01][][main/INFO]: barErr. denome==0
[17:38:01][][main/INFO]: barErr. denome==0
[17:38:01][][main/INFO]: barErr. denome==0
[17:38:01][][main/INFO]: barErr. denome==0
[17:38:01][][main/INFO]: barErr. denome==0
[17:38:01][][main/INFO]: barErr. denome==0
[17:38:01][][main/INFO]: barErr. denome==0
[17:38:01][][main/INFO]: barErr. denome==0
[17:38:01][][main/INFO]: barErr. denome==0
[17:38:01][][main/INFO]: barErr. denome==0
[17:38:01][][main/INFO]: barErr. denome==0
[17:38:01][][main/INFO]: barErr. denome==0
[17:38:01][][main/INFO]: barErr. denome==0
[17:38:01][][main/INFO]: barErr. denome==0
[17:38:01][][main/INFO]: barErr. denome==0
[17:38:01][][main/INFO]: barErr. denome==0
[17:38:01][][main/INFO]: barErr. denome==0
[17:38:01][][main/INFO]: barErr. denome==0
[17:38:01][][main/INFO]: barErr. denome==0
[17:38:01][][main/INFO]: barErr. denome==0
[17:38:01][][main/INFO]: barErr. denome==0
[17:38:01][][main/INFO]: barErr. denome==0
[17:38:01][][main/INFO]: barErr. denome==0
[17:38:02][][main/INFO]: barErr. denome==0
[17:38:02][][main/INFO]: barErr. denome==0
[17:38:02][][main/INFO]: barErr. denome==0
[17:38:02][][main/INFO]: barErr. denome==0
[17:38:02][][main/INFO]: barErr. denome==0
[17:38:02][][main/INFO]: barErr. denome==0
[17:38:02][][main/INFO]: barErr. denome==0
[17:38:02][][main/INFO]: barErr. denome==0
[17:38:02][][main/INFO]: barErr. denome==0
[17:38:02][][main/INFO]: barErr. denome==0
[17:38:02][][main/INFO]: barErr. denome==0
[17:38:02][][main/INFO]: barErr. denome==0
[17:38:02][][main/INFO]: barErr. denome==0
[17:38:02][][main/INFO]: barErr. denome==0
[17:38:02][][main/INFO]: barErr. denome==0
[17:38:02][][main/INFO]: barErr. denome==0
[17:38:02][][main/INFO]: barErr. denome==0
[17:38:02][][main/INFO]: barErr. denome==0
[17:38:02][][main/INFO]: barErr. denome==0
[17:38:02][][main/INFO]: barErr. denome==0
[17:38:02][][main/INFO]: barErr. denome==0
[17:38:02][][main/INFO]: barErr. denome==0
[17:38:02][][main/INFO]: barErr. denome==0
[17:38:02][][main/INFO]: barErr. denome==0
[17:38:02][][main/INFO]: barErr. denome==0
[17:38:02][][main/INFO]: barErr. denome==0
[17:38:02][][main/INFO]: barErr. denome==0
[17:38:02][][main/INFO]: barErr. denome==0
[17:38:02][][main/INFO]: barErr. denome==0
[17:38:02][][main/INFO]: barErr. denome==0
[17:38:02][][main/INFO]: barErr. denome==0
[17:38:02][][main/INFO]: barErr. denome==0
[17:38:02][][main/INFO]: barErr. denome==0
[17:38:02][][main/INFO]: barErr. denome==0
[17:38:02][][main/INFO]: barErr. denome==0
[17:38:02][][main/INFO]: barErr. denome==0
[17:38:02][][main/INFO]: barErr. denome==0
[17:38:02][][main/INFO]: barErr. denome==0
[17:38:02][][main/INFO]: barErr. denome==0
[17:38:02][][main/INFO]: barErr. denome==0
[17:38:02][][main/INFO]: barErr. denome==0
[17:38:02][][main/INFO]: barErr. denome==0
[17:38:02][][main/INFO]: barErr. denome==0
[17:38:02][][main/INFO]: barErr. denome==0
[17:38:02][][main/INFO]: barErr. denome==0
[17:38:02][][main/INFO]: barErr. denome==0
[17:38:02][][main/INFO]: barErr. denome==0
[17:38:02][][main/INFO]: barErr. denome==0
[17:38:02][][main/INFO]: barErr. denome==0
[17:38:02][][main/INFO]: barErr. denome==0
[17:38:02][][main/INFO]: barErr. denome==0
[17:38:02][][main/INFO]: barErr. denome==0
[17:38:02][][main/INFO]: barErr. denome==0
[17:38:02][][main/INFO]: barErr. denome==0
[17:38:02][][main/INFO]: barErr. denome==0
[17:38:02][][main/INFO]: barErr. denome==0
[17:38:02][][main/INFO]: barErr. denome==0
[17:38:02][][main/INFO]: barErr. denome==0
[17:38:02][][main/INFO]: barErr. denome==0
[17:38:02][][main/INFO]: barErr. denome==0
[17:38:02][][main/INFO]: barErr. denome==0
[17:38:02][][main/INFO]: barErr. denome==0
[17:38:03][][main/INFO]: barErr. denome==0
[17:38:03][][main/INFO]: barErr. denome==0
[17:38:03][][main/INFO]: barErr. denome==0
[17:38:03][][main/INFO]: barErr. denome==0
[17:38:03][][main/INFO]: barErr. denome==0
[17:38:03][][main/INFO]: barErr. denome==0
[17:38:03][][main/INFO]: barErr. denome==0
[17:38:03][][main/INFO]: barErr. denome==0
[17:38:03][][main/INFO]: barErr. denome==0
[17:38:03][][main/INFO]: barErr. denome==0
[17:38:03][][main/INFO]: barErr. denome==0
[17:38:03][][main/INFO]: barErr. denome==0
[17:38:03][][main/INFO]: barErr. denome==0
[17:38:03][][main/INFO]: barErr. denome==0
[17:38:03][][main/INFO]: barErr. denome==0
[17:38:03][][main/INFO]: barErr. denome==0
[17:38:03][][main/INFO]: barErr. denome==0
[17:38:03][][main/INFO]: barErr. denome==0
[17:38:03][][main/INFO]: barErr. denome==0
[17:38:03][][main/INFO]: barErr. denome==0
[17:38:03][][main/INFO]: barErr. denome==0
[17:38:03][][main/INFO]: barErr. denome==0
[17:38:03][][main/INFO]: barErr. denome==0
[17:38:03][][main/INFO]: barErr. denome==0
[17:38:03][][main/INFO]: barErr. denome==0
[17:38:03][][main/INFO]: barErr. denome==0
[17:38:03][][main/INFO]: barErr. denome==0
[17:38:03][][main/INFO]: barErr. denome==0
[17:38:03][][main/INFO]: barErr. denome==0
[17:38:03][][main/INFO]: barErr. denome==0
[17:38:03][][main/INFO]: barErr. denome==0
[17:38:03][][main/INFO]: barErr. denome==0
[17:38:03][][main/INFO]: barErr. denome==0
[17:38:03][][main/INFO]: barErr. denome==0
[17:38:03][][main/INFO]: barErr. denome==0
[17:38:03][][main/INFO]: barErr. denome==0
[17:38:03][][main/INFO]: barErr. denome==0
[17:38:03][][main/INFO]: barErr. denome==0
[17:38:03][][main/INFO]: barErr. denome==0
[17:38:03][][main/INFO]: barErr. denome==0
[17:38:03][][main/INFO]: barErr. denome==0
[17:38:03][][main/INFO]: barErr. denome==0
[17:38:03][][main/INFO]: barErr. denome==0
[17:38:03][][main/INFO]: barErr. denome==0
[17:38:03][][main/INFO]: barErr. denome==0
[17:38:03][][main/INFO]: barErr. denome==0
[17:38:03][][main/INFO]: barErr. denome==0
[17:38:03][][main/INFO]: barErr. denome==0
[17:38:03][][main/INFO]: barErr. denome==0
[17:38:03][][main/INFO]: barErr. denome==0
[17:38:03][][main/INFO]: barErr. denome==0
[17:38:03][][main/INFO]: barErr. denome==0
[17:38:03][][main/INFO]: barErr. denome==0
[17:38:03][][main/INFO]: barErr. denome==0
[17:38:03][][main/INFO]: barErr. denome==0
[17:38:03][][main/INFO]: barErr. denome==0
[17:38:03][][main/INFO]: barErr. denome==0
[17:38:03][][main/INFO]: barErr. denome==0
[17:38:03][][main/INFO]: barErr. denome==0
[17:38:03][][main/INFO]: barErr. denome==0
[17:38:03][][main/INFO]: barErr. denome==0
[17:38:03][][main/INFO]: barErr. denome==0
[17:38:03][][main/INFO]: barErr. denome==0
[17:38:04][][main/INFO]: barErr. denome==0
[17:38:04][][main/INFO]: barErr. denome==0
[17:38:04][][main/INFO]: barErr. denome==0
[17:38:04][][main/INFO]: barErr. denome==0
[17:38:04][][main/INFO]: barErr. denome==0
[17:38:04][][main/INFO]: barErr. denome==0
[17:38:04][][main/INFO]: barErr. denome==0
[17:38:04][][main/INFO]: barErr. denome==0
[17:38:04][][main/INFO]: barErr. denome==0
[17:38:04][][main/INFO]: barErr. denome==0
[17:38:04][][main/INFO]: barErr. denome==0
[17:38:04][][main/INFO]: barErr. denome==0
[17:38:04][][main/INFO]: barErr. denome==0
[17:38:04][][main/INFO]: barErr. denome==0
[17:38:04][][main/INFO]: barErr. denome==0
[17:38:04][][main/INFO]: barErr. denome==0
[17:38:04][][main/INFO]: barErr. denome==0
[17:38:04][][main/INFO]: barErr. denome==0
[17:38:04][][main/INFO]: barErr. denome==0
[17:38:04][][main/INFO]: barErr. denome==0
[17:38:04][][main/INFO]: barErr. denome==0
[17:38:04][][main/INFO]: barErr. denome==0
[17:38:04][][main/INFO]: barErr. denome==0
[17:38:04][][main/INFO]: barErr. denome==0
[17:38:04][][main/INFO]: barErr. denome==0
[17:38:04][][main/INFO]: barErr. denome==0
[17:38:04][][main/INFO]: barErr. denome==0
[17:38:04][][main/INFO]: barErr. denome==0
[17:38:04][][main/INFO]: barErr. denome==0
[17:38:04][][main/INFO]: barErr. denome==0
[17:38:04][][main/INFO]: barErr. denome==0
[17:38:04][][main/INFO]: barErr. denome==0
[17:38:04][][main/INFO]: barErr. denome==0
[17:38:04][][main/INFO]: barErr. denome==0
[17:38:04][][main/INFO]: barErr. denome==0
[17:38:04][][main/INFO]: barErr. denome==0
[17:38:04][][main/INFO]: barErr. denome==0
[17:38:04][][main/INFO]: barErr. denome==0
[17:38:04][][main/INFO]: barErr. denome==0
[17:38:04][][main/INFO]: barErr. denome==0
[17:38:04][][main/INFO]: barErr. denome==0
[17:38:04][][main/INFO]: barErr. denome==0
[17:38:04][][main/INFO]: barErr. denome==0
[17:38:04][][main/INFO]: barErr. denome==0
[17:38:04][][main/INFO]: barErr. denome==0
[17:38:04][][main/INFO]: barErr. denome==0
[17:38:04][][main/INFO]: barErr. denome==0
[17:38:04][][main/INFO]: barErr. denome==0
[17:38:04][][main/INFO]: barErr. denome==0
[17:38:04][][main/INFO]: barErr. denome==0
[17:38:04][][main/INFO]: barErr. denome==0
[17:38:04][][main/INFO]: barErr. denome==0
[17:38:04][][main/INFO]: barErr. denome==0
[17:38:04][][main/INFO]: barErr. denome==0
[17:38:04][][main/INFO]: barErr. denome==0
[17:38:04][][main/INFO]: barErr. denome==0
[17:38:04][][main/INFO]: barErr. denome==0
[17:38:04][][main/INFO]: barErr. denome==0
[17:38:04][][main/INFO]: barErr. denome==0
[17:38:04][][main/INFO]: barErr. denome==0
[17:38:04][][main/INFO]: barErr. denome==0
[17:38:04][][main/INFO]: barErr. denome==0
[17:38:05][][main/INFO]: barErr. denome==0
[17:38:05][][main/INFO]: barErr. denome==0
[17:38:05][][main/INFO]: barErr. denome==0
[17:38:05][][main/INFO]: barErr. denome==0
[17:38:05][][main/INFO]: barErr. denome==0
[17:38:05][][main/INFO]: barErr. denome==0
[17:38:05][][main/INFO]: barErr. denome==0
[17:38:05][][main/INFO]: barErr. denome==0
[17:38:05][][main/INFO]: barErr. denome==0
[17:38:05][][main/INFO]: barErr. denome==0
[17:38:05][][main/INFO]: barErr. denome==0
[17:38:05][][main/INFO]: barErr. denome==0
[17:38:05][][main/INFO]: barErr. denome==0
[17:38:05][][main/INFO]: barErr. denome==0
[17:38:05][][main/INFO]: barErr. denome==0
[17:38:05][][main/INFO]: barErr. denome==0
[17:38:05][][main/INFO]: barErr. denome==0
[17:38:05][][main/INFO]: barErr. denome==0
[17:38:05][][main/INFO]: barErr. denome==0
[17:38:05][][main/INFO]: barErr. denome==0
[17:38:05][][main/INFO]: barErr. denome==0
[17:38:05][][main/INFO]: barErr. denome==0
[17:38:05][][main/INFO]: barErr. denome==0
[17:38:05][][main/INFO]: barErr. denome==0
[17:38:05][][main/INFO]: barErr. denome==0
[17:38:05][][main/INFO]: barErr. denome==0
[17:38:05][][main/INFO]: barErr. denome==0
[17:38:05][][main/INFO]: barErr. denome==0
[17:38:05][][main/INFO]: barErr. denome==0
[17:38:05][][main/INFO]: barErr. denome==0
[17:38:05][][main/INFO]: barErr. denome==0
[17:38:05][][main/INFO]: barErr. denome==0
[17:38:05][][main/INFO]: barErr. denome==0
[17:38:05][][main/INFO]: barErr. denome==0
[17:38:05][][main/INFO]: barErr. denome==0
[17:38:05][][main/INFO]: barErr. denome==0
[17:38:05][][main/INFO]: barErr. denome==0
[17:38:05][][main/INFO]: barErr. denome==0
[17:38:05][][main/INFO]: barErr. denome==0
[17:38:05][][main/INFO]: barErr. denome==0
[17:38:05][][main/INFO]: barErr. denome==0
[17:38:05][][main/INFO]: barErr. denome==0
[17:38:05][][main/INFO]: barErr. denome==0
[17:38:05][][main/INFO]: barErr. denome==0
[17:38:05][][main/INFO]: barErr. denome==0
[17:38:05][][main/INFO]: barErr. denome==0
[17:38:05][][main/INFO]: barErr. denome==0
[17:38:05][][main/INFO]: barErr. denome==0
[17:38:05][][main/INFO]: barErr. denome==0
[17:38:05][][main/INFO]: barErr. denome==0
[17:38:05][][main/INFO]: barErr. denome==0
[17:38:05][][main/INFO]: barErr. denome==0
[17:38:05][][main/INFO]: barErr. denome==0
[17:38:05][][main/INFO]: barErr. denome==0
[17:38:05][][main/INFO]: barErr. denome==0
[17:38:05][][main/INFO]: barErr. denome==0
[17:38:05][][main/INFO]: barErr. denome==0
[17:38:05][][main/INFO]: barErr. denome==0
[17:38:05][][main/INFO]: barErr. denome==0
[17:38:05][][main/INFO]: barErr. denome==0
[17:38:05][][main/INFO]: barErr. denome==0
[17:38:05][][main/INFO]: barErr. denome==0
[17:38:05][][main/INFO]: barErr. denome==0
[17:38:06][][main/INFO]: barErr. denome==0
[17:38:06][][main/INFO]: barErr. denome==0
[17:38:06][][main/INFO]: barErr. denome==0
[17:38:06][][main/INFO]: barErr. denome==0
[17:38:06][][main/INFO]: barErr. denome==0
[17:38:06][][main/INFO]: barErr. denome==0
[17:38:06][][main/INFO]: barErr. denome==0
[17:38:06][][main/INFO]: barErr. denome==0
[17:38:06][][main/INFO]: barErr. denome==0
[17:38:06][][main/INFO]: barErr. denome==0
[17:38:06][][main/INFO]: barErr. denome==0
[17:38:06][][main/INFO]: barErr. denome==0
[17:38:06][][main/INFO]: barErr. denome==0
[17:38:06][][main/INFO]: barErr. denome==0
[17:38:06][][main/INFO]: barErr. denome==0
[17:38:06][][main/INFO]: barErr. denome==0
[17:38:06][][main/INFO]: barErr. denome==0
[17:38:06][][main/INFO]: barErr. denome==0
[17:38:06][][main/INFO]: barErr. denome==0
[17:38:06][][main/INFO]: barErr. denome==0
[17:38:06][][main/INFO]: barErr. denome==0
[17:38:06][][main/INFO]: barErr. denome==0
[17:38:06][][main/INFO]: barErr. denome==0
[17:38:06][][main/INFO]: barErr. denome==0
[17:38:06][][main/INFO]: barErr. denome==0
[17:38:06][][main/INFO]: barErr. denome==0
[17:38:06][][main/INFO]: barErr. denome==0
[17:38:06][][main/INFO]: barErr. denome==0
[17:38:06][][main/INFO]: barErr. denome==0
[17:38:06][][main/INFO]: barErr. denome==0
[17:38:06][][main/INFO]: barErr. denome==0
[17:38:06][][main/INFO]: barErr. denome==0
[17:38:06][][main/INFO]: barErr. denome==0
[17:38:06][][main/INFO]: barErr. denome==0
[17:38:06][][main/INFO]: barErr. denome==0
[17:38:06][][main/INFO]: barErr. denome==0
[17:38:06][][main/INFO]: barErr. denome==0
[17:38:06][][main/INFO]: barErr. denome==0
[17:38:06][][main/INFO]: barErr. denome==0
[17:38:06][][main/INFO]: barErr. denome==0
[17:38:06][][main/INFO]: barErr. denome==0
[17:38:06][][main/INFO]: barErr. denome==0
[17:38:06][][main/INFO]: barErr. denome==0
[17:38:06][][main/INFO]: barErr. denome==0
[17:38:06][][main/INFO]: barErr. denome==0
[17:38:06][][main/INFO]: barErr. denome==0
[17:38:06][][main/INFO]: barErr. denome==0
[17:38:06][][main/INFO]: barErr. denome==0
[17:38:06][][main/INFO]: barErr. denome==0
[17:38:06][][main/INFO]: barErr. denome==0
[17:38:06][][main/INFO]: barErr. denome==0
[17:38:06][][main/INFO]: barErr. denome==0
[17:38:06][][main/INFO]: barErr. denome==0
[17:38:06][][main/INFO]: barErr. denome==0
[17:38:06][][main/INFO]: barErr. denome==0
[17:38:06][][main/INFO]: barErr. denome==0
[17:38:06][][main/INFO]: barErr. denome==0
[17:38:06][][main/INFO]: barErr. denome==0
[17:38:06][][main/INFO]: barErr. denome==0
[17:38:06][][main/INFO]: barErr. denome==0
[17:38:06][][main/INFO]: barErr. denome==0
[17:38:06][][main/INFO]: barErr. denome==0
[17:38:07][][main/INFO]: barErr. denome==0
[17:38:07][][main/INFO]: barErr. denome==0
[17:38:07][][main/INFO]: barErr. denome==0
[17:38:07][][main/INFO]: barErr. denome==0
[17:38:07][][main/INFO]: barErr. denome==0
[17:38:07][][main/INFO]: barErr. denome==0
[17:38:07][][main/INFO]: barErr. denome==0
[17:38:07][][main/INFO]: barErr. denome==0
[17:38:07][][main/INFO]: barErr. denome==0
[17:38:07][][main/INFO]: barErr. denome==0
[17:38:07][][main/INFO]: barErr. denome==0
[17:38:07][][main/INFO]: barErr. denome==0
[17:38:07][][main/INFO]: barErr. denome==0
[17:38:07][][main/INFO]: barErr. denome==0
[17:38:07][][main/INFO]: barErr. denome==0
[17:38:07][][main/INFO]: barErr. denome==0
[17:38:07][][main/INFO]: barErr. denome==0
[17:38:07][][main/INFO]: barErr. denome==0
[17:38:07][][main/INFO]: barErr. denome==0
[17:38:07][][main/INFO]: barErr. denome==0
[17:38:07][][main/INFO]: barErr. denome==0
[17:38:07][][main/INFO]: barErr. denome==0
[17:38:07][][main/INFO]: barErr. denome==0
[17:38:07][][main/INFO]: barErr. denome==0
[17:38:07][][main/INFO]: barErr. denome==0
[17:38:07][][main/INFO]: barErr. denome==0
[17:38:07][][main/INFO]: barErr. denome==0
[17:38:07][][main/INFO]: barErr. denome==0
[17:38:07][][main/INFO]: barErr. denome==0
[17:38:07][][main/INFO]: barErr. denome==0
[17:38:07][][main/INFO]: barErr. denome==0
[17:38:07][][main/INFO]: barErr. denome==0
[17:38:07][][main/INFO]: barErr. denome==0
[17:38:07][][main/INFO]: barErr. denome==0
[17:38:07][][main/INFO]: barErr. denome==0
[17:38:07][][main/INFO]: barErr. denome==0
[17:38:07][][main/INFO]: barErr. denome==0
[17:38:07][][main/INFO]: barErr. denome==0
[17:38:07][][main/INFO]: barErr. denome==0
[17:38:07][][main/INFO]: barErr. denome==0
[17:38:07][][main/INFO]: barErr. denome==0
[17:38:07][][main/INFO]: barErr. denome==0
[17:38:07][][main/INFO]: barErr. denome==0
[17:38:07][][main/INFO]: barErr. denome==0
[17:38:07][][main/INFO]: barErr. denome==0
[17:38:07][][main/INFO]: barErr. denome==0
[17:38:07][][main/INFO]: barErr. denome==0
[17:38:07][][main/INFO]: barErr. denome==0
[17:38:07][][main/INFO]: barErr. denome==0
[17:38:07][][main/INFO]: barErr. denome==0
[17:38:07][][main/INFO]: barErr. denome==0
[17:38:07][][main/INFO]: barErr. denome==0
[17:38:07][][main/INFO]: barErr. denome==0
[17:38:07][][main/INFO]: barErr. denome==0
[17:38:07][][main/INFO]: barErr. denome==0
[17:38:07][][main/INFO]: barErr. denome==0
[17:38:07][][main/INFO]: barErr. denome==0
[17:38:07][][main/INFO]: barErr. denome==0
[17:38:07][][main/INFO]: barErr. denome==0
[17:38:07][][main/INFO]: barErr. denome==0
[17:38:07][][main/INFO]: barErr. denome==0
[17:38:07][][main/INFO]: barErr. denome==0
[17:38:07][][main/INFO]: barErr. denome==0
[17:38:08][][main/INFO]: barErr. denome==0
[17:38:08][][main/INFO]: barErr. denome==0
[17:38:08][][main/INFO]: barErr. denome==0
[17:38:08][][main/INFO]: barErr. denome==0
[17:38:08][][main/INFO]: barErr. denome==0
[17:38:08][][main/INFO]: barErr. denome==0
[17:38:08][][main/INFO]: barErr. denome==0
[17:38:08][][main/INFO]: barErr. denome==0
[17:38:08][][main/INFO]: barErr. denome==0
[17:38:08][][main/INFO]: barErr. denome==0
[17:38:08][][main/INFO]: barErr. denome==0
[17:38:08][][main/INFO]: barErr. denome==0
[17:38:08][][main/INFO]: barErr. denome==0
[17:38:08][][main/INFO]: barErr. denome==0
[17:38:08][][main/INFO]: barErr. denome==0
[17:38:08][][main/INFO]: barErr. denome==0
[17:38:08][][main/INFO]: barErr. denome==0
[17:38:08][][main/INFO]: barErr. denome==0
[17:38:08][][main/INFO]: barErr. denome==0
[17:38:08][][main/INFO]: barErr. denome==0
[17:38:08][][main/INFO]: barErr. denome==0
[17:38:08][][main/INFO]: barErr. denome==0
[17:38:08][][main/INFO]: barErr. denome==0
[17:38:08][][main/INFO]: barErr. denome==0
[17:38:08][][main/INFO]: barErr. denome==0
[17:38:08][][main/INFO]: barErr. denome==0
[17:38:08][][main/INFO]: barErr. denome==0
[17:38:08][][main/INFO]: barErr. denome==0
[17:38:08][][main/INFO]: barErr. denome==0
[17:38:08][][main/INFO]: barErr. denome==0
[17:38:08][][main/INFO]: barErr. denome==0
[17:38:08][][main/INFO]: barErr. denome==0
[17:38:08][][main/INFO]: barErr. denome==0
[17:38:08][][main/INFO]: barErr. denome==0
[17:38:08][][main/INFO]: barErr. denome==0
[17:38:08][][main/INFO]: barErr. denome==0
[17:38:08][][main/INFO]: barErr. denome==0
[17:38:08][][main/INFO]: barErr. denome==0
[17:38:08][][main/INFO]: barErr. denome==0
[17:38:08][][main/INFO]: barErr. denome==0
[17:38:08][][main/INFO]: barErr. denome==0
[17:38:08][][main/INFO]: barErr. denome==0
[17:38:08][][main/INFO]: barErr. denome==0
[17:38:08][][main/INFO]: barErr. denome==0
[17:38:08][][main/INFO]: barErr. denome==0
[17:38:08][][main/INFO]: barErr. denome==0
[17:38:08][][main/INFO]: barErr. denome==0
[17:38:08][][main/INFO]: barErr. denome==0
[17:38:08][][main/INFO]: barErr. denome==0
[17:38:08][][main/INFO]: barErr. denome==0
[17:38:08][][main/INFO]: barErr. denome==0
[17:38:08][][main/INFO]: barErr. denome==0
[17:38:08][][main/INFO]: barErr. denome==0
[17:38:08][][main/INFO]: barErr. denome==0
[17:38:09][][main/INFO]: barErr. denome==0
[17:38:09][][main/INFO]: barErr. denome==0
[17:38:09][][main/INFO]: barErr. denome==0
[17:38:09][][main/INFO]: barErr. denome==0
[17:38:09][][main/INFO]: barErr. denome==0
[17:38:11][][main/INFO]: barErr. denome==0
[17:38:11][][main/INFO]: barErr. denome==0
[17:38:11][][main/INFO]: barErr. denome==0
[17:38:11][][main/INFO]: barErr. denome==0
[17:38:11][][main/INFO]: barErr. denome==0
[17:39:07][][main/INFO]: Saved GameSettings options. (options.dat)
