[21:32:51][][main/INFO]: Loaded GameSettings options. (options.dat)
[21:32:52][][main/INFO]: OperationSystem Mac OS X 10.15.5, rt 1.8.0_231 x86_64, VM Java HotSpot(TM) 64-Bit Server VM v25.231-b11
[21:32:54][][main/INFO]: RenderEngine initialized. GL_I: Intel Inc. - Intel(R) Iris(TM) Plus Graphics 645 | 4.1 INTEL-14.6.18
[21:32:54][][main/INFO]: LWJGL 3.2.3 build 13, GLFWL 3.4.0 Cocoa NSGL EGL OSMesa dynamic
[21:32:54][][main/INFO]: AudioEngine initialized. AL_I: OpenAL Community / 1.1 ALSOFT 1.19.1, devispec OpenAL Soft
[21:33:00][][main/INFO]: barErr. denome==0
[21:33:00][][main/WARN]: illegal ContactPoint-OnB. not in both AABB of bodyA and bodyB.
[21:33:00][][main/INFO]: barErr. denome==0
[21:33:03][][main/WARN]: Out of iter 30
[21:33:10][][main/WARN]: illegal ContactPoint-OnB. not in both AABB of bodyA and bodyB.
[21:33:13][][main/WARN]: Out of iter 30
[21:33:16][][main/INFO]: barErr. denome==0
[21:33:16][][main/WARN]: illegal ContactPoint-OnB. not in both AABB of bodyA and bodyB.
[21:33:16][][main/INFO]: barErr. denome==0
[21:33:18][][main/WARN]: illegal ContactPoint-OnB. not in both AABB of bodyA and bodyB.
[21:33:25][][main/INFO]: barErr. denome==0
[21:33:25][][main/WARN]: illegal ContactPoint-OnB. not in both AABB of bodyA and bodyB.
[21:33:25][][main/INFO]: barErr. denome==0
[21:33:27][][main/WARN]: Out of iter 30
[21:33:35][][main/WARN]: illegal ContactPoint-OnB. not in both AABB of bodyA and bodyB.
[21:33:38][][main/WARN]: Out of iter 30
[21:33:40][][main/INFO]: Err. computeMTV() out of itr.
[21:34:51][][main/INFO]: Err. computeMTV() out of itr.
[21:35:29][][main/INFO]: Err. computeMTV() out of itr.
[21:36:10][][main/INFO]: Saved GameSettings options. (options.dat)
