[22:45:46][][main/INFO]: Loaded GameSettings options. (options.dat)
[22:45:47][][main/INFO]: OperationSystem Mac OS X 10.15.4, rt 1.8.0_231 x86_64, VM Java HotSpot(TM) 64-Bit Server VM v25.231-b11
[22:45:47][][main/INFO]: RenderEngine initialized. GL_I: Intel Inc. - Intel(R) Iris(TM) Plus Graphics 645 | 4.1 INTEL-14.5.22
[22:45:47][][main/INFO]: LWJGL 3.2.3 build 13, GLFWL 3.4.0 Cocoa NSGL EGL OSMesa dynamic
[22:45:47][][main/INFO]: AudioEngine initialized. AL_I: OpenAL Community / 1.1 ALSOFT 1.19.1, devispec OpenAL Soft
[22:45:47][][main/INFO]: 10.0
[22:45:47][][main/INFO]: 10.0
[22:45:47][][main/INFO]: 10.0
[22:45:47][][main/INFO]: 10.0
[22:45:47][][main/INFO]: 10.0
[22:45:47][][main/INFO]: 10.0
[22:45:47][][main/INFO]: 10.0
[22:45:47][][main/INFO]: 10.0
[22:45:47][][main/INFO]: 10.0
[22:45:47][][main/INFO]: 10.0
[22:45:47][][main/INFO]: 10.0
[22:45:48][][main/INFO]: 10.0
[22:45:48][][main/INFO]: 10.0
[22:45:48][][main/INFO]: 10.0
[22:45:48][][main/INFO]: 10.0
[22:45:48][][main/INFO]: 10.0
[22:45:48][][main/INFO]: 10.0
[22:45:48][][main/INFO]: 10.0
[22:45:48][][main/INFO]: 10.0
[22:45:48][][main/INFO]: 10.0
[22:45:48][][main/INFO]: 10.0
[22:45:48][][main/INFO]: 10.0
[22:45:48][][main/INFO]: 10.0
[22:45:48][][main/INFO]: 10.0
[22:45:48][][main/INFO]: 10.0
[22:45:48][][main/INFO]: 10.0
[22:45:48][][main/INFO]: 10.0
[22:45:48][][main/INFO]: 10.0
[22:45:48][][main/INFO]: 10.0
[22:45:48][][main/INFO]: 10.0
[22:45:48][][main/INFO]: 10.0
[22:45:48][][main/INFO]: 10.0
[22:45:48][][main/INFO]: 10.0
[22:45:48][][main/INFO]: 5.0
[22:45:48][][main/INFO]: 5.0
[22:45:48][][main/INFO]: 5.0
[22:45:48][][main/INFO]: 5.0
[22:45:48][][main/INFO]: 5.0
[22:45:48][][main/INFO]: 5.0
[22:45:48][][main/INFO]: 5.0
[22:45:48][][main/INFO]: 5.0
[22:45:48][][main/INFO]: 5.0
[22:45:48][][main/INFO]: 5.0
[22:45:48][][main/INFO]: 5.0
[22:45:48][][main/INFO]: 5.0
[22:45:48][][main/INFO]: 5.0
[22:45:48][][main/INFO]: 5.0
[22:45:48][][main/INFO]: 5.0
[22:45:48][][main/INFO]: 5.0
[22:45:48][][main/INFO]: 5.0
[22:45:48][][main/INFO]: 5.0
[22:45:48][][main/INFO]: 5.0
[22:45:48][][main/INFO]: 5.0
[22:45:48][][main/INFO]: 5.04024
[22:45:48][][main/INFO]: 4.765113
[22:45:48][][main/INFO]: 4.4423146
[22:45:48][][main/INFO]: 3.9889245
[22:45:48][][main/INFO]: 3.6011734
[22:45:48][][main/INFO]: 2.921981
[22:45:48][][main/INFO]: 2.1456633
[22:45:48][][main/INFO]: 1.1286722
[22:45:48][][main/INFO]: -1.5661212
[22:45:48][][main/INFO]: -1.5661212
[22:45:48][][main/INFO]: -3.114547
[22:45:49][][main/INFO]: -3.9963367
[22:45:49][][main/INFO]: -3.9963367
[22:45:49][][main/INFO]: -3.9963367
[22:45:49][][main/INFO]: -3.9963367
[22:45:49][][main/INFO]: -3.9963367
[22:45:49][][main/INFO]: -3.9565609
[22:45:49][][main/INFO]: -4.364282
[22:45:49][][main/INFO]: -4.6130295
[22:45:49][][main/INFO]: -4.6130295
[22:45:49][][main/INFO]: -4.914217
[22:45:49][][main/INFO]: -4.914217
[22:45:49][][main/INFO]: -4.9537067
[22:45:49][][main/INFO]: -5.572846
[22:45:49][][main/INFO]: -7.009594
[22:45:49][][main/INFO]: -11.012636
[22:45:49][][main/INFO]: -16.079487
[22:45:49][][main/INFO]: -19.946392
[22:45:49][][main/INFO]: -25.506697
[22:45:49][][main/INFO]: -34.05675
[22:45:49][][main/INFO]: -64.52025
[22:45:49][][main/INFO]: -66.38387
[22:45:49][][main/INFO]: -50.03555
[22:45:49][][main/INFO]: -69.81574
[22:45:49][][main/INFO]: -83.66698
[22:45:49][][main/INFO]: -83.66698
[22:45:49][][main/INFO]: -86.65659
[22:45:49][][main/INFO]: -251.62863
[22:45:49][][main/INFO]: 375.29346
[22:45:49][][main/INFO]: 79.98973
[22:45:49][][main/INFO]: 57.587223
[22:45:49][][main/INFO]: 26.786343
[22:45:49][][main/INFO]: 6.095387
[22:45:49][][main/INFO]: -21.027317
[22:45:49][][main/INFO]: -21.027317
[22:45:49][][main/INFO]: -51.83989
[22:45:49][][main/INFO]: -46.57593
[22:45:49][][main/INFO]: -40.090607
[22:45:49][][main/INFO]: -27.565125
[22:45:49][][main/INFO]: -36.672073
[22:45:49][][main/INFO]: -27.261751
[22:45:49][][main/INFO]: -30.431618
[22:45:49][][main/INFO]: -33.90285
[22:45:49][][main/INFO]: -36.8268
[22:45:49][][main/INFO]: -46.430748
[22:45:49][][main/INFO]: -89.82306
[22:45:49][][main/INFO]: 78.037605
[22:45:49][][main/INFO]: 60.191452
[22:45:49][][main/INFO]: 57.726807
[22:45:49][][main/INFO]: 55.52849
[22:45:49][][main/INFO]: 56.9389
[22:45:49][][main/INFO]: 58.245102
[22:45:49][][main/INFO]: 60.57514
[22:45:49][][main/INFO]: 60.57514
[22:45:49][][main/INFO]: 58.042614
[22:45:49][][main/INFO]: 58.855824
[22:45:50][][main/INFO]: 59.608944
[22:45:50][][main/INFO]: 60.952385
[22:45:50][][main/INFO]: 60.952385
[22:45:50][][main/INFO]: 61.10467
[22:45:50][][main/INFO]: 60.570232
[22:45:50][][main/INFO]: 59.953873
[22:45:50][][main/INFO]: 60.26163
[22:45:50][][main/INFO]: 59.499126
[22:45:50][][main/INFO]: 58.783653
[22:45:50][][main/INFO]: 57.844578
[22:45:50][][main/INFO]: 53.13169
[22:45:50][][main/INFO]: 47.371994
[22:45:50][][main/INFO]: 43.11152
[22:45:50][][main/INFO]: 41.95056
[22:45:50][][main/INFO]: 41.762215
[22:45:50][][main/INFO]: 41.548534
[22:45:50][][main/INFO]: 41.311363
[22:45:50][][main/INFO]: 40.773407
[22:45:50][][main/INFO]: 42.531513
[22:45:50][][main/INFO]: 42.968678
[22:45:50][][main/INFO]: 48.390255
[22:45:50][][main/INFO]: 48.405903
[22:45:50][][main/INFO]: 48.405903
[22:45:50][][main/INFO]: 44.04859
[22:45:50][][main/INFO]: 43.544712
[22:45:50][][main/INFO]: 43.1218
[22:45:50][][main/INFO]: 42.773857
[22:45:50][][main/INFO]: 42.495354
[22:45:50][][main/INFO]: 42.281155
[22:45:50][][main/INFO]: 42.126514
[22:45:50][][main/INFO]: 43.873547
[22:45:50][][main/INFO]: 43.91506
[22:45:50][][main/INFO]: 44.124146
[22:45:50][][main/INFO]: 44.124146
[22:45:50][][main/INFO]: 44.476936
[22:45:50][][main/INFO]: 44.476936
[22:45:50][][main/INFO]: 44.700714
[22:45:50][][main/INFO]: 44.952995
[22:45:50][][main/INFO]: 45.231663
[22:45:50][][main/INFO]: 45.53477
[22:45:50][][main/INFO]: 45.86052
[22:45:50][][main/INFO]: 46.207233
[22:45:50][][main/INFO]: 46.95747
[22:45:50][][main/INFO]: 47.7744
[22:45:50][][main/INFO]: 48.20486
[22:45:50][][main/INFO]: 48.648552
[22:45:50][][main/INFO]: 49.104485
[22:45:50][][main/INFO]: 49.57178
[22:45:50][][main/INFO]: 50.049572
[22:45:50][][main/INFO]: 50.53709
[22:45:50][][main/INFO]: 51.03363
[22:45:51][][main/INFO]: 52.051125
[22:45:51][][main/INFO]: 53.09729
[22:45:51][][main/INFO]: 53.62981
[22:45:51][][main/INFO]: 54.71152
[22:45:51][][main/INFO]: 54.71152
[22:45:51][][main/INFO]: 55.812775
[22:45:51][][main/INFO]: 55.812775
[22:45:51][][main/INFO]: 56.36984
[22:45:51][][main/INFO]: 56.93077
[22:45:51][][main/INFO]: 57.495296
[22:45:51][][main/INFO]: 58.063145
[22:45:51][][main/INFO]: 56.96227
[22:45:51][][main/INFO]: 58.07775
[22:45:51][][main/INFO]: 54.176365
[22:45:51][][main/INFO]: 51.751274
[22:45:51][][main/INFO]: 50.901775
[22:45:51][][main/INFO]: 45.686646
[22:45:51][][main/INFO]: 36.138477
[22:45:51][][main/INFO]: 36.312954
[22:45:51][][main/INFO]: 34.953487
[22:45:51][][main/INFO]: 33.66377
[22:45:51][][main/INFO]: 33.706184
[22:45:51][][main/INFO]: 33.71483
[22:45:51][][main/INFO]: 33.692184
[22:45:51][][main/INFO]: 33.6518
[22:45:51][][main/INFO]: 33.6518
[22:45:51][][main/INFO]: 33.617153
[22:45:51][][main/INFO]: 32.337982
[22:45:51][][main/INFO]: 31.168142
[22:45:51][][main/INFO]: 30.057547
[22:45:51][][main/INFO]: 30.036423
[22:45:51][][main/INFO]: 30.036423
[22:45:51][][main/INFO]: 30.027014
[22:45:51][][main/INFO]: 30.018305
[22:45:51][][main/INFO]: 30.010235
[22:45:51][][main/INFO]: 30.002762
[22:45:51][][main/INFO]: 29.989431
[22:45:51][][main/INFO]: 29.983496
[22:45:51][][main/INFO]: 29.978003
[22:45:51][][main/INFO]: 29.972914
[22:45:51][][main/INFO]: 29.968193
[22:45:51][][main/INFO]: 29.959784
[22:45:51][][main/INFO]: 29.959784
[22:45:51][][main/INFO]: 29.956038
[22:45:51][][main/INFO]: 29.95257
[22:45:51][][main/INFO]: 29.949356
[22:45:51][][main/INFO]: 29.94638
[22:45:51][][main/INFO]: 29.943628
[22:45:51][][main/INFO]: 29.938715
[22:45:51][][main/INFO]: 29.938715
[22:45:51][][main/INFO]: 29.9345
[22:45:51][][main/INFO]: 29.9345
[22:45:51][][main/INFO]: 29.930893
[22:45:51][][main/INFO]: 29.930893
[22:45:51][][main/INFO]: 29.927795
[22:45:51][][main/INFO]: 29.927795
[22:45:51][][main/INFO]: 29.926413
[22:45:51][][main/INFO]: 29.925133
[22:45:52][][main/INFO]: 29.92285
[22:45:52][][main/INFO]: 29.92285
[22:45:52][][main/INFO]: 29.921833
[22:45:52][][main/INFO]: 29.920021
[22:45:52][][main/INFO]: 29.91922
[22:45:52][][main/INFO]: 29.918467
[22:45:52][][main/INFO]: 29.917133
[22:45:52][][main/INFO]: 29.917133
[22:45:52][][main/INFO]: 29.91599
[22:45:52][][main/INFO]: 29.91599
[22:45:52][][main/INFO]: 29.915005
[22:45:52][][main/INFO]: 29.915005
[22:45:52][][main/INFO]: 29.914572
[22:45:52][][main/INFO]: 29.914171
[22:45:52][][main/INFO]: 29.913794
[22:45:52][][main/INFO]: 29.913446
[22:45:52][][main/INFO]: 29.913128
[22:45:52][][main/INFO]: 29.912827
[22:45:52][][main/INFO]: 29.91255
[22:45:52][][main/INFO]: 29.912056
[22:45:52][][main/INFO]: 29.911833
[22:45:52][][main/INFO]: 29.911629
[22:45:52][][main/INFO]: 29.91144
[22:45:52][][main/INFO]: 29.911268
[22:45:52][][main/INFO]: 29.911106
[22:45:52][][main/INFO]: 29.91096
[22:45:52][][main/INFO]: 29.91082
[22:45:52][][main/INFO]: 29.959013
[22:45:52][][main/INFO]: 30.051962
[22:45:52][][main/INFO]: 30.186357
[22:45:52][][main/INFO]: 30.36808
[22:45:52][][main/INFO]: 30.593616
[22:45:52][][main/INFO]: 31.163462
[22:45:52][][main/INFO]: 31.163462
[22:45:52][][main/INFO]: 31.872759
[22:45:52][][main/INFO]: 31.872759
[22:45:52][][main/INFO]: 32.701653
[22:45:52][][main/INFO]: 32.701653
[22:45:52][][main/INFO]: 33.633137
[22:45:52][][main/INFO]: 33.633137
[22:45:52][][main/INFO]: 34.1327
[22:45:52][][main/INFO]: 34.652603
[22:45:52][][main/INFO]: 35.747536
[22:45:52][][main/INFO]: 36.31989
[22:45:52][][main/INFO]: 36.907204
[22:45:52][][main/INFO]: 37.508373
[22:45:52][][main/INFO]: 38.122375
[22:45:52][][main/INFO]: 35.096268
[22:45:52][][main/INFO]: 34.591545
[22:45:52][][main/INFO]: 35.15988
[22:45:52][][main/INFO]: 35.736515
[22:45:52][][main/INFO]: 36.320827
[22:45:52][][main/INFO]: 36.91225
[22:45:52][][main/INFO]: 38.114372
[22:45:52][][main/INFO]: 38.114372
[22:45:52][][main/INFO]: 39.33913
[22:45:52][][main/INFO]: 39.33913
[22:45:52][][main/INFO]: 40.583294
[22:45:52][][main/INFO]: 40.583294
[22:45:53][][main/INFO]: 41.84411
[22:45:53][][main/INFO]: 41.84411
[22:45:53][][main/INFO]: 43.119194
[22:45:53][][main/INFO]: 43.119194
[22:45:53][][main/INFO]: 43.761448
[22:45:53][][main/INFO]: 44.40654
[22:45:53][][main/INFO]: 45.054245
[22:45:53][][main/INFO]: 46.356777
[22:45:53][][main/INFO]: 47.011242
[22:45:53][][main/INFO]: 47.66764
[22:45:53][][main/INFO]: 48.32583
[22:45:53][][main/INFO]: 48.98566
[22:45:53][][main/INFO]: 49.6151
[22:45:53][][main/INFO]: 50.17392
[22:45:53][][main/INFO]: 50.667374
[22:45:53][][main/INFO]: 51.12437
[22:45:53][][main/INFO]: 51.547596
[22:45:53][][main/INFO]: 51.93956
[22:45:53][][main/INFO]: 52.30257
[22:45:53][][main/INFO]: 52.63876
[22:45:53][][main/INFO]: 52.950096
[22:45:53][][main/INFO]: 53.23844
[22:45:53][][main/INFO]: 53.505486
[22:45:53][][main/INFO]: 53.981834
[22:45:53][][main/INFO]: 53.981834
[22:45:53][][main/INFO]: 54.39039
[22:45:53][][main/INFO]: 54.39039
[22:45:53][][main/INFO]: 54.740818
[22:45:53][][main/INFO]: 54.740818
[22:45:53][][main/INFO]: 55.041378
[22:45:53][][main/INFO]: 55.041378
[22:45:53][][main/INFO]: 55.175213
[22:45:53][][main/INFO]: 55.29916
[22:45:53][][main/INFO]: 55.520267
[22:45:53][][main/INFO]: 55.61871
[22:45:53][][main/INFO]: 55.66746
[22:45:53][][main/INFO]: 55.694263
[22:45:53][][main/INFO]: 55.70075
[22:45:53][][main/INFO]: 55.688404
[22:45:53][][main/INFO]: 55.626694
[22:45:53][][main/INFO]: 55.519268
[22:45:53][][main/INFO]: 55.369488
[22:45:53][][main/INFO]: 55.180496
[22:45:53][][main/INFO]: 54.955185
[22:45:53][][main/INFO]: 54.69623
[22:45:53][][main/INFO]: 54.40613
[22:45:53][][main/INFO]: 53.741528
[22:45:53][][main/INFO]: 53.741528
[22:45:53][][main/INFO]: 52.97779
[22:45:53][][main/INFO]: 52.97779
[22:45:53][][main/INFO]: 52.129044
[22:45:53][][main/INFO]: 52.129044
[22:45:53][][main/INFO]: 51.20737
[22:45:53][][main/INFO]: 51.20737
[22:45:53][][main/INFO]: 50.223164
[22:45:53][][main/INFO]: 50.223164
[22:45:53][][main/INFO]: 49.18531
[22:45:53][][main/INFO]: 48.648705
[22:45:53][][main/INFO]: 48.101456
[22:45:53][][main/INFO]: 47.544353
[22:45:53][][main/INFO]: 46.978127
[22:45:54][][main/INFO]: 46.40346
[22:45:54][][main/INFO]: 45.82096
[22:45:54][][main/INFO]: 45.231228
[22:45:54][][main/INFO]: 44.634777
[22:45:54][][main/INFO]: 44.03211
[22:45:54][][main/INFO]: 43.423687
[22:45:54][][main/INFO]: 42.809933
[22:45:54][][main/INFO]: 42.191242
[22:45:54][][main/INFO]: 41.567974
[22:45:54][][main/INFO]: 40.97242
[22:45:54][][main/INFO]: 40.402523
[22:45:54][][main/INFO]: 39.856377
[22:45:54][][main/INFO]: 39.33225
[22:45:54][][main/INFO]: 38.828503
[22:45:54][][main/INFO]: 38.343628
[22:45:54][][main/INFO]: 37.425037
[22:45:54][][main/INFO]: 37.425037
[22:45:54][][main/INFO]: 36.566505
[22:45:54][][main/INFO]: 36.566505
[22:45:54][][main/INFO]: 35.75949
[22:45:54][][main/INFO]: 35.37297
[22:45:54][][main/INFO]: 34.996662
[22:45:54][][main/INFO]: 34.629818
[22:45:54][][main/INFO]: 34.271732
[22:45:54][][main/INFO]: 33.92176
[22:45:54][][main/INFO]: 33.57931
[22:45:54][][main/INFO]: 33.243816
[22:45:54][][main/INFO]: 32.914757
[22:45:54][][main/INFO]: 32.591675
[22:45:54][][main/INFO]: 32.27412
[22:45:54][][main/INFO]: 31.961689
[22:45:54][][main/INFO]: 31.65399
[22:45:54][][main/INFO]: 31.051455
[22:45:54][][main/INFO]: 31.051455
[22:45:54][][main/INFO]: 30.755981
[22:45:54][][main/INFO]: 30.463999
[22:45:54][][main/INFO]: 30.175247
[22:45:54][][main/INFO]: 29.889488
[22:45:54][][main/INFO]: 29.326078
[22:45:54][][main/INFO]: 29.326078
[22:45:54][][main/INFO]: 28.772188
[22:45:54][][main/INFO]: 28.772188
[22:45:54][][main/INFO]: 28.226458
[22:45:54][][main/INFO]: 28.226458
[22:45:54][][main/INFO]: 27.68774
[22:45:54][][main/INFO]: 27.420687
[22:45:54][][main/INFO]: 27.155024
[22:45:54][][main/INFO]: 26.890646
[22:45:54][][main/INFO]: 26.627457
[22:45:54][][main/INFO]: 26.365372
[22:45:54][][main/INFO]: 26.104307
[22:45:54][][main/INFO]: 25.844193
[22:45:54][][main/INFO]: 25.326517
[22:45:54][][main/INFO]: 25.326517
[22:45:54][][main/INFO]: 25.068842
[22:45:54][][main/INFO]: 24.811857
[22:45:54][][main/INFO]: 24.299778
[22:45:54][][main/INFO]: 24.299778
[22:45:54][][main/INFO]: 23.789911
[22:45:54][][main/INFO]: 23.789911
[22:45:55][][main/INFO]: 23.578146
[22:45:55][][main/INFO]: 23.40612
[22:45:55][][main/INFO]: 23.270897
[22:45:55][][main/INFO]: 23.10019
[22:45:55][][main/INFO]: 23.10019
[22:45:55][][main/INFO]: 22.976088
[22:45:55][][main/INFO]: 22.976088
[22:45:55][][main/INFO]: 22.869648
[22:45:55][][main/INFO]: 22.82225
[22:45:55][][main/INFO]: 22.77835
[22:45:55][][main/INFO]: 22.7377
[22:45:55][][main/INFO]: 22.700048
[22:45:55][][main/INFO]: 22.66518
[22:45:55][][main/INFO]: 22.63289
[22:45:55][][main/INFO]: 22.602982
[22:45:55][][main/INFO]: 22.575285
[22:45:55][][main/INFO]: 22.549635
[22:45:55][][main/INFO]: 22.52588
[22:45:55][][main/INFO]: 22.503878
[22:45:55][][main/INFO]: 22.483505
[22:45:55][][main/INFO]: 22.447157
[22:45:55][][main/INFO]: 22.447157
[22:45:55][][main/INFO]: 22.415985
[22:45:55][][main/INFO]: 22.415985
[22:45:55][][main/INFO]: 22.389248
[22:45:55][][main/INFO]: 22.389248
[22:45:55][][main/INFO]: 22.377342
[22:45:55][][main/INFO]: 22.366316
[22:45:55][][main/INFO]: 22.356108
[22:45:55][][main/INFO]: 22.33789
[22:45:55][][main/INFO]: 22.33789
[22:45:55][][main/INFO]: 22.322266
[22:45:55][][main/INFO]: 22.315311
[22:45:55][][main/INFO]: 22.308868
[22:45:55][][main/INFO]: 22.302902
[22:45:55][][main/INFO]: 22.297375
[22:45:55][][main/INFO]: 22.292257
[22:45:55][][main/INFO]: 22.624681
[22:45:55][][main/INFO]: 22.965322
[22:45:55][][main/INFO]: 24.88701
[22:45:55][][main/INFO]: 28.15771
[22:45:55][][main/INFO]: 31.110474
[22:45:55][][main/INFO]: 51.23008
[22:45:55][][main/INFO]: 51.223194
[22:45:55][][main/INFO]: 105.81109
[22:45:55][][main/INFO]: 132.19756
[22:45:55][][main/INFO]: 311.85764
[22:45:55][][main/INFO]: 1572.7593
[22:45:55][][main/INFO]: -102.226875
[22:45:55][][main/INFO]: -88.81023
[22:45:55][][main/INFO]: -55.564808
[22:45:55][][main/INFO]: -43.985565
[22:45:55][][main/INFO]: -43.055866
[22:45:55][][main/INFO]: -39.813118
[22:45:55][][main/INFO]: -34.738194
[22:45:55][][main/INFO]: -32.716988
[22:45:55][][main/INFO]: -29.493782
[22:45:55][][main/INFO]: -24.69744
[22:45:55][][main/INFO]: -23.028728
[22:45:55][][main/INFO]: -21.188211
[22:45:56][][main/INFO]: -20.652294
[22:45:56][][main/INFO]: -20.163792
[22:45:56][][main/INFO]: -20.293276
[22:45:56][][main/INFO]: -18.556517
[22:45:56][][main/INFO]: -17.768698
[22:45:56][][main/INFO]: -16.598118
[22:45:56][][main/INFO]: -16.716492
[22:45:56][][main/INFO]: -16.040583
[22:45:56][][main/INFO]: -15.84877
[22:45:56][][main/INFO]: -15.554082
[22:45:56][][main/INFO]: -14.759445
[22:45:56][][main/INFO]: -14.520915
[22:45:56][][main/INFO]: -12.626065
[22:45:56][][main/INFO]: -12.211216
[22:45:56][][main/INFO]: -11.444375
[22:45:56][][main/INFO]: -11.268124
[22:45:56][][main/INFO]: -11.13883
[22:45:56][][main/INFO]: -10.938975
[22:45:56][][main/INFO]: -9.996393
[22:45:56][][main/INFO]: -10.038707
[22:45:56][][main/INFO]: -9.992933
[22:45:56][][main/INFO]: -9.973255
[22:45:56][][main/INFO]: -9.834538
[22:45:56][][main/INFO]: -9.834485
[22:45:56][][main/INFO]: -9.940053
[22:45:56][][main/INFO]: -9.820149
[22:45:56][][main/INFO]: -9.703837
[22:45:56][][main/INFO]: -9.692644
[22:45:56][][main/INFO]: -9.683306
[22:45:56][][main/INFO]: -9.683244
[22:45:56][][main/INFO]: -9.683244
[22:45:56][][main/INFO]: -9.788686
[22:45:56][][main/INFO]: -9.566018
[22:45:56][][main/INFO]: -9.351695
[22:45:56][][main/INFO]: -9.156598
[22:45:56][][main/INFO]: -9.158318
[22:45:56][][main/INFO]: -9.065485
[22:45:56][][main/INFO]: -9.069359
[22:45:56][][main/INFO]: -9.069328
[22:45:56][][main/INFO]: -8.807617
[22:45:56][][main/INFO]: -8.732541
[22:45:56][][main/INFO]: -8.509254
[22:45:56][][main/INFO]: -8.435845
[22:45:56][][main/INFO]: -8.435845
[22:45:56][][main/INFO]: -8.435845
[22:45:56][][main/INFO]: -8.435845
[22:45:56][][main/INFO]: -8.435845
[22:45:56][][main/INFO]: -8.435845
[22:45:56][][main/INFO]: -8.435845
[22:45:56][][main/INFO]: -8.435845
[22:45:56][][main/INFO]: -8.435845
[22:45:56][][main/INFO]: -8.520686
[22:45:56][][main/INFO]: -8.447686
[22:45:56][][main/INFO]: -8.447686
[22:45:56][][main/INFO]: -8.447686
[22:45:56][][main/INFO]: -8.447686
[22:45:56][][main/INFO]: -8.447686
[22:45:56][][main/INFO]: -8.447686
[22:45:56][][main/INFO]: -8.447686
[22:45:56][][main/INFO]: -8.447686
[22:45:57][][main/INFO]: -8.447686
[22:45:57][][main/INFO]: -8.447686
[22:45:57][][main/INFO]: -8.447686
[22:45:57][][main/INFO]: -8.447686
[22:45:57][][main/INFO]: -8.447686
[22:45:57][][main/INFO]: -8.447686
[22:45:57][][main/INFO]: -8.447686
[22:45:57][][main/INFO]: -8.447686
[22:45:57][][main/INFO]: -8.447686
[22:45:57][][main/INFO]: -8.447686
[22:45:57][][main/INFO]: -8.447686
[22:45:57][][main/INFO]: -8.376558
[22:45:57][][main/INFO]: -8.376558
[22:45:57][][main/INFO]: -8.376558
[22:45:57][][main/INFO]: -8.376558
[22:45:57][][main/INFO]: -8.376558
[22:45:57][][main/INFO]: -8.376558
[22:45:57][][main/INFO]: -8.376558
[22:45:57][][main/INFO]: -8.376558
[22:45:57][][main/INFO]: -8.376558
[22:45:57][][main/INFO]: -8.376558
[22:45:57][][main/INFO]: -8.376558
[22:45:57][][main/INFO]: -8.376558
[22:45:57][][main/INFO]: -8.376558
[22:45:57][][main/INFO]: -8.376558
[22:45:57][][main/INFO]: -8.376558
[22:45:57][][main/INFO]: -8.376558
[22:45:57][][main/INFO]: -8.376558
[22:45:57][][main/INFO]: -8.376558
[22:45:57][][main/INFO]: -8.376558
[22:45:57][][main/INFO]: -8.376558
[22:45:57][][main/INFO]: -8.376558
[22:45:57][][main/INFO]: -8.376558
[22:45:57][][main/INFO]: -8.376558
[22:45:57][][main/INFO]: -8.376558
[22:45:57][][main/INFO]: -8.376558
[22:45:57][][main/INFO]: -8.376558
[22:45:57][][main/INFO]: -8.376558
[22:45:57][][main/INFO]: -8.376558
[22:45:57][][main/INFO]: -8.376558
[22:45:57][][main/INFO]: -8.376558
[22:45:57][][main/INFO]: -8.376558
[22:45:57][][main/INFO]: -8.376558
[22:45:57][][main/INFO]: -8.376558
[22:45:57][][main/INFO]: -8.376558
[22:45:57][][main/INFO]: -8.376558
[22:45:57][][main/INFO]: -8.376558
[22:45:57][][main/INFO]: -8.376558
[22:45:57][][main/INFO]: -8.376558
[22:45:57][][main/INFO]: -8.376558
[22:45:57][][main/INFO]: -8.376558
[22:45:57][][main/INFO]: -8.376558
[22:45:57][][main/INFO]: -8.376558
[22:45:57][][main/INFO]: -8.376558
[22:45:57][][main/INFO]: -8.376558
[22:45:57][][main/INFO]: -8.376558
[22:45:57][][main/INFO]: -8.376558
[22:45:57][][main/INFO]: -8.376558
[22:45:57][][main/INFO]: -8.376558
[22:45:58][][main/INFO]: -8.376558
[22:45:58][][main/INFO]: -8.376558
[22:45:58][][main/INFO]: -8.376558
[22:45:58][][main/INFO]: -8.376558
[22:45:58][][main/INFO]: -8.376558
[22:45:58][][main/INFO]: -8.376558
[22:45:58][][main/INFO]: -8.376558
[22:45:58][][main/INFO]: -8.376558
[22:45:58][][main/INFO]: -8.376558
[22:45:58][][main/INFO]: -8.376558
[22:45:58][][main/INFO]: -8.376558
[22:45:58][][main/INFO]: -8.376558
[22:45:58][][main/INFO]: -8.376558
[22:45:58][][main/INFO]: -8.376558
[22:45:58][][main/INFO]: -8.389933
[22:45:58][][main/INFO]: -8.404447
[22:45:58][][main/INFO]: -8.420087
[22:45:58][][main/INFO]: -8.454713
[22:45:58][][main/INFO]: -8.633715
[22:45:58][][main/INFO]: -8.633715
[22:45:58][][main/INFO]: -8.633715
[22:45:58][][main/INFO]: -8.633715
[22:45:58][][main/INFO]: -8.633715
[22:45:58][][main/INFO]: -8.633715
[22:45:58][][main/INFO]: -8.633715
[22:45:58][][main/INFO]: -8.285137
[22:45:58][][main/INFO]: -8.137223
[22:45:58][][main/INFO]: -7.8232207
[22:45:58][][main/INFO]: -7.8886385
[22:45:58][][main/INFO]: -8.044636
[22:45:58][][main/INFO]: -8.56024
[22:45:58][][main/INFO]: -10.229215
[22:45:58][][main/INFO]: -10.9502735
[22:45:58][][main/INFO]: -12.64584
[22:45:58][][main/INFO]: -13.971133
[22:45:58][][main/INFO]: -14.788061
[22:45:58][][main/INFO]: -15.263329
[22:45:58][][main/INFO]: -16.896942
[22:45:58][][main/INFO]: -19.476946
[22:45:58][][main/INFO]: -24.367624
[22:45:58][][main/INFO]: -29.312529
[22:45:58][][main/INFO]: -37.004597
[22:45:58][][main/INFO]: -55.483673
[22:45:58][][main/INFO]: -63.05567
[22:45:58][][main/INFO]: -66.4657
[22:45:58][][main/INFO]: -66.4657
[22:45:58][][main/INFO]: -77.69336
[22:45:58][][main/INFO]: -77.69336
[22:45:58][][main/INFO]: -111.81548
[22:45:58][][main/INFO]: -117.35903
[22:45:58][][main/INFO]: -169.13844
[22:45:58][][main/INFO]: -182.77849
[22:45:58][][main/INFO]: -303.8719
[22:45:58][][main/INFO]: 3668.5024
[22:45:58][][main/INFO]: 450.21768
[22:45:58][][main/INFO]: 132.34578
[22:45:58][][main/INFO]: 76.10663
[22:45:58][][main/INFO]: 67.01415
[22:45:58][][main/INFO]: 47.99276
[22:45:59][][main/INFO]: 41.16293
[22:45:59][][main/INFO]: 35.348503
[22:45:59][][main/INFO]: 32.93709
[22:45:59][][main/INFO]: 28.866318
[22:45:59][][main/INFO]: 27.137121
[22:45:59][][main/INFO]: 25.575602
[22:45:59][][main/INFO]: 24.728704
[22:45:59][][main/INFO]: 24.728704
[22:45:59][][main/INFO]: 24.278244
[22:45:59][][main/INFO]: 24.278244
[22:45:59][][main/INFO]: 24.278244
[22:45:59][][main/INFO]: 23.841381
[22:45:59][][main/INFO]: 23.841381
[22:45:59][][main/INFO]: 23.841381
[22:45:59][][main/INFO]: 23.841381
[22:45:59][][main/INFO]: 23.417564
[22:45:59][][main/INFO]: 22.338081
[22:45:59][][main/INFO]: 22.338081
[22:45:59][][main/INFO]: 22.338081
[22:45:59][][main/INFO]: 22.338081
[22:45:59][][main/INFO]: 22.338081
[22:45:59][][main/INFO]: 22.338081
[22:45:59][][main/INFO]: 22.338081
[22:45:59][][main/INFO]: 22.338081
[22:45:59][][main/INFO]: 22.338081
[22:45:59][][main/INFO]: 22.338081
[22:45:59][][main/INFO]: 22.338081
[22:45:59][][main/INFO]: 22.338081
[22:45:59][][main/INFO]: 22.338081
[22:45:59][][main/INFO]: 22.338081
[22:45:59][][main/INFO]: 22.338081
[22:45:59][][main/INFO]: 22.338081
[22:45:59][][main/INFO]: 22.338081
[22:45:59][][main/INFO]: 22.338081
[22:45:59][][main/INFO]: 22.338081
[22:45:59][][main/INFO]: 22.338081
[22:45:59][][main/INFO]: 22.338081
[22:45:59][][main/INFO]: 22.338081
[22:45:59][][main/INFO]: 22.338081
[22:45:59][][main/INFO]: 22.338081
[22:45:59][][main/INFO]: 22.338081
[22:45:59][][main/INFO]: 22.338081
[22:45:59][][main/INFO]: 22.338081
[22:45:59][][main/INFO]: 22.338081
[22:45:59][][main/INFO]: 22.338081
[22:45:59][][main/INFO]: 22.338081
[22:45:59][][main/INFO]: 22.338081
[22:45:59][][main/INFO]: 23.006264
[22:45:59][][main/INFO]: 23.006264
[22:45:59][][main/INFO]: 23.006264
[22:45:59][][main/INFO]: 23.006264
[22:45:59][][main/INFO]: 23.006264
[22:45:59][][main/INFO]: 23.006264
[22:45:59][][main/INFO]: 23.006264
[22:45:59][][main/INFO]: 23.006264
[22:45:59][][main/INFO]: 23.006264
[22:45:59][][main/INFO]: 23.006264
[22:45:59][][main/INFO]: 23.006264
[22:45:59][][main/INFO]: 23.006264
[22:45:59][][main/INFO]: 23.006264
[22:45:59][][main/INFO]: 23.006264
[22:46:00][][main/INFO]: 23.006264
[22:46:00][][main/INFO]: 23.006264
[22:46:00][][main/INFO]: 23.006264
[22:46:00][][main/INFO]: 23.006264
[22:46:00][][main/INFO]: 23.006264
[22:46:00][][main/INFO]: 23.006264
[22:46:00][][main/INFO]: 23.006264
[22:46:00][][main/INFO]: 23.006264
[22:46:00][][main/INFO]: 23.006264
[22:46:00][][main/INFO]: 23.006264
[22:46:00][][main/INFO]: 23.006264
[22:46:00][][main/INFO]: 23.006264
[22:46:00][][main/INFO]: 23.006264
[22:46:00][][main/INFO]: 23.006264
[22:46:00][][main/INFO]: 23.006264
[22:46:00][][main/INFO]: 23.006264
[22:46:00][][main/INFO]: 23.006264
[22:46:00][][main/INFO]: 23.006264
[22:46:00][][main/INFO]: 23.006264
[22:46:00][][main/INFO]: 23.006264
[22:46:00][][main/INFO]: 23.006264
[22:46:00][][main/INFO]: 23.006264
[22:46:00][][main/INFO]: 23.006264
[22:46:00][][main/INFO]: 23.006264
[22:46:00][][main/INFO]: 23.006264
[22:46:00][][main/INFO]: 23.006264
[22:46:00][][main/INFO]: 23.006264
[22:46:00][][main/INFO]: 23.006264
[22:46:00][][main/INFO]: 23.006264
[22:46:00][][main/INFO]: 23.006264
[22:46:00][][main/INFO]: 23.006264
[22:46:00][][main/INFO]: 23.006264
[22:46:00][][main/INFO]: 23.006264
[22:46:00][][main/INFO]: 23.006264
[22:46:00][][main/INFO]: 23.006264
[22:46:00][][main/INFO]: 23.006264
[22:46:00][][main/INFO]: 23.717514
[22:46:00][][main/INFO]: 24.95327
[22:46:00][][main/INFO]: 25.446577
[22:46:00][][main/INFO]: 25.446577
[22:46:00][][main/INFO]: 25.446577
[22:46:00][][main/INFO]: 25.446577
[22:46:00][][main/INFO]: 25.446577
[22:46:00][][main/INFO]: 25.446577
[22:46:00][][main/INFO]: 25.446577
[22:46:00][][main/INFO]: 25.446577
[22:46:00][][main/INFO]: 25.446577
[22:46:00][][main/INFO]: 25.446577
[22:46:00][][main/INFO]: 25.446577
[22:46:00][][main/INFO]: 25.446577
[22:46:00][][main/INFO]: 25.446577
[22:46:00][][main/INFO]: 25.446577
[22:46:00][][main/INFO]: 25.446577
[22:46:00][][main/INFO]: 25.446577
[22:46:00][][main/INFO]: 25.446577
[22:46:00][][main/INFO]: 25.446577
[22:46:00][][main/INFO]: 25.446577
[22:46:00][][main/INFO]: 25.446577
[22:46:00][][main/INFO]: 25.446577
[22:46:01][][main/INFO]: 25.446577
[22:46:01][][main/INFO]: 25.446577
[22:46:01][][main/INFO]: 25.446577
[22:46:01][][main/INFO]: 25.446577
[22:46:01][][main/INFO]: 25.446577
[22:46:01][][main/INFO]: 25.446577
[22:46:01][][main/INFO]: 25.446577
[22:46:01][][main/INFO]: 25.446577
[22:46:01][][main/INFO]: 25.446577
[22:46:01][][main/INFO]: 25.446577
[22:46:01][][main/INFO]: 25.446577
[22:46:01][][main/INFO]: 25.446577
[22:46:01][][main/INFO]: 25.446577
[22:46:01][][main/INFO]: 25.446577
[22:46:01][][main/INFO]: 25.446577
[22:46:01][][main/INFO]: 25.446577
[22:46:01][][main/INFO]: 25.446577
[22:46:01][][main/INFO]: 25.446577
[22:46:01][][main/INFO]: 27.462885
[22:46:01][][main/INFO]: 28.518394
[22:46:01][][main/INFO]: 37.00082
[22:46:01][][main/INFO]: 38.101532
[22:46:01][][main/INFO]: 41.571415
[22:46:01][][main/INFO]: 41.571415
[22:46:01][][main/INFO]: 47.45829
[22:46:01][][main/INFO]: 57.78751
[22:46:01][][main/INFO]: 63.376686
[22:46:01][][main/INFO]: 88.54164
[22:46:01][][main/INFO]: 130.39272
[22:46:01][][main/INFO]: 212.25925
[22:46:01][][main/INFO]: 212.25925
[22:46:01][][main/INFO]: 301.33786
[22:46:01][][main/INFO]: 943.67926
[22:46:01][][main/INFO]: 943.67926
[22:46:01][][main/INFO]: -3272.975
[22:46:01][][main/INFO]: -1022.71124
[22:46:01][][main/INFO]: -608.6057
[22:46:01][][main/INFO]: -434.5213
[22:46:01][][main/INFO]: -338.6836
[22:46:01][][main/INFO]: -338.6836
[22:46:01][][main/INFO]: -191.83878
[22:46:01][][main/INFO]: -170.77638
[22:46:01][][main/INFO]: -154.05467
[22:46:01][][main/INFO]: -154.05467
[22:46:01][][main/INFO]: -154.05467
[22:46:01][][main/INFO]: -154.05467
[22:46:01][][main/INFO]: -154.05467
[22:46:01][][main/INFO]: -154.05467
[22:46:01][][main/INFO]: -154.05467
[22:46:01][][main/INFO]: -154.05467
[22:46:01][][main/INFO]: -154.05467
[22:46:01][][main/INFO]: -154.05467
[22:46:01][][main/INFO]: -154.05467
[22:46:01][][main/INFO]: -154.05467
[22:46:01][][main/INFO]: -154.05467
[22:46:01][][main/INFO]: -154.05467
[22:46:01][][main/INFO]: -154.05467
[22:46:01][][main/INFO]: -154.05467
[22:46:01][][main/INFO]: -154.05467
[22:46:01][][main/INFO]: -154.05467
[22:46:01][][main/INFO]: -154.05467
[22:46:02][][main/INFO]: -154.05467
[22:46:02][][main/INFO]: -154.05467
[22:46:02][][main/INFO]: -154.05467
[22:46:02][][main/INFO]: -154.05467
[22:46:02][][main/INFO]: -154.05467
[22:46:02][][main/INFO]: -154.05467
[22:46:02][][main/INFO]: -154.05467
[22:46:02][][main/INFO]: -154.05467
[22:46:02][][main/INFO]: -154.05467
[22:46:02][][main/INFO]: -154.05467
[22:46:02][][main/INFO]: -154.05467
[22:46:02][][main/INFO]: -154.05467
[22:46:02][][main/INFO]: -154.05467
[22:46:02][][main/INFO]: -154.05467
[22:46:02][][main/INFO]: -154.05467
[22:46:02][][main/INFO]: -154.05467
[22:46:02][][main/INFO]: -154.05467
[22:46:02][][main/INFO]: -154.05467
[22:46:02][][main/INFO]: -154.05467
[22:46:02][][main/INFO]: -154.05467
[22:46:02][][main/INFO]: -154.05467
[22:46:02][][main/INFO]: -154.05467
[22:46:02][][main/INFO]: -154.05467
[22:46:02][][main/INFO]: -154.05467
[22:46:02][][main/INFO]: -154.05467
[22:46:02][][main/INFO]: -154.05467
[22:46:02][][main/INFO]: -154.05467
[22:46:02][][main/INFO]: -154.05467
[22:46:02][][main/INFO]: -154.05467
[22:46:02][][main/INFO]: -154.05467
[22:46:02][][main/INFO]: -154.05467
[22:46:02][][main/INFO]: -154.05467
[22:46:02][][main/INFO]: -154.05467
[22:46:02][][main/INFO]: -154.05467
[22:46:02][][main/INFO]: -154.05467
[22:46:02][][main/INFO]: -154.05467
[22:46:02][][main/INFO]: -154.05467
[22:46:02][][main/INFO]: -154.05467
[22:46:02][][main/INFO]: -154.05467
[22:46:02][][main/INFO]: -154.05467
[22:46:02][][main/INFO]: -154.05467
[22:46:02][][main/INFO]: -154.05467
[22:46:02][][main/INFO]: -154.05467
[22:46:02][][main/INFO]: -154.05467
[22:46:02][][main/INFO]: -154.05467
[22:46:02][][main/INFO]: -154.05467
[22:46:02][][main/INFO]: -154.05467
[22:46:02][][main/INFO]: -154.05467
[22:46:02][][main/INFO]: -154.05467
[22:46:02][][main/INFO]: -154.05467
[22:46:02][][main/INFO]: -154.05467
[22:46:02][][main/INFO]: -154.05467
[22:46:02][][main/INFO]: -154.05467
[22:46:02][][main/INFO]: -154.05467
[22:46:02][][main/INFO]: -154.05467
[22:46:02][][main/INFO]: -154.05467
[22:46:02][][main/INFO]: -154.05467
[22:46:02][][main/INFO]: -154.05467
[22:46:02][][main/INFO]: -154.05467
[22:46:02][][main/INFO]: -154.05467
[22:46:03][][main/INFO]: -154.05467
[22:46:03][][main/INFO]: -154.05467
[22:46:03][][main/INFO]: -154.05467
[22:46:03][][main/INFO]: -154.05467
[22:46:03][][main/INFO]: -154.05467
[22:46:03][][main/INFO]: -154.05467
[22:46:03][][main/INFO]: -154.05467
[22:46:03][][main/INFO]: -154.05467
[22:46:03][][main/INFO]: -154.05467
[22:46:03][][main/INFO]: -154.05467
[22:46:03][][main/INFO]: -154.05467
[22:46:03][][main/INFO]: -154.05467
[22:46:03][][main/INFO]: -154.05467
[22:46:03][][main/INFO]: -154.05467
[22:46:03][][main/INFO]: -154.05467
[22:46:03][][main/INFO]: -154.05467
[22:46:03][][main/INFO]: -154.05467
[22:46:03][][main/INFO]: -154.05467
[22:46:03][][main/INFO]: -154.05467
[22:46:03][][main/INFO]: -154.05467
[22:46:03][][main/INFO]: -154.05467
[22:46:03][][main/INFO]: -154.05467
[22:46:03][][main/INFO]: -154.05467
[22:46:03][][main/INFO]: -154.05467
[22:46:03][][main/INFO]: -154.05467
[22:46:03][][main/INFO]: -154.05467
[22:46:03][][main/INFO]: -154.05467
[22:46:03][][main/INFO]: -154.05467
[22:46:03][][main/INFO]: -154.05467
[22:46:03][][main/INFO]: -154.05467
[22:46:03][][main/INFO]: -154.05467
[22:46:03][][main/INFO]: -154.05467
[22:46:03][][main/INFO]: -154.05467
[22:46:03][][main/INFO]: -154.05467
[22:46:03][][main/INFO]: -154.05467
[22:46:03][][main/INFO]: -154.05467
[22:46:03][][main/INFO]: -154.05467
[22:46:03][][main/INFO]: -154.05467
[22:46:03][][main/INFO]: -154.05467
[22:46:03][][main/INFO]: -154.05467
[22:46:03][][main/INFO]: -154.05467
[22:46:03][][main/INFO]: -154.05467
[22:46:03][][main/INFO]: -154.05467
[22:46:03][][main/INFO]: -154.05467
[22:46:03][][main/INFO]: -154.05467
[22:46:03][][main/INFO]: -154.05467
[22:46:03][][main/INFO]: -154.05467
[22:46:03][][main/INFO]: -154.05467
[22:46:03][][main/INFO]: -154.05467
[22:46:03][][main/INFO]: -154.05467
[22:46:03][][main/INFO]: -154.05467
[22:46:03][][main/INFO]: -154.05467
[22:46:03][][main/INFO]: -154.05467
[22:46:03][][main/INFO]: -154.05467
[22:46:03][][main/INFO]: -154.05467
[22:46:03][][main/INFO]: -154.05467
[22:46:03][][main/INFO]: -154.05467
[22:46:03][][main/INFO]: -154.05467
[22:46:03][][main/INFO]: -154.05467
[22:46:03][][main/INFO]: -154.05467
[22:46:04][][main/INFO]: -154.05467
[22:46:04][][main/INFO]: -154.05467
[22:46:04][][main/INFO]: -154.05467
[22:46:04][][main/INFO]: -154.05467
[22:46:04][][main/INFO]: -154.05467
[22:46:04][][main/INFO]: -154.05467
[22:46:04][][main/INFO]: -154.05467
[22:46:04][][main/INFO]: -154.05467
[22:46:04][][main/INFO]: -154.05467
[22:46:04][][main/INFO]: -154.05467
[22:46:04][][main/INFO]: -154.05467
[22:46:04][][main/INFO]: -154.05467
[22:46:04][][main/INFO]: -154.05467
[22:46:04][][main/INFO]: -154.05467
[22:46:04][][main/INFO]: -154.05467
[22:46:04][][main/INFO]: -154.05467
[22:46:04][][main/INFO]: -154.05467
[22:46:04][][main/INFO]: -154.05467
[22:46:04][][main/INFO]: -154.05467
[22:46:04][][main/INFO]: -154.05467
[22:46:04][][main/INFO]: -154.05467
[22:46:04][][main/INFO]: -154.05467
[22:46:04][][main/INFO]: -154.05467
[22:46:04][][main/INFO]: -154.05467
[22:46:04][][main/INFO]: -154.05467
[22:46:04][][main/INFO]: -154.05467
[22:46:04][][main/INFO]: -154.05467
[22:46:04][][main/INFO]: -154.05467
[22:46:04][][main/INFO]: -154.05467
[22:46:04][][main/INFO]: -154.05467
[22:46:04][][main/INFO]: -154.05467
[22:46:04][][main/INFO]: -154.05467
[22:46:04][][main/INFO]: -154.05467
[22:46:04][][main/INFO]: -154.05467
[22:46:04][][main/INFO]: -154.05467
[22:46:04][][main/INFO]: -154.05467
[22:46:04][][main/INFO]: -154.05467
[22:46:04][][main/INFO]: -154.05467
[22:46:04][][main/INFO]: -154.05467
[22:46:04][][main/INFO]: -154.05467
[22:46:04][][main/INFO]: -154.05467
[22:46:04][][main/INFO]: -154.05467
[22:46:04][][main/INFO]: -154.05467
[22:46:04][][main/INFO]: -154.05467
[22:46:04][][main/INFO]: -154.05467
[22:46:04][][main/INFO]: -154.05467
[22:46:04][][main/INFO]: -154.05467
[22:46:04][][main/INFO]: -154.05467
[22:46:04][][main/INFO]: -154.05467
[22:46:04][][main/INFO]: -154.05467
[22:46:04][][main/INFO]: -154.05467
[22:46:04][][main/INFO]: -154.05467
[22:46:04][][main/INFO]: -236.20168
[22:46:04][][main/INFO]: -278.03125
[22:46:04][][main/INFO]: -338.6836
[22:46:04][][main/INFO]: 283.17102
[22:46:04][][main/INFO]: 237.83835
[22:46:04][][main/INFO]: 155.04608
[22:46:04][][main/INFO]: 127.94841
[22:46:05][][main/INFO]: 117.53164
[22:46:05][][main/INFO]: 100.878746
[22:46:05][][main/INFO]: 87.38578
[22:46:05][][main/INFO]: 69.56723
[22:46:05][][main/INFO]: 66.293785
[22:46:05][][main/INFO]: 63.290436
[22:46:05][][main/INFO]: 60.52558
[22:46:05][][main/INFO]: 51.386112
[22:46:05][][main/INFO]: 43.242355
[22:46:05][][main/INFO]: 39.51099
[22:46:05][][main/INFO]: 37.325462
[22:46:05][][main/INFO]: 37.325462
[22:46:05][][main/INFO]: 37.325462
[22:46:05][][main/INFO]: 37.325462
[22:46:05][][main/INFO]: 37.325462
[22:46:05][][main/INFO]: 36.31047
[22:46:05][][main/INFO]: 36.31047
[22:46:05][][main/INFO]: 36.31047
[22:46:05][][main/INFO]: 36.31047
[22:46:05][][main/INFO]: 36.31047
[22:46:05][][main/INFO]: 36.31047
[22:46:05][][main/INFO]: 36.31047
[22:46:05][][main/INFO]: 36.31047
[22:46:05][][main/INFO]: 36.31047
[22:46:05][][main/INFO]: 36.31047
[22:46:05][][main/INFO]: 36.31047
[22:46:05][][main/INFO]: 36.31047
[22:46:05][][main/INFO]: 36.31047
[22:46:05][][main/INFO]: 36.31047
[22:46:05][][main/INFO]: 36.31047
[22:46:05][][main/INFO]: 36.31047
[22:46:05][][main/INFO]: 36.31047
[22:46:05][][main/INFO]: 36.31047
[22:46:05][][main/INFO]: 36.31047
[22:46:05][][main/INFO]: 36.31047
[22:46:05][][main/INFO]: 36.31047
[22:46:05][][main/INFO]: 36.31047
[22:46:05][][main/INFO]: 36.31047
[22:46:05][][main/INFO]: 36.31047
[22:46:05][][main/INFO]: 36.31047
[22:46:05][][main/INFO]: 36.31047
[22:46:05][][main/INFO]: 36.31047
[22:46:05][][main/INFO]: 36.31047
[22:46:05][][main/INFO]: 36.31047
[22:46:05][][main/INFO]: 36.31047
[22:46:05][][main/INFO]: 36.31047
[22:46:05][][main/INFO]: 36.31047
[22:46:05][][main/INFO]: 36.31047
[22:46:05][][main/INFO]: 36.31047
[22:46:05][][main/INFO]: 36.31047
[22:46:05][][main/INFO]: 36.31047
[22:46:05][][main/INFO]: 36.31047
[22:46:05][][main/INFO]: 36.31047
[22:46:05][][main/INFO]: 36.31047
[22:46:05][][main/INFO]: 36.31047
[22:46:05][][main/INFO]: 36.31047
[22:46:05][][main/INFO]: 36.31047
[22:46:05][][main/INFO]: 36.31047
[22:46:05][][main/INFO]: 36.31047
[22:46:05][][main/INFO]: 36.31047
[22:46:05][][main/INFO]: 36.31047
[22:46:06][][main/INFO]: 36.31047
[22:46:06][][main/INFO]: 36.31047
[22:46:06][][main/INFO]: 36.31047
[22:46:06][][main/INFO]: 36.31047
[22:46:06][][main/INFO]: 36.31047
[22:46:06][][main/INFO]: 36.31047
[22:46:06][][main/INFO]: 36.31047
[22:46:06][][main/INFO]: 53.411827
[22:46:06][][main/INFO]: 78.14241
[22:46:06][][main/INFO]: 130.39276
[22:46:06][][main/INFO]: 512.13666
[22:46:06][][main/INFO]: -94.25216
[22:46:06][][main/INFO]: -53.961235
[22:46:06][][main/INFO]: -35.47609
[22:46:06][][main/INFO]: -30.908985
[22:46:06][][main/INFO]: -29.906517
[22:46:06][][main/INFO]: -27.601862
[22:46:06][][main/INFO]: -26.084398
[22:46:06][][main/INFO]: -24.198977
[22:46:06][][main/INFO]: -24.198977
[22:46:06][][main/INFO]: -22.766624
[22:46:06][][main/INFO]: -22.637886
[22:46:06][][main/INFO]: -22.515491
[22:46:06][][main/INFO]: -22.399263
[22:46:06][][main/INFO]: -20.541504
[22:46:06][][main/INFO]: -20.541504
[22:46:06][][main/INFO]: -19.653578
[22:46:06][][main/INFO]: -18.983301
[22:46:06][][main/INFO]: -18.179771
[22:46:06][][main/INFO]: -17.60612
[22:46:06][][main/INFO]: -16.93859
[22:46:06][][main/INFO]: -16.93859
[22:46:06][][main/INFO]: -16.901525
[22:46:06][][main/INFO]: -16.344389
[22:46:06][][main/INFO]: -16.317986
[22:46:06][][main/INFO]: -15.856129
[22:46:06][][main/INFO]: -14.956284
[22:46:06][][main/INFO]: -14.570187
[22:46:06][][main/INFO]: -14.5577545
[22:46:06][][main/INFO]: -14.182997
[22:46:06][][main/INFO]: -13.830045
[22:46:06][][main/INFO]: -13.824949
[22:46:06][][main/INFO]: -13.494268
[22:46:06][][main/INFO]: -13.493385
[22:46:06][][main/INFO]: -13.493385
[22:46:06][][main/INFO]: -13.182976
[22:46:06][][main/INFO]: -12.341496
[22:46:06][][main/INFO]: -11.850731
[22:46:06][][main/INFO]: -11.4070635
[22:46:06][][main/INFO]: -11.418356
[22:46:06][][main/INFO]: -10.817236
[22:46:06][][main/INFO]: -10.83163
[22:46:06][][main/INFO]: -10.321263
[22:46:06][][main/INFO]: -10.036995
[22:46:06][][main/INFO]: -9.270897
[22:46:06][][main/INFO]: -9.295524
[22:46:06][][main/INFO]: -9.186046
[22:46:06][][main/INFO]: -9.239819
[22:46:06][][main/INFO]: -9.135712
[22:46:07][][main/INFO]: -9.007371
[22:46:07][][main/INFO]: -8.790115
[22:46:07][][main/INFO]: -8.73797
[22:46:07][][main/INFO]: -8.57956
[22:46:07][][main/INFO]: -8.433492
[22:46:07][][main/INFO]: -8.364794
[22:46:07][][main/INFO]: -8.334663
[22:46:07][][main/INFO]: -8.17581
[22:46:07][][main/INFO]: -8.17581
[22:46:07][][main/INFO]: -7.9787583
[22:46:07][][main/INFO]: -7.9772224
[22:46:07][][main/INFO]: -7.979578
[22:46:07][][main/INFO]: -7.985806
[22:46:07][][main/INFO]: -7.960888
[22:46:07][][main/INFO]: -7.927644
[22:46:07][][main/INFO]: -7.9164267
[22:46:07][][main/INFO]: -7.968427
[22:46:07][][main/INFO]: -7.9224
[22:46:07][][main/INFO]: -7.9783897
[22:46:07][][main/INFO]: -7.958105
[22:46:07][][main/INFO]: -7.88243
[22:46:07][][main/INFO]: -7.9060707
[22:46:07][][main/INFO]: -7.8784456
[22:46:07][][main/INFO]: -7.866674
[22:46:07][][main/INFO]: -7.856231
[22:46:07][][main/INFO]: -7.91753
[22:46:07][][main/INFO]: -7.91753
[22:46:07][][main/INFO]: -7.9089093
[22:46:07][][main/INFO]: -7.965554
[22:46:07][][main/INFO]: -7.9600463
[22:46:07][][main/INFO]: -7.9558034
[22:46:07][][main/INFO]: -7.8871703
[22:46:07][][main/INFO]: -7.8871703
[22:46:07][][main/INFO]: -7.884826
[22:46:07][][main/INFO]: -7.8185897
[22:46:07][][main/INFO]: -7.818055
[22:46:07][][main/INFO]: -7.8204517
[22:46:07][][main/INFO]: -7.7575955
[22:46:07][][main/INFO]: -7.7610173
[22:46:07][][main/INFO]: -7.7610173
[22:46:07][][main/INFO]: -7.7610173
[22:46:07][][main/INFO]: -7.7610173
[22:46:07][][main/INFO]: -7.7610173
[22:46:07][][main/INFO]: -7.7610173
[22:46:07][][main/INFO]: -7.7610173
[22:46:07][][main/INFO]: -7.7610173
[22:46:07][][main/INFO]: -7.7610173
[22:46:07][][main/INFO]: -7.7610173
[22:46:07][][main/INFO]: -7.7610173
[22:46:07][][main/INFO]: -7.7610173
[22:46:07][][main/INFO]: -7.7610173
[22:46:07][][main/INFO]: -7.7610173
[22:46:07][][main/INFO]: -7.7610173
[22:46:07][][main/INFO]: -7.7610173
[22:46:07][][main/INFO]: -7.7610173
[22:46:07][][main/INFO]: -7.711303
[22:46:07][][main/INFO]: -7.6690545
[22:46:07][][main/INFO]: -7.74595
[22:46:07][][main/INFO]: -7.658596
[22:46:07][][main/INFO]: -7.658596
[22:46:07][][main/INFO]: -7.6871786
[22:46:08][][main/INFO]: -7.7555456
[22:46:08][][main/INFO]: -7.868947
[22:46:08][][main/INFO]: -7.9445806
[22:46:08][][main/INFO]: -8.015227
[22:46:08][][main/INFO]: -8.040557
[22:46:08][][main/INFO]: -8.121778
[22:46:08][][main/INFO]: -8.121778
[22:46:08][][main/INFO]: -8.234569
[22:46:08][][main/INFO]: -8.265041
[22:46:08][][main/INFO]: -8.328506
[22:46:08][][main/INFO]: -8.361481
[22:46:08][][main/INFO]: -8.361481
[22:46:08][][main/INFO]: -8.3952675
[22:46:08][][main/INFO]: -8.485862
[22:46:08][][main/INFO]: -8.429857
[22:46:08][][main/INFO]: -8.52135
[22:46:08][][main/INFO]: -8.557638
[22:46:08][][main/INFO]: -8.501405
[22:46:08][][main/INFO]: -8.446545
[22:46:08][][main/INFO]: -8.446545
[22:46:08][][main/INFO]: -8.393024
[22:46:08][][main/INFO]: -8.393024
[22:46:08][][main/INFO]: -8.483341
[22:46:08][][main/INFO]: -8.483341
[22:46:08][][main/INFO]: -8.429686
[22:46:08][][main/INFO]: -8.520878
[22:46:08][][main/INFO]: -8.467071
[22:46:08][][main/INFO]: -8.363362
[22:46:08][][main/INFO]: -8.4011345
[22:46:08][][main/INFO]: -8.43957
[22:46:08][][main/INFO]: -8.478657
[22:46:08][][main/INFO]: -8.478657
[22:46:08][][main/INFO]: -8.558716
[22:46:08][][main/INFO]: -8.507813
[22:46:08][][main/INFO]: -8.458153
[22:46:08][][main/INFO]: -8.458153
[22:46:08][][main/INFO]: -8.458153
[22:46:08][][main/INFO]: -8.458153
[22:46:08][][main/INFO]: -8.458153
[22:46:08][][main/INFO]: -8.458153
[22:46:08][][main/INFO]: -8.458153
[22:46:08][][main/INFO]: -8.458153
[22:46:08][][main/INFO]: -8.458153
[22:46:08][][main/INFO]: -8.458153
[22:46:08][][main/INFO]: -8.458153
[22:46:08][][main/INFO]: -8.458153
[22:46:08][][main/INFO]: -8.458153
[22:46:08][][main/INFO]: -8.458153
[22:46:08][][main/INFO]: -8.458153
[22:46:08][][main/INFO]: -8.458153
[22:46:08][][main/INFO]: -8.458153
[22:46:08][][main/INFO]: -8.458153
[22:46:08][][main/INFO]: -8.581225
[22:46:08][][main/INFO]: -8.581225
[22:46:08][][main/INFO]: -8.901555
[22:46:08][][main/INFO]: -10.388688
[22:46:08][][main/INFO]: -10.524033
[22:46:08][][main/INFO]: -10.579278
[22:46:08][][main/INFO]: -10.579278
[22:46:08][][main/INFO]: -10.719233
[22:46:09][][main/INFO]: -10.719233
[22:46:09][][main/INFO]: -10.719233
[22:46:09][][main/INFO]: -10.863139
[22:46:09][][main/INFO]: -10.863139
[22:46:09][][main/INFO]: -10.863139
[22:46:09][][main/INFO]: -10.863139
[22:46:09][][main/INFO]: -10.863139
[22:46:09][][main/INFO]: -10.863139
[22:46:09][][main/INFO]: -10.863139
[22:46:09][][main/INFO]: -10.863139
[22:46:09][][main/INFO]: -11.011158
[22:46:09][][main/INFO]: -11.163455
[22:46:09][][main/INFO]: -11.221822
[22:46:09][][main/INFO]: -11.221822
[22:46:09][][main/INFO]: -11.221822
[22:46:09][][main/INFO]: -11.37941
[22:46:09][][main/INFO]: -11.880884
[22:46:09][][main/INFO]: -12.753113
[22:46:09][][main/INFO]: -13.63346
[22:46:09][][main/INFO]: -14.959262
[22:46:09][][main/INFO]: -19.098646
[22:46:09][][main/INFO]: -20.79559
[22:46:09][][main/INFO]: -20.72415
[22:46:09][][main/INFO]: -21.167114
[22:46:09][][main/INFO]: -21.167114
[22:46:09][][main/INFO]: -21.167114
[22:46:09][][main/INFO]: -21.167114
[22:46:09][][main/INFO]: -21.167114
[22:46:09][][main/INFO]: -21.167114
[22:46:09][][main/INFO]: -20.677515
[22:46:09][][main/INFO]: -20.677515
[22:46:09][][main/INFO]: -20.677515
[22:46:09][][main/INFO]: -20.677515
[22:46:09][][main/INFO]: -21.56591
[22:46:09][][main/INFO]: -21.56591
[22:46:09][][main/INFO]: -22.037022
[22:46:09][][main/INFO]: -21.958145
[22:46:09][][main/INFO]: -21.958145
[22:46:09][][main/INFO]: -21.958145
[22:46:09][][main/INFO]: -21.958145
[22:46:09][][main/INFO]: -21.958145
[22:46:09][][main/INFO]: -21.958145
[22:46:09][][main/INFO]: -21.958145
[22:46:09][][main/INFO]: -21.958145
[22:46:09][][main/INFO]: -21.958145
[22:46:09][][main/INFO]: -21.958145
[22:46:09][][main/INFO]: -21.958145
[22:46:09][][main/INFO]: -21.958145
[22:46:09][][main/INFO]: -21.958145
[22:46:09][][main/INFO]: -21.958145
[22:46:09][][main/INFO]: -21.958145
[22:46:09][][main/INFO]: -21.958145
[22:46:09][][main/INFO]: -21.958145
[22:46:09][][main/INFO]: -22.438854
[22:46:09][][main/INFO]: -22.607702
[22:46:09][][main/INFO]: -24.164433
[22:46:09][][main/INFO]: -21.829187
[22:46:09][][main/INFO]: -17.123032
[22:46:09][][main/INFO]: -13.817787
[22:46:10][][main/INFO]: -12.408488
[22:46:10][][main/INFO]: -11.423687
[22:46:10][][main/INFO]: -10.734609
[22:46:10][][main/INFO]: -9.807954
[22:46:10][][main/INFO]: -9.179353
[22:46:10][][main/INFO]: -8.469452
[22:46:10][][main/INFO]: -8.302818
[22:46:10][][main/INFO]: -8.256348
[22:46:10][][main/INFO]: -8.156856
[22:46:10][][main/INFO]: -7.971749
[22:46:10][][main/INFO]: -7.898377
[22:46:10][][main/INFO]: -7.885829
[22:46:10][][main/INFO]: -7.814993
[22:46:10][][main/INFO]: -7.6604853
[22:46:10][][main/INFO]: -7.4613867
[22:46:10][][main/INFO]: -7.2370152
[22:46:10][][main/INFO]: -7.1338034
[22:46:10][][main/INFO]: -7.0581083
[22:46:10][][main/INFO]: -7.1236916
[22:46:10][][main/INFO]: -7.1675534
[22:46:10][][main/INFO]: -7.564037
[22:46:10][][main/INFO]: -7.7956023
[22:46:10][][main/INFO]: -8.241832
[22:46:10][][main/INFO]: -8.301197
[22:46:10][][main/INFO]: -8.913253
[22:46:10][][main/INFO]: -9.019005
[22:46:10][][main/INFO]: -9.708193
[22:46:10][][main/INFO]: -10.208067
[22:46:10][][main/INFO]: -11.225573
[22:46:10][][main/INFO]: -12.894577
[22:46:10][][main/INFO]: -16.83951
[22:46:10][][main/INFO]: -26.553238
[22:46:10][][main/INFO]: -34.95474
[22:46:10][][main/INFO]: -171.72658
[22:46:10][][main/INFO]: 340.81604
[22:46:10][][main/INFO]: 178.48328
[22:46:10][][main/INFO]: 164.01706
[22:46:10][][main/INFO]: 120.815926
[22:46:10][][main/INFO]: 120.815926
[22:46:10][][main/INFO]: 76.18757
[22:46:10][][main/INFO]: 73.33444
[22:46:10][][main/INFO]: 51.206654
[22:46:10][][main/INFO]: 38.47346
[22:46:10][][main/INFO]: 32.480545
[22:46:10][][main/INFO]: 22.293346
[22:46:10][][main/INFO]: 17.910748
[22:46:10][][main/INFO]: 16.61495
[22:46:10][][main/INFO]: 15.139027
[22:46:10][][main/INFO]: 14.735082
[22:46:10][][main/INFO]: 14.279399
[22:46:10][][main/INFO]: 14.168236
[22:46:10][][main/INFO]: 14.058176
[22:46:10][][main/INFO]: 14.058176
[22:46:10][][main/INFO]: 13.841337
[22:46:10][][main/INFO]: 13.841337
[22:46:10][][main/INFO]: 13.841337
[22:46:10][][main/INFO]: 13.841337
[22:46:10][][main/INFO]: 13.516958
[22:46:10][][main/INFO]: 13.416436
[22:46:10][][main/INFO]: 13.416436
[22:46:10][][main/INFO]: 13.416436
[22:46:11][][main/INFO]: 13.416436
[22:46:11][][main/INFO]: 13.416436
[22:46:11][][main/INFO]: 13.416436
[22:46:11][][main/INFO]: 13.416436
[22:46:11][][main/INFO]: 13.452328
[22:46:11][][main/INFO]: 13.452328
[22:46:11][][main/INFO]: 13.465676
[22:46:11][][main/INFO]: 13.464515
[22:46:11][][main/INFO]: 13.464515
[22:46:11][][main/INFO]: 13.430643
[22:46:11][][main/INFO]: 13.402923
[22:46:11][][main/INFO]: 13.368718
[22:46:11][][main/INFO]: 13.328504
[22:46:11][][main/INFO]: 13.282727
[22:46:11][][main/INFO]: 13.231801
[22:46:11][][main/INFO]: 13.115982
[22:46:11][][main/INFO]: 13.115982
[22:46:11][][main/INFO]: 13.051772
[22:46:11][][main/INFO]: 12.983772
[22:46:11][][main/INFO]: 12.912261
[22:46:11][][main/INFO]: 12.837499
[22:46:11][][main/INFO]: 12.759728
[22:46:11][][main/INFO]: 12.67917
[22:46:11][][main/INFO]: 12.596025
[22:46:11][][main/INFO]: 12.510492
[22:46:11][][main/INFO]: 12.332946
[22:46:11][][main/INFO]: 12.332946
[22:46:11][][main/INFO]: 12.072843
[22:46:11][][main/INFO]: 12.072843
[22:46:11][][main/INFO]: 11.71821
[22:46:11][][main/INFO]: 11.71821
[22:46:11][][main/INFO]: 11.282501
[22:46:11][][main/INFO]: 11.037914
[22:46:11][][main/INFO]: 10.777251
[22:46:11][][main/INFO]: 10.501699
[22:46:11][][main/INFO]: 10.212358
[22:46:11][][main/INFO]: 9.910246
[22:46:11][][main/INFO]: 9.596308
[22:46:11][][main/INFO]: 9.491251
[22:46:11][][main/INFO]: 9.449472
[22:46:11][][main/INFO]: 9.826576
[22:46:11][][main/INFO]: 9.426633
[22:46:11][][main/INFO]: 9.453467
[22:46:11][][main/INFO]: 10.049117
[22:46:11][][main/INFO]: 13.9973545
[22:46:11][][main/INFO]: 18.972504
[22:46:11][][main/INFO]: 22.520823
[22:46:11][][main/INFO]: 26.13204
[22:46:11][][main/INFO]: 35.369
[22:46:11][][main/INFO]: 51.80296
[22:46:11][][main/INFO]: -1056.0057
[22:46:11][][main/INFO]: -22.216206
[22:46:11][][main/INFO]: -10.301224
[22:46:11][][main/INFO]: -6.2699165
[22:46:11][][main/INFO]: -6.0170517
[22:46:11][][main/INFO]: -4.5288486
[22:46:11][][main/INFO]: -2.9536204
[22:46:11][][main/INFO]: -2.1443067
[22:46:11][][main/INFO]: -1.5903443
[22:46:11][][main/INFO]: -1.0968542
[22:46:12][][main/INFO]: -0.59629077
[22:46:12][][main/INFO]: -0.13223673
[22:46:12][][main/INFO]: 0.3158681
[22:46:12][][main/INFO]: 0.73118514
[22:46:12][][main/INFO]: 1.0605718
[22:46:12][][main/INFO]: 1.2789398
[22:46:12][][main/INFO]: 1.533675
[22:46:12][][main/INFO]: 1.9953532
[22:46:12][][main/INFO]: 1.9530759
[22:46:12][][main/INFO]: 2.3512597
[22:46:12][][main/INFO]: 2.381792
[22:46:12][][main/INFO]: 2.5664377
[22:46:12][][main/INFO]: 2.7374406
[22:46:12][][main/INFO]: 2.8958092
[22:46:12][][main/INFO]: 3.1614254
[22:46:12][][main/INFO]: 3.145587
[22:46:12][][main/INFO]: 3.142652
[22:46:12][][main/INFO]: 3.1047163
[22:46:12][][main/INFO]: 3.1321692
[22:46:12][][main/INFO]: 3.0872843
[22:46:12][][main/INFO]: 3.2335496
[22:46:12][][main/INFO]: 3.300973
[22:46:12][][main/INFO]: 3.3634129
[22:46:12][][main/INFO]: 3.4212408
[22:46:12][][main/INFO]: 3.4882102
[22:46:12][][main/INFO]: 3.5636458
[22:46:12][][main/INFO]: 3.6469226
[22:46:12][][main/INFO]: 3.73746
[22:46:12][][main/INFO]: 3.834722
[22:46:12][][main/INFO]: 3.9382124
[22:46:12][][main/INFO]: 4.1620684
[22:46:12][][main/INFO]: 4.2816157
[22:46:12][][main/INFO]: 4.534114
[22:46:12][][main/INFO]: 4.534114
[22:46:12][][main/INFO]: 4.608515
[22:46:12][][main/INFO]: 4.82984
[22:46:12][][main/INFO]: 5.042486
[22:46:12][][main/INFO]: 5.175989
[22:46:12][][main/INFO]: 5.368286
[22:46:12][][main/INFO]: 5.569135
[22:46:12][][main/INFO]: 5.569135
[22:46:12][][main/INFO]: 5.7414026
[22:46:12][][main/INFO]: 5.7414026
[22:46:12][][main/INFO]: 5.8891554
[22:46:12][][main/INFO]: 5.811588
[22:46:12][][main/INFO]: 5.8710537
[22:46:12][][main/INFO]: 5.945783
[22:46:12][][main/INFO]: 6.0183535
[22:46:12][][main/INFO]: 6.161253
[22:46:12][][main/INFO]: 6.1333227
[22:46:12][][main/INFO]: 6.2723665
[22:46:12][][main/INFO]: 6.310893
[22:46:12][][main/INFO]: 6.3465724
[22:46:12][][main/INFO]: 6.379616
[22:46:12][][main/INFO]: 6.4102182
[22:46:12][][main/INFO]: 6.43856
[22:46:12][][main/INFO]: 6.489116
[22:46:12][][main/INFO]: 6.489116
[22:46:13][][main/INFO]: 6.5324783
[22:46:13][][main/INFO]: 6.5324783
[22:46:13][][main/INFO]: 6.569669
[22:46:13][][main/INFO]: 6.569669
[22:46:13][][main/INFO]: 6.6142735
[22:46:13][][main/INFO]: 6.6296773
[22:46:13][][main/INFO]: 6.643941
[22:46:13][][main/INFO]: 6.6571527
[22:46:13][][main/INFO]: 6.68072
[22:46:13][][main/INFO]: 6.691214
[22:46:13][][main/INFO]: 6.700932
[22:46:13][][main/INFO]: 6.740317
[22:46:13][][main/INFO]: 6.77558
[22:46:13][][main/INFO]: 6.8223696
[22:46:13][][main/INFO]: 6.9474363
[22:46:13][][main/INFO]: 6.9978466
[22:46:13][][main/INFO]: 7.177887
[22:46:13][][main/INFO]: 7.183929
[22:46:13][][main/INFO]: 7.189525
[22:46:13][][main/INFO]: 7.194708
[22:46:13][][main/INFO]: 7.203952
[22:46:13][][main/INFO]: 7.203952
[22:46:13][][main/INFO]: 7.211883
[22:46:13][][main/INFO]: 7.211883
[22:46:13][][main/INFO]: 7.2186856
[22:46:13][][main/INFO]: 7.2186856
[22:46:13][][main/INFO]: 7.224516
[22:46:13][][main/INFO]: 7.224516
[22:46:13][][main/INFO]: 7.2295194
[22:46:13][][main/INFO]: 7.2295194
[22:46:13][][main/INFO]: 7.231748
[22:46:13][][main/INFO]: 7.2338114
[22:46:13][][main/INFO]: 7.2374926
[22:46:13][][main/INFO]: 7.2391315
[22:46:13][][main/INFO]: 7.2406497
[22:46:13][][main/INFO]: 7.242054
[22:46:13][][main/INFO]: 7.2433553
[22:46:13][][main/INFO]: 7.2445607
[22:46:13][][main/INFO]: 7.2456775
[22:46:13][][main/INFO]: 7.246712
[22:46:13][][main/INFO]: 7.353948
[22:46:13][][main/INFO]: 7.4123163
[22:46:13][][main/INFO]: 7.413157
[22:46:13][][main/INFO]: 7.4139347
[22:46:13][][main/INFO]: 7.5577917
[22:46:13][][main/INFO]: 7.558472
[22:46:13][][main/INFO]: 7.559687
[22:46:13][][main/INFO]: 7.559687
[22:46:13][][main/INFO]: 7.560728
[22:46:13][][main/INFO]: 7.5611906
[22:46:13][][main/INFO]: 7.5616198
[22:46:13][][main/INFO]: 7.5616198
[22:46:13][][main/INFO]: 7.562384
[22:46:13][][main/INFO]: 7.562384
[22:46:13][][main/INFO]: 7.562725
[22:46:13][][main/INFO]: 7.5630403
[22:46:13][][main/INFO]: 7.563603
[22:46:13][][main/INFO]: 7.563854
[22:46:13][][main/INFO]: 7.564087
[22:46:13][][main/INFO]: 7.564302
[22:46:13][][main/INFO]: 7.5645
[22:46:14][][main/INFO]: 7.564683
[22:46:14][][main/INFO]: 7.564854
[22:46:14][][main/INFO]: 7.565012
[22:46:14][][main/INFO]: 7.5651574
[22:46:14][][main/INFO]: 7.565294
[22:46:14][][main/INFO]: 7.565294
[22:46:14][][main/INFO]: 7.565294
[22:46:14][][main/INFO]: 7.565294
[22:46:14][][main/INFO]: 7.565294
[22:46:14][][main/INFO]: 7.565294
[22:46:14][][main/INFO]: 7.565294
[22:46:14][][main/INFO]: 7.565294
[22:46:14][][main/INFO]: 7.565294
[22:46:14][][main/INFO]: 7.565294
[22:46:14][][main/INFO]: 7.565294
[22:46:14][][main/INFO]: 7.565294
[22:46:14][][main/INFO]: 7.565294
[22:46:14][][main/INFO]: 7.565294
[22:46:14][][main/INFO]: 7.565294
[22:46:14][][main/INFO]: 7.565294
[22:46:14][][main/INFO]: 7.565294
[22:46:14][][main/INFO]: 7.565294
[22:46:14][][main/INFO]: 7.565294
[22:46:14][][main/INFO]: 7.565294
[22:46:14][][main/INFO]: 7.565294
[22:46:14][][main/INFO]: 7.565294
[22:46:14][][main/INFO]: 7.565294
[22:46:14][][main/INFO]: 7.565294
[22:46:14][][main/INFO]: 7.565294
[22:46:14][][main/INFO]: 7.565294
[22:46:14][][main/INFO]: 7.565294
[22:46:14][][main/INFO]: 7.565294
[22:46:14][][main/INFO]: 7.565294
[22:46:14][][main/INFO]: 7.565294
[22:46:14][][main/INFO]: 7.565294
[22:46:14][][main/INFO]: 7.565294
[22:46:14][][main/INFO]: 7.565294
[22:46:14][][main/INFO]: 7.565294
[22:46:14][][main/INFO]: 7.565294
[22:46:14][][main/INFO]: 7.565294
[22:46:14][][main/INFO]: 7.565294
[22:46:14][][main/INFO]: 7.565294
[22:46:14][][main/INFO]: 7.565294
[22:46:14][][main/INFO]: 7.565294
[22:46:14][][main/INFO]: 7.565294
[22:46:14][][main/INFO]: 7.565294
[22:46:14][][main/INFO]: 7.565294
[22:46:14][][main/INFO]: 7.565294
[22:46:14][][main/INFO]: 7.565294
[22:46:14][][main/INFO]: 7.565294
[22:46:14][][main/INFO]: 7.565294
[22:46:14][][main/INFO]: 7.565294
[22:46:14][][main/INFO]: 7.565294
[22:46:14][][main/INFO]: 7.565294
[22:46:14][][main/INFO]: 7.565294
[22:46:14][][main/INFO]: 7.565294
[22:46:14][][main/INFO]: 7.565294
[22:46:14][][main/INFO]: 7.565294
[22:46:15][][main/INFO]: 7.565294
[22:46:15][][main/INFO]: 7.565294
[22:46:15][][main/INFO]: 7.565294
[22:46:15][][main/INFO]: 7.565294
[22:46:15][][main/INFO]: 7.565294
[22:46:15][][main/INFO]: 7.565294
[22:46:15][][main/INFO]: 7.565294
[22:46:15][][main/INFO]: 7.565294
[22:46:15][][main/INFO]: 7.565294
[22:46:15][][main/INFO]: 7.565294
[22:46:15][][main/INFO]: 7.565294
[22:46:15][][main/INFO]: 7.565294
[22:46:15][][main/INFO]: 7.565294
[22:46:15][][main/INFO]: 7.565294
[22:46:15][][main/INFO]: 7.565294
[22:46:15][][main/INFO]: 7.565294
[22:46:15][][main/INFO]: 7.565294
[22:46:15][][main/INFO]: 7.565294
[22:46:15][][main/INFO]: 7.565294
[22:46:15][][main/INFO]: 7.565294
[22:46:15][][main/INFO]: 7.565294
[22:46:15][][main/INFO]: 7.565294
[22:46:15][][main/INFO]: 7.565294
[22:46:15][][main/INFO]: 7.565294
[22:46:15][][main/INFO]: 7.565294
[22:46:15][][main/INFO]: 7.565294
[22:46:15][][main/INFO]: 7.565294
[22:46:15][][main/INFO]: 7.565294
[22:46:15][][main/INFO]: 7.565294
[22:46:15][][main/INFO]: 7.565294
[22:46:15][][main/INFO]: 7.565294
[22:46:15][][main/INFO]: 7.565294
[22:46:15][][main/INFO]: 7.565294
[22:46:15][][main/INFO]: 7.565294
[22:46:15][][main/INFO]: 7.565294
[22:46:15][][main/INFO]: 7.565294
[22:46:15][][main/INFO]: 7.565294
[22:46:15][][main/INFO]: 7.565294
[22:46:15][][main/INFO]: 7.565294
[22:46:15][][main/INFO]: 7.565294
[22:46:15][][main/INFO]: 7.565294
[22:46:15][][main/INFO]: 7.565294
[22:46:15][][main/INFO]: 7.565294
[22:46:15][][main/INFO]: 7.565294
[22:46:15][][main/INFO]: 7.565294
[22:46:15][][main/INFO]: 7.565294
[22:46:15][][main/INFO]: 7.565294
[22:46:15][][main/INFO]: 7.565294
[22:46:15][][main/INFO]: 7.565294
[22:46:15][][main/INFO]: 7.565294
[22:46:15][][main/INFO]: 7.565294
[22:46:15][][main/INFO]: 7.565294
[22:46:15][][main/INFO]: 7.565294
[22:46:15][][main/INFO]: 7.565294
[22:46:15][][main/INFO]: 7.565294
[22:46:15][][main/INFO]: 7.565294
[22:46:15][][main/INFO]: 7.565294
[22:46:16][][main/INFO]: 7.565294
[22:46:16][][main/INFO]: 7.565294
[22:46:16][][main/INFO]: 7.565294
[22:46:16][][main/INFO]: 7.565294
[22:46:16][][main/INFO]: Saved GameSettings options. (options.dat)
