[17:43:52][][main/INFO]: Loaded GameSettings options. (options.dat)
[17:43:52][][main/INFO]: OperationSystem Mac OS X 10.15.4, rt 1.8.0_231 x86_64, VM Java HotSpot(TM) 64-Bit Server VM v25.231-b11
[17:43:54][][main/INFO]: RenderEngine initialized. GL_I: Intel Inc. - Intel(R) Iris(TM) Plus Graphics 645 | 4.1 INTEL-14.5.22
[17:43:54][][main/INFO]: LWJGL 3.2.3 build 13, GLFWL 3.4.0 Cocoa NSGL EGL OSMesa dynamic
[17:43:54][][main/INFO]: AudioEngine initialized. AL_I: OpenAL Community / 1.1 ALSOFT 1.19.1, devispec OpenAL Soft
[17:43:58][][main/INFO]: Zero manifold...
[17:43:58][][main/INFO]: Zero manifold...
[17:43:58][][main/INFO]: Zero manifold...
[17:43:58][][main/INFO]: Zero manifold...
[17:43:58][][main/INFO]: Zero manifold...
[17:43:58][][main/INFO]: Zero manifold...
[17:43:58][][main/INFO]: Zero manifold...
[17:43:58][][main/INFO]: Zero manifold...
[17:43:58][][main/INFO]: Zero manifold...
[17:43:58][][main/INFO]: Zero manifold...
[17:43:58][][main/INFO]: Zero manifold...
[17:43:58][][main/INFO]: Zero manifold...
[17:43:58][][main/INFO]: Zero manifold...
[17:43:58][][main/INFO]: Zero manifold...
[17:43:58][][main/INFO]: Zero manifold...
[17:43:58][][main/INFO]: Zero manifold...
[17:43:58][][main/INFO]: Zero manifold...
[17:43:58][][main/INFO]: Zero manifold...
[17:43:58][][main/INFO]: Zero manifold...
[17:43:58][][main/INFO]: Zero manifold...
[17:43:58][][main/INFO]: Zero manifold...
[17:43:58][][main/INFO]: Zero manifold...
[17:43:58][][main/INFO]: Zero manifold...
[17:43:58][][main/INFO]: Zero manifold...
[17:43:58][][main/INFO]: Zero manifold...
[17:43:58][][main/INFO]: Zero manifold...
[17:43:58][][main/INFO]: Zero manifold...
[17:43:58][][main/INFO]: Zero manifold...
[17:43:58][][main/INFO]: Zero manifold...
[17:43:58][][main/INFO]: Zero manifold...
[17:43:58][][main/INFO]: Zero manifold...
[17:43:58][][main/INFO]: Zero manifold...
[17:43:58][][main/INFO]: Zero manifold...
[17:43:58][][main/INFO]: Zero manifold...
[17:43:58][][main/INFO]: Zero manifold...
[17:43:58][][main/INFO]: Zero manifold...
[17:43:58][][main/INFO]: Zero manifold...
[17:43:58][][main/INFO]: Zero manifold...
[17:43:58][][main/INFO]: Zero manifold...
[17:43:58][][main/INFO]: Zero manifold...
[17:43:58][][main/INFO]: Zero manifold...
[17:43:58][][main/INFO]: Zero manifold...
[17:43:58][][main/INFO]: Zero manifold...
[17:43:58][][main/INFO]: Zero manifold...
[17:43:58][][main/INFO]: Zero manifold...
[17:43:58][][main/INFO]: Zero manifold...
[17:43:58][][main/INFO]: Zero manifold...
[17:43:58][][main/INFO]: Zero manifold...
[17:43:58][][main/INFO]: Zero manifold...
[17:43:58][][main/INFO]: Zero manifold...
[17:43:58][][main/INFO]: Zero manifold...
[17:43:58][][main/INFO]: Zero manifold...
[17:43:58][][main/INFO]: Zero manifold...
[17:43:58][][main/INFO]: Zero manifold...
[17:43:58][][main/INFO]: Zero manifold...
[17:43:58][][main/INFO]: Zero manifold...
[17:43:58][][main/INFO]: Zero manifold...
[17:43:58][][main/INFO]: Zero manifold...
[17:43:58][][main/INFO]: Zero manifold...
[17:43:58][][main/INFO]: Zero manifold...
[17:43:58][][main/INFO]: Zero manifold...
[17:43:58][][main/INFO]: Zero manifold...
[17:43:58][][main/INFO]: Zero manifold...
[17:43:58][][main/INFO]: Zero manifold...
[17:43:58][][main/INFO]: Zero manifold...
[17:43:58][][main/INFO]: Zero manifold...
[17:43:58][][main/INFO]: Zero manifold...
[17:43:58][][main/INFO]: Zero manifold...
[17:43:59][][main/INFO]: Zero manifold...
[17:43:59][][main/INFO]: Zero manifold...
[17:43:59][][main/INFO]: Zero manifold...
[17:43:59][][main/INFO]: Zero manifold...
[17:43:59][][main/INFO]: Zero manifold...
[17:43:59][][main/INFO]: Zero manifold...
[17:43:59][][main/INFO]: Zero manifold...
[17:43:59][][main/INFO]: Zero manifold...
[17:43:59][][main/INFO]: Zero manifold...
[17:43:59][][main/INFO]: Zero manifold...
[17:43:59][][main/INFO]: Zero manifold...
[17:43:59][][main/INFO]: Zero manifold...
[17:43:59][][main/INFO]: Zero manifold...
[17:43:59][][main/INFO]: Zero manifold...
[17:43:59][][main/INFO]: Zero manifold...
[17:43:59][][main/INFO]: Zero manifold...
[17:43:59][][main/INFO]: Zero manifold...
[17:43:59][][main/INFO]: Zero manifold...
[17:43:59][][main/INFO]: Zero manifold...
[17:43:59][][main/INFO]: Zero manifold...
[17:43:59][][main/INFO]: Zero manifold...
[17:43:59][][main/INFO]: Zero manifold...
[17:43:59][][main/INFO]: Zero manifold...
[17:43:59][][main/INFO]: Zero manifold...
[17:43:59][][main/INFO]: Zero manifold...
[17:43:59][][main/INFO]: Zero manifold...
[17:43:59][][main/INFO]: Zero manifold...
[17:43:59][][main/INFO]: Zero manifold...
[17:43:59][][main/INFO]: Zero manifold...
[17:43:59][][main/INFO]: Zero manifold...
[17:43:59][][main/INFO]: Zero manifold...
[17:43:59][][main/INFO]: Zero manifold...
[17:43:59][][main/INFO]: Zero manifold...
[17:43:59][][main/INFO]: Zero manifold...
[17:43:59][][main/INFO]: Zero manifold...
[17:43:59][][main/INFO]: Zero manifold...
[17:43:59][][main/INFO]: Zero manifold...
[17:43:59][][main/INFO]: Zero manifold...
[17:43:59][][main/INFO]: Zero manifold...
[17:43:59][][main/INFO]: Zero manifold...
[17:43:59][][main/INFO]: Zero manifold...
[17:43:59][][main/INFO]: Zero manifold...
[17:43:59][][main/INFO]: Zero manifold...
[17:43:59][][main/INFO]: Zero manifold...
[17:43:59][][main/INFO]: Zero manifold...
[17:43:59][][main/INFO]: Zero manifold...
[17:43:59][][main/INFO]: Zero manifold...
[17:43:59][][main/INFO]: Zero manifold...
[17:43:59][][main/INFO]: Zero manifold...
[17:43:59][][main/INFO]: Zero manifold...
[17:43:59][][main/INFO]: Zero manifold...
[17:43:59][][main/INFO]: Zero manifold...
[17:43:59][][main/INFO]: Zero manifold...
[17:43:59][][main/INFO]: Zero manifold...
[17:43:59][][main/INFO]: Zero manifold...
[17:43:59][][main/INFO]: Zero manifold...
[17:43:59][][main/INFO]: Zero manifold...
[17:43:59][][main/INFO]: Zero manifold...
[17:43:59][][main/INFO]: Zero manifold...
[17:43:59][][main/INFO]: Zero manifold...
[17:43:59][][main/INFO]: Zero manifold...
[17:43:59][][main/INFO]: Zero manifold...
[17:44:00][][main/INFO]: Zero manifold...
[17:44:00][][main/INFO]: Zero manifold...
[17:44:00][][main/INFO]: Zero manifold...
[17:44:00][][main/INFO]: Zero manifold...
[17:44:00][][main/INFO]: Zero manifold...
[17:44:00][][main/INFO]: Zero manifold...
[17:44:00][][main/INFO]: Zero manifold...
[17:44:00][][main/INFO]: Zero manifold...
[17:44:00][][main/INFO]: Zero manifold...
[17:44:00][][main/INFO]: Zero manifold...
[17:44:00][][main/INFO]: Zero manifold...
[17:44:00][][main/INFO]: Zero manifold...
[17:44:00][][main/INFO]: Zero manifold...
[17:44:00][][main/INFO]: Zero manifold...
[17:44:00][][main/INFO]: Zero manifold...
[17:44:00][][main/INFO]: Zero manifold...
[17:44:00][][main/INFO]: Zero manifold...
[17:44:00][][main/INFO]: Zero manifold...
[17:44:00][][main/INFO]: Zero manifold...
[17:44:00][][main/INFO]: Zero manifold...
[17:44:00][][main/INFO]: Zero manifold...
[17:44:00][][main/INFO]: Zero manifold...
[17:44:00][][main/INFO]: Zero manifold...
[17:44:00][][main/INFO]: Zero manifold...
[17:44:00][][main/INFO]: Zero manifold...
[17:44:00][][main/INFO]: Zero manifold...
[17:44:00][][main/INFO]: Zero manifold...
[17:44:00][][main/INFO]: Zero manifold...
[17:44:00][][main/INFO]: Zero manifold...
[17:44:00][][main/INFO]: Zero manifold...
[17:44:00][][main/INFO]: Zero manifold...
[17:44:00][][main/INFO]: Zero manifold...
[17:44:00][][main/INFO]: Zero manifold...
[17:44:00][][main/INFO]: Zero manifold...
[17:44:00][][main/INFO]: Zero manifold...
[17:44:00][][main/INFO]: Zero manifold...
[17:44:00][][main/INFO]: Zero manifold...
[17:44:00][][main/INFO]: Zero manifold...
[17:44:00][][main/INFO]: Zero manifold...
[17:44:00][][main/INFO]: Zero manifold...
[17:44:00][][main/INFO]: Zero manifold...
[17:44:00][][main/INFO]: Zero manifold...
[17:44:00][][main/INFO]: Zero manifold...
[17:44:00][][main/INFO]: Zero manifold...
[17:44:00][][main/INFO]: Zero manifold...
[17:44:00][][main/INFO]: Zero manifold...
[17:44:00][][main/INFO]: Zero manifold...
[17:44:00][][main/INFO]: Zero manifold...
[17:44:00][][main/INFO]: Zero manifold...
[17:44:00][][main/INFO]: Zero manifold...
[17:44:00][][main/INFO]: Zero manifold...
[17:44:00][][main/INFO]: Zero manifold...
[17:44:00][][main/INFO]: Zero manifold...
[17:44:00][][main/INFO]: Zero manifold...
[17:44:00][][main/INFO]: Zero manifold...
[17:44:00][][main/INFO]: Zero manifold...
[17:44:00][][main/INFO]: Zero manifold...
[17:44:00][][main/INFO]: Zero manifold...
[17:44:00][][main/INFO]: Zero manifold...
[17:44:00][][main/INFO]: Zero manifold...
[17:44:00][][main/INFO]: Zero manifold...
[17:44:00][][main/INFO]: Zero manifold...
[17:44:00][][main/INFO]: Zero manifold...
[17:44:01][][main/INFO]: Zero manifold...
[17:44:01][][main/INFO]: Zero manifold...
[17:44:01][][main/INFO]: Zero manifold...
[17:44:01][][main/INFO]: Zero manifold...
[17:44:01][][main/INFO]: Zero manifold...
[17:44:01][][main/INFO]: Zero manifold...
[17:46:24][][main/INFO]: Saved GameSettings options. (options.dat)
