[23:28:58][][main/INFO]: Loaded GameSettings options. (options.dat)
[23:28:58][][main/INFO]: OperationSystem Mac OS X 10.15.4, rt 1.8.0_231 x86_64, VM Java HotSpot(TM) 64-Bit Server VM v25.231-b11
[23:29:01][][main/INFO]: RenderEngine initialized. GL_I: Intel Inc. - Intel(R) Iris(TM) Plus Graphics 645 | 4.1 INTEL-14.5.22
[23:29:01][][main/INFO]: LWJGL 3.2.3 build 13, GLFWL 3.4.0 Cocoa NSGL EGL OSMesa dynamic
[23:29:01][][main/INFO]: AudioEngine initialized. AL_I: OpenAL Community / 1.1 ALSOFT 1.19.1, devispec OpenAL Soft
[23:29:10][][main/INFO]: bodyAB's AABB both dosen't contains the ContactPoint-OnB
[23:29:10][][main/INFO]: bodyAB's AABB both dosen't contains the ContactPoint-OnB
[23:29:10][][main/INFO]: bodyAB's AABB both dosen't contains the ContactPoint-OnB
[23:29:10][][main/INFO]: bodyAB's AABB both dosen't contains the ContactPoint-OnB
[23:29:10][][main/INFO]: bodyAB's AABB both dosen't contains the ContactPoint-OnB
[23:29:10][][main/INFO]: bodyAB's AABB both dosen't contains the ContactPoint-OnB
[23:29:10][][main/INFO]: bodyAB's AABB both dosen't contains the ContactPoint-OnB
[23:29:10][][main/INFO]: bodyAB's AABB both dosen't contains the ContactPoint-OnB
[23:29:10][][main/INFO]: bodyAB's AABB both dosen't contains the ContactPoint-OnB
[23:29:10][][main/INFO]: bodyAB's AABB both dosen't contains the ContactPoint-OnB
[23:29:10][][main/INFO]: bodyAB's AABB both dosen't contains the ContactPoint-OnB
[23:29:11][][main/INFO]: bodyAB's AABB both dosen't contains the ContactPoint-OnB
[23:29:11][][main/INFO]: bodyAB's AABB both dosen't contains the ContactPoint-OnB
[23:29:11][][main/INFO]: bodyAB's AABB both dosen't contains the ContactPoint-OnB
[23:29:11][][main/INFO]: bodyAB's AABB both dosen't contains the ContactPoint-OnB
[23:29:11][][main/INFO]: bodyAB's AABB both dosen't contains the ContactPoint-OnB
[23:29:11][][main/INFO]: bodyAB's AABB both dosen't contains the ContactPoint-OnB
[23:29:11][][main/INFO]: bodyAB's AABB both dosen't contains the ContactPoint-OnB
[23:29:11][][main/INFO]: bodyAB's AABB both dosen't contains the ContactPoint-OnB
[23:29:11][][main/INFO]: bodyAB's AABB both dosen't contains the ContactPoint-OnB
[23:29:11][][main/INFO]: bodyAB's AABB both dosen't contains the ContactPoint-OnB
[23:29:11][][main/INFO]: bodyAB's AABB both dosen't contains the ContactPoint-OnB
[23:29:11][][main/INFO]: bodyAB's AABB both dosen't contains the ContactPoint-OnB
[23:29:11][][main/INFO]: bodyAB's AABB both dosen't contains the ContactPoint-OnB
[23:29:11][][main/INFO]: bodyAB's AABB both dosen't contains the ContactPoint-OnB
[23:29:11][][main/INFO]: bodyAB's AABB both dosen't contains the ContactPoint-OnB
[23:29:11][][main/INFO]: bodyAB's AABB both dosen't contains the ContactPoint-OnB
[23:29:11][][main/INFO]: bodyAB's AABB both dosen't contains the ContactPoint-OnB
[23:29:11][][main/INFO]: bodyAB's AABB both dosen't contains the ContactPoint-OnB
[23:29:11][][main/INFO]: bodyAB's AABB both dosen't contains the ContactPoint-OnB
[23:29:11][][main/INFO]: bodyAB's AABB both dosen't contains the ContactPoint-OnB
[23:29:11][][main/INFO]: bodyAB's AABB both dosen't contains the ContactPoint-OnB
[23:29:11][][main/INFO]: bodyAB's AABB both dosen't contains the ContactPoint-OnB
[23:29:11][][main/INFO]: bodyAB's AABB both dosen't contains the ContactPoint-OnB
[23:29:11][][main/INFO]: bodyAB's AABB both dosen't contains the ContactPoint-OnB
[23:29:11][][main/INFO]: bodyAB's AABB both dosen't contains the ContactPoint-OnB
[23:29:11][][main/INFO]: bodyAB's AABB both dosen't contains the ContactPoint-OnB
[23:29:11][][main/INFO]: bodyAB's AABB both dosen't contains the ContactPoint-OnB
[23:29:11][][main/INFO]: bodyAB's AABB both dosen't contains the ContactPoint-OnB
[23:29:11][][main/INFO]: bodyAB's AABB both dosen't contains the ContactPoint-OnB
[23:29:11][][main/INFO]: bodyAB's AABB both dosen't contains the ContactPoint-OnB
[23:29:11][][main/INFO]: bodyAB's AABB both dosen't contains the ContactPoint-OnB
[23:29:11][][main/INFO]: bodyAB's AABB both dosen't contains the ContactPoint-OnB
[23:29:11][][main/INFO]: bodyAB's AABB both dosen't contains the ContactPoint-OnB
[23:29:11][][main/INFO]: bodyAB's AABB both dosen't contains the ContactPoint-OnB
[23:29:11][][main/INFO]: bodyAB's AABB both dosen't contains the ContactPoint-OnB
[23:29:11][][main/INFO]: bodyAB's AABB both dosen't contains the ContactPoint-OnB
[23:29:11][][main/INFO]: bodyAB's AABB both dosen't contains the ContactPoint-OnB
[23:29:11][][main/INFO]: bodyAB's AABB both dosen't contains the ContactPoint-OnB
[23:29:11][][main/INFO]: bodyAB's AABB both dosen't contains the ContactPoint-OnB
[23:29:11][][main/INFO]: bodyAB's AABB both dosen't contains the ContactPoint-OnB
[23:29:11][][main/INFO]: bodyAB's AABB both dosen't contains the ContactPoint-OnB
[23:29:11][][main/INFO]: bodyAB's AABB both dosen't contains the ContactPoint-OnB
[23:29:11][][main/INFO]: bodyAB's AABB both dosen't contains the ContactPoint-OnB
[23:29:11][][main/INFO]: bodyAB's AABB both dosen't contains the ContactPoint-OnB
[23:29:11][][main/INFO]: bodyAB's AABB both dosen't contains the ContactPoint-OnB
[23:29:11][][main/INFO]: bodyAB's AABB both dosen't contains the ContactPoint-OnB
[23:29:11][][main/INFO]: bodyAB's AABB both dosen't contains the ContactPoint-OnB
[23:29:11][][main/INFO]: bodyAB's AABB both dosen't contains the ContactPoint-OnB
[23:29:11][][main/INFO]: bodyAB's AABB both dosen't contains the ContactPoint-OnB
[23:29:11][][main/INFO]: bodyAB's AABB both dosen't contains the ContactPoint-OnB
[23:29:11][][main/INFO]: bodyAB's AABB both dosen't contains the ContactPoint-OnB
[23:29:11][][main/INFO]: bodyAB's AABB both dosen't contains the ContactPoint-OnB
[23:29:11][][main/INFO]: bodyAB's AABB both dosen't contains the ContactPoint-OnB
[23:29:11][][main/INFO]: bodyAB's AABB both dosen't contains the ContactPoint-OnB
[23:29:11][][main/INFO]: bodyAB's AABB both dosen't contains the ContactPoint-OnB
[23:29:11][][main/INFO]: bodyAB's AABB both dosen't contains the ContactPoint-OnB
[23:29:11][][main/INFO]: bodyAB's AABB both dosen't contains the ContactPoint-OnB
[23:29:11][][main/INFO]: bodyAB's AABB both dosen't contains the ContactPoint-OnB
[23:29:11][][main/INFO]: bodyAB's AABB both dosen't contains the ContactPoint-OnB
[23:29:12][][main/INFO]: bodyAB's AABB both dosen't contains the ContactPoint-OnB
[23:29:12][][main/INFO]: bodyAB's AABB both dosen't contains the ContactPoint-OnB
[23:29:12][][main/INFO]: bodyAB's AABB both dosen't contains the ContactPoint-OnB
[23:29:12][][main/INFO]: bodyAB's AABB both dosen't contains the ContactPoint-OnB
[23:29:12][][main/INFO]: bodyAB's AABB both dosen't contains the ContactPoint-OnB
[23:29:12][][main/INFO]: bodyAB's AABB both dosen't contains the ContactPoint-OnB
[23:29:12][][main/INFO]: bodyAB's AABB both dosen't contains the ContactPoint-OnB
[23:29:12][][main/INFO]: bodyAB's AABB both dosen't contains the ContactPoint-OnB
[23:29:12][][main/INFO]: bodyAB's AABB both dosen't contains the ContactPoint-OnB
[23:29:12][][main/INFO]: bodyAB's AABB both dosen't contains the ContactPoint-OnB
[23:29:12][][main/INFO]: bodyAB's AABB both dosen't contains the ContactPoint-OnB
[23:29:12][][main/INFO]: bodyAB's AABB both dosen't contains the ContactPoint-OnB
[23:29:12][][main/INFO]: bodyAB's AABB both dosen't contains the ContactPoint-OnB
[23:29:12][][main/INFO]: bodyAB's AABB both dosen't contains the ContactPoint-OnB
[23:29:12][][main/INFO]: bodyAB's AABB both dosen't contains the ContactPoint-OnB
[23:29:12][][main/INFO]: bodyAB's AABB both dosen't contains the ContactPoint-OnB
[23:29:12][][main/INFO]: bodyAB's AABB both dosen't contains the ContactPoint-OnB
[23:29:12][][main/INFO]: bodyAB's AABB both dosen't contains the ContactPoint-OnB
[23:29:12][][main/INFO]: bodyAB's AABB both dosen't contains the ContactPoint-OnB
[23:29:12][][main/INFO]: bodyAB's AABB both dosen't contains the ContactPoint-OnB
[23:29:12][][main/INFO]: bodyAB's AABB both dosen't contains the ContactPoint-OnB
[23:29:12][][main/INFO]: bodyAB's AABB both dosen't contains the ContactPoint-OnB
[23:29:12][][main/INFO]: bodyAB's AABB both dosen't contains the ContactPoint-OnB
[23:29:12][][main/INFO]: bodyAB's AABB both dosen't contains the ContactPoint-OnB
[23:29:12][][main/INFO]: bodyAB's AABB both dosen't contains the ContactPoint-OnB
[23:29:12][][main/INFO]: bodyAB's AABB both dosen't contains the ContactPoint-OnB
[23:29:12][][main/INFO]: bodyAB's AABB both dosen't contains the ContactPoint-OnB
[23:29:12][][main/INFO]: bodyAB's AABB both dosen't contains the ContactPoint-OnB
[23:29:12][][main/INFO]: bodyAB's AABB both dosen't contains the ContactPoint-OnB
[23:29:12][][main/INFO]: bodyAB's AABB both dosen't contains the ContactPoint-OnB
[23:29:12][][main/INFO]: bodyAB's AABB both dosen't contains the ContactPoint-OnB
[23:29:12][][main/INFO]: bodyAB's AABB both dosen't contains the ContactPoint-OnB
[23:29:12][][main/INFO]: bodyAB's AABB both dosen't contains the ContactPoint-OnB
[23:29:12][][main/INFO]: bodyAB's AABB both dosen't contains the ContactPoint-OnB
[23:29:12][][main/INFO]: bodyAB's AABB both dosen't contains the ContactPoint-OnB
[23:29:12][][main/INFO]: bodyAB's AABB both dosen't contains the ContactPoint-OnB
[23:29:12][][main/INFO]: bodyAB's AABB both dosen't contains the ContactPoint-OnB
[23:29:12][][main/INFO]: bodyAB's AABB both dosen't contains the ContactPoint-OnB
[23:29:12][][main/INFO]: bodyAB's AABB both dosen't contains the ContactPoint-OnB
[23:29:12][][main/INFO]: bodyAB's AABB both dosen't contains the ContactPoint-OnB
[23:29:12][][main/INFO]: bodyAB's AABB both dosen't contains the ContactPoint-OnB
[23:29:12][][main/INFO]: bodyAB's AABB both dosen't contains the ContactPoint-OnB
[23:29:12][][main/INFO]: bodyAB's AABB both dosen't contains the ContactPoint-OnB
[23:29:12][][main/INFO]: bodyAB's AABB both dosen't contains the ContactPoint-OnB
[23:29:12][][main/INFO]: bodyAB's AABB both dosen't contains the ContactPoint-OnB
[23:29:12][][main/INFO]: bodyAB's AABB both dosen't contains the ContactPoint-OnB
[23:29:12][][main/INFO]: bodyAB's AABB both dosen't contains the ContactPoint-OnB
[23:29:12][][main/INFO]: bodyAB's AABB both dosen't contains the ContactPoint-OnB
[23:29:12][][main/INFO]: bodyAB's AABB both dosen't contains the ContactPoint-OnB
[23:29:12][][main/INFO]: bodyAB's AABB both dosen't contains the ContactPoint-OnB
[23:29:12][][main/INFO]: bodyAB's AABB both dosen't contains the ContactPoint-OnB
[23:29:12][][main/INFO]: bodyAB's AABB both dosen't contains the ContactPoint-OnB
[23:29:12][][main/INFO]: bodyAB's AABB both dosen't contains the ContactPoint-OnB
[23:29:12][][main/INFO]: bodyAB's AABB both dosen't contains the ContactPoint-OnB
[23:29:12][][main/INFO]: bodyAB's AABB both dosen't contains the ContactPoint-OnB
[23:29:12][][main/INFO]: bodyAB's AABB both dosen't contains the ContactPoint-OnB
[23:29:12][][main/INFO]: bodyAB's AABB both dosen't contains the ContactPoint-OnB
[23:29:12][][main/INFO]: bodyAB's AABB both dosen't contains the ContactPoint-OnB
[23:29:12][][main/INFO]: bodyAB's AABB both dosen't contains the ContactPoint-OnB
[23:29:12][][main/INFO]: bodyAB's AABB both dosen't contains the ContactPoint-OnB
[23:29:12][][main/INFO]: bodyAB's AABB both dosen't contains the ContactPoint-OnB
[23:29:12][][main/INFO]: bodyAB's AABB both dosen't contains the ContactPoint-OnB
[23:29:12][][main/INFO]: bodyAB's AABB both dosen't contains the ContactPoint-OnB
[23:29:13][][main/INFO]: bodyAB's AABB both dosen't contains the ContactPoint-OnB
[23:29:13][][main/INFO]: bodyAB's AABB both dosen't contains the ContactPoint-OnB
[23:29:13][][main/INFO]: bodyAB's AABB both dosen't contains the ContactPoint-OnB
[23:29:13][][main/INFO]: bodyAB's AABB both dosen't contains the ContactPoint-OnB
[23:29:13][][main/INFO]: bodyAB's AABB both dosen't contains the ContactPoint-OnB
[23:29:13][][main/INFO]: bodyAB's AABB both dosen't contains the ContactPoint-OnB
[23:29:13][][main/INFO]: bodyAB's AABB both dosen't contains the ContactPoint-OnB
[23:29:13][][main/INFO]: bodyAB's AABB both dosen't contains the ContactPoint-OnB
[23:29:13][][main/INFO]: bodyAB's AABB both dosen't contains the ContactPoint-OnB
[23:29:13][][main/INFO]: bodyAB's AABB both dosen't contains the ContactPoint-OnB
[23:29:13][][main/INFO]: bodyAB's AABB both dosen't contains the ContactPoint-OnB
[23:29:13][][main/INFO]: bodyAB's AABB both dosen't contains the ContactPoint-OnB
[23:29:13][][main/INFO]: bodyAB's AABB both dosen't contains the ContactPoint-OnB
[23:29:13][][main/INFO]: bodyAB's AABB both dosen't contains the ContactPoint-OnB
[23:29:13][][main/INFO]: bodyAB's AABB both dosen't contains the ContactPoint-OnB
[23:29:13][][main/INFO]: bodyAB's AABB both dosen't contains the ContactPoint-OnB
[23:29:13][][main/INFO]: bodyAB's AABB both dosen't contains the ContactPoint-OnB
[23:29:13][][main/INFO]: bodyAB's AABB both dosen't contains the ContactPoint-OnB
[23:29:13][][main/INFO]: bodyAB's AABB both dosen't contains the ContactPoint-OnB
[23:29:13][][main/INFO]: bodyAB's AABB both dosen't contains the ContactPoint-OnB
[23:29:13][][main/INFO]: bodyAB's AABB both dosen't contains the ContactPoint-OnB
[23:29:13][][main/INFO]: bodyAB's AABB both dosen't contains the ContactPoint-OnB
[23:29:13][][main/INFO]: bodyAB's AABB both dosen't contains the ContactPoint-OnB
[23:29:13][][main/INFO]: bodyAB's AABB both dosen't contains the ContactPoint-OnB
[23:29:13][][main/INFO]: bodyAB's AABB both dosen't contains the ContactPoint-OnB
[23:29:13][][main/INFO]: bodyAB's AABB both dosen't contains the ContactPoint-OnB
[23:29:13][][main/INFO]: bodyAB's AABB both dosen't contains the ContactPoint-OnB
[23:29:13][][main/INFO]: bodyAB's AABB both dosen't contains the ContactPoint-OnB
[23:29:13][][main/INFO]: bodyAB's AABB both dosen't contains the ContactPoint-OnB
[23:29:13][][main/INFO]: bodyAB's AABB both dosen't contains the ContactPoint-OnB
[23:29:13][][main/INFO]: bodyAB's AABB both dosen't contains the ContactPoint-OnB
[23:29:13][][main/INFO]: bodyAB's AABB both dosen't contains the ContactPoint-OnB
[23:29:13][][main/INFO]: bodyAB's AABB both dosen't contains the ContactPoint-OnB
[23:29:13][][main/INFO]: bodyAB's AABB both dosen't contains the ContactPoint-OnB
[23:29:13][][main/INFO]: bodyAB's AABB both dosen't contains the ContactPoint-OnB
[23:29:13][][main/INFO]: bodyAB's AABB both dosen't contains the ContactPoint-OnB
[23:29:13][][main/INFO]: bodyAB's AABB both dosen't contains the ContactPoint-OnB
[23:29:13][][main/INFO]: bodyAB's AABB both dosen't contains the ContactPoint-OnB
[23:29:13][][main/INFO]: bodyAB's AABB both dosen't contains the ContactPoint-OnB
[23:29:13][][main/INFO]: bodyAB's AABB both dosen't contains the ContactPoint-OnB
[23:29:13][][main/INFO]: bodyAB's AABB both dosen't contains the ContactPoint-OnB
[23:29:13][][main/INFO]: bodyAB's AABB both dosen't contains the ContactPoint-OnB
[23:29:13][][main/INFO]: bodyAB's AABB both dosen't contains the ContactPoint-OnB
[23:29:13][][main/INFO]: bodyAB's AABB both dosen't contains the ContactPoint-OnB
[23:29:13][][main/INFO]: bodyAB's AABB both dosen't contains the ContactPoint-OnB
[23:29:13][][main/INFO]: bodyAB's AABB both dosen't contains the ContactPoint-OnB
[23:29:13][][main/INFO]: bodyAB's AABB both dosen't contains the ContactPoint-OnB
[23:29:13][][main/INFO]: bodyAB's AABB both dosen't contains the ContactPoint-OnB
[23:29:13][][main/INFO]: bodyAB's AABB both dosen't contains the ContactPoint-OnB
[23:29:13][][main/INFO]: bodyAB's AABB both dosen't contains the ContactPoint-OnB
[23:29:13][][main/INFO]: bodyAB's AABB both dosen't contains the ContactPoint-OnB
[23:29:13][][main/INFO]: bodyAB's AABB both dosen't contains the ContactPoint-OnB
[23:29:13][][main/INFO]: bodyAB's AABB both dosen't contains the ContactPoint-OnB
[23:29:13][][main/INFO]: bodyAB's AABB both dosen't contains the ContactPoint-OnB
[23:29:14][][main/INFO]: bodyAB's AABB both dosen't contains the ContactPoint-OnB
[23:29:14][][main/INFO]: bodyAB's AABB both dosen't contains the ContactPoint-OnB
[23:29:14][][main/INFO]: bodyAB's AABB both dosen't contains the ContactPoint-OnB
[23:29:14][][main/INFO]: bodyAB's AABB both dosen't contains the ContactPoint-OnB
[23:29:14][][main/INFO]: bodyAB's AABB both dosen't contains the ContactPoint-OnB
[23:29:14][][main/INFO]: bodyAB's AABB both dosen't contains the ContactPoint-OnB
[23:29:14][][main/INFO]: bodyAB's AABB both dosen't contains the ContactPoint-OnB
[23:29:14][][main/INFO]: bodyAB's AABB both dosen't contains the ContactPoint-OnB
[23:29:14][][main/INFO]: bodyAB's AABB both dosen't contains the ContactPoint-OnB
[23:29:14][][main/INFO]: bodyAB's AABB both dosen't contains the ContactPoint-OnB
[23:29:14][][main/INFO]: bodyAB's AABB both dosen't contains the ContactPoint-OnB
[23:29:14][][main/INFO]: bodyAB's AABB both dosen't contains the ContactPoint-OnB
[23:29:14][][main/INFO]: bodyAB's AABB both dosen't contains the ContactPoint-OnB
[23:29:14][][main/INFO]: bodyAB's AABB both dosen't contains the ContactPoint-OnB
[23:29:14][][main/INFO]: bodyAB's AABB both dosen't contains the ContactPoint-OnB
[23:29:14][][main/INFO]: bodyAB's AABB both dosen't contains the ContactPoint-OnB
[23:29:14][][main/INFO]: bodyAB's AABB both dosen't contains the ContactPoint-OnB
[23:29:14][][main/INFO]: bodyAB's AABB both dosen't contains the ContactPoint-OnB
[23:29:14][][main/INFO]: bodyAB's AABB both dosen't contains the ContactPoint-OnB
[23:29:14][][main/INFO]: bodyAB's AABB both dosen't contains the ContactPoint-OnB
[23:29:14][][main/INFO]: bodyAB's AABB both dosen't contains the ContactPoint-OnB
[23:29:14][][main/INFO]: bodyAB's AABB both dosen't contains the ContactPoint-OnB
[23:29:14][][main/INFO]: bodyAB's AABB both dosen't contains the ContactPoint-OnB
[23:29:14][][main/INFO]: bodyAB's AABB both dosen't contains the ContactPoint-OnB
[23:29:14][][main/INFO]: bodyAB's AABB both dosen't contains the ContactPoint-OnB
[23:29:14][][main/INFO]: bodyAB's AABB both dosen't contains the ContactPoint-OnB
[23:29:14][][main/INFO]: bodyAB's AABB both dosen't contains the ContactPoint-OnB
[23:29:14][][main/INFO]: bodyAB's AABB both dosen't contains the ContactPoint-OnB
[23:29:14][][main/INFO]: bodyAB's AABB both dosen't contains the ContactPoint-OnB
[23:29:14][][main/INFO]: bodyAB's AABB both dosen't contains the ContactPoint-OnB
[23:29:14][][main/INFO]: bodyAB's AABB both dosen't contains the ContactPoint-OnB
[23:29:14][][main/INFO]: bodyAB's AABB both dosen't contains the ContactPoint-OnB
[23:29:14][][main/INFO]: bodyAB's AABB both dosen't contains the ContactPoint-OnB
[23:29:14][][main/INFO]: bodyAB's AABB both dosen't contains the ContactPoint-OnB
[23:29:14][][main/INFO]: bodyAB's AABB both dosen't contains the ContactPoint-OnB
[23:29:14][][main/INFO]: bodyAB's AABB both dosen't contains the ContactPoint-OnB
[23:29:14][][main/INFO]: bodyAB's AABB both dosen't contains the ContactPoint-OnB
[23:29:14][][main/INFO]: bodyAB's AABB both dosen't contains the ContactPoint-OnB
[23:29:14][][main/INFO]: bodyAB's AABB both dosen't contains the ContactPoint-OnB
[23:29:14][][main/INFO]: bodyAB's AABB both dosen't contains the ContactPoint-OnB
[23:29:14][][main/INFO]: bodyAB's AABB both dosen't contains the ContactPoint-OnB
[23:29:14][][main/INFO]: bodyAB's AABB both dosen't contains the ContactPoint-OnB
[23:29:14][][main/INFO]: bodyAB's AABB both dosen't contains the ContactPoint-OnB
[23:29:15][][main/INFO]: bodyAB's AABB both dosen't contains the ContactPoint-OnB
[23:29:15][][main/INFO]: bodyAB's AABB both dosen't contains the ContactPoint-OnB
[23:29:15][][main/INFO]: bodyAB's AABB both dosen't contains the ContactPoint-OnB
[23:29:15][][main/INFO]: bodyAB's AABB both dosen't contains the ContactPoint-OnB
[23:29:15][][main/INFO]: bodyAB's AABB both dosen't contains the ContactPoint-OnB
[23:29:15][][main/INFO]: bodyAB's AABB both dosen't contains the ContactPoint-OnB
[23:29:16][][main/INFO]: bodyAB's AABB both dosen't contains the ContactPoint-OnB
[23:29:16][][main/INFO]: bodyAB's AABB both dosen't contains the ContactPoint-OnB
[23:29:16][][main/INFO]: bodyAB's AABB both dosen't contains the ContactPoint-OnB
[23:29:16][][main/INFO]: bodyAB's AABB both dosen't contains the ContactPoint-OnB
[23:29:16][][main/INFO]: bodyAB's AABB both dosen't contains the ContactPoint-OnB
[23:29:16][][main/INFO]: bodyAB's AABB both dosen't contains the ContactPoint-OnB
[23:29:16][][main/INFO]: bodyAB's AABB both dosen't contains the ContactPoint-OnB
[23:29:16][][main/INFO]: bodyAB's AABB both dosen't contains the ContactPoint-OnB
[23:29:16][][main/INFO]: bodyAB's AABB both dosen't contains the ContactPoint-OnB
[23:29:16][][main/INFO]: bodyAB's AABB both dosen't contains the ContactPoint-OnB
[23:29:16][][main/INFO]: bodyAB's AABB both dosen't contains the ContactPoint-OnB
[23:29:16][][main/INFO]: bodyAB's AABB both dosen't contains the ContactPoint-OnB
[23:29:16][][main/INFO]: bodyAB's AABB both dosen't contains the ContactPoint-OnB
[23:29:16][][main/INFO]: bodyAB's AABB both dosen't contains the ContactPoint-OnB
[23:29:16][][main/INFO]: bodyAB's AABB both dosen't contains the ContactPoint-OnB
[23:29:16][][main/INFO]: bodyAB's AABB both dosen't contains the ContactPoint-OnB
[23:29:16][][main/INFO]: bodyAB's AABB both dosen't contains the ContactPoint-OnB
[23:29:16][][main/INFO]: bodyAB's AABB both dosen't contains the ContactPoint-OnB
[23:29:16][][main/INFO]: bodyAB's AABB both dosen't contains the ContactPoint-OnB
[23:29:16][][main/INFO]: bodyAB's AABB both dosen't contains the ContactPoint-OnB
[23:29:16][][main/INFO]: bodyAB's AABB both dosen't contains the ContactPoint-OnB
[23:29:16][][main/INFO]: bodyAB's AABB both dosen't contains the ContactPoint-OnB
[23:29:16][][main/INFO]: bodyAB's AABB both dosen't contains the ContactPoint-OnB
[23:29:16][][main/INFO]: bodyAB's AABB both dosen't contains the ContactPoint-OnB
[23:29:17][][main/INFO]: bodyAB's AABB both dosen't contains the ContactPoint-OnB
[23:29:17][][main/INFO]: bodyAB's AABB both dosen't contains the ContactPoint-OnB
[23:29:17][][main/INFO]: bodyAB's AABB both dosen't contains the ContactPoint-OnB
[23:29:17][][main/INFO]: bodyAB's AABB both dosen't contains the ContactPoint-OnB
[23:29:17][][main/INFO]: bodyAB's AABB both dosen't contains the ContactPoint-OnB
[23:29:17][][main/INFO]: bodyAB's AABB both dosen't contains the ContactPoint-OnB
[23:29:17][][main/INFO]: bodyAB's AABB both dosen't contains the ContactPoint-OnB
[23:29:17][][main/INFO]: bodyAB's AABB both dosen't contains the ContactPoint-OnB
[23:29:17][][main/INFO]: bodyAB's AABB both dosen't contains the ContactPoint-OnB
[23:29:17][][main/INFO]: bodyAB's AABB both dosen't contains the ContactPoint-OnB
[23:29:17][][main/INFO]: bodyAB's AABB both dosen't contains the ContactPoint-OnB
[23:29:17][][main/INFO]: bodyAB's AABB both dosen't contains the ContactPoint-OnB
[23:29:18][][main/INFO]: bodyAB's AABB both dosen't contains the ContactPoint-OnB
[23:29:18][][main/INFO]: bodyAB's AABB both dosen't contains the ContactPoint-OnB
[23:29:18][][main/INFO]: bodyAB's AABB both dosen't contains the ContactPoint-OnB
[23:29:18][][main/INFO]: bodyAB's AABB both dosen't contains the ContactPoint-OnB
[23:29:18][][main/INFO]: bodyAB's AABB both dosen't contains the ContactPoint-OnB
[23:29:18][][main/INFO]: bodyAB's AABB both dosen't contains the ContactPoint-OnB
[23:29:18][][main/INFO]: bodyAB's AABB both dosen't contains the ContactPoint-OnB
[23:29:18][][main/INFO]: bodyAB's AABB both dosen't contains the ContactPoint-OnB
[23:29:18][][main/INFO]: bodyAB's AABB both dosen't contains the ContactPoint-OnB
[23:29:18][][main/INFO]: bodyAB's AABB both dosen't contains the ContactPoint-OnB
[23:29:18][][main/INFO]: bodyAB's AABB both dosen't contains the ContactPoint-OnB
[23:29:18][][main/INFO]: bodyAB's AABB both dosen't contains the ContactPoint-OnB
[23:29:18][][main/INFO]: bodyAB's AABB both dosen't contains the ContactPoint-OnB
[23:29:18][][main/INFO]: bodyAB's AABB both dosen't contains the ContactPoint-OnB
[23:29:18][][main/INFO]: bodyAB's AABB both dosen't contains the ContactPoint-OnB
[23:29:18][][main/INFO]: bodyAB's AABB both dosen't contains the ContactPoint-OnB
[23:29:18][][main/INFO]: bodyAB's AABB both dosen't contains the ContactPoint-OnB
[23:29:18][][main/INFO]: bodyAB's AABB both dosen't contains the ContactPoint-OnB
[23:29:18][][main/INFO]: bodyAB's AABB both dosen't contains the ContactPoint-OnB
[23:29:18][][main/INFO]: bodyAB's AABB both dosen't contains the ContactPoint-OnB
[23:29:18][][main/INFO]: bodyAB's AABB both dosen't contains the ContactPoint-OnB
[23:29:18][][main/INFO]: bodyAB's AABB both dosen't contains the ContactPoint-OnB
[23:29:18][][main/INFO]: bodyAB's AABB both dosen't contains the ContactPoint-OnB
[23:29:21][][main/INFO]: Saved GameSettings options. (options.dat)
