[17:51:32][][main/INFO]: Loaded GameSettings options. (options.dat)
[17:51:33][][main/INFO]: OperationSystem Mac OS X 10.15.4, rt 1.8.0_231 x86_64, VM Java HotSpot(TM) 64-Bit Server VM v25.231-b11
[17:51:35][][main/INFO]: RenderEngine initialized. GL_I: Intel Inc. - Intel(R) Iris(TM) Plus Graphics 645 | 4.1 INTEL-14.5.22
[17:51:35][][main/INFO]: LWJGL 3.2.3 build 13, GLFWL 3.4.0 Cocoa NSGL EGL OSMesa dynamic
[17:51:35][][main/INFO]: AudioEngine initialized. AL_I: OpenAL Community / 1.1 ALSOFT 1.19.1, devispec OpenAL Soft
[17:51:39][][main/INFO]: Zero manifold...
[17:51:39][][main/INFO]: Zero manifold...
[17:51:39][][main/INFO]: Zero manifold...
[17:51:39][][main/INFO]: Zero manifold...
[17:51:39][][main/INFO]: Zero manifold...
[17:51:39][][main/INFO]: Zero manifold...
[17:51:39][][main/INFO]: Zero manifold...
[17:51:39][][main/INFO]: Zero manifold...
[17:51:39][][main/INFO]: Zero manifold...
[17:51:39][][main/INFO]: Zero manifold...
[17:51:39][][main/INFO]: Zero manifold...
[17:51:39][][main/INFO]: Zero manifold...
[17:51:39][][main/INFO]: Zero manifold...
[17:51:39][][main/INFO]: Zero manifold...
[17:51:39][][main/INFO]: Zero manifold...
[17:51:39][][main/INFO]: Zero manifold...
[17:51:39][][main/INFO]: Zero manifold...
[17:51:39][][main/INFO]: Zero manifold...
[17:51:39][][main/INFO]: Zero manifold...
[17:51:39][][main/INFO]: Zero manifold...
[17:51:39][][main/INFO]: Zero manifold...
[17:51:39][][main/INFO]: Zero manifold...
[17:51:39][][main/INFO]: Zero manifold...
[17:51:39][][main/INFO]: Zero manifold...
[17:51:39][][main/INFO]: Zero manifold...
[17:51:39][][main/INFO]: Zero manifold...
[17:51:39][][main/INFO]: Zero manifold...
[17:51:39][][main/INFO]: Zero manifold...
[17:51:39][][main/INFO]: Zero manifold...
[17:51:40][][main/INFO]: Zero manifold...
[17:51:40][][main/INFO]: Zero manifold...
[17:51:40][][main/INFO]: Zero manifold...
[17:51:40][][main/INFO]: Zero manifold...
[17:51:40][][main/INFO]: Zero manifold...
[17:51:40][][main/INFO]: Zero manifold...
[17:51:40][][main/INFO]: Zero manifold...
[17:51:40][][main/INFO]: Zero manifold...
[17:51:40][][main/INFO]: Zero manifold...
[17:51:40][][main/INFO]: Zero manifold...
[17:51:40][][main/INFO]: Zero manifold...
[17:51:40][][main/INFO]: Zero manifold...
[17:51:40][][main/INFO]: Zero manifold...
[17:51:40][][main/INFO]: Zero manifold...
[17:51:40][][main/INFO]: Zero manifold...
[17:51:40][][main/INFO]: Zero manifold...
[17:51:40][][main/INFO]: Zero manifold...
[17:51:40][][main/INFO]: Zero manifold...
[17:51:40][][main/INFO]: Zero manifold...
[17:51:40][][main/INFO]: Zero manifold...
[17:51:40][][main/INFO]: Zero manifold...
[17:51:40][][main/INFO]: Zero manifold...
[17:51:40][][main/INFO]: Zero manifold...
[17:51:40][][main/INFO]: Zero manifold...
[17:51:40][][main/INFO]: Zero manifold...
[17:51:40][][main/INFO]: Zero manifold...
[17:51:40][][main/INFO]: Zero manifold...
[17:51:40][][main/INFO]: Zero manifold...
[17:51:40][][main/INFO]: Zero manifold...
[17:51:40][][main/INFO]: Zero manifold...
[17:51:40][][main/INFO]: Zero manifold...
[17:51:40][][main/INFO]: Zero manifold...
[17:51:40][][main/INFO]: Zero manifold...
[17:51:40][][main/INFO]: Zero manifold...
[17:51:40][][main/INFO]: Zero manifold...
[17:51:40][][main/INFO]: Zero manifold...
[17:51:40][][main/INFO]: Zero manifold...
[17:51:40][][main/INFO]: Zero manifold...
[17:51:40][][main/INFO]: Zero manifold...
[17:51:40][][main/INFO]: Zero manifold...
[17:51:40][][main/INFO]: Zero manifold...
[17:51:40][][main/INFO]: Zero manifold...
[17:51:40][][main/INFO]: Zero manifold...
[17:51:40][][main/INFO]: Zero manifold...
[17:51:40][][main/INFO]: Zero manifold...
[17:51:40][][main/INFO]: Zero manifold...
[17:51:40][][main/INFO]: Zero manifold...
[17:51:40][][main/INFO]: Zero manifold...
[17:51:40][][main/INFO]: Zero manifold...
[17:51:40][][main/INFO]: Zero manifold...
[17:51:40][][main/INFO]: Zero manifold...
[17:51:40][][main/INFO]: Zero manifold...
[17:51:40][][main/INFO]: Zero manifold...
[17:51:40][][main/INFO]: Zero manifold...
[17:51:40][][main/INFO]: Zero manifold...
[17:51:40][][main/INFO]: Zero manifold...
[17:51:40][][main/INFO]: Zero manifold...
[17:51:40][][main/INFO]: Zero manifold...
[17:51:40][][main/INFO]: Zero manifold...
[17:51:40][][main/INFO]: Zero manifold...
[17:51:40][][main/INFO]: Zero manifold...
[17:51:40][][main/INFO]: Zero manifold...
[17:51:40][][main/INFO]: Zero manifold...
[17:51:41][][main/INFO]: Zero manifold...
[17:51:41][][main/INFO]: Zero manifold...
[17:51:41][][main/INFO]: Zero manifold...
[17:51:41][][main/INFO]: Zero manifold...
[17:51:41][][main/INFO]: Zero manifold...
[17:51:41][][main/INFO]: Zero manifold...
[17:51:41][][main/INFO]: Zero manifold...
[17:51:41][][main/INFO]: Zero manifold...
[17:51:41][][main/INFO]: Zero manifold...
[17:51:41][][main/INFO]: Zero manifold...
[17:51:41][][main/INFO]: Zero manifold...
[17:51:41][][main/INFO]: Zero manifold...
[17:51:41][][main/INFO]: Zero manifold...
[17:51:41][][main/INFO]: Zero manifold...
[17:51:41][][main/INFO]: Zero manifold...
[17:51:41][][main/INFO]: Zero manifold...
[17:51:41][][main/INFO]: Zero manifold...
[17:51:41][][main/INFO]: Zero manifold...
[17:51:41][][main/INFO]: Zero manifold...
[17:51:41][][main/INFO]: Zero manifold...
[17:51:41][][main/INFO]: Zero manifold...
[17:51:41][][main/INFO]: Zero manifold...
[17:51:41][][main/INFO]: Zero manifold...
[17:51:41][][main/INFO]: Zero manifold...
[17:51:41][][main/INFO]: Zero manifold...
[17:51:41][][main/INFO]: Zero manifold...
[17:51:41][][main/INFO]: Zero manifold...
[17:51:41][][main/INFO]: Zero manifold...
[17:51:41][][main/INFO]: Zero manifold...
[17:51:41][][main/INFO]: Zero manifold...
[17:51:41][][main/INFO]: Zero manifold...
[17:51:41][][main/INFO]: Zero manifold...
[17:51:41][][main/INFO]: Zero manifold...
[17:51:41][][main/INFO]: Zero manifold...
[17:51:41][][main/INFO]: Zero manifold...
[17:51:41][][main/INFO]: Zero manifold...
[17:51:41][][main/INFO]: Zero manifold...
[17:51:41][][main/INFO]: Zero manifold...
[17:51:41][][main/INFO]: Zero manifold...
[17:51:41][][main/INFO]: Zero manifold...
[17:51:41][][main/INFO]: Zero manifold...
[17:51:41][][main/INFO]: Zero manifold...
[17:51:41][][main/INFO]: Zero manifold...
[17:51:41][][main/INFO]: Zero manifold...
[17:51:41][][main/INFO]: Zero manifold...
[17:51:41][][main/INFO]: Zero manifold...
[17:51:41][][main/INFO]: Zero manifold...
[17:51:41][][main/INFO]: Zero manifold...
[17:51:41][][main/INFO]: Zero manifold...
[17:51:41][][main/INFO]: Zero manifold...
[17:51:41][][main/INFO]: Zero manifold...
[17:51:41][][main/INFO]: Zero manifold...
[17:51:41][][main/INFO]: Zero manifold...
[17:51:41][][main/INFO]: Zero manifold...
[17:51:41][][main/INFO]: Zero manifold...
[17:51:41][][main/INFO]: Zero manifold...
[17:51:41][][main/INFO]: Zero manifold...
[17:51:41][][main/INFO]: Zero manifold...
[17:51:41][][main/INFO]: Zero manifold...
[17:51:41][][main/INFO]: Zero manifold...
[17:51:41][][main/INFO]: Zero manifold...
[17:51:41][][main/INFO]: Zero manifold...
[17:51:42][][main/INFO]: Zero manifold...
[17:51:42][][main/INFO]: Zero manifold...
[17:51:42][][main/INFO]: Zero manifold...
[17:51:42][][main/INFO]: Zero manifold...
[17:51:42][][main/INFO]: Zero manifold...
[17:51:42][][main/INFO]: Zero manifold...
[17:51:42][][main/INFO]: Zero manifold...
[17:51:42][][main/INFO]: Zero manifold...
[17:51:42][][main/INFO]: Zero manifold...
[17:51:42][][main/INFO]: Zero manifold...
[17:51:42][][main/INFO]: Zero manifold...
[17:51:42][][main/INFO]: Zero manifold...
[17:51:42][][main/INFO]: Zero manifold...
[17:51:42][][main/INFO]: Zero manifold...
[17:51:42][][main/INFO]: Zero manifold...
[17:51:42][][main/INFO]: Zero manifold...
[17:51:42][][main/INFO]: Zero manifold...
[17:51:42][][main/INFO]: Zero manifold...
[17:51:42][][main/INFO]: Zero manifold...
[17:51:42][][main/INFO]: Zero manifold...
[17:51:42][][main/INFO]: Zero manifold...
[17:51:42][][main/INFO]: Zero manifold...
[17:51:42][][main/INFO]: Zero manifold...
[17:51:42][][main/INFO]: Zero manifold...
[17:51:42][][main/INFO]: Zero manifold...
[17:51:42][][main/INFO]: Zero manifold...
[17:51:42][][main/INFO]: Zero manifold...
[17:51:42][][main/INFO]: Zero manifold...
[17:51:42][][main/INFO]: Zero manifold...
[17:51:42][][main/INFO]: Zero manifold...
[17:51:42][][main/INFO]: Zero manifold...
[17:51:42][][main/INFO]: Zero manifold...
[17:51:42][][main/INFO]: Zero manifold...
[17:51:42][][main/INFO]: Zero manifold...
[17:51:42][][main/INFO]: Zero manifold...
[17:51:42][][main/INFO]: Zero manifold...
[17:51:42][][main/INFO]: Zero manifold...
[17:51:42][][main/INFO]: Zero manifold...
[17:51:42][][main/INFO]: Zero manifold...
[17:51:42][][main/INFO]: Zero manifold...
[17:51:42][][main/INFO]: Zero manifold...
[17:51:42][][main/INFO]: Zero manifold...
[17:51:42][][main/INFO]: Zero manifold...
[17:51:42][][main/INFO]: Zero manifold...
[17:51:42][][main/INFO]: Zero manifold...
[17:51:43][][main/INFO]: Err. computeMTV() out of itr.
[17:51:43][][main/WARN]: no find mtv. err
[17:51:43][][main/INFO]: Zero manifold...
[17:51:43][][main/INFO]: Err. computeMTV() out of itr.
[17:51:43][][main/WARN]: no find mtv. err
[17:51:43][][main/INFO]: Zero manifold...
[17:51:43][][main/INFO]: Err. computeMTV() out of itr.
[17:51:43][][main/WARN]: no find mtv. err
[17:51:43][][main/INFO]: Zero manifold...
[17:51:43][][main/INFO]: Err. computeMTV() out of itr.
[17:51:43][][main/WARN]: no find mtv. err
[17:51:43][][main/INFO]: Zero manifold...
[17:51:43][][main/INFO]: Err. computeMTV() out of itr.
[17:51:43][][main/WARN]: no find mtv. err
[17:51:43][][main/INFO]: Zero manifold...
[17:51:43][][main/INFO]: Err. computeMTV() out of itr.
[17:51:43][][main/WARN]: no find mtv. err
[17:51:43][][main/INFO]: Zero manifold...
[17:51:43][][main/INFO]: Err. computeMTV() out of itr.
[17:51:43][][main/WARN]: no find mtv. err
[17:51:43][][main/INFO]: Zero manifold...
[17:51:43][][main/INFO]: Err. computeMTV() out of itr.
[17:51:43][][main/WARN]: no find mtv. err
[17:51:43][][main/INFO]: Zero manifold...
[17:51:44][][main/INFO]: Zero manifold...
[17:51:44][][main/INFO]: Zero manifold...
[17:51:44][][main/INFO]: Zero manifold...
[17:51:44][][main/INFO]: Zero manifold...
[17:51:44][][main/INFO]: Zero manifold...
[17:51:44][][main/INFO]: Zero manifold...
[17:51:44][][main/INFO]: Zero manifold...
[17:51:44][][main/INFO]: Zero manifold...
[17:51:44][][main/INFO]: Zero manifold...
[17:51:44][][main/INFO]: Zero manifold...
[17:51:44][][main/INFO]: Zero manifold...
[17:51:44][][main/INFO]: Zero manifold...
[17:51:44][][main/INFO]: Zero manifold...
[17:51:44][][main/INFO]: Zero manifold...
[17:51:44][][main/INFO]: Zero manifold...
[17:51:44][][main/INFO]: Zero manifold...
[17:51:52][][main/INFO]: Zero manifold...
[17:51:52][][main/INFO]: Zero manifold...
[17:51:52][][main/INFO]: Zero manifold...
[17:51:52][][main/INFO]: Zero manifold...
[17:51:52][][main/INFO]: Zero manifold...
[17:51:52][][main/INFO]: Zero manifold...
[17:51:52][][main/INFO]: Zero manifold...
[17:51:52][][main/INFO]: Zero manifold...
[17:51:52][][main/INFO]: Zero manifold...
[17:51:52][][main/INFO]: Zero manifold...
[17:51:52][][main/INFO]: Zero manifold...
[17:51:52][][main/INFO]: Zero manifold...
[17:51:52][][main/INFO]: Zero manifold...
[17:51:52][][main/INFO]: Zero manifold...
[17:51:52][][main/INFO]: Zero manifold...
[17:51:52][][main/INFO]: Zero manifold...
[17:51:52][][main/INFO]: Zero manifold...
[17:51:52][][main/INFO]: Zero manifold...
[17:51:52][][main/INFO]: Zero manifold...
[17:51:52][][main/INFO]: Zero manifold...
[17:51:52][][main/INFO]: Zero manifold...
[17:51:52][][main/INFO]: Zero manifold...
[17:51:52][][main/INFO]: Zero manifold...
[17:51:52][][main/INFO]: Zero manifold...
[17:51:52][][main/INFO]: Zero manifold...
[17:51:52][][main/INFO]: Zero manifold...
[17:51:52][][main/INFO]: Zero manifold...
[17:51:52][][main/INFO]: Zero manifold...
[17:51:52][][main/INFO]: Zero manifold...
[17:51:52][][main/INFO]: Zero manifold...
[17:51:52][][main/INFO]: Zero manifold...
[17:51:53][][main/INFO]: Zero manifold...
[17:51:53][][main/INFO]: Zero manifold...
[17:51:53][][main/INFO]: Zero manifold...
[17:51:53][][main/INFO]: Zero manifold...
[17:51:53][][main/INFO]: Zero manifold...
[17:51:53][][main/INFO]: Zero manifold...
[17:51:53][][main/INFO]: Zero manifold...
[17:51:53][][main/INFO]: Zero manifold...
[17:51:53][][main/INFO]: Zero manifold...
[17:51:53][][main/INFO]: Zero manifold...
[17:51:53][][main/INFO]: Zero manifold...
[17:51:53][][main/INFO]: Zero manifold...
[17:51:53][][main/INFO]: Zero manifold...
[17:51:53][][main/INFO]: Zero manifold...
[17:51:53][][main/INFO]: Zero manifold...
[17:51:53][][main/INFO]: Zero manifold...
[17:51:53][][main/INFO]: Zero manifold...
[17:51:53][][main/INFO]: Zero manifold...
[17:51:53][][main/INFO]: Zero manifold...
[17:51:53][][main/INFO]: Zero manifold...
[17:51:53][][main/INFO]: Zero manifold...
[17:51:53][][main/INFO]: Zero manifold...
[17:51:53][][main/INFO]: Zero manifold...
[17:51:53][][main/INFO]: Zero manifold...
[17:51:53][][main/INFO]: Zero manifold...
[17:51:53][][main/INFO]: Zero manifold...
[17:51:53][][main/INFO]: Zero manifold...
[17:51:53][][main/INFO]: Zero manifold...
[17:51:53][][main/INFO]: Zero manifold...
[17:51:53][][main/INFO]: Zero manifold...
[17:51:53][][main/INFO]: Zero manifold...
[17:51:53][][main/INFO]: Zero manifold...
[17:51:53][][main/INFO]: Zero manifold...
[17:51:53][][main/INFO]: Zero manifold...
[17:51:53][][main/INFO]: Zero manifold...
[17:51:53][][main/INFO]: Zero manifold...
[17:51:53][][main/INFO]: Zero manifold...
[17:51:53][][main/INFO]: Zero manifold...
[17:51:53][][main/INFO]: Zero manifold...
[17:51:53][][main/INFO]: Zero manifold...
[17:51:53][][main/INFO]: Zero manifold...
[17:51:53][][main/INFO]: Zero manifold...
[17:51:53][][main/INFO]: Zero manifold...
[17:51:53][][main/INFO]: Zero manifold...
[17:51:53][][main/INFO]: Zero manifold...
[17:51:53][][main/INFO]: Zero manifold...
[17:51:53][][main/INFO]: Zero manifold...
[17:51:53][][main/INFO]: Zero manifold...
[17:51:53][][main/INFO]: Zero manifold...
[17:51:53][][main/INFO]: Zero manifold...
[17:51:53][][main/INFO]: Zero manifold...
[17:51:53][][main/INFO]: Zero manifold...
[17:51:53][][main/INFO]: Zero manifold...
[17:51:53][][main/INFO]: Zero manifold...
[17:51:53][][main/INFO]: Zero manifold...
[17:51:53][][main/INFO]: Zero manifold...
[17:51:53][][main/INFO]: Zero manifold...
[17:51:53][][main/INFO]: Zero manifold...
[17:51:53][][main/INFO]: Zero manifold...
[17:51:53][][main/INFO]: Zero manifold...
[17:51:53][][main/INFO]: Zero manifold...
[17:51:53][][main/INFO]: Zero manifold...
[17:51:53][][main/INFO]: Zero manifold...
[17:51:54][][main/INFO]: Zero manifold...
[17:51:54][][main/INFO]: Zero manifold...
[17:51:54][][main/INFO]: Zero manifold...
[17:51:56][][main/INFO]: Zero manifold...
[17:51:56][][main/INFO]: Zero manifold...
[17:51:56][][main/INFO]: Zero manifold...
[17:51:56][][main/INFO]: Zero manifold...
[17:51:56][][main/INFO]: Zero manifold...
[17:51:56][][main/INFO]: Zero manifold...
[17:51:56][][main/INFO]: Zero manifold...
[17:51:56][][main/INFO]: Zero manifold...
[17:51:56][][main/INFO]: Zero manifold...
[17:51:56][][main/INFO]: Zero manifold...
[17:51:56][][main/INFO]: Zero manifold...
[17:51:56][][main/INFO]: Zero manifold...
[17:51:56][][main/INFO]: Zero manifold...
[17:51:56][][main/INFO]: Zero manifold...
[17:51:56][][main/INFO]: Zero manifold...
[17:51:56][][main/INFO]: Zero manifold...
[17:51:56][][main/INFO]: Zero manifold...
[17:51:56][][main/INFO]: Zero manifold...
[17:51:57][][main/INFO]: Err. computeMTV() out of itr.
[17:51:57][][main/WARN]: no find mtv. err
[17:51:57][][main/INFO]: Zero manifold...
[17:51:57][][main/INFO]: Err. computeMTV() out of itr.
[17:51:57][][main/WARN]: no find mtv. err
[17:51:57][][main/INFO]: Zero manifold...
[17:51:57][][main/INFO]: Err. computeMTV() out of itr.
[17:51:57][][main/WARN]: no find mtv. err
[17:51:57][][main/INFO]: Zero manifold...
[17:51:57][][main/INFO]: Err. computeMTV() out of itr.
[17:51:57][][main/WARN]: no find mtv. err
[17:51:57][][main/INFO]: Zero manifold...
[17:51:57][][main/INFO]: Err. computeMTV() out of itr.
[17:51:57][][main/WARN]: no find mtv. err
[17:51:57][][main/INFO]: Zero manifold...
[17:51:57][][main/INFO]: Err. computeMTV() out of itr.
[17:51:57][][main/WARN]: no find mtv. err
[17:51:57][][main/INFO]: Zero manifold...
[17:51:59][][main/INFO]: Zero manifold...
[17:51:59][][main/INFO]: Zero manifold...
[17:51:59][][main/INFO]: Zero manifold...
[17:51:59][][main/INFO]: Zero manifold...
[17:51:59][][main/INFO]: Zero manifold...
[17:51:59][][main/INFO]: Zero manifold...
[17:51:59][][main/INFO]: Zero manifold...
[17:51:59][][main/INFO]: Zero manifold...
[17:51:59][][main/INFO]: Zero manifold...
[17:51:59][][main/INFO]: Zero manifold...
[17:51:59][][main/INFO]: Zero manifold...
[17:51:59][][main/INFO]: Zero manifold...
[17:51:59][][main/INFO]: Zero manifold...
[17:51:59][][main/INFO]: Zero manifold...
[17:51:59][][main/INFO]: Zero manifold...
[17:51:59][][main/INFO]: Zero manifold...
[17:51:59][][main/INFO]: Zero manifold...
[17:51:59][][main/INFO]: Zero manifold...
[17:51:59][][main/INFO]: Zero manifold...
[17:51:59][][main/INFO]: Zero manifold...
[17:51:59][][main/INFO]: Zero manifold...
[17:51:59][][main/INFO]: Zero manifold...
[17:51:59][][main/INFO]: Zero manifold...
[17:51:59][][main/INFO]: Zero manifold...
[17:51:59][][main/INFO]: Zero manifold...
[17:51:59][][main/INFO]: Zero manifold...
[17:51:59][][main/INFO]: Zero manifold...
[17:51:59][][main/INFO]: Zero manifold...
[17:51:59][][main/INFO]: Zero manifold...
[17:51:59][][main/INFO]: Zero manifold...
[17:51:59][][main/INFO]: Zero manifold...
[17:51:59][][main/INFO]: Zero manifold...
[17:51:59][][main/INFO]: Zero manifold...
[17:51:59][][main/INFO]: Zero manifold...
[17:51:59][][main/INFO]: Zero manifold...
[17:51:59][][main/INFO]: Zero manifold...
[17:51:59][][main/INFO]: Zero manifold...
[17:52:00][][main/INFO]: Zero manifold...
[17:52:00][][main/INFO]: Zero manifold...
[17:52:00][][main/INFO]: Zero manifold...
[17:52:00][][main/INFO]: Zero manifold...
[17:52:00][][main/INFO]: Zero manifold...
[17:52:00][][main/INFO]: Zero manifold...
[17:52:00][][main/INFO]: Zero manifold...
[17:52:00][][main/INFO]: Zero manifold...
[17:52:00][][main/INFO]: Zero manifold...
[17:52:00][][main/INFO]: Zero manifold...
[17:52:00][][main/INFO]: Zero manifold...
[17:52:00][][main/INFO]: Zero manifold...
[17:52:00][][main/INFO]: Zero manifold...
[17:52:00][][main/INFO]: Zero manifold...
[17:52:00][][main/INFO]: Zero manifold...
[17:52:00][][main/INFO]: Zero manifold...
[17:52:00][][main/INFO]: Zero manifold...
[17:52:00][][main/INFO]: Zero manifold...
[17:52:00][][main/INFO]: Zero manifold...
[17:52:00][][main/INFO]: Zero manifold...
[17:52:00][][main/INFO]: Zero manifold...
[17:52:00][][main/INFO]: Zero manifold...
[17:52:00][][main/INFO]: Zero manifold...
[17:52:00][][main/INFO]: Zero manifold...
[17:52:00][][main/INFO]: Zero manifold...
[17:52:00][][main/INFO]: Zero manifold...
[17:52:00][][main/INFO]: Zero manifold...
[17:52:00][][main/INFO]: Zero manifold...
[17:52:00][][main/INFO]: Zero manifold...
[17:52:00][][main/INFO]: Zero manifold...
[17:52:00][][main/INFO]: Zero manifold...
[17:52:00][][main/INFO]: Zero manifold...
[17:52:00][][main/INFO]: Zero manifold...
[17:52:00][][main/INFO]: Zero manifold...
[17:52:00][][main/INFO]: Zero manifold...
[17:52:00][][main/INFO]: Zero manifold...
[17:52:00][][main/INFO]: Zero manifold...
[17:52:00][][main/INFO]: Zero manifold...
[17:52:00][][main/INFO]: Zero manifold...
[17:52:00][][main/INFO]: Zero manifold...
[17:52:00][][main/INFO]: Zero manifold...
[17:52:00][][main/INFO]: Zero manifold...
[17:52:00][][main/INFO]: Zero manifold...
[17:52:00][][main/INFO]: Zero manifold...
[17:52:00][][main/INFO]: Zero manifold...
[17:52:00][][main/INFO]: Zero manifold...
[17:52:00][][main/INFO]: Zero manifold...
[17:52:00][][main/INFO]: Zero manifold...
[17:52:00][][main/INFO]: Zero manifold...
[17:52:00][][main/INFO]: Zero manifold...
[17:52:00][][main/INFO]: Zero manifold...
[17:52:00][][main/INFO]: Zero manifold...
[17:52:00][][main/INFO]: Zero manifold...
[17:52:00][][main/INFO]: Zero manifold...
[17:52:00][][main/INFO]: Zero manifold...
[17:52:00][][main/INFO]: Zero manifold...
[17:52:00][][main/INFO]: Zero manifold...
[17:52:00][][main/INFO]: Zero manifold...
[17:52:00][][main/INFO]: Zero manifold...
[17:52:00][][main/INFO]: Zero manifold...
[17:52:00][][main/INFO]: Zero manifold...
[17:52:00][][main/INFO]: Zero manifold...
[17:52:01][][main/INFO]: Zero manifold...
[17:52:01][][main/INFO]: Zero manifold...
[17:52:01][][main/INFO]: Zero manifold...
[17:52:01][][main/INFO]: Zero manifold...
[17:52:01][][main/INFO]: Zero manifold...
[17:52:01][][main/INFO]: Zero manifold...
[17:52:01][][main/INFO]: Zero manifold...
[17:52:01][][main/INFO]: Zero manifold...
[17:52:01][][main/INFO]: Zero manifold...
[17:52:01][][main/INFO]: Zero manifold...
[17:52:01][][main/INFO]: Zero manifold...
[17:52:01][][main/INFO]: Zero manifold...
[17:52:01][][main/INFO]: Zero manifold...
[17:52:01][][main/INFO]: Zero manifold...
[17:52:01][][main/INFO]: Zero manifold...
[17:52:01][][main/INFO]: Zero manifold...
[17:52:01][][main/INFO]: Zero manifold...
[17:52:01][][main/INFO]: Zero manifold...
[17:52:01][][main/INFO]: Zero manifold...
[17:52:01][][main/INFO]: Zero manifold...
[17:52:01][][main/INFO]: Zero manifold...
[17:52:01][][main/INFO]: Zero manifold...
[17:52:01][][main/INFO]: Zero manifold...
[17:52:01][][main/INFO]: Zero manifold...
[17:52:01][][main/INFO]: Zero manifold...
[17:52:01][][main/INFO]: Zero manifold...
[17:52:01][][main/INFO]: Zero manifold...
[17:52:01][][main/INFO]: Zero manifold...
[17:52:01][][main/INFO]: Zero manifold...
[17:52:01][][main/INFO]: Zero manifold...
[17:52:01][][main/INFO]: Zero manifold...
[17:52:01][][main/INFO]: Zero manifold...
[17:52:01][][main/INFO]: Zero manifold...
[17:52:01][][main/INFO]: Zero manifold...
[17:52:01][][main/INFO]: Zero manifold...
[17:52:01][][main/INFO]: Zero manifold...
[17:52:01][][main/INFO]: Zero manifold...
[17:52:01][][main/INFO]: Zero manifold...
[17:52:01][][main/INFO]: Zero manifold...
[17:52:01][][main/INFO]: Zero manifold...
[17:52:01][][main/INFO]: Zero manifold...
[17:52:01][][main/INFO]: Zero manifold...
[17:52:01][][main/INFO]: Zero manifold...
[17:52:01][][main/INFO]: Zero manifold...
[17:52:01][][main/INFO]: Zero manifold...
[17:52:01][][main/INFO]: Zero manifold...
[17:52:01][][main/INFO]: Zero manifold...
[17:52:01][][main/INFO]: Zero manifold...
[17:52:01][][main/INFO]: Zero manifold...
[17:52:01][][main/INFO]: Zero manifold...
[17:52:01][][main/INFO]: Zero manifold...
[17:52:01][][main/INFO]: Zero manifold...
[17:52:01][][main/INFO]: Zero manifold...
[17:52:01][][main/INFO]: Zero manifold...
[17:52:01][][main/INFO]: Saved GameSettings options. (options.dat)
