[17:49:37][][main/INFO]: Loaded GameSettings options. (options.dat)
[17:49:38][][main/INFO]: OperationSystem Mac OS X 10.15.4, rt 1.8.0_231 x86_64, VM Java HotSpot(TM) 64-Bit Server VM v25.231-b11
[17:49:40][][main/INFO]: RenderEngine initialized. GL_I: Intel Inc. - Intel(R) Iris(TM) Plus Graphics 645 | 4.1 INTEL-14.5.22
[17:49:40][][main/INFO]: LWJGL 3.2.3 build 13, GLFWL 3.4.0 Cocoa NSGL EGL OSMesa dynamic
[17:49:40][][main/INFO]: AudioEngine initialized. AL_I: OpenAL Community / 1.1 ALSOFT 1.19.1, devispec OpenAL Soft
[17:49:44][][main/INFO]: Zero manifold...
[17:49:44][][main/INFO]: Zero manifold...
[17:49:44][][main/INFO]: Zero manifold...
[17:49:44][][main/INFO]: Zero manifold...
[17:49:44][][main/INFO]: Zero manifold...
[17:49:44][][main/INFO]: Zero manifold...
[17:49:44][][main/INFO]: Zero manifold...
[17:49:44][][main/INFO]: Zero manifold...
[17:49:44][][main/INFO]: Zero manifold...
[17:49:44][][main/INFO]: Zero manifold...
[17:49:44][][main/INFO]: Zero manifold...
[17:49:44][][main/INFO]: Zero manifold...
[17:49:44][][main/INFO]: Zero manifold...
[17:49:44][][main/INFO]: Zero manifold...
[17:49:44][][main/INFO]: Zero manifold...
[17:49:44][][main/INFO]: Zero manifold...
[17:49:44][][main/INFO]: Zero manifold...
[17:49:44][][main/INFO]: Zero manifold...
[17:49:44][][main/INFO]: Zero manifold...
[17:49:44][][main/INFO]: Zero manifold...
[17:49:44][][main/INFO]: Zero manifold...
[17:49:44][][main/INFO]: Zero manifold...
[17:49:44][][main/INFO]: Zero manifold...
[17:49:45][][main/INFO]: Zero manifold...
[17:49:45][][main/INFO]: Zero manifold...
[17:49:45][][main/INFO]: Zero manifold...
[17:49:45][][main/INFO]: Zero manifold...
[17:49:45][][main/INFO]: Zero manifold...
[17:49:45][][main/INFO]: Zero manifold...
[17:49:45][][main/INFO]: Zero manifold...
[17:49:45][][main/INFO]: Zero manifold...
[17:49:45][][main/INFO]: Zero manifold...
[17:49:45][][main/INFO]: Zero manifold...
[17:49:45][][main/INFO]: Zero manifold...
[17:49:45][][main/INFO]: Zero manifold...
[17:49:45][][main/INFO]: Zero manifold...
[17:49:45][][main/INFO]: Zero manifold...
[17:49:45][][main/INFO]: Zero manifold...
[17:49:45][][main/INFO]: Zero manifold...
[17:49:45][][main/INFO]: Zero manifold...
[17:49:45][][main/INFO]: Zero manifold...
[17:49:45][][main/INFO]: Zero manifold...
[17:49:45][][main/INFO]: Zero manifold...
[17:49:45][][main/INFO]: Zero manifold...
[17:49:45][][main/INFO]: Zero manifold...
[17:49:45][][main/INFO]: Zero manifold...
[17:49:45][][main/INFO]: Zero manifold...
[17:49:45][][main/INFO]: Zero manifold...
[17:49:45][][main/INFO]: Zero manifold...
[17:49:45][][main/INFO]: Zero manifold...
[17:49:45][][main/INFO]: Zero manifold...
[17:49:45][][main/INFO]: Zero manifold...
[17:49:45][][main/INFO]: Zero manifold...
[17:49:45][][main/INFO]: Zero manifold...
[17:49:45][][main/INFO]: Zero manifold...
[17:49:45][][main/INFO]: Zero manifold...
[17:49:45][][main/INFO]: Zero manifold...
[17:49:45][][main/INFO]: Zero manifold...
[17:49:45][][main/INFO]: Zero manifold...
[17:49:45][][main/INFO]: Zero manifold...
[17:49:45][][main/INFO]: Zero manifold...
[17:49:45][][main/INFO]: Zero manifold...
[17:49:45][][main/INFO]: Zero manifold...
[17:49:45][][main/INFO]: Zero manifold...
[17:49:45][][main/INFO]: Zero manifold...
[17:49:45][][main/INFO]: Zero manifold...
[17:49:45][][main/INFO]: Zero manifold...
[17:49:45][][main/INFO]: Zero manifold...
[17:49:45][][main/INFO]: Zero manifold...
[17:49:45][][main/INFO]: Zero manifold...
[17:49:45][][main/INFO]: Zero manifold...
[17:49:45][][main/INFO]: Zero manifold...
[17:49:45][][main/INFO]: Zero manifold...
[17:49:45][][main/INFO]: Zero manifold...
[17:49:45][][main/INFO]: Zero manifold...
[17:49:45][][main/INFO]: Zero manifold...
[17:49:45][][main/INFO]: Zero manifold...
[17:49:45][][main/INFO]: Zero manifold...
[17:49:45][][main/INFO]: Zero manifold...
[17:49:45][][main/INFO]: Zero manifold...
[17:49:45][][main/INFO]: Zero manifold...
[17:49:45][][main/INFO]: Zero manifold...
[17:49:45][][main/INFO]: Zero manifold...
[17:49:45][][main/INFO]: Zero manifold...
[17:49:45][][main/INFO]: Zero manifold...
[17:49:46][][main/INFO]: Zero manifold...
[17:49:46][][main/INFO]: Zero manifold...
[17:49:46][][main/INFO]: Zero manifold...
[17:49:46][][main/INFO]: Zero manifold...
[17:49:46][][main/INFO]: Zero manifold...
[17:49:46][][main/INFO]: Zero manifold...
[17:49:46][][main/INFO]: Zero manifold...
[17:49:46][][main/INFO]: Zero manifold...
[17:49:46][][main/INFO]: Zero manifold...
[17:49:46][][main/INFO]: Zero manifold...
[17:49:46][][main/INFO]: Zero manifold...
[17:49:46][][main/INFO]: Zero manifold...
[17:49:46][][main/INFO]: Zero manifold...
[17:49:46][][main/INFO]: Zero manifold...
[17:49:46][][main/INFO]: Zero manifold...
[17:49:46][][main/INFO]: Zero manifold...
[17:49:46][][main/INFO]: Zero manifold...
[17:49:46][][main/INFO]: Zero manifold...
[17:49:46][][main/INFO]: Zero manifold...
[17:49:46][][main/INFO]: Zero manifold...
[17:49:46][][main/INFO]: Zero manifold...
[17:49:46][][main/INFO]: Zero manifold...
[17:49:46][][main/INFO]: Zero manifold...
[17:49:46][][main/INFO]: Zero manifold...
[17:49:46][][main/INFO]: Zero manifold...
[17:49:46][][main/INFO]: Zero manifold...
[17:49:46][][main/INFO]: Zero manifold...
[17:49:46][][main/INFO]: Zero manifold...
[17:49:46][][main/INFO]: Zero manifold...
[17:49:46][][main/INFO]: Zero manifold...
[17:49:46][][main/INFO]: Zero manifold...
[17:49:46][][main/INFO]: Zero manifold...
[17:49:46][][main/INFO]: Zero manifold...
[17:49:46][][main/INFO]: Zero manifold...
[17:49:46][][main/INFO]: Zero manifold...
[17:49:46][][main/INFO]: Zero manifold...
[17:49:46][][main/INFO]: Zero manifold...
[17:49:46][][main/INFO]: Zero manifold...
[17:49:46][][main/INFO]: Zero manifold...
[17:49:46][][main/INFO]: Zero manifold...
[17:49:46][][main/INFO]: Zero manifold...
[17:49:46][][main/INFO]: Zero manifold...
[17:49:46][][main/INFO]: Zero manifold...
[17:49:46][][main/INFO]: Zero manifold...
[17:49:46][][main/INFO]: Zero manifold...
[17:49:46][][main/INFO]: Zero manifold...
[17:49:46][][main/INFO]: Zero manifold...
[17:49:46][][main/INFO]: Zero manifold...
[17:49:46][][main/INFO]: Zero manifold...
[17:49:46][][main/INFO]: Zero manifold...
[17:49:46][][main/INFO]: Zero manifold...
[17:49:46][][main/INFO]: Zero manifold...
[17:49:46][][main/INFO]: Zero manifold...
[17:49:46][][main/INFO]: Zero manifold...
[17:49:46][][main/INFO]: Zero manifold...
[17:49:46][][main/INFO]: Zero manifold...
[17:49:46][][main/INFO]: Zero manifold...
[17:49:46][][main/INFO]: Zero manifold...
[17:49:46][][main/INFO]: Zero manifold...
[17:49:46][][main/INFO]: Zero manifold...
[17:49:46][][main/INFO]: Zero manifold...
[17:49:46][][main/INFO]: Zero manifold...
[17:49:46][][main/INFO]: Zero manifold...
[17:49:47][][main/INFO]: Zero manifold...
[17:49:47][][main/INFO]: Zero manifold...
[17:49:47][][main/INFO]: Zero manifold...
[17:49:47][][main/INFO]: Zero manifold...
[17:49:47][][main/INFO]: Zero manifold...
[17:49:47][][main/INFO]: Zero manifold...
[17:49:47][][main/INFO]: Zero manifold...
[17:49:47][][main/INFO]: Zero manifold...
[17:49:47][][main/INFO]: Zero manifold...
[17:49:47][][main/INFO]: Zero manifold...
[17:49:47][][main/INFO]: Zero manifold...
[17:49:47][][main/INFO]: Zero manifold...
[17:49:47][][main/INFO]: Zero manifold...
[17:49:47][][main/INFO]: Zero manifold...
[17:49:47][][main/INFO]: Zero manifold...
[17:49:47][][main/INFO]: Zero manifold...
[17:49:47][][main/INFO]: Zero manifold...
[17:49:47][][main/INFO]: Zero manifold...
[17:49:47][][main/INFO]: Zero manifold...
[17:49:47][][main/INFO]: Zero manifold...
[17:49:47][][main/INFO]: Zero manifold...
[17:49:47][][main/INFO]: Zero manifold...
[17:49:47][][main/INFO]: Zero manifold...
[17:49:47][][main/INFO]: Zero manifold...
[17:49:47][][main/INFO]: Zero manifold...
[17:49:47][][main/INFO]: Zero manifold...
[17:49:47][][main/INFO]: Zero manifold...
[17:49:47][][main/INFO]: Zero manifold...
[17:49:47][][main/INFO]: Zero manifold...
[17:49:47][][main/INFO]: Zero manifold...
[17:49:47][][main/INFO]: Zero manifold...
[17:49:47][][main/INFO]: Zero manifold...
[17:49:47][][main/INFO]: Zero manifold...
[17:49:47][][main/INFO]: Zero manifold...
[17:49:47][][main/INFO]: Zero manifold...
[17:49:47][][main/INFO]: Zero manifold...
[17:49:47][][main/INFO]: Zero manifold...
[17:49:47][][main/INFO]: Zero manifold...
[17:49:47][][main/INFO]: Zero manifold...
[17:49:47][][main/INFO]: Zero manifold...
[17:49:47][][main/INFO]: Zero manifold...
[17:49:47][][main/INFO]: Zero manifold...
[17:49:47][][main/INFO]: Zero manifold...
[17:49:47][][main/INFO]: Zero manifold...
[17:49:47][][main/INFO]: Zero manifold...
[17:49:47][][main/INFO]: Zero manifold...
[17:49:47][][main/INFO]: Zero manifold...
[17:49:47][][main/INFO]: Zero manifold...
[17:49:47][][main/INFO]: Zero manifold...
[17:49:47][][main/INFO]: Zero manifold...
[17:49:47][][main/INFO]: Zero manifold...
[17:49:48][][main/INFO]: Zero manifold...
[17:49:48][][main/INFO]: Zero manifold...
[17:49:48][][main/INFO]: Zero manifold...
[17:49:48][][main/INFO]: Zero manifold...
[17:49:48][][main/INFO]: Zero manifold...
[17:49:48][][main/INFO]: Zero manifold...
[17:49:48][][main/INFO]: Zero manifold...
[17:49:48][][main/INFO]: Zero manifold...
[17:49:48][][main/INFO]: Zero manifold...
[17:49:48][][main/INFO]: Zero manifold...
[17:49:48][][main/INFO]: Zero manifold...
[17:49:48][][main/INFO]: Zero manifold...
[17:49:48][][main/INFO]: Zero manifold...
[17:49:48][][main/INFO]: Zero manifold...
[17:49:48][][main/INFO]: Zero manifold...
[17:49:48][][main/INFO]: Zero manifold...
[17:49:48][][main/INFO]: Zero manifold...
[17:49:48][][main/INFO]: Zero manifold...
[17:49:48][][main/INFO]: Zero manifold...
[17:49:48][][main/INFO]: Zero manifold...
[17:49:48][][main/INFO]: Zero manifold...
[17:49:48][][main/INFO]: Zero manifold...
[17:49:48][][main/INFO]: Zero manifold...
[17:49:48][][main/INFO]: Zero manifold...
[17:49:48][][main/INFO]: Zero manifold...
[17:49:48][][main/INFO]: Zero manifold...
[17:49:48][][main/INFO]: Zero manifold...
[17:49:48][][main/INFO]: Zero manifold...
[17:49:48][][main/INFO]: Zero manifold...
[17:49:48][][main/INFO]: Zero manifold...
[17:49:48][][main/INFO]: Zero manifold...
[17:49:48][][main/INFO]: Zero manifold...
[17:49:48][][main/INFO]: Zero manifold...
[17:49:48][][main/INFO]: Zero manifold...
[17:49:48][][main/INFO]: Zero manifold...
[17:49:48][][main/INFO]: Zero manifold...
[17:49:48][][main/INFO]: Zero manifold...
[17:49:48][][main/INFO]: Zero manifold...
[17:49:48][][main/INFO]: Zero manifold...
[17:49:48][][main/INFO]: Zero manifold...
[17:49:48][][main/INFO]: Zero manifold...
[17:49:48][][main/INFO]: Zero manifold...
[17:49:48][][main/INFO]: Zero manifold...
[17:49:48][][main/INFO]: Zero manifold...
[17:49:48][][main/INFO]: Zero manifold...
[17:49:48][][main/INFO]: Zero manifold...
[17:49:48][][main/INFO]: Zero manifold...
[17:49:48][][main/INFO]: Zero manifold...
[17:49:48][][main/INFO]: Zero manifold...
[17:49:48][][main/INFO]: Zero manifold...
[17:49:48][][main/INFO]: Zero manifold...
[17:49:48][][main/INFO]: Zero manifold...
[17:49:48][][main/INFO]: Zero manifold...
[17:49:48][][main/INFO]: Zero manifold...
[17:49:49][][main/INFO]: Zero manifold...
[17:49:49][][main/INFO]: Zero manifold...
[17:49:49][][main/INFO]: Zero manifold...
[17:49:49][][main/INFO]: Zero manifold...
[17:49:49][][main/INFO]: Zero manifold...
[17:49:49][][main/INFO]: Zero manifold...
[17:49:49][][main/INFO]: Zero manifold...
[17:49:49][][main/INFO]: Zero manifold...
[17:49:49][][main/INFO]: Zero manifold...
[17:49:49][][main/INFO]: Zero manifold...
[17:49:49][][main/INFO]: Zero manifold...
[17:49:49][][main/INFO]: Zero manifold...
[17:49:49][][main/INFO]: Zero manifold...
[17:49:49][][main/INFO]: Zero manifold...
[17:49:49][][main/INFO]: Zero manifold...
[17:49:49][][main/INFO]: Zero manifold...
[17:49:49][][main/INFO]: Zero manifold...
[17:49:49][][main/INFO]: Zero manifold...
[17:49:49][][main/INFO]: Zero manifold...
[17:49:49][][main/INFO]: Zero manifold...
[17:49:49][][main/INFO]: Zero manifold...
[17:49:49][][main/INFO]: Zero manifold...
[17:49:49][][main/INFO]: Zero manifold...
[17:49:49][][main/INFO]: Zero manifold...
[17:49:49][][main/INFO]: Zero manifold...
[17:49:49][][main/INFO]: Zero manifold...
[17:49:49][][main/INFO]: Zero manifold...
[17:49:49][][main/INFO]: Zero manifold...
[17:49:49][][main/INFO]: Zero manifold...
[17:49:49][][main/INFO]: Zero manifold...
[17:49:49][][main/INFO]: Zero manifold...
[17:49:49][][main/INFO]: Zero manifold...
[17:49:49][][main/INFO]: Zero manifold...
[17:49:49][][main/INFO]: Zero manifold...
[17:49:49][][main/INFO]: Zero manifold...
[17:49:49][][main/INFO]: Zero manifold...
[17:49:49][][main/INFO]: Zero manifold...
[17:49:49][][main/INFO]: Zero manifold...
[17:49:49][][main/INFO]: Zero manifold...
[17:49:49][][main/INFO]: Zero manifold...
[17:49:49][][main/INFO]: Zero manifold...
[17:49:49][][main/INFO]: Zero manifold...
[17:49:49][][main/INFO]: Zero manifold...
[17:49:49][][main/INFO]: Zero manifold...
[17:49:49][][main/INFO]: Zero manifold...
[17:49:49][][main/INFO]: Zero manifold...
[17:49:49][][main/INFO]: Zero manifold...
[17:49:50][][main/INFO]: Zero manifold...
[17:49:50][][main/INFO]: Zero manifold...
[17:49:50][][main/INFO]: Zero manifold...
[17:49:50][][main/INFO]: Zero manifold...
[17:49:50][][main/INFO]: Zero manifold...
[17:49:50][][main/INFO]: Zero manifold...
[17:49:50][][main/INFO]: Zero manifold...
[17:49:50][][main/INFO]: Zero manifold...
[17:49:50][][main/INFO]: Zero manifold...
[17:49:50][][main/INFO]: Zero manifold...
[17:49:50][][main/INFO]: Zero manifold...
[17:49:50][][main/INFO]: Zero manifold...
[17:50:06][][main/INFO]: Zero manifold...
[17:50:18][][main/INFO]: Zero manifold...
[17:50:18][][main/INFO]: Zero manifold...
[17:50:18][][main/INFO]: Zero manifold...
[17:50:18][][main/INFO]: Zero manifold...
[17:50:18][][main/INFO]: Zero manifold...
[17:50:18][][main/INFO]: Zero manifold...
[17:50:18][][main/INFO]: Zero manifold...
[17:50:18][][main/INFO]: Zero manifold...
[17:50:18][][main/INFO]: Zero manifold...
[17:50:18][][main/INFO]: Zero manifold...
[17:50:18][][main/INFO]: Zero manifold...
[17:50:18][][main/INFO]: Zero manifold...
[17:50:19][][main/INFO]: Zero manifold...
[17:50:19][][main/INFO]: Zero manifold...
[17:50:19][][main/INFO]: Zero manifold...
[17:50:19][][main/INFO]: Zero manifold...
[17:50:19][][main/INFO]: Zero manifold...
[17:50:19][][main/INFO]: Zero manifold...
[17:50:19][][main/INFO]: Zero manifold...
[17:50:19][][main/INFO]: Zero manifold...
[17:50:19][][main/INFO]: Zero manifold...
[17:50:19][][main/INFO]: Zero manifold...
[17:50:19][][main/INFO]: Zero manifold...
[17:50:19][][main/INFO]: Zero manifold...
[17:50:19][][main/INFO]: Zero manifold...
[17:50:19][][main/INFO]: Zero manifold...
[17:50:19][][main/INFO]: Zero manifold...
[17:50:19][][main/INFO]: Zero manifold...
[17:50:19][][main/INFO]: Zero manifold...
[17:50:19][][main/INFO]: Zero manifold...
[17:50:19][][main/INFO]: Zero manifold...
[17:50:19][][main/INFO]: Zero manifold...
[17:50:19][][main/INFO]: Zero manifold...
[17:50:19][][main/INFO]: Zero manifold...
[17:50:19][][main/INFO]: Zero manifold...
[17:50:19][][main/INFO]: Zero manifold...
[17:50:19][][main/INFO]: Zero manifold...
[17:50:19][][main/INFO]: Zero manifold...
[17:50:19][][main/INFO]: Zero manifold...
[17:50:19][][main/INFO]: Zero manifold...
[17:50:19][][main/INFO]: Zero manifold...
[17:50:19][][main/INFO]: Zero manifold...
[17:50:19][][main/INFO]: Zero manifold...
[17:50:20][][main/INFO]: Zero manifold...
[17:50:20][][main/INFO]: Zero manifold...
[17:50:21][][main/INFO]: Zero manifold...
[17:50:21][][main/INFO]: Zero manifold...
[17:50:21][][main/INFO]: Zero manifold...
[17:50:21][][main/INFO]: Zero manifold...
[17:50:41][][main/INFO]: Zero manifold...
[17:50:41][][main/INFO]: Zero manifold...
[17:50:41][][main/INFO]: Zero manifold...
[17:50:41][][main/INFO]: Zero manifold...
[17:50:41][][main/INFO]: Zero manifold...
[17:50:41][][main/INFO]: Zero manifold...
[17:50:42][][main/INFO]: Zero manifold...
[17:50:42][][main/INFO]: Zero manifold...
[17:50:42][][main/INFO]: Zero manifold...
[17:50:42][][main/INFO]: Zero manifold...
[17:50:42][][main/INFO]: Zero manifold...
[17:50:42][][main/INFO]: Zero manifold...
[17:50:42][][main/INFO]: Zero manifold...
[17:50:42][][main/INFO]: Zero manifold...
[17:50:42][][main/INFO]: Zero manifold...
[17:50:42][][main/INFO]: Zero manifold...
[17:50:42][][main/INFO]: Zero manifold...
[17:50:42][][main/INFO]: Zero manifold...
[17:50:42][][main/INFO]: Zero manifold...
[17:50:42][][main/INFO]: Zero manifold...
[17:50:42][][main/INFO]: Zero manifold...
[17:50:42][][main/INFO]: Zero manifold...
[17:50:42][][main/INFO]: Zero manifold...
[17:50:42][][main/INFO]: Zero manifold...
[17:50:42][][main/INFO]: Zero manifold...
[17:50:42][][main/INFO]: Zero manifold...
[17:50:42][][main/INFO]: Zero manifold...
[17:50:42][][main/INFO]: Zero manifold...
[17:50:42][][main/INFO]: Zero manifold...
[17:50:42][][main/INFO]: Zero manifold...
[17:50:42][][main/INFO]: Zero manifold...
[17:50:42][][main/INFO]: Zero manifold...
[17:50:42][][main/INFO]: Zero manifold...
[17:50:42][][main/INFO]: Zero manifold...
[17:50:42][][main/INFO]: Zero manifold...
[17:50:42][][main/INFO]: Zero manifold...
[17:50:42][][main/INFO]: Zero manifold...
[17:50:42][][main/INFO]: Zero manifold...
[17:50:42][][main/INFO]: Zero manifold...
[17:50:42][][main/INFO]: Zero manifold...
[17:50:42][][main/INFO]: Zero manifold...
[17:50:42][][main/INFO]: Zero manifold...
[17:50:42][][main/INFO]: Zero manifold...
[17:50:42][][main/INFO]: Zero manifold...
[17:50:42][][main/INFO]: Zero manifold...
[17:50:42][][main/INFO]: Zero manifold...
[17:50:42][][main/INFO]: Zero manifold...
[17:50:42][][main/INFO]: Zero manifold...
[17:50:42][][main/INFO]: Zero manifold...
[17:50:42][][main/INFO]: Zero manifold...
[17:50:42][][main/INFO]: Zero manifold...
[17:50:42][][main/INFO]: Zero manifold...
[17:50:49][][main/INFO]: Zero manifold...
[17:50:49][][main/INFO]: Zero manifold...
[17:50:49][][main/INFO]: Zero manifold...
[17:50:49][][main/INFO]: Zero manifold...
[17:50:49][][main/INFO]: Zero manifold...
[17:50:49][][main/INFO]: Zero manifold...
[17:50:49][][main/INFO]: Zero manifold...
[17:50:49][][main/INFO]: Zero manifold...
[17:50:49][][main/INFO]: Zero manifold...
[17:50:49][][main/INFO]: Zero manifold...
[17:50:49][][main/INFO]: Zero manifold...
[17:50:49][][main/INFO]: Zero manifold...
[17:50:49][][main/INFO]: Zero manifold...
[17:50:49][][main/INFO]: Zero manifold...
[17:50:49][][main/INFO]: Zero manifold...
[17:50:49][][main/INFO]: Zero manifold...
[17:50:49][][main/INFO]: Zero manifold...
[17:50:49][][main/INFO]: Zero manifold...
[17:50:49][][main/INFO]: Zero manifold...
[17:50:49][][main/INFO]: Zero manifold...
[17:50:49][][main/INFO]: Zero manifold...
[17:50:49][][main/INFO]: Zero manifold...
[17:50:49][][main/INFO]: Zero manifold...
[17:50:49][][main/INFO]: Zero manifold...
[17:50:49][][main/INFO]: Zero manifold...
[17:50:49][][main/INFO]: Zero manifold...
[17:50:49][][main/INFO]: Zero manifold...
[17:50:58][][main/INFO]: Zero manifold...
[17:50:58][][main/INFO]: Zero manifold...
[17:50:58][][main/INFO]: Zero manifold...
[17:50:58][][main/INFO]: Zero manifold...
[17:50:58][][main/INFO]: Zero manifold...
[17:50:58][][main/INFO]: Zero manifold...
[17:50:58][][main/INFO]: Zero manifold...
[17:50:58][][main/INFO]: Zero manifold...
[17:50:58][][main/INFO]: Zero manifold...
[17:50:58][][main/INFO]: Zero manifold...
[17:50:58][][main/INFO]: Zero manifold...
[17:50:58][][main/INFO]: Zero manifold...
[17:50:58][][main/INFO]: Zero manifold...
[17:50:58][][main/INFO]: Zero manifold...
[17:50:58][][main/INFO]: Zero manifold...
[17:50:58][][main/INFO]: Zero manifold...
[17:50:58][][main/INFO]: Zero manifold...
[17:50:58][][main/INFO]: Zero manifold...
[17:50:58][][main/INFO]: Zero manifold...
[17:50:58][][main/INFO]: Zero manifold...
[17:50:58][][main/INFO]: Zero manifold...
[17:50:58][][main/INFO]: Zero manifold...
[17:50:58][][main/INFO]: Zero manifold...
[17:50:58][][main/INFO]: Zero manifold...
[17:50:58][][main/INFO]: Zero manifold...
[17:50:58][][main/INFO]: Zero manifold...
[17:50:58][][main/INFO]: Zero manifold...
[17:50:59][][main/INFO]: Zero manifold...
[17:50:59][][main/INFO]: Zero manifold...
[17:50:59][][main/INFO]: Zero manifold...
[17:50:59][][main/INFO]: Zero manifold...
[17:50:59][][main/INFO]: Zero manifold...
[17:50:59][][main/INFO]: Zero manifold...
[17:50:59][][main/INFO]: Zero manifold...
[17:50:59][][main/INFO]: Zero manifold...
[17:50:59][][main/INFO]: Zero manifold...
[17:50:59][][main/INFO]: Zero manifold...
[17:50:59][][main/INFO]: Zero manifold...
[17:50:59][][main/INFO]: Zero manifold...
[17:50:59][][main/INFO]: Zero manifold...
[17:50:59][][main/INFO]: Zero manifold...
[17:50:59][][main/INFO]: Zero manifold...
[17:50:59][][main/INFO]: Zero manifold...
[17:50:59][][main/INFO]: Zero manifold...
[17:50:59][][main/INFO]: Zero manifold...
[17:50:59][][main/INFO]: Zero manifold...
[17:50:59][][main/INFO]: Zero manifold...
[17:50:59][][main/INFO]: Zero manifold...
[17:50:59][][main/INFO]: Zero manifold...
[17:50:59][][main/INFO]: Zero manifold...
[17:50:59][][main/INFO]: Zero manifold...
[17:50:59][][main/INFO]: Zero manifold...
[17:50:59][][main/INFO]: Zero manifold...
[17:50:59][][main/INFO]: Zero manifold...
[17:50:59][][main/INFO]: Zero manifold...
[17:50:59][][main/INFO]: Zero manifold...
[17:50:59][][main/INFO]: Zero manifold...
[17:50:59][][main/INFO]: Zero manifold...
[17:50:59][][main/INFO]: Zero manifold...
[17:50:59][][main/INFO]: Zero manifold...
[17:50:59][][main/INFO]: Zero manifold...
[17:50:59][][main/INFO]: Zero manifold...
[17:50:59][][main/INFO]: Zero manifold...
[17:50:59][][main/INFO]: Zero manifold...
[17:50:59][][main/INFO]: Zero manifold...
[17:50:59][][main/INFO]: Zero manifold...
[17:50:59][][main/INFO]: Zero manifold...
[17:50:59][][main/INFO]: Zero manifold...
[17:50:59][][main/INFO]: Zero manifold...
[17:50:59][][main/INFO]: Zero manifold...
[17:50:59][][main/INFO]: Zero manifold...
[17:50:59][][main/INFO]: Zero manifold...
[17:50:59][][main/INFO]: Zero manifold...
[17:50:59][][main/INFO]: Zero manifold...
[17:50:59][][main/INFO]: Zero manifold...
[17:50:59][][main/INFO]: Zero manifold...
[17:50:59][][main/INFO]: Zero manifold...
[17:50:59][][main/INFO]: Zero manifold...
[17:50:59][][main/INFO]: Zero manifold...
[17:50:59][][main/INFO]: Zero manifold...
[17:50:59][][main/INFO]: Zero manifold...
[17:50:59][][main/INFO]: Zero manifold...
[17:50:59][][main/INFO]: Zero manifold...
[17:50:59][][main/INFO]: Zero manifold...
[17:50:59][][main/INFO]: Zero manifold...
[17:50:59][][main/INFO]: Zero manifold...
[17:50:59][][main/INFO]: Zero manifold...
[17:50:59][][main/INFO]: Zero manifold...
[17:50:59][][main/INFO]: Zero manifold...
[17:50:59][][main/INFO]: Zero manifold...
[17:51:00][][main/INFO]: Zero manifold...
[17:51:00][][main/INFO]: Zero manifold...
[17:51:00][][main/INFO]: Zero manifold...
[17:51:00][][main/INFO]: Zero manifold...
[17:51:00][][main/INFO]: Zero manifold...
[17:51:00][][main/INFO]: Zero manifold...
[17:51:00][][main/INFO]: Zero manifold...
[17:51:00][][main/INFO]: Zero manifold...
[17:51:00][][main/INFO]: Zero manifold...
[17:51:00][][main/INFO]: Zero manifold...
[17:51:00][][main/INFO]: Zero manifold...
[17:51:00][][main/INFO]: Zero manifold...
[17:51:00][][main/INFO]: Zero manifold...
[17:51:00][][main/INFO]: Zero manifold...
[17:51:00][][main/INFO]: Zero manifold...
[17:51:00][][main/INFO]: Zero manifold...
[17:51:00][][main/INFO]: Zero manifold...
[17:51:00][][main/INFO]: Zero manifold...
[17:51:00][][main/INFO]: Zero manifold...
[17:51:00][][main/INFO]: Zero manifold...
[17:51:00][][main/INFO]: Zero manifold...
[17:51:00][][main/INFO]: Zero manifold...
[17:51:00][][main/INFO]: Zero manifold...
[17:51:00][][main/INFO]: Zero manifold...
[17:51:00][][main/INFO]: Zero manifold...
[17:51:00][][main/INFO]: Zero manifold...
[17:51:00][][main/INFO]: Zero manifold...
[17:51:00][][main/INFO]: Zero manifold...
[17:51:00][][main/INFO]: Zero manifold...
[17:51:00][][main/INFO]: Zero manifold...
[17:51:00][][main/INFO]: Zero manifold...
[17:51:00][][main/INFO]: Zero manifold...
[17:51:00][][main/INFO]: Zero manifold...
[17:51:00][][main/INFO]: Zero manifold...
[17:51:00][][main/INFO]: Zero manifold...
[17:51:00][][main/INFO]: Zero manifold...
[17:51:00][][main/INFO]: Zero manifold...
[17:51:00][][main/INFO]: Zero manifold...
[17:51:00][][main/INFO]: Zero manifold...
[17:51:00][][main/INFO]: Zero manifold...
[17:51:00][][main/INFO]: Zero manifold...
[17:51:00][][main/INFO]: Zero manifold...
[17:51:00][][main/INFO]: Zero manifold...
[17:51:00][][main/INFO]: Zero manifold...
[17:51:00][][main/INFO]: Zero manifold...
[17:51:00][][main/INFO]: Zero manifold...
[17:51:00][][main/INFO]: Zero manifold...
[17:51:00][][main/INFO]: Zero manifold...
[17:51:00][][main/INFO]: Zero manifold...
[17:51:00][][main/INFO]: Zero manifold...
[17:51:00][][main/INFO]: Zero manifold...
[17:51:00][][main/INFO]: Zero manifold...
[17:51:00][][main/INFO]: Zero manifold...
[17:51:00][][main/INFO]: Zero manifold...
[17:51:00][][main/INFO]: Zero manifold...
[17:51:00][][main/INFO]: Zero manifold...
[17:51:00][][main/INFO]: Zero manifold...
[17:51:00][][main/INFO]: Zero manifold...
[17:51:00][][main/INFO]: Zero manifold...
[17:51:00][][main/INFO]: Zero manifold...
[17:51:00][][main/INFO]: Zero manifold...
[17:51:01][][main/INFO]: Zero manifold...
[17:51:01][][main/INFO]: Zero manifold...
[17:51:01][][main/INFO]: Zero manifold...
[17:51:01][][main/INFO]: Zero manifold...
[17:51:01][][main/INFO]: Zero manifold...
[17:51:01][][main/INFO]: Zero manifold...
[17:51:01][][main/INFO]: Zero manifold...
[17:51:01][][main/INFO]: Zero manifold...
[17:51:01][][main/INFO]: Zero manifold...
[17:51:01][][main/INFO]: Zero manifold...
[17:51:01][][main/INFO]: Zero manifold...
[17:51:01][][main/INFO]: Zero manifold...
[17:51:01][][main/INFO]: Zero manifold...
[17:51:01][][main/INFO]: Zero manifold...
[17:51:01][][main/INFO]: Zero manifold...
[17:51:01][][main/INFO]: Zero manifold...
[17:51:01][][main/INFO]: Zero manifold...
[17:51:01][][main/INFO]: Zero manifold...
[17:51:01][][main/INFO]: Zero manifold...
[17:51:01][][main/INFO]: Zero manifold...
[17:51:01][][main/INFO]: Zero manifold...
[17:51:01][][main/INFO]: Zero manifold...
[17:51:01][][main/INFO]: Zero manifold...
[17:51:01][][main/INFO]: Zero manifold...
[17:51:01][][main/INFO]: Zero manifold...
[17:51:01][][main/INFO]: Zero manifold...
[17:51:01][][main/INFO]: Zero manifold...
[17:51:01][][main/INFO]: Zero manifold...
[17:51:01][][main/INFO]: Zero manifold...
[17:51:01][][main/INFO]: Zero manifold...
[17:51:01][][main/INFO]: Zero manifold...
[17:51:01][][main/INFO]: Zero manifold...
[17:51:01][][main/INFO]: Zero manifold...
[17:51:01][][main/INFO]: Zero manifold...
[17:51:01][][main/INFO]: Zero manifold...
[17:51:01][][main/INFO]: Zero manifold...
[17:51:01][][main/INFO]: Zero manifold...
[17:51:01][][main/INFO]: Zero manifold...
[17:51:01][][main/INFO]: Zero manifold...
[17:51:01][][main/INFO]: Zero manifold...
[17:51:01][][main/INFO]: Zero manifold...
[17:51:01][][main/INFO]: Zero manifold...
[17:51:01][][main/INFO]: Zero manifold...
[17:51:01][][main/INFO]: Zero manifold...
[17:51:01][][main/INFO]: Zero manifold...
[17:51:01][][main/INFO]: Zero manifold...
[17:51:01][][main/INFO]: Zero manifold...
[17:51:01][][main/INFO]: Zero manifold...
[17:51:01][][main/INFO]: Zero manifold...
[17:51:02][][main/INFO]: Zero manifold...
[17:51:02][][main/INFO]: Zero manifold...
[17:51:02][][main/INFO]: Zero manifold...
[17:51:02][][main/INFO]: Zero manifold...
[17:51:02][][main/INFO]: Zero manifold...
[17:51:02][][main/INFO]: Zero manifold...
[17:51:02][][main/INFO]: Zero manifold...
[17:51:02][][main/INFO]: Zero manifold...
[17:51:02][][main/INFO]: Zero manifold...
[17:51:02][][main/INFO]: Zero manifold...
[17:51:02][][main/INFO]: Zero manifold...
[17:51:02][][main/INFO]: Zero manifold...
[17:51:02][][main/INFO]: Zero manifold...
[17:51:02][][main/INFO]: Zero manifold...
[17:51:02][][main/INFO]: Zero manifold...
[17:51:02][][main/INFO]: Zero manifold...
[17:51:02][][main/INFO]: Zero manifold...
[17:51:02][][main/INFO]: Zero manifold...
[17:51:02][][main/INFO]: Zero manifold...
[17:51:02][][main/INFO]: Zero manifold...
[17:51:02][][main/INFO]: Zero manifold...
[17:51:02][][main/INFO]: Zero manifold...
[17:51:02][][main/INFO]: Zero manifold...
[17:51:02][][main/INFO]: Zero manifold...
[17:51:02][][main/INFO]: Zero manifold...
[17:51:02][][main/INFO]: Zero manifold...
[17:51:02][][main/INFO]: Zero manifold...
[17:51:02][][main/INFO]: Zero manifold...
[17:51:02][][main/INFO]: Zero manifold...
[17:51:02][][main/INFO]: Zero manifold...
[17:51:02][][main/INFO]: Zero manifold...
[17:51:02][][main/INFO]: Zero manifold...
[17:51:02][][main/INFO]: Zero manifold...
[17:51:02][][main/INFO]: Zero manifold...
[17:51:02][][main/INFO]: Zero manifold...
[17:51:02][][main/INFO]: Zero manifold...
[17:51:02][][main/INFO]: Zero manifold...
[17:51:02][][main/INFO]: Zero manifold...
[17:51:02][][main/INFO]: Zero manifold...
[17:51:02][][main/INFO]: Zero manifold...
[17:51:02][][main/INFO]: Zero manifold...
[17:51:02][][main/INFO]: Zero manifold...
[17:51:02][][main/INFO]: Zero manifold...
[17:51:02][][main/INFO]: Zero manifold...
[17:51:02][][main/INFO]: Zero manifold...
[17:51:02][][main/INFO]: Zero manifold...
[17:51:02][][main/INFO]: Zero manifold...
[17:51:02][][main/INFO]: Zero manifold...
[17:51:02][][main/INFO]: Zero manifold...
[17:51:02][][main/INFO]: Zero manifold...
[17:51:02][][main/INFO]: Zero manifold...
[17:51:02][][main/INFO]: Zero manifold...
[17:51:02][][main/INFO]: Zero manifold...
[17:51:02][][main/INFO]: Zero manifold...
[17:51:02][][main/INFO]: Zero manifold...
[17:51:02][][main/INFO]: Zero manifold...
[17:51:02][][main/INFO]: Zero manifold...
[17:51:03][][main/INFO]: Zero manifold...
[17:51:03][][main/INFO]: Zero manifold...
[17:51:03][][main/INFO]: Zero manifold...
[17:51:15][][main/INFO]: Zero manifold...
[17:51:15][][main/INFO]: Zero manifold...
[17:51:15][][main/INFO]: Zero manifold...
[17:51:15][][main/INFO]: Zero manifold...
[17:51:15][][main/INFO]: Zero manifold...
[17:51:15][][main/INFO]: Zero manifold...
[17:51:15][][main/INFO]: Zero manifold...
[17:51:15][][main/INFO]: Zero manifold...
[17:51:15][][main/INFO]: Zero manifold...
[17:51:15][][main/INFO]: Zero manifold...
[17:51:15][][main/INFO]: Zero manifold...
[17:51:15][][main/INFO]: Zero manifold...
[17:51:15][][main/INFO]: Zero manifold...
[17:51:15][][main/INFO]: Zero manifold...
[17:51:15][][main/INFO]: Zero manifold...
[17:51:15][][main/INFO]: Zero manifold...
[17:51:15][][main/INFO]: Zero manifold...
[17:51:15][][main/INFO]: Zero manifold...
[17:51:15][][main/INFO]: Zero manifold...
[17:51:15][][main/INFO]: Zero manifold...
[17:51:15][][main/INFO]: Zero manifold...
[17:51:15][][main/INFO]: Zero manifold...
[17:51:15][][main/INFO]: Zero manifold...
[17:51:15][][main/INFO]: Zero manifold...
[17:51:15][][main/INFO]: Zero manifold...
[17:51:15][][main/INFO]: Zero manifold...
[17:51:15][][main/INFO]: Zero manifold...
[17:51:15][][main/INFO]: Zero manifold...
[17:51:15][][main/INFO]: Zero manifold...
[17:51:15][][main/INFO]: Zero manifold...
[17:51:15][][main/INFO]: Zero manifold...
[17:51:15][][main/INFO]: Zero manifold...
[17:51:15][][main/INFO]: Zero manifold...
[17:51:15][][main/INFO]: Zero manifold...
[17:51:15][][main/INFO]: Zero manifold...
[17:51:15][][main/INFO]: Zero manifold...
[17:51:15][][main/INFO]: Zero manifold...
[17:51:15][][main/INFO]: Zero manifold...
[17:51:15][][main/INFO]: Zero manifold...
[17:51:15][][main/INFO]: Zero manifold...
[17:51:15][][main/INFO]: Zero manifold...
[17:51:15][][main/INFO]: Zero manifold...
[17:51:15][][main/INFO]: Zero manifold...
[17:51:15][][main/INFO]: Zero manifold...
[17:51:15][][main/INFO]: Zero manifold...
[17:51:16][][main/INFO]: Zero manifold...
[17:51:16][][main/INFO]: Zero manifold...
[17:51:16][][main/INFO]: Zero manifold...
[17:51:16][][main/INFO]: Zero manifold...
[17:51:16][][main/INFO]: Zero manifold...
[17:51:16][][main/INFO]: Zero manifold...
[17:51:16][][main/INFO]: Zero manifold...
[17:51:16][][main/INFO]: Zero manifold...
[17:51:16][][main/INFO]: Zero manifold...
[17:51:16][][main/INFO]: Zero manifold...
[17:51:16][][main/INFO]: Zero manifold...
[17:51:16][][main/INFO]: Zero manifold...
[17:51:16][][main/INFO]: Zero manifold...
[17:51:16][][main/INFO]: Zero manifold...
[17:51:16][][main/INFO]: Zero manifold...
[17:51:16][][main/INFO]: Zero manifold...
[17:51:16][][main/INFO]: Zero manifold...
[17:51:16][][main/INFO]: Zero manifold...
[17:51:16][][main/INFO]: Zero manifold...
[17:51:16][][main/INFO]: Zero manifold...
[17:51:16][][main/INFO]: Zero manifold...
[17:51:16][][main/INFO]: Zero manifold...
[17:51:16][][main/INFO]: Zero manifold...
[17:51:16][][main/INFO]: Zero manifold...
[17:51:16][][main/INFO]: Zero manifold...
[17:51:16][][main/INFO]: Zero manifold...
[17:51:16][][main/INFO]: Zero manifold...
[17:51:16][][main/INFO]: Zero manifold...
[17:51:16][][main/INFO]: Zero manifold...
[17:51:16][][main/INFO]: Zero manifold...
[17:51:16][][main/INFO]: Zero manifold...
[17:51:16][][main/INFO]: Zero manifold...
[17:51:16][][main/INFO]: Zero manifold...
[17:51:16][][main/INFO]: Zero manifold...
[17:51:16][][main/INFO]: Zero manifold...
[17:51:16][][main/INFO]: Zero manifold...
[17:51:16][][main/INFO]: Zero manifold...
[17:51:16][][main/INFO]: Zero manifold...
[17:51:16][][main/INFO]: Zero manifold...
[17:51:16][][main/INFO]: Zero manifold...
[17:51:16][][main/INFO]: Zero manifold...
[17:51:16][][main/INFO]: Zero manifold...
[17:51:16][][main/INFO]: Zero manifold...
[17:51:16][][main/INFO]: Zero manifold...
[17:51:16][][main/INFO]: Zero manifold...
[17:51:16][][main/INFO]: Zero manifold...
[17:51:16][][main/INFO]: Zero manifold...
[17:51:16][][main/INFO]: Zero manifold...
[17:51:16][][main/INFO]: Zero manifold...
[17:51:16][][main/INFO]: Zero manifold...
[17:51:16][][main/INFO]: Zero manifold...
[17:51:16][][main/INFO]: Zero manifold...
[17:51:16][][main/INFO]: Zero manifold...
[17:51:16][][main/INFO]: Zero manifold...
[17:51:16][][main/INFO]: Zero manifold...
[17:51:16][][main/INFO]: Zero manifold...
[17:51:16][][main/INFO]: Zero manifold...
[17:51:16][][main/INFO]: Zero manifold...
[17:51:16][][main/INFO]: Zero manifold...
[17:51:16][][main/INFO]: Zero manifold...
[17:51:16][][main/INFO]: Zero manifold...
[17:51:16][][main/INFO]: Zero manifold...
[17:51:16][][main/INFO]: Zero manifold...
[17:51:17][][main/INFO]: Zero manifold...
[17:51:17][][main/INFO]: Zero manifold...
[17:51:17][][main/INFO]: Zero manifold...
[17:51:17][][main/INFO]: Zero manifold...
[17:51:17][][main/INFO]: Zero manifold...
[17:51:17][][main/INFO]: Zero manifold...
[17:51:17][][main/INFO]: Zero manifold...
[17:51:17][][main/INFO]: Zero manifold...
[17:51:17][][main/INFO]: Zero manifold...
[17:51:17][][main/INFO]: Zero manifold...
[17:51:17][][main/INFO]: Zero manifold...
[17:51:17][][main/INFO]: Zero manifold...
[17:51:17][][main/INFO]: Zero manifold...
[17:51:17][][main/INFO]: Zero manifold...
[17:51:17][][main/INFO]: Zero manifold...
[17:51:17][][main/INFO]: Zero manifold...
[17:51:17][][main/INFO]: Zero manifold...
[17:51:17][][main/INFO]: Zero manifold...
[17:51:17][][main/INFO]: Zero manifold...
[17:51:17][][main/INFO]: Zero manifold...
[17:51:17][][main/INFO]: Zero manifold...
[17:51:17][][main/INFO]: Zero manifold...
[17:51:17][][main/INFO]: Zero manifold...
[17:51:17][][main/INFO]: Zero manifold...
[17:51:17][][main/INFO]: Zero manifold...
[17:51:17][][main/INFO]: Zero manifold...
[17:51:17][][main/INFO]: Zero manifold...
[17:51:17][][main/INFO]: Zero manifold...
[17:51:17][][main/INFO]: Zero manifold...
[17:51:17][][main/INFO]: Zero manifold...
[17:51:17][][main/INFO]: Zero manifold...
[17:51:17][][main/INFO]: Zero manifold...
[17:51:17][][main/INFO]: Zero manifold...
[17:51:17][][main/INFO]: Zero manifold...
[17:51:17][][main/INFO]: Zero manifold...
[17:51:17][][main/INFO]: Zero manifold...
[17:51:17][][main/INFO]: Zero manifold...
[17:51:17][][main/INFO]: Zero manifold...
[17:51:17][][main/INFO]: Zero manifold...
[17:51:17][][main/INFO]: Zero manifold...
[17:51:17][][main/INFO]: Zero manifold...
[17:51:17][][main/INFO]: Zero manifold...
[17:51:17][][main/INFO]: Zero manifold...
[17:51:17][][main/INFO]: Zero manifold...
[17:51:17][][main/INFO]: Zero manifold...
[17:51:17][][main/INFO]: Zero manifold...
[17:51:17][][main/INFO]: Zero manifold...
[17:51:17][][main/INFO]: Zero manifold...
[17:51:17][][main/INFO]: Zero manifold...
[17:51:17][][main/INFO]: Zero manifold...
[17:51:17][][main/INFO]: Zero manifold...
[17:51:17][][main/INFO]: Zero manifold...
[17:51:17][][main/INFO]: Zero manifold...
[17:51:17][][main/INFO]: Zero manifold...
[17:51:17][][main/INFO]: Zero manifold...
[17:51:17][][main/INFO]: Zero manifold...
[17:51:17][][main/INFO]: Zero manifold...
[17:51:17][][main/INFO]: Zero manifold...
[17:51:17][][main/INFO]: Zero manifold...
[17:51:17][][main/INFO]: Zero manifold...
[17:51:18][][main/INFO]: Zero manifold...
[17:51:18][][main/INFO]: Zero manifold...
[17:51:18][][main/INFO]: Zero manifold...
[17:51:18][][main/INFO]: Zero manifold...
[17:51:18][][main/INFO]: Zero manifold...
[17:51:18][][main/INFO]: Zero manifold...
[17:51:18][][main/INFO]: Zero manifold...
[17:51:18][][main/INFO]: Zero manifold...
[17:51:18][][main/INFO]: Zero manifold...
[17:51:18][][main/INFO]: Zero manifold...
[17:51:18][][main/INFO]: Zero manifold...
[17:51:18][][main/INFO]: Zero manifold...
[17:51:18][][main/INFO]: Zero manifold...
[17:51:18][][main/INFO]: Zero manifold...
[17:51:18][][main/INFO]: Zero manifold...
[17:51:18][][main/INFO]: Zero manifold...
[17:51:18][][main/INFO]: Zero manifold...
[17:51:18][][main/INFO]: Zero manifold...
[17:51:18][][main/INFO]: Zero manifold...
[17:51:18][][main/INFO]: Zero manifold...
[17:51:18][][main/INFO]: Zero manifold...
[17:51:18][][main/INFO]: Zero manifold...
[17:51:18][][main/INFO]: Zero manifold...
[17:51:18][][main/INFO]: Zero manifold...
[17:51:18][][main/INFO]: Zero manifold...
[17:51:18][][main/INFO]: Zero manifold...
[17:51:18][][main/INFO]: Zero manifold...
[17:51:18][][main/INFO]: Zero manifold...
[17:51:18][][main/INFO]: Zero manifold...
[17:51:18][][main/INFO]: Zero manifold...
[17:51:18][][main/INFO]: Zero manifold...
[17:51:18][][main/INFO]: Zero manifold...
[17:51:18][][main/INFO]: Zero manifold...
[17:51:18][][main/INFO]: Zero manifold...
[17:51:18][][main/INFO]: Zero manifold...
[17:51:18][][main/INFO]: Zero manifold...
[17:51:18][][main/INFO]: Zero manifold...
[17:51:19][][main/INFO]: Saved GameSettings options. (options.dat)
