[09:48:54][][main/INFO]: Loaded GameSettings options. (options.dat)
[09:48:57][][main/INFO]: OperationSystem Mac OS X 10.15.4, rt 1.8.0_231 x86_64, VM Java HotSpot(TM) 64-Bit Server VM v25.231-b11
[09:48:59][][main/INFO]: RenderEngine initialized. GL_I: Intel Inc. - Intel(R) Iris(TM) Plus Graphics 645 | 4.1 INTEL-14.5.22
[09:48:59][][main/INFO]: LWJGL 3.2.3 build 13, GLFWL 3.4.0 Cocoa NSGL EGL OSMesa dynamic
[09:48:59][][main/INFO]: AudioEngine initialized. AL_I: OpenAL Community / 1.1 ALSOFT 1.19.1, devispec OpenAL Soft
[09:49:03][][main/INFO]: Zero manifold...
[09:49:03][][main/INFO]: Zero manifold...
[09:49:03][][main/INFO]: Zero manifold...
[09:49:03][][main/INFO]: Zero manifold...
[09:49:03][][main/INFO]: Zero manifold...
[09:49:03][][main/INFO]: Zero manifold...
[09:49:03][][main/INFO]: Zero manifold...
[09:49:03][][main/INFO]: Zero manifold...
[09:49:03][][main/INFO]: Zero manifold...
[09:49:03][][main/INFO]: Zero manifold...
[09:49:03][][main/INFO]: Zero manifold...
[09:49:03][][main/INFO]: Zero manifold...
[09:49:03][][main/INFO]: Zero manifold...
[09:49:03][][main/INFO]: Zero manifold...
[09:49:03][][main/INFO]: Zero manifold...
[09:49:03][][main/INFO]: Zero manifold...
[09:49:03][][main/INFO]: Zero manifold...
[09:49:03][][main/INFO]: Zero manifold...
[09:49:03][][main/INFO]: Zero manifold...
[09:49:03][][main/INFO]: Zero manifold...
[09:49:03][][main/INFO]: Zero manifold...
[09:49:03][][main/INFO]: Zero manifold...
[09:49:03][][main/INFO]: Zero manifold...
[09:49:03][][main/INFO]: Zero manifold...
[09:49:03][][main/INFO]: Zero manifold...
[09:49:03][][main/INFO]: Zero manifold...
[09:49:03][][main/INFO]: Zero manifold...
[09:49:03][][main/INFO]: Zero manifold...
[09:49:03][][main/INFO]: Zero manifold...
[09:49:03][][main/INFO]: Zero manifold...
[09:49:03][][main/INFO]: Zero manifold...
[09:49:03][][main/INFO]: Zero manifold...
[09:49:03][][main/INFO]: Zero manifold...
[09:49:03][][main/INFO]: Zero manifold...
[09:49:03][][main/INFO]: Zero manifold...
[09:49:03][][main/INFO]: Zero manifold...
[09:49:03][][main/INFO]: Zero manifold...
[09:49:03][][main/INFO]: Zero manifold...
[09:49:03][][main/INFO]: Zero manifold...
[09:49:03][][main/INFO]: Zero manifold...
[09:49:03][][main/INFO]: Zero manifold...
[09:49:03][][main/INFO]: Zero manifold...
[09:49:03][][main/INFO]: Zero manifold...
[09:49:03][][main/INFO]: Zero manifold...
[09:49:03][][main/INFO]: Zero manifold...
[09:49:03][][main/INFO]: Zero manifold...
[09:49:03][][main/INFO]: Zero manifold...
[09:49:03][][main/INFO]: Zero manifold...
[09:49:03][][main/INFO]: Zero manifold...
[09:49:03][][main/INFO]: Zero manifold...
[09:49:03][][main/INFO]: Zero manifold...
[09:49:03][][main/INFO]: Zero manifold...
[09:49:03][][main/INFO]: Zero manifold...
[09:49:03][][main/INFO]: Zero manifold...
[09:49:03][][main/INFO]: Zero manifold...
[09:49:03][][main/INFO]: Zero manifold...
[09:49:03][][main/INFO]: Zero manifold...
[09:49:03][][main/INFO]: Zero manifold...
[09:49:03][][main/INFO]: Zero manifold...
[09:49:03][][main/INFO]: Zero manifold...
[09:49:04][][main/INFO]: Zero manifold...
[09:49:04][][main/INFO]: Zero manifold...
[09:49:04][][main/INFO]: Zero manifold...
[09:49:04][][main/INFO]: Zero manifold...
[09:49:04][][main/INFO]: Zero manifold...
[09:49:04][][main/INFO]: Zero manifold...
[09:49:04][][main/INFO]: Zero manifold...
[09:49:04][][main/INFO]: Zero manifold...
[09:49:04][][main/INFO]: Zero manifold...
[09:49:04][][main/INFO]: Zero manifold...
[09:49:04][][main/INFO]: Zero manifold...
[09:49:04][][main/INFO]: Zero manifold...
[09:49:04][][main/INFO]: Zero manifold...
[09:49:04][][main/INFO]: Zero manifold...
[09:49:04][][main/INFO]: Zero manifold...
[09:49:04][][main/INFO]: Zero manifold...
[09:49:04][][main/INFO]: Zero manifold...
[09:49:04][][main/INFO]: Zero manifold...
[09:49:04][][main/INFO]: Zero manifold...
[09:49:04][][main/INFO]: Zero manifold...
[09:49:04][][main/INFO]: Zero manifold...
[09:49:04][][main/INFO]: Zero manifold...
[09:49:04][][main/INFO]: Zero manifold...
[09:49:04][][main/INFO]: Zero manifold...
[09:49:04][][main/INFO]: Zero manifold...
[09:49:04][][main/INFO]: Zero manifold...
[09:49:04][][main/INFO]: Zero manifold...
[09:49:04][][main/INFO]: Zero manifold...
[09:49:04][][main/INFO]: Zero manifold...
[09:49:04][][main/INFO]: Zero manifold...
[09:49:04][][main/INFO]: Zero manifold...
[09:49:04][][main/INFO]: Zero manifold...
[09:49:04][][main/INFO]: Zero manifold...
[09:49:04][][main/INFO]: Zero manifold...
[09:49:04][][main/INFO]: Zero manifold...
[09:49:04][][main/INFO]: Zero manifold...
[09:49:04][][main/INFO]: Zero manifold...
[09:49:04][][main/INFO]: Zero manifold...
[09:49:04][][main/INFO]: Zero manifold...
[09:49:04][][main/INFO]: Zero manifold...
[09:49:04][][main/INFO]: Zero manifold...
[09:49:04][][main/INFO]: Zero manifold...
[09:49:04][][main/INFO]: Zero manifold...
[09:49:04][][main/INFO]: Zero manifold...
[09:49:04][][main/INFO]: Zero manifold...
[09:49:04][][main/INFO]: Zero manifold...
[09:49:04][][main/INFO]: Zero manifold...
[09:49:04][][main/INFO]: Zero manifold...
[09:49:04][][main/INFO]: Zero manifold...
[09:49:04][][main/INFO]: Zero manifold...
[09:49:04][][main/INFO]: Zero manifold...
[09:49:04][][main/INFO]: Zero manifold...
[09:49:04][][main/INFO]: Zero manifold...
[09:49:04][][main/INFO]: Zero manifold...
[09:49:04][][main/INFO]: Zero manifold...
[09:49:04][][main/INFO]: Zero manifold...
[09:49:04][][main/INFO]: Zero manifold...
[09:49:04][][main/INFO]: Zero manifold...
[09:49:04][][main/INFO]: Zero manifold...
[09:49:04][][main/INFO]: Zero manifold...
[09:49:04][][main/INFO]: Zero manifold...
[09:49:04][][main/INFO]: Zero manifold...
[09:49:05][][main/INFO]: Zero manifold...
[09:49:05][][main/INFO]: Zero manifold...
[09:49:05][][main/INFO]: Zero manifold...
[09:49:05][][main/INFO]: Zero manifold...
[09:49:05][][main/INFO]: Zero manifold...
[09:49:05][][main/INFO]: Zero manifold...
[09:49:05][][main/INFO]: Zero manifold...
[09:49:05][][main/INFO]: Zero manifold...
[09:49:05][][main/INFO]: Zero manifold...
[09:49:05][][main/INFO]: Zero manifold...
[09:49:05][][main/INFO]: Zero manifold...
[09:49:05][][main/INFO]: Zero manifold...
[09:49:05][][main/INFO]: Zero manifold...
[09:49:05][][main/INFO]: Zero manifold...
[09:49:05][][main/INFO]: Zero manifold...
[09:49:05][][main/INFO]: Zero manifold...
[09:49:05][][main/INFO]: Zero manifold...
[09:49:05][][main/INFO]: Zero manifold...
[09:49:05][][main/INFO]: Zero manifold...
[09:49:05][][main/INFO]: Zero manifold...
[09:49:05][][main/INFO]: Zero manifold...
[09:49:05][][main/INFO]: Zero manifold...
[09:49:05][][main/INFO]: Zero manifold...
[09:49:05][][main/INFO]: Zero manifold...
[09:49:05][][main/INFO]: Zero manifold...
[09:49:05][][main/INFO]: Zero manifold...
[09:49:05][][main/INFO]: Zero manifold...
[09:49:05][][main/INFO]: Zero manifold...
[09:49:05][][main/INFO]: Zero manifold...
[09:49:05][][main/INFO]: Zero manifold...
[09:49:05][][main/INFO]: Zero manifold...
[09:49:05][][main/INFO]: Zero manifold...
[09:49:05][][main/INFO]: Zero manifold...
[09:49:05][][main/INFO]: Zero manifold...
[09:49:05][][main/INFO]: Zero manifold...
[09:49:05][][main/INFO]: Zero manifold...
[09:49:05][][main/INFO]: Zero manifold...
[09:49:05][][main/INFO]: Zero manifold...
[09:49:05][][main/INFO]: Zero manifold...
[09:49:05][][main/INFO]: Zero manifold...
[09:49:05][][main/INFO]: Zero manifold...
[09:49:05][][main/INFO]: Zero manifold...
[09:49:05][][main/INFO]: Zero manifold...
[09:49:05][][main/INFO]: Zero manifold...
[09:49:05][][main/INFO]: Zero manifold...
[09:49:05][][main/INFO]: Zero manifold...
[09:49:05][][main/INFO]: Zero manifold...
[09:49:05][][main/INFO]: Zero manifold...
[09:49:05][][main/INFO]: Zero manifold...
[09:49:05][][main/INFO]: Zero manifold...
[09:49:05][][main/INFO]: Zero manifold...
[09:49:05][][main/INFO]: Zero manifold...
[09:49:05][][main/INFO]: Zero manifold...
[09:49:05][][main/INFO]: Zero manifold...
[09:49:05][][main/INFO]: Zero manifold...
[09:49:05][][main/INFO]: Zero manifold...
[09:49:05][][main/INFO]: Zero manifold...
[09:49:05][][main/INFO]: Zero manifold...
[09:49:05][][main/INFO]: Zero manifold...
[09:49:05][][main/INFO]: Zero manifold...
[09:49:05][][main/INFO]: Zero manifold...
[09:49:05][][main/INFO]: Zero manifold...
[09:49:05][][main/INFO]: Zero manifold...
[09:49:06][][main/INFO]: Zero manifold...
[09:49:06][][main/INFO]: Zero manifold...
[09:49:06][][main/INFO]: Zero manifold...
[09:49:06][][main/INFO]: Zero manifold...
[09:49:06][][main/INFO]: Zero manifold...
[09:49:06][][main/INFO]: Zero manifold...
[09:49:06][][main/INFO]: Zero manifold...
[09:49:06][][main/INFO]: Zero manifold...
[09:49:06][][main/INFO]: Zero manifold...
[09:49:06][][main/INFO]: Zero manifold...
[09:49:06][][main/INFO]: Zero manifold...
[09:49:06][][main/INFO]: Zero manifold...
[09:49:06][][main/INFO]: Zero manifold...
[09:49:06][][main/INFO]: Zero manifold...
[09:49:06][][main/INFO]: Zero manifold...
[09:49:06][][main/INFO]: Zero manifold...
[09:49:06][][main/INFO]: Zero manifold...
[09:49:06][][main/INFO]: Zero manifold...
[09:49:06][][main/INFO]: Zero manifold...
[09:49:06][][main/INFO]: Zero manifold...
[09:49:06][][main/INFO]: Zero manifold...
[09:49:06][][main/INFO]: Zero manifold...
[09:49:06][][main/INFO]: Zero manifold...
[09:49:06][][main/INFO]: Zero manifold...
[09:49:06][][main/INFO]: Zero manifold...
[09:49:06][][main/INFO]: Zero manifold...
[09:49:06][][main/INFO]: Zero manifold...
[09:49:06][][main/INFO]: Zero manifold...
[09:49:06][][main/INFO]: Zero manifold...
[09:49:06][][main/INFO]: Zero manifold...
[09:49:06][][main/INFO]: Zero manifold...
[09:49:06][][main/INFO]: Zero manifold...
[09:49:06][][main/INFO]: Zero manifold...
[09:49:06][][main/INFO]: Zero manifold...
[09:49:06][][main/INFO]: Zero manifold...
[09:49:06][][main/INFO]: Zero manifold...
[09:49:06][][main/INFO]: Zero manifold...
[09:49:06][][main/INFO]: Zero manifold...
[09:49:06][][main/INFO]: Zero manifold...
[09:49:06][][main/INFO]: Zero manifold...
[09:49:06][][main/INFO]: Zero manifold...
[09:49:06][][main/INFO]: Zero manifold...
[09:49:06][][main/INFO]: Zero manifold...
[09:49:06][][main/INFO]: Zero manifold...
[09:49:06][][main/INFO]: Zero manifold...
[09:49:06][][main/INFO]: Zero manifold...
[09:49:06][][main/INFO]: Zero manifold...
[09:49:06][][main/INFO]: Zero manifold...
[09:49:06][][main/INFO]: Zero manifold...
[09:49:06][][main/INFO]: Zero manifold...
[09:49:06][][main/INFO]: Zero manifold...
[09:49:07][][main/INFO]: Zero manifold...
[09:49:07][][main/INFO]: Zero manifold...
[09:49:07][][main/INFO]: Zero manifold...
[09:49:07][][main/INFO]: Zero manifold...
[09:49:07][][main/INFO]: Zero manifold...
[09:49:07][][main/INFO]: Zero manifold...
[09:49:07][][main/INFO]: Zero manifold...
[09:49:07][][main/INFO]: Zero manifold...
[09:49:07][][main/INFO]: Zero manifold...
[09:49:07][][main/INFO]: Zero manifold...
[09:49:07][][main/INFO]: Zero manifold...
[09:49:07][][main/INFO]: Zero manifold...
[09:49:07][][main/INFO]: Zero manifold...
[09:49:07][][main/INFO]: Zero manifold...
[09:49:07][][main/INFO]: Zero manifold...
[09:49:07][][main/INFO]: Zero manifold...
[09:49:07][][main/INFO]: Zero manifold...
[09:49:07][][main/INFO]: Zero manifold...
[09:49:07][][main/INFO]: Zero manifold...
[09:49:07][][main/INFO]: Zero manifold...
[09:49:07][][main/INFO]: Zero manifold...
[09:49:07][][main/INFO]: Zero manifold...
[09:49:07][][main/INFO]: Zero manifold...
[09:49:07][][main/INFO]: Zero manifold...
[09:49:07][][main/INFO]: Zero manifold...
[09:49:07][][main/INFO]: Zero manifold...
[09:49:07][][main/INFO]: Zero manifold...
[09:49:07][][main/INFO]: Zero manifold...
[09:49:07][][main/INFO]: Zero manifold...
[09:49:07][][main/INFO]: Zero manifold...
[09:49:07][][main/INFO]: Zero manifold...
[09:49:07][][main/INFO]: Zero manifold...
[09:49:07][][main/INFO]: Zero manifold...
[09:49:07][][main/INFO]: Zero manifold...
[09:49:07][][main/INFO]: Zero manifold...
[09:49:07][][main/INFO]: Zero manifold...
[09:49:07][][main/INFO]: Zero manifold...
[09:49:07][][main/INFO]: Zero manifold...
[09:49:07][][main/INFO]: Zero manifold...
[09:49:07][][main/INFO]: Zero manifold...
[09:49:07][][main/INFO]: Zero manifold...
[09:49:07][][main/INFO]: Zero manifold...
[09:49:07][][main/INFO]: Zero manifold...
[09:49:07][][main/INFO]: Zero manifold...
[09:49:07][][main/INFO]: Zero manifold...
[09:49:07][][main/INFO]: Zero manifold...
[09:49:07][][main/INFO]: Zero manifold...
[09:49:07][][main/INFO]: Zero manifold...
[09:49:07][][main/INFO]: Zero manifold...
[09:49:07][][main/INFO]: Zero manifold...
[09:49:07][][main/INFO]: Zero manifold...
[09:49:07][][main/INFO]: Zero manifold...
[09:49:07][][main/INFO]: Zero manifold...
[09:49:07][][main/INFO]: Zero manifold...
[09:49:08][][main/INFO]: Zero manifold...
[09:49:08][][main/INFO]: Zero manifold...
[09:49:08][][main/INFO]: Zero manifold...
[09:49:08][][main/INFO]: Zero manifold...
[09:49:08][][main/INFO]: Zero manifold...
[09:49:08][][main/INFO]: Zero manifold...
[09:49:08][][main/INFO]: Zero manifold...
[09:49:08][][main/INFO]: Zero manifold...
[09:49:08][][main/INFO]: Zero manifold...
[09:49:08][][main/INFO]: Zero manifold...
[09:49:08][][main/INFO]: Zero manifold...
[09:49:08][][main/INFO]: Zero manifold...
[09:49:08][][main/INFO]: Zero manifold...
[09:49:08][][main/INFO]: Zero manifold...
[09:49:08][][main/INFO]: Zero manifold...
[09:49:08][][main/INFO]: Zero manifold...
[09:49:08][][main/INFO]: Zero manifold...
[09:49:08][][main/INFO]: Zero manifold...
[09:49:08][][main/INFO]: Zero manifold...
[09:49:08][][main/INFO]: Zero manifold...
[09:49:08][][main/INFO]: Zero manifold...
[09:49:08][][main/INFO]: Zero manifold...
[09:51:37][][main/INFO]: Saved GameSettings options. (options.dat)
