[22:50:07][][main/INFO]: Loaded GameSettings options. (options.dat)
[22:50:07][][main/INFO]: OperationSystem Mac OS X 10.15.4, rt 1.8.0_231 x86_64, VM Java HotSpot(TM) 64-Bit Server VM v25.231-b11
[22:50:09][][main/INFO]: RenderEngine initialized. GL_I: Intel Inc. - Intel(R) Iris(TM) Plus Graphics 645 | 4.1 INTEL-14.5.22
[22:50:09][][main/INFO]: LWJGL 3.2.3 build 13, GLFWL 3.4.0 Cocoa NSGL EGL OSMesa dynamic
[22:50:09][][main/INFO]: AudioEngine initialized. AL_I: OpenAL Community / 1.1 ALSOFT 1.19.1, devispec OpenAL Soft
[22:50:18][][main/INFO]: penetration: 3.0041966
[22:50:18][][main/INFO]: penetration: 2.3786001
[22:50:18][][main/INFO]: penetration: 1.8962761
[22:50:18][][main/INFO]: penetration: 1.4828575
[22:50:18][][main/INFO]: penetration: 1.059706
[22:50:18][][main/INFO]: penetration: 0.7059207
[22:50:18][][main/INFO]: penetration: 0.7059207
[22:50:18][][main/INFO]: penetration: 0.7059207
[22:50:18][][main/INFO]: penetration: 0.7059207
[22:50:18][][main/INFO]: penetration: 0.7059207
[22:50:18][][main/INFO]: penetration: 0.7059207
[22:50:18][][main/INFO]: penetration: 0.7059207
[22:50:18][][main/INFO]: penetration: 0.7059207
[22:50:18][][main/INFO]: penetration: 0.7059207
[22:50:18][][main/INFO]: penetration: 0.7059207
[22:50:18][][main/INFO]: penetration: 1.8575219
[22:50:18][][main/INFO]: penetration: 1.8575225
[22:50:18][][main/INFO]: penetration: 1.8575225
[22:50:18][][main/INFO]: penetration: 1.8575228
[22:50:18][][main/INFO]: penetration: 1.857523
[22:50:18][][main/INFO]: penetration: 1.8575232
[22:50:18][][main/INFO]: penetration: 1.8575231
[22:50:18][][main/INFO]: penetration: 1.8575233
[22:50:18][][main/INFO]: penetration: 1.8575212
[22:50:18][][main/INFO]: penetration: 1.8575195
[22:50:18][][main/INFO]: penetration: 1.4812894
[22:50:18][][main/INFO]: penetration: 1.4812944
[22:50:18][][main/INFO]: penetration: 1.4812897
[22:50:18][][main/INFO]: penetration: 1.4812927
[22:50:18][][main/INFO]: penetration: 1.4812897
[22:50:18][][main/INFO]: penetration: 1.4812943
[22:50:18][][main/INFO]: penetration: 1.4812901
[22:50:18][][main/INFO]: penetration: 1.4812984
[22:50:18][][main/INFO]: penetration: 1.4812899
[22:50:18][][main/INFO]: penetration: 1.4812832
[22:50:18][][main/INFO]: penetration: 1.4812903
[22:50:18][][main/INFO]: penetration: 1.4812928
[22:50:18][][main/INFO]: penetration: 1.4812903
[22:50:18][][main/INFO]: penetration: 1.4812963
[22:50:18][][main/INFO]: penetration: 1.4812903
[22:50:18][][main/INFO]: penetration: 1.4812903
[22:50:18][][main/INFO]: penetration: 1.4812882
[22:50:18][][main/INFO]: penetration: 1.4812818
[22:50:18][][main/INFO]: penetration: 1.4812865
[22:50:18][][main/INFO]: penetration: 1.4812788
[22:50:18][][main/INFO]: penetration: 1.1822788
[22:50:18][][main/INFO]: penetration: 1.1822894
[22:50:18][][main/INFO]: penetration: 1.1822871
[22:50:18][][main/INFO]: penetration: 1.1822859
[22:50:18][][main/INFO]: penetration: 1.1822842
[22:50:18][][main/INFO]: penetration: 1.1822914
[22:50:18][][main/INFO]: penetration: 1.1822848
[22:50:18][][main/INFO]: penetration: 1.1822894
[22:50:18][][main/INFO]: penetration: 1.1822932
[22:50:18][][main/INFO]: penetration: 1.1822798
[22:50:18][][main/INFO]: penetration: 1.1822927
[22:50:18][][main/INFO]: penetration: 1.1822941
[22:50:18][][main/INFO]: penetration: 1.1822858
[22:50:18][][main/INFO]: penetration: 1.182269
[22:50:18][][main/INFO]: penetration: 1.1822735
[22:50:18][][main/INFO]: penetration: 1.1822813
[22:50:18][][main/INFO]: penetration: 1.1822882
[22:50:18][][main/INFO]: penetration: 1.1822864
[22:50:18][][main/INFO]: penetration: 1.1822861
[22:50:18][][main/INFO]: penetration: 1.1822909
[22:50:18][][main/INFO]: penetration: 1.1822971
[22:50:18][][main/INFO]: penetration: 1.182286
[22:50:18][][main/INFO]: penetration: 1.1822851
[22:50:18][][main/INFO]: penetration: 1.1822865
[22:50:18][][main/INFO]: penetration: 1.182284
[22:50:18][][main/INFO]: penetration: 1.1822702
[22:50:18][][main/INFO]: penetration: 1.1822726
[22:50:18][][main/INFO]: penetration: 1.1822829
[22:50:18][][main/INFO]: penetration: 1.1822643
[22:50:18][][main/INFO]: penetration: 1.1822693
[22:50:18][][main/INFO]: penetration: 0.94418263
[22:50:18][][main/INFO]: penetration: 0.94419754
[22:50:18][][main/INFO]: penetration: 0.94419384
[22:50:18][][main/INFO]: penetration: 0.94419503
[22:50:18][][main/INFO]: penetration: 0.94420266
[22:50:18][][main/INFO]: penetration: 0.944198
[22:50:18][][main/INFO]: penetration: 0.94419324
[22:50:18][][main/INFO]: penetration: 0.94420457
[22:50:18][][main/INFO]: penetration: 0.9441999
[22:50:18][][main/INFO]: penetration: 0.9442029
[22:50:18][][main/INFO]: penetration: 0.9442005
[22:50:18][][main/INFO]: penetration: 0.9442011
[22:50:18][][main/INFO]: penetration: 0.9441949
[22:50:18][][main/INFO]: penetration: 0.9441786
[22:50:18][][main/INFO]: penetration: 0.94417775
[22:50:18][][main/INFO]: penetration: 0.9441939
[22:50:18][][main/INFO]: penetration: 0.9441969
[22:50:18][][main/INFO]: penetration: 0.94418997
[22:50:18][][main/INFO]: penetration: 0.944186
[22:50:18][][main/INFO]: penetration: 0.9442004
[22:50:18][][main/INFO]: penetration: 0.94420385
[22:50:18][][main/INFO]: penetration: 0.9441912
[22:50:18][][main/INFO]: penetration: 0.94419146
[22:50:18][][main/INFO]: penetration: 0.9441954
[22:50:18][][main/INFO]: penetration: 0.94419366
[22:50:18][][main/INFO]: penetration: 0.9441778
[22:50:18][][main/INFO]: penetration: 0.9441789
[22:50:18][][main/INFO]: penetration: 0.94419265
[22:50:18][][main/INFO]: penetration: 0.94416535
[22:50:18][][main/INFO]: penetration: 0.9441745
[22:50:18][][main/INFO]: penetration: 0.7543647
[22:50:18][][main/INFO]: penetration: 0.75436974
[22:50:18][][main/INFO]: penetration: 0.7543652
[22:50:18][][main/INFO]: penetration: 0.7543731
[22:50:18][][main/INFO]: penetration: 0.75437367
[22:50:18][][main/INFO]: penetration: 0.7543652
[22:50:18][][main/INFO]: penetration: 0.7543702
[22:50:18][][main/INFO]: penetration: 0.75437534
[22:50:18][][main/INFO]: penetration: 0.75436187
[22:50:18][][main/INFO]: penetration: 0.7009034
[22:50:18][][main/INFO]: penetration: 0.7008953
[22:50:18][][main/INFO]: penetration: 0.70089936
[22:50:18][][main/INFO]: penetration: 0.7543676
[22:50:18][][main/INFO]: penetration: 0.7543528
[22:50:18][][main/INFO]: penetration: 0.7543479
[22:50:18][][main/INFO]: penetration: 0.70086837
[22:50:18][][main/INFO]: penetration: 0.7008734
[22:50:18][][main/INFO]: penetration: 0.70086086
[22:50:18][][main/INFO]: penetration: 0.75435114
[22:50:18][][main/INFO]: penetration: 0.7543682
[22:50:18][][main/INFO]: penetration: 0.7543746
[22:50:18][][main/INFO]: penetration: 0.7543607
[22:50:18][][main/INFO]: penetration: 0.75436115
[22:50:18][][main/INFO]: penetration: 0.7543678
[22:50:18][][main/INFO]: penetration: 0.7543664
[22:50:18][][main/INFO]: penetration: 0.75434744
[22:50:18][][main/INFO]: penetration: 0.75434947
[22:50:18][][main/INFO]: penetration: 0.7543657
[22:50:18][][main/INFO]: penetration: 0.754344
[22:50:18][][main/INFO]: penetration: 0.7543459
[22:50:18][][main/INFO]: penetration: 0.5618558
[22:50:18][][main/INFO]: penetration: 0.56185997
[22:50:18][][main/INFO]: penetration: 0.5618534
[22:50:18][][main/INFO]: penetration: 0.5617207
[22:50:18][][main/INFO]: penetration: 0.5617224
[22:50:18][][main/INFO]: penetration: 0.56170976
[22:50:18][][main/INFO]: penetration: 0.5617646
[22:50:18][][main/INFO]: penetration: 0.56177497
[22:50:18][][main/INFO]: penetration: 0.56175184
[22:50:18][][main/INFO]: penetration: 0.6028888
[22:50:18][][main/INFO]: penetration: 0.60287523
[22:50:18][][main/INFO]: penetration: 0.60286665
[22:50:18][][main/INFO]: penetration: 0.6028663
[22:50:18][][main/INFO]: penetration: 0.6028857
[22:50:18][][main/INFO]: penetration: 0.60289454
[22:50:18][][main/INFO]: penetration: 0.6028795
[22:50:18][][main/INFO]: penetration: 0.60288024
[22:50:18][][main/INFO]: penetration: 0.60288906
[22:50:18][][main/INFO]: penetration: 0.60288787
[22:50:18][][main/INFO]: penetration: 0.60286665
[22:50:18][][main/INFO]: penetration: 0.60286903
[22:50:18][][main/INFO]: penetration: 0.60288715
[22:50:18][][main/INFO]: penetration: 0.60286295
[22:50:18][][main/INFO]: penetration: 0.60286295
[22:50:18][][main/INFO]: penetration: 0.67496943
[22:50:18][][main/INFO]: penetration: 0.62494874
[22:50:18][][main/INFO]: penetration: 0.5412319
[22:50:18][][main/INFO]: penetration: 0.5005094
[22:50:20][][main/INFO]: penetration: 0.5843979
[22:50:20][][main/INFO]: penetration: 0.83503985
[22:50:20][][main/INFO]: penetration: 1.0817544
[22:50:20][][main/INFO]: penetration: 0.53842187
[22:50:20][][main/INFO]: penetration: 1.323525
[22:50:20][][main/INFO]: penetration: 0.5682064
[22:50:20][][main/INFO]: penetration: 0.60381377
[22:50:20][][main/INFO]: penetration: 1.5595132
[22:50:20][][main/INFO]: penetration: 0.73522097
[22:50:20][][main/INFO]: penetration: 1.7890713
[22:50:20][][main/INFO]: penetration: 0.5009848
[22:50:20][][main/INFO]: penetration: 0.9714627
[22:50:20][][main/INFO]: penetration: 0.53702855
[22:50:20][][main/INFO]: penetration: 2.0116792
[22:50:20][][main/INFO]: penetration: 0.57632923
[22:50:20][][main/INFO]: penetration: 1.2007556
[22:50:20][][main/INFO]: penetration: 0.61812747
[22:50:20][][main/INFO]: penetration: 2.2269444
[22:50:20][][main/INFO]: penetration: 0.6604141
[22:50:20][][main/INFO]: penetration: 1.4227053
[22:50:20][][main/INFO]: penetration: 0.70554745
[22:50:20][][main/INFO]: penetration: 0.6189597
[22:50:20][][main/INFO]: penetration: 2.4346225
[22:50:20][][main/INFO]: penetration: 0.7478957
[22:50:20][][main/INFO]: penetration: 0.5630026
[22:50:20][][main/INFO]: penetration: 1.6370735
[22:50:20][][main/INFO]: penetration: 0.5967883
[22:50:20][][main/INFO]: penetration: 0.79672384
[22:50:20][][main/INFO]: penetration: 0.83997
[22:50:20][][main/INFO]: penetration: 2.6345851
[22:50:20][][main/INFO]: penetration: 0.6356627
[22:50:20][][main/INFO]: penetration: 0.83667487
[22:50:20][][main/INFO]: penetration: 2.1045663
[22:50:20][][main/INFO]: penetration: 2.7219942
[22:50:20][][main/INFO]: penetration: 0.6632018
[22:50:20][][main/INFO]: penetration: 0.79201055
[22:50:20][][main/INFO]: penetration: 0.5029192
[22:50:20][][main/INFO]: penetration: 2.8049822
[22:50:20][][main/INFO]: penetration: 1.5563699
[22:50:20][][main/INFO]: penetration: 2.1744652
[22:50:20][][main/INFO]: penetration: 0.53048086
[22:50:20][][main/INFO]: penetration: 0.633523
[22:50:20][][main/INFO]: penetration: 2.240839
[22:50:20][][main/INFO]: penetration: 0.9924761
[22:50:20][][main/INFO]: penetration: 1.6096188
[22:50:20][][main/INFO]: penetration: 2.8834505
[22:50:20][][main/INFO]: penetration: 0.50675976
[22:50:20][][main/INFO]: penetration: 0.5067636
[22:50:20][][main/INFO]: penetration: 1.6602651
[22:50:20][][main/INFO]: penetration: 2.9573364
[22:50:20][][main/INFO]: penetration: 2.3036103
[22:50:20][][main/INFO]: penetration: 2.275652
[22:50:20][][main/INFO]: penetration: 1.4419749
[22:50:20][][main/INFO]: penetration: 1.0887921
[22:50:20][][main/INFO]: penetration: 1.0637212
[22:50:20][][main/INFO]: penetration: 0.9470142
[22:50:20][][main/INFO]: penetration: 0.6569705
[22:50:21][][main/INFO]: penetration: 0.54010904
[22:50:21][][main/INFO]: penetration: 0.7513652
[22:50:21][][main/INFO]: penetration: 0.59806526
[22:50:21][][main/INFO]: penetration: 1.0345125
[22:50:21][][main/INFO]: penetration: 0.8220608
[22:50:21][][main/INFO]: penetration: 0.6542926
[22:50:21][][main/INFO]: penetration: 0.52128005
[22:50:21][][main/INFO]: penetration: 1.2717078
[22:50:21][][main/INFO]: penetration: 1.0091436
[22:50:21][][main/INFO]: penetration: 0.8025948
[22:50:21][][main/INFO]: penetration: 0.639182
[22:50:21][][main/INFO]: penetration: 1.4436758
[22:50:21][][main/INFO]: penetration: 1.1446021
[22:50:21][][main/INFO]: penetration: 0.90995353
[22:50:21][][main/INFO]: penetration: 1.3699522
[22:50:21][][main/INFO]: penetration: 1.3123655
[22:50:21][][main/INFO]: penetration: 1.0865026
[22:50:21][][main/INFO]: penetration: 1.0252855
[22:50:21][][main/INFO]: penetration: 1.3034775
[22:50:21][][main/INFO]: penetration: 0.8196907
[22:50:21][][main/INFO]: penetration: 1.0421736
[22:50:21][][main/INFO]: penetration: 1.042175
[22:50:21][][main/INFO]: penetration: 0.655437
[22:50:21][][main/INFO]: penetration: 0.8333893
[22:50:21][][main/INFO]: penetration: 0.83339167
[22:50:21][][main/INFO]: penetration: 0.83339095
[22:50:21][][main/INFO]: penetration: 0.52417195
[22:50:21][][main/INFO]: penetration: 0.6665176
[22:50:21][][main/INFO]: penetration: 0.6665212
[22:50:21][][main/INFO]: penetration: 0.66652
[22:50:21][][main/INFO]: penetration: 0.53311
[22:50:21][][main/INFO]: penetration: 0.5331112
[22:50:21][][main/INFO]: penetration: 0.5331093
[22:50:21][][main/INFO]: penetration: 0.6029432
[22:50:21][][main/INFO]: penetration: 0.79669774
[22:50:21][][main/INFO]: penetration: 0.63659203
[22:50:21][][main/INFO]: penetration: 0.93302035
[22:50:21][][main/INFO]: penetration: 0.74534905
[22:50:21][][main/INFO]: penetration: 0.5955949
[22:50:21][][main/INFO]: penetration: 1.0788491
[22:50:21][][main/INFO]: penetration: 0.861629
[22:50:21][][main/INFO]: penetration: 0.68839586
[22:50:21][][main/INFO]: penetration: 1.2352802
[22:50:21][][main/INFO]: penetration: 0.98629177
[22:50:21][][main/INFO]: penetration: 0.78785276
[22:50:21][][main/INFO]: penetration: 1.3982877
[22:50:21][][main/INFO]: penetration: 0.62995136
[22:50:21][][main/INFO]: penetration: 1.1183181
[22:50:21][][main/INFO]: penetration: 1.118319
[22:50:21][][main/INFO]: penetration: 0.89445126
[22:50:21][][main/INFO]: penetration: 0.503796
[22:50:21][][main/INFO]: penetration: 0.8944508
[22:50:21][][main/INFO]: penetration: 0.67077327
[22:50:21][][main/INFO]: penetration: 0.6707721
[22:50:21][][main/INFO]: penetration: 0.6707716
[22:50:22][][main/INFO]: penetration: 0.5889995
[22:50:22][][main/INFO]: penetration: 0.6928762
[22:50:22][][main/INFO]: penetration: 0.79683435
[22:50:22][][main/INFO]: penetration: 0.9008032
[22:50:22][][main/INFO]: penetration: 1.0046973
[22:50:22][][main/INFO]: penetration: 1.1084185
[22:50:22][][main/INFO]: penetration: 1.2117093
[22:50:22][][main/INFO]: penetration: 0.52720195
[22:50:22][][main/INFO]: penetration: 1.3145001
[22:50:22][][main/INFO]: penetration: 1.4167306
[22:50:22][][main/INFO]: penetration: 0.63224286
[22:50:22][][main/INFO]: penetration: 0.73670626
[22:50:22][][main/INFO]: penetration: 1.5183482
[22:50:22][][main/INFO]: penetration: 0.84053445
[22:50:22][][main/INFO]: penetration: 1.6193001
[22:50:22][][main/INFO]: penetration: 1.719543
[22:50:22][][main/INFO]: penetration: 0.943686
[22:50:22][][main/INFO]: penetration: 1.046112
[22:50:22][][main/INFO]: penetration: 1.8190342
[22:50:22][][main/INFO]: penetration: 0.8198987
[22:50:22][][main/INFO]: penetration: 1.4310354
[22:50:22][][main/INFO]: penetration: 1.431019
[22:50:22][][main/INFO]: penetration: 0.534755
[22:50:22][][main/INFO]: penetration: 1.1349795
[22:50:22][][main/INFO]: penetration: 1.1349957
[22:50:22][][main/INFO]: penetration: 0.8222109
[22:50:22][][main/INFO]: penetration: 0.89857733
[22:50:22][][main/INFO]: penetration: 0.89858687
[22:50:22][][main/INFO]: penetration: 0.6339598
[22:50:22][][main/INFO]: penetration: 0.6949563
[22:50:22][][main/INFO]: penetration: 0.70964813
[22:50:22][][main/INFO]: penetration: 0.55182517
[22:50:22][][main/INFO]: penetration: 0.5518211
[22:50:23][][main/INFO]: penetration: 0.51143134
[22:50:23][][main/INFO]: penetration: 0.5778196
[22:50:23][][main/INFO]: penetration: 0.716835
[22:50:23][][main/INFO]: penetration: 0.5731574
[22:50:23][][main/INFO]: penetration: 0.7945211
[22:50:23][][main/INFO]: penetration: 0.8728069
[22:50:23][][main/INFO]: penetration: 0.6351856
[22:50:23][][main/INFO]: penetration: 0.9605406
[22:50:24][][main/INFO]: penetration: 0.76780015
[22:50:24][][main/INFO]: penetration: 1.0463068
[22:50:24][][main/INFO]: penetration: 0.5572589
[22:50:24][][main/INFO]: penetration: 0.8363629
[22:50:24][][main/INFO]: penetration: 1.1380963
[22:50:24][][main/INFO]: penetration: 1.2300904
[22:50:24][][main/INFO]: penetration: 0.90965813
[22:50:24][][main/INFO]: penetration: 0.6683995
[22:50:24][][main/INFO]: penetration: 0.98312795
[22:50:24][][main/INFO]: penetration: 0.7269373
[22:50:24][][main/INFO]: penetration: 1.3277993
[22:50:24][][main/INFO]: penetration: 1.4240739
[22:50:24][][main/INFO]: penetration: 1.0611556
[22:50:24][][main/INFO]: penetration: 1.5251336
[22:50:24][][main/INFO]: penetration: 0.8479155
[22:50:24][][main/INFO]: penetration: 1.218569
[22:50:24][][main/INFO]: penetration: 1.6234663
[22:50:24][][main/INFO]: penetration: 0.5399679
[22:50:24][][main/INFO]: penetration: 0.89104354
[22:50:24][][main/INFO]: penetration: 1.297148
[22:50:24][][main/INFO]: penetration: 1.7276961
[22:50:24][][main/INFO]: penetration: 0.6300067
[22:50:24][][main/INFO]: penetration: 1.8260865
[22:50:24][][main/INFO]: penetration: 1.3804092
[22:50:24][][main/INFO]: penetration: 1.4589373
[22:50:24][][main/INFO]: penetration: 1.1028112
[22:50:24][][main/INFO]: penetration: 1.9279695
[22:50:24][][main/INFO]: penetration: 2.0244658
[22:50:24][][main/INFO]: penetration: 1.1655048
[22:50:24][][main/INFO]: penetration: 0.71314657
[22:50:24][][main/INFO]: penetration: 1.6169688
[22:50:24][][main/INFO]: penetration: 0.75618416
[22:50:24][][main/INFO]: penetration: 2.1184425
[22:50:24][][main/INFO]: penetration: 1.25718
[22:50:24][][main/INFO]: penetration: 1.704191
[22:50:24][][main/INFO]: penetration: 1.6947081
[22:50:24][][main/INFO]: penetration: 0.9107124
[22:50:24][][main/INFO]: penetration: 1.2294235
[22:50:24][][main/INFO]: penetration: 1.3556705
[22:50:24][][main/INFO]: penetration: 1.1096023
[22:50:24][][main/INFO]: penetration: 1.0843538
[22:50:24][][main/INFO]: penetration: 0.7819401
[22:50:24][][main/INFO]: penetration: 0.88742757
[22:50:24][][main/INFO]: penetration: 0.867229
[22:50:24][][main/INFO]: penetration: 0.8874271
[22:50:24][][main/INFO]: penetration: 0.70964277
[22:50:24][][main/INFO]: penetration: 0.70964324
[22:50:24][][main/INFO]: penetration: 0.70964277
[22:50:24][][main/INFO]: penetration: 0.5473927
[22:50:24][][main/INFO]: penetration: 0.5473963
[22:50:24][][main/INFO]: penetration: 0.5473939
[22:50:26][][main/INFO]: penetration: 0.8335064
[22:50:26][][main/INFO]: penetration: 0.6615741
[22:50:26][][main/INFO]: penetration: 0.84548414
[22:50:26][][main/INFO]: penetration: 0.59728956
[22:50:26][][main/INFO]: penetration: 0.52920026
[22:50:26][][main/INFO]: penetration: 0.6763205
[22:50:26][][main/INFO]: penetration: 0.70126414
[22:50:26][][main/INFO]: penetration: 0.54101336
[22:50:26][][main/INFO]: penetration: 0.5408121
[22:50:26][][main/INFO]: penetration: 0.80534005
[22:50:26][][main/INFO]: penetration: 0.9094498
[22:50:26][][main/INFO]: penetration: 1.0135103
[22:50:26][][main/INFO]: penetration: 0.55341876
[22:50:26][][main/INFO]: penetration: 1.1174303
[22:50:26][][main/INFO]: penetration: 0.6593981
[22:50:26][][main/INFO]: penetration: 1.2209501
[22:50:26][][main/INFO]: penetration: 1.3240075
[22:50:26][][main/INFO]: penetration: 0.7649521
[22:50:26][][main/INFO]: penetration: 0.87002367
[22:50:26][][main/INFO]: penetration: 1.4265418
[22:50:26][][main/INFO]: penetration: 0.9745527
[22:50:26][][main/INFO]: penetration: 1.5284977
[22:50:26][][main/INFO]: penetration: 1.6298283
[22:50:26][][main/INFO]: penetration: 0.5231856
[22:50:26][][main/INFO]: penetration: 1.0784839
[22:50:26][][main/INFO]: penetration: 1.1817718
[22:50:26][][main/INFO]: penetration: 0.62904024
[22:50:26][][main/INFO]: penetration: 1.730485
[22:50:26][][main/INFO]: penetration: 0.734238
[22:50:26][][main/INFO]: penetration: 1.2843736
[22:50:26][][main/INFO]: penetration: 1.8304347
[22:50:26][][main/INFO]: penetration: 1.0086648
[22:50:26][][main/INFO]: penetration: 1.4405053
[22:50:26][][main/INFO]: penetration: 1.440512
[22:50:26][][main/INFO]: penetration: 1.1435909
[22:50:26][][main/INFO]: penetration: 0.7184777
[22:50:26][][main/INFO]: penetration: 1.1427932
[22:50:26][][main/INFO]: penetration: 0.9058337
[22:50:26][][main/INFO]: penetration: 0.8301563
[22:50:26][][main/INFO]: penetration: 0.9050479
[22:50:26][][main/INFO]: penetration: 0.7157985
[22:50:26][][main/INFO]: penetration: 0.6408187
[22:50:26][][main/INFO]: penetration: 0.66412604
[22:50:26][][main/INFO]: penetration: 0.52668834
[22:50:26][][main/INFO]: penetration: 0.5266886
[22:50:28][][main/INFO]: penetration: 0.62008095
[22:50:28][][main/INFO]: penetration: 0.7743622
[22:50:28][][main/INFO]: penetration: 0.9300779
[22:50:28][][main/INFO]: penetration: 0.618765
[22:50:28][][main/INFO]: penetration: 1.0870306
[22:50:28][][main/INFO]: penetration: 0.868751
[22:50:28][][main/INFO]: penetration: 1.2449958
[22:50:28][][main/INFO]: penetration: 0.61808133
[22:50:28][][main/INFO]: penetration: 0.9950359
[22:50:28][][main/INFO]: penetration: 1.4037163
[22:50:28][][main/INFO]: penetration: 0.71238625
[22:50:28][][main/INFO]: penetration: 1.1219158
[22:50:28][][main/INFO]: penetration: 1.5629
[22:50:28][][main/INFO]: penetration: 1.7222309
[22:50:28][][main/INFO]: penetration: 0.8071679
[22:50:28][][main/INFO]: penetration: 1.2491583
[22:50:28][][main/INFO]: penetration: 1.8813599
[22:50:28][][main/INFO]: penetration: 0.9022652
[22:50:28][][main/INFO]: penetration: 2.0399115
[22:50:28][][main/INFO]: penetration: 0.522589
[22:50:28][][main/INFO]: penetration: 1.6304072
[22:50:28][][main/INFO]: penetration: 2.197487
[22:50:28][][main/INFO]: penetration: 1.1875288
[22:50:28][][main/INFO]: penetration: 2.3536644
[22:50:28][][main/INFO]: penetration: 1.7563349
[22:50:28][][main/INFO]: penetration: 1.92002
[22:50:28][][main/INFO]: penetration: 1.5300852
[22:50:28][][main/INFO]: penetration: 1.7363042
[22:50:28][][main/INFO]: penetration: 1.1776664
[22:50:28][][main/INFO]: penetration: 1.3830023
[22:50:28][][main/INFO]: penetration: 1.5464544
[22:50:28][][main/INFO]: penetration: 0.86507916
[22:50:28][][main/INFO]: penetration: 1.0683203
[22:50:28][][main/INFO]: penetration: 1.23102
[22:50:28][][main/INFO]: penetration: 1.3505144
[22:50:28][][main/INFO]: penetration: 1.1485227
[22:50:28][][main/INFO]: penetration: 1.0741657
[22:50:28][][main/INFO]: penetration: 0.91296375
[22:50:28][][main/INFO]: penetration: 0.7092813
[22:50:28][][main/INFO]: penetration: 0.9129602
[22:50:28][][main/INFO]: penetration: 0.70306015
[22:50:28][][main/INFO]: penetration: 0.70305324
[22:50:28][][main/INFO]: penetration: 0.70305395
[22:50:29][][main/INFO]: penetration: 1.3645831
[22:50:29][][main/INFO]: penetration: 1.0901004
[22:50:29][][main/INFO]: penetration: 1.1903068
[22:50:29][][main/INFO]: penetration: 0.8717095
[22:50:29][][main/INFO]: penetration: 0.9518514
[22:50:29][][main/INFO]: penetration: 1.0132802
[22:50:29][][main/INFO]: penetration: 0.6975124
[22:50:29][][main/INFO]: penetration: 0.7606312
[22:50:29][][main/INFO]: penetration: 0.8104973
[22:50:29][][main/INFO]: penetration: 0.81049764
[22:50:29][][main/INFO]: penetration: 0.55789614
[22:50:29][][main/INFO]: penetration: 0.6085457
[22:50:29][][main/INFO]: penetration: 0.60854596
[22:50:29][][main/INFO]: penetration: 0.64832026
[22:50:29][][main/INFO]: penetration: 0.5136018
[22:50:31][][main/INFO]: penetration: 0.6413697
[22:50:31][][main/INFO]: penetration: 0.5129761
[22:50:31][][main/INFO]: penetration: 0.7687827
[22:50:31][][main/INFO]: penetration: 0.8410308
[22:50:31][][main/INFO]: penetration: 0.6147147
[22:50:31][][main/INFO]: penetration: 0.6731954
[22:50:31][][main/INFO]: penetration: 0.5386035
[22:50:31][][main/INFO]: penetration: 1.0793072
[22:50:31][][main/INFO]: penetration: 0.8626219
[22:50:31][][main/INFO]: penetration: 1.170204
[22:50:31][][main/INFO]: penetration: 0.68844336
[22:50:31][][main/INFO]: penetration: 1.2579219
[22:50:31][][main/INFO]: penetration: 1.0041738
[22:50:31][][main/INFO]: penetration: 1.354028
[22:50:31][][main/INFO]: penetration: 0.80083954
[22:50:31][][main/INFO]: penetration: 1.0838537
[22:50:31][][main/INFO]: penetration: 1.4577951
[22:50:31][][main/INFO]: penetration: 1.5566812
[22:50:31][][main/INFO]: penetration: 0.86815274
[22:50:31][][main/INFO]: penetration: 1.1635578
[22:50:31][][main/INFO]: penetration: 1.3252336
[22:50:31][][main/INFO]: penetration: 0.6781255
[22:50:31][][main/INFO]: penetration: 0.9287261
[22:50:31][][main/INFO]: penetration: 1.6549884
[22:50:31][][main/INFO]: penetration: 0.9889099
[22:50:31][][main/INFO]: penetration: 1.3217239
[22:50:31][][main/INFO]: penetration: 1.7592859
[22:50:32][][main/INFO]: penetration: 1.8578296
[22:50:32][][main/INFO]: penetration: 1.0540508
[22:50:32][][main/INFO]: penetration: 1.4078588
[22:50:32][][main/INFO]: penetration: 1.4865409
[22:50:32][][main/INFO]: penetration: 1.9728017
[22:50:32][][main/INFO]: penetration: 1.0388187
[22:50:32][][main/INFO]: penetration: 1.144245
[22:50:32][][main/INFO]: penetration: 1.5783432
[22:50:32][][main/INFO]: penetration: 0.6997795
[22:50:32][][main/INFO]: penetration: 2.0843818
[22:50:32][][main/INFO]: penetration: 0.78362215
[22:50:32][][main/INFO]: penetration: 2.1968942
[22:50:32][][main/INFO]: penetration: 1.6674972
[22:50:32][][main/INFO]: penetration: 2.309936
[22:50:32][][main/INFO]: penetration: 1.7573901
[22:50:32][][main/INFO]: penetration: 1.2302985
[22:50:32][][main/INFO]: penetration: 1.8477018
[22:50:32][][main/INFO]: penetration: 1.2973313
[22:50:32][][main/INFO]: penetration: 0.7734914
[22:50:32][][main/INFO]: penetration: 2.4230754
[22:50:32][][main/INFO]: penetration: 2.5358496
[22:50:32][][main/INFO]: penetration: 0.8176167
[22:50:32][][main/INFO]: penetration: 1.9380878
[22:50:32][][main/INFO]: penetration: 2.0281792
[22:50:32][][main/INFO]: penetration: 2.6477692
[22:50:32][][main/INFO]: penetration: 1.4323244
[22:50:32][][main/INFO]: penetration: 1.4997633
[22:50:32][][main/INFO]: penetration: 2.1175852
[22:50:32][][main/INFO]: penetration: 0.9071045
[22:50:32][][main/INFO]: penetration: 2.7583287
[22:50:32][][main/INFO]: penetration: 2.8670013
[22:50:32][][main/INFO]: penetration: 1.5667937
[22:50:32][][main/INFO]: penetration: 2.205903
[22:50:32][][main/INFO]: penetration: 2.292716
[22:50:32][][main/INFO]: penetration: 0.997203
[22:50:32][][main/INFO]: penetration: 1.6331236
[22:50:32][][main/INFO]: penetration: 2.9732594
[22:50:32][][main/INFO]: penetration: 1.6984384
[22:50:32][][main/INFO]: penetration: 2.3776004
[22:50:32][][main/INFO]: penetration: 3.0765734
[22:50:32][][main/INFO]: penetration: 1.0864992
[22:50:32][][main/INFO]: penetration: 1.7624372
[22:50:32][][main/INFO]: penetration: 2.4601376
[22:50:32][][main/INFO]: penetration: 3.1764126
[22:50:32][][main/INFO]: penetration: 2.9462743
[22:50:32][][main/INFO]: penetration: 1.3092409
[22:50:32][][main/INFO]: penetration: 1.9207264
[22:50:32][][main/INFO]: penetration: 2.273879
[22:50:32][][main/INFO]: penetration: 1.9391829
[22:50:32][][main/INFO]: penetration: 1.7682271
[22:50:32][][main/INFO]: penetration: 1.4232299
[22:50:32][][main/INFO]: penetration: 0.959075
[22:50:32][][main/INFO]: penetration: 1.5883064
[22:50:32][][main/INFO]: penetration: 1.2703828
[22:50:32][][main/INFO]: penetration: 1.8059964
[22:50:32][][main/INFO]: penetration: 1.4236401
[22:50:32][][main/INFO]: penetration: 1.8155428
[22:50:32][][main/INFO]: penetration: 1.1206727
[22:50:32][][main/INFO]: penetration: 1.4327967
[22:50:32][][main/INFO]: penetration: 1.7548134
[22:50:32][][main/INFO]: penetration: 0.8962829
[22:50:32][][main/INFO]: penetration: 1.1450512
[22:50:32][][main/INFO]: penetration: 1.403029
[22:50:32][][main/INFO]: penetration: 1.4030278
[22:50:32][][main/INFO]: penetration: 0.7166266
[22:50:32][][main/INFO]: penetration: 0.9152743
[22:50:32][][main/INFO]: penetration: 1.1219184
[22:50:32][][main/INFO]: penetration: 1.1219158
[22:50:33][][main/INFO]: penetration: 0.5730321
[22:50:33][][main/INFO]: penetration: 0.73167735
[22:50:33][][main/INFO]: penetration: 0.89722043
[22:50:33][][main/INFO]: penetration: 0.8972172
[22:50:33][][main/INFO]: penetration: 0.7175751
[22:50:33][][main/INFO]: penetration: 0.58495307
[22:50:33][][main/INFO]: penetration: 0.7175789
[22:50:33][][main/INFO]: penetration: 0.5738934
[22:50:33][][main/INFO]: penetration: 0.573897
[22:50:33][][main/INFO]: penetration: 0.5738927
[22:50:33][][main/INFO]: penetration: 0.5245027
[22:50:33][][main/INFO]: penetration: 0.6402693
[22:50:33][][main/INFO]: penetration: 0.5099534
[22:50:33][][main/INFO]: penetration: 0.56057775
[22:50:36][][main/INFO]: penetration: 0.6373769
[22:50:36][][main/INFO]: penetration: 0.50577915
[22:50:36][][main/INFO]: penetration: 0.7641213
[22:50:36][][main/INFO]: penetration: 0.6082554
[22:50:36][][main/INFO]: penetration: 0.7233677
[22:50:36][][main/INFO]: penetration: 0.57837176
[22:50:36][][main/INFO]: penetration: 0.5369302
[22:50:36][][main/INFO]: penetration: 0.54224455
[22:50:36][][main/INFO]: penetration: 0.6634618
[22:50:36][][main/INFO]: penetration: 0.528417
[22:50:36][][main/INFO]: penetration: 0.79316723
[22:50:36][][main/INFO]: penetration: 0.54005206
[22:50:36][][main/INFO]: penetration: 0.6310514
[22:50:36][][main/INFO]: penetration: 0.50272346
[22:50:36][][main/INFO]: penetration: 0.922874
[22:50:36][][main/INFO]: penetration: 0.6608361
[22:50:36][][main/INFO]: penetration: 0.7402463
[22:50:36][][main/INFO]: penetration: 0.73095393
[22:50:36][][main/INFO]: penetration: 0.7249533
[22:50:36][][main/INFO]: penetration: 0.5920893
[22:50:36][][main/INFO]: penetration: 0.584098
[22:50:36][][main/INFO]: penetration: 0.5920888
[22:50:36][][main/INFO]: penetration: 0.79134345
[22:50:36][][main/INFO]: penetration: 0.86018354
[22:50:36][][main/INFO]: penetration: 0.52383834
[22:50:36][][main/INFO]: penetration: 0.59481776
[22:50:36][][main/INFO]: penetration: 0.9312297
[22:50:36][][main/INFO]: penetration: 0.669727
[22:50:36][][main/INFO]: penetration: 1.0047572
[22:50:36][][main/INFO]: penetration: 0.7275326
[22:50:36][][main/INFO]: penetration: 1.152976
[22:50:36][][main/INFO]: penetration: 0.9106128
[22:50:36][][main/INFO]: penetration: 1.1169361
[22:50:36][][main/INFO]: penetration: 0.721476
[22:50:36][][main/INFO]: penetration: 1.1795135
[22:50:36][][main/INFO]: penetration: 1.1948106
[22:50:36][][main/INFO]: penetration: 0.9527137
[22:50:36][][main/INFO]: penetration: 0.98634595
[22:50:36][][main/INFO]: penetration: 1.2063057
[22:50:36][][main/INFO]: penetration: 0.7655815
[22:50:36][][main/INFO]: penetration: 0.96718204
[22:50:36][][main/INFO]: penetration: 1.2135233
[22:50:36][][main/INFO]: penetration: 0.5491829
[22:50:36][][main/INFO]: penetration: 0.7352419
[22:50:36][][main/INFO]: penetration: 0.9713464
[22:50:36][][main/INFO]: penetration: 1.216661
[22:50:36][][main/INFO]: penetration: 1.2189348
[22:50:36][][main/INFO]: penetration: 0.5058253
[22:50:36][][main/INFO]: penetration: 0.731735
[22:50:36][][main/INFO]: penetration: 0.9729245
[22:50:37][][main/INFO]: Saved GameSettings options. (options.dat)
