[22:28:09][][main/INFO]: Loaded GameSettings options. (options.dat)
[22:28:10][][main/INFO]: OperationSystem Mac OS X 10.15.4, rt 1.8.0_231 x86_64, VM Java HotSpot(TM) 64-Bit Server VM v25.231-b11
[22:28:12][][main/INFO]: RenderEngine initialized. GL_I: Intel Inc. - Intel(R) Iris(TM) Plus Graphics 645 | 4.1 INTEL-14.5.22
[22:28:12][][main/INFO]: LWJGL 3.2.3 build 13, GLFWL 3.4.0 Cocoa NSGL EGL OSMesa dynamic
[22:28:12][][main/INFO]: AudioEngine initialized. AL_I: OpenAL Community / 1.1 ALSOFT 1.19.1, devispec OpenAL Soft
[22:28:21][][main/WARN]: big penetration: 44.01246
[22:28:21][][main/WARN]: big penetration: 44.002983
[22:28:22][][main/WARN]: big penetration: 44.00232
[22:28:22][][main/WARN]: big penetration: 44.00397
[22:28:22][][main/WARN]: big penetration: 44.57419
[22:28:23][][main/WARN]: big penetration: 44.000153
[22:28:23][][main/WARN]: big penetration: 44.027042
[22:28:24][][main/WARN]: big penetration: 44.009808
[22:28:24][][main/WARN]: big penetration: 44.003357
[22:28:24][][main/WARN]: big penetration: 44.01817
[22:28:25][][main/WARN]: big penetration: 44.085224
[22:28:25][][main/WARN]: big penetration: 44.403904
[22:28:26][][main/WARN]: big penetration: 44.00173
[22:28:26][][main/WARN]: big penetration: 44.865833
[22:28:26][][main/WARN]: big penetration: 44.00252
[22:28:26][][main/WARN]: big penetration: 44.003574
[22:28:27][][main/WARN]: big penetration: 44.00656
[22:28:27][][main/WARN]: big penetration: 44.96902
[22:28:28][][main/WARN]: big penetration: 44.003498
[22:28:29][][main/WARN]: big penetration: 44.0267
[22:28:30][][main/WARN]: big penetration: 44.418747
[22:28:42][][main/INFO]: Saved GameSettings options. (options.dat)
