[21:28:12][][main/INFO]: Loaded GameSettings options. (options.dat)
[21:28:13][][main/INFO]: OperationSystem Mac OS X 10.15.5, rt 1.8.0_231 x86_64, VM Java HotSpot(TM) 64-Bit Server VM v25.231-b11
[21:28:15][][main/INFO]: RenderEngine initialized. GL_I: Intel Inc. - Intel(R) Iris(TM) Plus Graphics 645 | 4.1 INTEL-14.6.18
[21:28:15][][main/INFO]: LWJGL 3.2.3 build 13, GLFWL 3.4.0 Cocoa NSGL EGL OSMesa dynamic
[21:28:15][][main/INFO]: AudioEngine initialized. AL_I: OpenAL Community / 1.1 ALSOFT 1.19.1, devispec OpenAL Soft
[21:28:20][][main/WARN]: illegal ContactPoint-OnB. not in both AABB of bodyA and bodyB.
[21:28:27][][main/WARN]: Out of iter 30
[21:28:34][][main/WARN]: Out of iter 30
[21:28:36][][main/WARN]: Out of iter 30
[21:28:36][][main/WARN]: Out of iter 30
[21:28:37][][main/WARN]: Out of iter 30
[21:28:37][][main/WARN]: Out of iter 30
[21:28:38][][main/WARN]: Out of iter 30
[21:28:38][][main/WARN]: Out of iter 30
[21:28:39][][main/WARN]: Out of iter 30
[21:28:39][][main/WARN]: Out of iter 30
[21:28:39][][main/WARN]: Out of iter 30
[21:28:39][][main/WARN]: Out of iter 30
[21:28:39][][main/WARN]: Out of iter 30
[21:28:39][][main/WARN]: Out of iter 30
[21:28:39][][main/WARN]: Out of iter 30
[21:28:40][][main/WARN]: Out of iter 30
[21:28:40][][main/WARN]: Out of iter 30
[21:28:40][][main/WARN]: Out of iter 30
[21:28:40][][main/WARN]: Out of iter 30
[21:28:44][][main/WARN]: Out of iter 30
[21:28:44][][main/WARN]: Out of iter 30
[21:28:44][][main/WARN]: Out of iter 30
[21:28:45][][main/WARN]: Out of iter 30
[21:28:45][][main/WARN]: Out of iter 30
[21:28:46][][main/WARN]: Out of iter 30
[21:28:46][][main/WARN]: Out of iter 30
[21:28:46][][main/WARN]: Out of iter 30
[21:28:46][][main/WARN]: Out of iter 30
[21:28:46][][main/WARN]: Out of iter 30
[21:28:46][][main/WARN]: Out of iter 30
[21:28:46][][main/WARN]: Out of iter 30
[21:28:46][][main/WARN]: Out of iter 30
[21:28:46][][main/WARN]: Out of iter 30
[21:28:46][][main/WARN]: Out of iter 30
[21:28:46][][main/WARN]: Out of iter 30
[21:28:49][][main/WARN]: Out of iter 30
[21:28:49][][main/WARN]: Out of iter 30
[21:28:49][][main/WARN]: Out of iter 30
[21:28:49][][main/WARN]: Out of iter 30
[21:28:49][][main/WARN]: Out of iter 30
[21:28:49][][main/WARN]: Out of iter 30
[21:28:49][][main/INFO]: Saved GameSettings options. (options.dat)
