[21:39:29][][main/INFO]: Loaded GameSettings options. (options.dat)
[21:39:30][][main/INFO]: OperationSystem Mac OS X 10.15.4, rt 1.8.0_231 x86_64, VM Java HotSpot(TM) 64-Bit Server VM v25.231-b11
[21:39:33][][main/INFO]: RenderEngine initialized. GL_I: Intel Inc. - Intel(R) Iris(TM) Plus Graphics 645 | 4.1 INTEL-14.5.22
[21:39:33][][main/INFO]: LWJGL 3.2.3 build 13, GLFWL 3.4.0 Cocoa NSGL EGL OSMesa dynamic
[21:39:33][][main/INFO]: AudioEngine initialized. AL_I: OpenAL Community / 1.1 ALSOFT 1.19.1, devispec OpenAL Soft
[21:39:38][][main/INFO]: barErr. denome==0
[21:39:42][][main/INFO]: Err. computeMTV() out of itr.
[21:39:43][][main/WARN]: big penetration: 10.042862
[21:39:43][][main/WARN]: big penetration: 10.094437
[21:39:43][][main/WARN]: big penetration: 10.146484
[21:39:43][][main/WARN]: big penetration: 10.198944
[21:39:43][][main/WARN]: big penetration: 10.251114
[21:39:43][][main/WARN]: big penetration: 10.3003845
[21:39:43][][main/WARN]: big penetration: 10.349304
[21:39:43][][main/WARN]: big penetration: 10.396652
[21:39:43][][main/WARN]: big penetration: 10.443893
[21:39:43][][main/WARN]: big penetration: 10.489761
[21:39:43][][main/WARN]: big penetration: 10.535355
[21:39:43][][main/WARN]: big penetration: 10.580795
[21:39:43][][main/WARN]: big penetration: 10.62291
[21:39:43][][main/WARN]: big penetration: 10.664871
[21:39:43][][main/WARN]: big penetration: 10.696457
[21:39:43][][main/WARN]: big penetration: 10.728714
[21:39:43][][main/WARN]: big penetration: 10.76178
[21:39:43][][main/WARN]: big penetration: 10.795502
[21:39:43][][main/WARN]: big penetration: 10.829773
[21:39:43][][main/WARN]: big penetration: 10.864349
[21:39:43][][main/WARN]: big penetration: 10.899292
[21:39:43][][main/WARN]: big penetration: 10.93457
[21:39:43][][main/WARN]: big penetration: 10.969757
[21:39:43][][main/WARN]: big penetration: 11.004272
[21:39:43][][main/WARN]: big penetration: 11.035278
[21:39:43][][main/WARN]: big penetration: 11.066711
[21:39:43][][main/WARN]: big penetration: 11.097778
[21:39:43][][main/WARN]: big penetration: 11.128265
[21:39:43][][main/WARN]: big penetration: 11.159088
[21:39:43][][main/WARN]: big penetration: 11.189972
[21:39:43][][main/WARN]: big penetration: 11.220978
[21:39:43][][main/WARN]: big penetration: 11.252197
[21:39:43][][main/WARN]: big penetration: 11.283661
[21:39:43][][main/WARN]: big penetration: 11.315094
[21:39:43][][main/WARN]: big penetration: 11.346649
[21:39:43][][main/WARN]: big penetration: 11.378357
[21:39:43][][main/WARN]: big penetration: 11.409882
[21:39:43][][main/WARN]: big penetration: 11.441498
[21:39:43][][main/WARN]: big penetration: 11.472687
[21:39:43][][main/WARN]: big penetration: 11.502686
[21:39:43][][main/WARN]: big penetration: 11.531891
[21:39:43][][main/WARN]: big penetration: 11.561371
[21:39:43][][main/WARN]: big penetration: 11.590942
[21:39:43][][main/WARN]: big penetration: 11.620697
[21:39:43][][main/WARN]: big penetration: 11.650635
[21:39:43][][main/WARN]: big penetration: 11.680542
[21:39:43][][main/WARN]: big penetration: 11.71051
[21:39:43][][main/WARN]: big penetration: 11.739655
[21:39:43][][main/WARN]: big penetration: 11.76889
[21:39:43][][main/WARN]: big penetration: 11.798096
[21:39:43][][main/WARN]: big penetration: 11.826813
[21:39:43][][main/WARN]: big penetration: 11.855347
[21:39:43][][main/WARN]: big penetration: 11.883545
[21:39:43][][main/WARN]: big penetration: 11.911713
[21:39:43][][main/WARN]: big penetration: 11.938995
[21:39:43][][main/WARN]: big penetration: 11.966339
[21:39:43][][main/WARN]: big penetration: 11.993774
[21:39:43][][main/WARN]: big penetration: 12.021088
[21:39:43][][main/WARN]: big penetration: 12.04837
[21:39:44][][main/WARN]: big penetration: 12.075317
[21:39:44][][main/WARN]: big penetration: 12.101501
[21:39:44][][main/WARN]: big penetration: 12.127502
[21:39:44][][main/WARN]: big penetration: 12.153442
[21:39:44][][main/WARN]: big penetration: 12.179291
[21:39:44][][main/WARN]: big penetration: 12.204895
[21:39:44][][main/WARN]: big penetration: 12.229919
[21:39:44][][main/WARN]: big penetration: 12.254883
[21:39:44][][main/WARN]: big penetration: 12.279816
[21:39:44][][main/WARN]: big penetration: 12.304749
[21:39:44][][main/WARN]: big penetration: 12.329773
[21:39:44][][main/WARN]: big penetration: 12.354889
[21:39:44][][main/WARN]: big penetration: 12.379181
[21:39:44][][main/WARN]: big penetration: 12.4036255
[21:39:44][][main/WARN]: big penetration: 12.42804
[21:39:44][][main/WARN]: big penetration: 12.452484
[21:39:44][][main/WARN]: big penetration: 12.476501
[21:39:44][][main/WARN]: big penetration: 12.497894
[21:39:44][][main/WARN]: big penetration: 12.519562
[21:39:44][][main/WARN]: big penetration: 12.54126
[21:39:44][][main/WARN]: big penetration: 12.563202
[21:39:44][][main/WARN]: big penetration: 12.585236
[21:39:44][][main/WARN]: big penetration: 12.607361
[21:39:44][][main/WARN]: big penetration: 12.629578
[21:39:44][][main/WARN]: big penetration: 12.651978
[21:39:44][][main/WARN]: big penetration: 12.674469
[21:39:44][][main/WARN]: big penetration: 12.696808
[21:39:44][][main/WARN]: big penetration: 12.718597
[21:39:44][][main/WARN]: big penetration: 12.740356
[21:39:44][][main/WARN]: big penetration: 12.762085
[21:39:44][][main/WARN]: big penetration: 12.7838745
[21:39:44][][main/WARN]: big penetration: 12.805756
[21:39:44][][main/WARN]: big penetration: 12.827576
[21:39:44][][main/WARN]: big penetration: 12.849426
[21:39:44][][main/WARN]: big penetration: 12.871368
[21:39:44][][main/WARN]: big penetration: 12.893066
[21:39:44][][main/WARN]: big penetration: 12.912628
[21:39:44][][main/WARN]: big penetration: 12.932312
[21:39:44][][main/WARN]: big penetration: 12.952148
[21:39:44][][main/WARN]: big penetration: 12.971954
[21:39:44][][main/WARN]: big penetration: 12.991913
[21:39:44][][main/WARN]: big penetration: 13.011963
[21:39:44][][main/WARN]: big penetration: 13.03125
[21:39:44][][main/WARN]: big penetration: 13.050812
[21:39:44][][main/WARN]: big penetration: 13.0703125
[21:39:44][][main/WARN]: big penetration: 13.090057
[21:39:44][][main/WARN]: big penetration: 13.109589
[21:39:44][][main/WARN]: big penetration: 13.129211
[21:39:44][][main/WARN]: big penetration: 13.148773
[21:39:44][][main/WARN]: big penetration: 13.1683655
[21:39:44][][main/WARN]: big penetration: 13.188019
[21:39:44][][main/WARN]: big penetration: 13.207764
[21:39:44][][main/WARN]: big penetration: 13.227631
[21:39:44][][main/WARN]: big penetration: 13.247467
[21:39:44][][main/WARN]: big penetration: 13.257751
[21:39:44][][main/WARN]: big penetration: 13.268951
[21:39:44][][main/WARN]: big penetration: 13.277985
[21:39:44][][main/WARN]: big penetration: 13.28772
[21:39:44][][main/WARN]: big penetration: 13.29834
[21:39:44][][main/WARN]: big penetration: 13.309784
[21:39:44][][main/WARN]: big penetration: 13.321899
[21:39:44][][main/WARN]: big penetration: 13.33429
[21:39:45][][main/WARN]: big penetration: 13.347412
[21:39:45][][main/WARN]: big penetration: 13.360992
[21:39:45][][main/WARN]: big penetration: 13.375153
[21:39:45][][main/WARN]: big penetration: 10.082611
[21:39:45][][main/WARN]: big penetration: 13.389893
[21:39:45][][main/WARN]: big penetration: 10.170776
[21:39:45][][main/WARN]: big penetration: 13.405121
[21:39:45][][main/WARN]: big penetration: 10.25531
[21:39:45][][main/WARN]: big penetration: 13.420013
[21:39:45][][main/WARN]: big penetration: 10.335266
[21:39:45][][main/WARN]: big penetration: 13.435394
[21:39:45][][main/WARN]: big penetration: 10.412018
[21:39:45][][main/WARN]: big penetration: 13.448425
[21:39:45][][main/WARN]: big penetration: 10.482971
[21:39:45][][main/WARN]: big penetration: 13.461578
[21:39:45][][main/WARN]: big penetration: 10.550476
[21:39:45][][main/WARN]: big penetration: 13.47525
[21:39:45][][main/WARN]: big penetration: 10.615509
[21:39:45][][main/WARN]: big penetration: 13.48941
[21:39:45][][main/WARN]: big penetration: 10.678162
[21:39:45][][main/WARN]: big penetration: 13.503937
[21:39:45][][main/WARN]: big penetration: 10.737915
[21:39:45][][main/WARN]: big penetration: 13.518707
[21:39:45][][main/WARN]: big penetration: 10.795471
[21:39:45][][main/WARN]: big penetration: 13.519318
[21:39:45][][main/WARN]: big penetration: 10.8368225
[21:39:45][][main/WARN]: big penetration: 13.522003
[21:39:45][][main/WARN]: big penetration: 10.877533
[21:39:45][][main/WARN]: big penetration: 13.526215
[21:39:45][][main/WARN]: big penetration: 10.917694
[21:39:45][][main/WARN]: big penetration: 13.531799
[21:39:45][][main/WARN]: big penetration: 10.957184
[21:39:45][][main/WARN]: big penetration: 13.538513
[21:39:45][][main/WARN]: big penetration: 10.995514
[21:39:45][][main/WARN]: big penetration: 13.546356
[21:39:45][][main/WARN]: big penetration: 11.033234
[21:39:45][][main/WARN]: big penetration: 13.555267
[21:39:45][][main/WARN]: big penetration: 11.0703125
[21:39:45][][main/WARN]: big penetration: 13.565002
[21:39:45][][main/WARN]: big penetration: 11.106201
[21:39:45][][main/WARN]: big penetration: 13.575562
[21:39:45][][main/WARN]: big penetration: 11.1414795
[21:39:45][][main/WARN]: big penetration: 13.586853
[21:39:45][][main/WARN]: big penetration: 11.176056
[21:39:45][][main/WARN]: big penetration: 13.598724
[21:39:45][][main/WARN]: big penetration: 11.209473
[21:39:45][][main/WARN]: big penetration: 13.611206
[21:39:45][][main/WARN]: big penetration: 11.242249
[21:39:45][][main/WARN]: big penetration: 10.023834
[21:39:45][][main/WARN]: big penetration: 13.622009
[21:39:45][][main/WARN]: big penetration: 11.272217
[21:39:45][][main/WARN]: big penetration: 10.057068
[21:39:45][][main/WARN]: big penetration: 13.633423
[21:39:45][][main/WARN]: big penetration: 11.30127
[21:39:45][][main/WARN]: big penetration: 10.090149
[21:39:45][][main/WARN]: big penetration: 13.645233
[21:39:45][][main/WARN]: big penetration: 11.329834
[21:39:45][][main/WARN]: big penetration: 10.122894
[21:39:45][][main/WARN]: big penetration: 13.657623
[21:39:45][][main/WARN]: big penetration: 11.357941
[21:39:45][][main/WARN]: big penetration: 10.155365
[21:39:45][][main/WARN]: big penetration: 13.67038
[21:39:45][][main/WARN]: big penetration: 11.385132
[21:39:45][][main/WARN]: big penetration: 10.187592
[21:39:45][][main/WARN]: big penetration: 13.683594
[21:39:45][][main/WARN]: big penetration: 11.411987
[21:39:45][][main/WARN]: big penetration: 10.219574
[21:39:45][][main/WARN]: big penetration: 13.697205
[21:39:45][][main/WARN]: big penetration: 11.438507
[21:39:45][][main/WARN]: big penetration: 10.251312
[21:39:45][][main/WARN]: big penetration: 13.711182
[21:39:45][][main/WARN]: big penetration: 11.464142
[21:39:45][][main/WARN]: big penetration: 10.282776
[21:39:45][][main/WARN]: big penetration: 13.725586
[21:39:45][][main/WARN]: big penetration: 11.489502
[21:39:45][][main/WARN]: big penetration: 10.314026
[21:39:45][][main/WARN]: big penetration: 13.740204
[21:39:45][][main/WARN]: big penetration: 11.514465
[21:39:45][][main/WARN]: big penetration: 10.34494
[21:39:45][][main/WARN]: big penetration: 13.755096
[21:39:45][][main/WARN]: big penetration: 11.538544
[21:39:45][][main/WARN]: big penetration: 10.375519
[21:39:45][][main/WARN]: big penetration: 13.77005
[21:39:45][][main/WARN]: big penetration: 11.562286
[21:39:45][][main/WARN]: big penetration: 10.405792
[21:39:45][][main/WARN]: big penetration: 13.785187
[21:39:45][][main/WARN]: big penetration: 11.585754
[21:39:45][][main/WARN]: big penetration: 10.435791
[21:39:45][][main/WARN]: big penetration: 13.800751
[21:39:45][][main/WARN]: big penetration: 11.608429
[21:39:45][][main/WARN]: big penetration: 10.465515
[21:39:45][][main/WARN]: big penetration: 13.816284
[21:39:45][][main/WARN]: big penetration: 11.63092
[21:39:45][][main/WARN]: big penetration: 10.495056
[21:39:45][][main/WARN]: big penetration: 13.8315735
[21:39:45][][main/WARN]: big penetration: 11.6528015
[21:39:45][][main/WARN]: big penetration: 10.013977
[21:39:45][][main/WARN]: big penetration: 10.523895
[21:39:45][][main/WARN]: big penetration: 13.847137
[21:39:45][][main/WARN]: big penetration: 11.673889
[21:39:45][][main/WARN]: big penetration: 10.035706
[21:39:45][][main/WARN]: big penetration: 10.55249
[21:39:45][][main/WARN]: big penetration: 13.862701
[21:39:45][][main/WARN]: big penetration: 11.694855
[21:39:45][][main/WARN]: big penetration: 10.057587
[21:39:45][][main/WARN]: big penetration: 10.580872
[21:39:45][][main/WARN]: big penetration: 13.877167
[21:39:45][][main/WARN]: big penetration: 10.002289
[21:39:45][][main/WARN]: big penetration: 11.7144165
[21:39:45][][main/WARN]: big penetration: 10.078369
[21:39:45][][main/WARN]: big penetration: 10.607788
[21:39:45][][main/WARN]: big penetration: 13.890533
[21:39:45][][main/WARN]: big penetration: 10.019348
[21:39:45][][main/WARN]: big penetration: 11.732086
[21:39:45][][main/WARN]: big penetration: 10.097931
[21:39:45][][main/WARN]: big penetration: 10.633179
[21:39:45][][main/WARN]: big penetration: 13.904358
[21:39:45][][main/WARN]: big penetration: 10.036743
[21:39:45][][main/WARN]: big penetration: 11.749878
[21:39:45][][main/WARN]: big penetration: 10.117889
[21:39:45][][main/WARN]: big penetration: 10.65863
[21:39:45][][main/WARN]: big penetration: 13.9183655
[21:39:45][][main/WARN]: big penetration: 10.054504
[21:39:45][][main/WARN]: big penetration: 11.767792
[21:39:45][][main/WARN]: big penetration: 10.138184
[21:39:45][][main/WARN]: big penetration: 10.684113
[21:39:45][][main/WARN]: big penetration: 13.932709
[21:39:45][][main/WARN]: big penetration: 10.072571
[21:39:45][][main/WARN]: big penetration: 11.785309
[21:39:45][][main/WARN]: big penetration: 10.158813
[21:39:45][][main/WARN]: big penetration: 10.709656
[21:39:45][][main/WARN]: big penetration: 13.946899
[21:39:45][][main/WARN]: big penetration: 10.090424
[21:39:45][][main/WARN]: big penetration: 11.802429
[21:39:45][][main/WARN]: big penetration: 10.17923
[21:39:45][][main/WARN]: big penetration: 10.734711
[21:39:45][][main/WARN]: big penetration: 13.961273
[21:39:45][][main/WARN]: big penetration: 10.1085205
[21:39:45][][main/WARN]: big penetration: 11.819672
[21:39:45][][main/WARN]: big penetration: 10.199921
[21:39:45][][main/WARN]: big penetration: 10.759766
[21:39:45][][main/WARN]: big penetration: 13.97583
[21:39:45][][main/WARN]: big penetration: 10.126801
[21:39:45][][main/WARN]: big penetration: 11.836395
[21:39:45][][main/WARN]: big penetration: 10.013336
[21:39:45][][main/WARN]: big penetration: 10.220764
[21:39:45][][main/WARN]: big penetration: 10.784729
[21:39:45][][main/WARN]: big penetration: 13.99054
[21:39:45][][main/WARN]: big penetration: 10.145203
[21:39:45][][main/WARN]: big penetration: 11.853149
[21:39:45][][main/WARN]: big penetration: 10.034668
[21:39:45][][main/WARN]: big penetration: 10.24176
[21:39:45][][main/WARN]: big penetration: 10.809601
[21:39:45][][main/WARN]: big penetration: 14.00528
[21:39:45][][main/WARN]: big penetration: 10.163666
[21:39:45][][main/WARN]: big penetration: 11.869843
[21:39:45][][main/WARN]: big penetration: 10.05603
[21:39:45][][main/WARN]: big penetration: 10.262787
[21:39:45][][main/WARN]: big penetration: 10.83432
[21:39:45][][main/WARN]: big penetration: 14.020142
[21:39:45][][main/WARN]: big penetration: 10.182129
[21:39:45][][main/WARN]: big penetration: 11.885956
[21:39:45][][main/WARN]: big penetration: 10.077423
[21:39:45][][main/WARN]: big penetration: 10.025757
[21:39:45][][main/WARN]: big penetration: 10.283844
[21:39:45][][main/WARN]: big penetration: 10.858856
[21:39:45][][main/WARN]: big penetration: 14.034912
[21:39:45][][main/WARN]: big penetration: 10.200592
[21:39:45][][main/WARN]: big penetration: 11.901978
[21:39:45][][main/WARN]: big penetration: 10.098785
[21:39:45][][main/WARN]: big penetration: 10.052216
[21:39:45][][main/WARN]: big penetration: 10.304901
[21:39:45][][main/WARN]: big penetration: 10.883148
[21:39:45][][main/WARN]: big penetration: 14.049866
[21:39:45][][main/WARN]: big penetration: 10.219147
[21:39:45][][main/WARN]: big penetration: 11.91806
[21:39:45][][main/WARN]: big penetration: 10.12027
[21:39:45][][main/WARN]: big penetration: 10.078461
[21:39:45][][main/WARN]: big penetration: 10.32608
[21:39:45][][main/WARN]: big penetration: 10.907379
[21:39:45][][main/WARN]: big penetration: 14.06488
[21:39:45][][main/WARN]: big penetration: 10.237854
[21:39:45][][main/WARN]: big penetration: 11.933685
[21:39:45][][main/WARN]: big penetration: 10.141846
[21:39:45][][main/WARN]: big penetration: 10.104523
[21:39:45][][main/WARN]: big penetration: 10.347382
[21:39:45][][main/WARN]: big penetration: 10.931549
[21:39:45][][main/WARN]: big penetration: 14.080017
[21:39:45][][main/WARN]: big penetration: 10.256653
[21:39:45][][main/WARN]: big penetration: 11.949432
[21:39:45][][main/WARN]: big penetration: 10.163574
[21:39:45][][main/WARN]: big penetration: 10.130402
[21:39:45][][main/WARN]: big penetration: 10.368805
[21:39:45][][main/WARN]: big penetration: 10.955688
[21:39:45][][main/WARN]: big penetration: 14.095215
[21:39:45][][main/WARN]: big penetration: 10.275482
[21:39:45][][main/WARN]: big penetration: 11.965118
[21:39:45][][main/WARN]: big penetration: 10.185272
[21:39:45][][main/WARN]: big penetration: 10.155975
[21:39:45][][main/WARN]: big penetration: 10.390228
[21:39:45][][main/WARN]: big penetration: 10.979675
[21:39:45][][main/WARN]: big penetration: 14.110291
[21:39:45][][main/WARN]: big penetration: 10.294189
[21:39:45][][main/WARN]: big penetration: 11.980225
[21:39:45][][main/WARN]: big penetration: 10.206909
[21:39:45][][main/WARN]: big penetration: 10.181213
[21:39:45][][main/WARN]: big penetration: 10.411591
[21:39:45][][main/WARN]: big penetration: 11.0034485
[21:39:45][][main/WARN]: big penetration: 14.125305
[21:39:45][][main/WARN]: big penetration: 10.312897
[21:39:45][][main/WARN]: big penetration: 11.9953
[21:39:45][][main/WARN]: big penetration: 10.228485
[21:39:45][][main/WARN]: big penetration: 10.206146
[21:39:45][][main/WARN]: big penetration: 10.432892
[21:39:45][][main/WARN]: big penetration: 11.027008
[21:39:45][][main/WARN]: big penetration: 14.14035
[21:39:45][][main/WARN]: big penetration: 10.3315735
[21:39:45][][main/WARN]: big penetration: 12.010376
[21:39:45][][main/WARN]: big penetration: 10.250092
[21:39:45][][main/WARN]: big penetration: 10.230835
[21:39:45][][main/WARN]: big penetration: 10.454224
[21:39:45][][main/WARN]: big penetration: 11.050446
[21:39:46][][main/WARN]: big penetration: 14.155487
[21:39:46][][main/WARN]: big penetration: 10.350311
[21:39:46][][main/WARN]: big penetration: 12.024963
[21:39:46][][main/WARN]: big penetration: 10.2717285
[21:39:46][][main/WARN]: big penetration: 10.25531
[21:39:46][][main/WARN]: big penetration: 10.475586
[21:39:46][][main/WARN]: big penetration: 11.0737915
[21:39:46][][main/WARN]: big penetration: 14.170624
[21:39:46][][main/WARN]: big penetration: 10.36908
[21:39:46][][main/WARN]: big penetration: 12.039673
[21:39:46][][main/WARN]: big penetration: 10.2934265
[21:39:46][][main/WARN]: big penetration: 10.279633
[21:39:46][][main/WARN]: big penetration: 10.497009
[21:39:46][][main/WARN]: big penetration: 11.097076
[21:39:46][][main/WARN]: big penetration: 14.184814
[21:39:46][][main/WARN]: big penetration: 10.386932
[21:39:46][][main/WARN]: big penetration: 12.053497
[21:39:46][][main/WARN]: big penetration: 10.314148
[21:39:46][][main/WARN]: big penetration: 10.302795
[21:39:46][][main/WARN]: big penetration: 10.517456
[21:39:46][][main/WARN]: big penetration: 11.119263
[21:39:46][][main/WARN]: big penetration: 14.199005
[21:39:46][][main/WARN]: big penetration: 10.404755
[21:39:46][][main/WARN]: big penetration: 12.066803
[21:39:46][][main/WARN]: big penetration: 10.334869
[21:39:46][][main/WARN]: big penetration: 10.325745
[21:39:46][][main/WARN]: big penetration: 10.537933
[21:39:46][][main/WARN]: big penetration: 11.141357
[21:39:46][][main/WARN]: big penetration: 14.213257
[21:39:46][][main/WARN]: big penetration: 10.422607
[21:39:46][][main/WARN]: big penetration: 12.08017
[21:39:46][][main/WARN]: big penetration: 10.35556
[21:39:46][][main/WARN]: big penetration: 10.34848
[21:39:46][][main/WARN]: big penetration: 10.55838
[21:39:46][][main/WARN]: big penetration: 11.16333
[21:39:46][][main/WARN]: big penetration: 14.227661
[21:39:46][][main/WARN]: big penetration: 10.440491
[21:39:46][][main/WARN]: big penetration: 12.093689
[21:39:46][][main/WARN]: big penetration: 10.376343
[21:39:46][][main/WARN]: big penetration: 10.371155
[21:39:46][][main/WARN]: big penetration: 10.578918
[21:39:46][][main/WARN]: big penetration: 11.185303
[21:39:46][][main/WARN]: big penetration: 14.241943
[21:39:46][][main/WARN]: big penetration: 10.458374
[21:39:46][][main/WARN]: big penetration: 12.106689
[21:39:46][][main/WARN]: big penetration: 10.397095
[21:39:46][][main/WARN]: big penetration: 10.393555
[21:39:46][][main/WARN]: big penetration: 10.599365
[21:39:46][][main/WARN]: big penetration: 11.207092
[21:39:46][][main/WARN]: big penetration: 15.6606655
[21:39:46][][main/WARN]: big penetration: 10.783905
[21:39:46][][main/WARN]: big penetration: 11.8837805
[21:39:46][][main/WARN]: big penetration: 13.466076
[21:39:46][][main/WARN]: big penetration: 11.7753315
[21:39:46][][main/WARN]: big penetration: 10.370386
[21:39:46][][main/WARN]: big penetration: 10.628501
[21:39:46][][main/WARN]: big penetration: 10.834096
[21:39:46][][main/WARN]: big penetration: 11.661286
[21:39:46][][main/WARN]: big penetration: 10.239691
[21:39:46][][main/WARN]: big penetration: 10.917091
[21:39:46][][main/WARN]: big penetration: 12.011947
[21:39:46][][main/WARN]: big penetration: 10.679496
[21:39:46][][main/WARN]: big penetration: 10.331392
[21:39:46][][main/WARN]: big penetration: 10.146894
[21:39:46][][main/WARN]: big penetration: 12.652058
[21:39:46][][main/WARN]: big penetration: 13.057736
[21:39:46][][main/WARN]: big penetration: 10.748536
[21:39:46][][main/WARN]: big penetration: 10.515667
[21:39:51][][main/WARN]: big penetration: 10.023193
[21:39:51][][main/WARN]: big penetration: 10.088745
[21:39:51][][main/WARN]: big penetration: 10.187866
[21:39:51][][main/WARN]: big penetration: 10.239502
[21:39:51][][main/WARN]: big penetration: 10.346191
[21:39:51][][main/WARN]: big penetration: 11.809854
[21:39:51][][main/WARN]: big penetration: 11.914961
[21:39:51][][main/WARN]: big penetration: 10.945656
[21:39:55][][main/WARN]: big penetration: 10.240112
[21:39:55][][main/WARN]: big penetration: 20.483032
[21:39:55][][main/WARN]: big penetration: 19.459595
[21:39:55][][main/WARN]: big penetration: 18.64978
[21:39:55][][main/WARN]: big penetration: 11.828125
[21:39:55][][main/WARN]: big penetration: 19.091187
[21:39:55][][main/WARN]: big penetration: 17.938477
[21:39:55][][main/WARN]: big penetration: 17.351929
[21:39:55][][main/WARN]: big penetration: 10.964844
[21:39:55][][main/WARN]: big penetration: 17.808594
[21:39:55][][main/WARN]: big penetration: 16.524292
[21:39:55][][main/WARN]: big penetration: 16.154419
[21:39:55][][main/WARN]: big penetration: 10.171265
[21:39:55][][main/WARN]: big penetration: 16.625488
[21:39:55][][main/WARN]: big penetration: 15.104736
[21:39:55][][main/WARN]: big penetration: 14.968384
[21:39:55][][main/WARN]: big penetration: 15.455078
[21:39:55][][main/WARN]: big penetration: 13.6796875
[21:39:55][][main/WARN]: big penetration: 13.790405
[21:39:55][][main/WARN]: big penetration: 14.291138
[21:39:55][][main/WARN]: big penetration: 12.25
[21:39:55][][main/WARN]: big penetration: 12.6188965
[21:39:55][][main/WARN]: big penetration: 13.133789
[21:39:55][][main/WARN]: big penetration: 10.815918
[21:39:55][][main/WARN]: big penetration: 11.4539795
[21:39:55][][main/WARN]: big penetration: 11.982544
[21:39:55][][main/WARN]: big penetration: 10.295166
[21:39:55][][main/WARN]: big penetration: 10.83728
[21:39:56][][main/WARN]: big penetration: 10.551636
[21:39:58][][main/WARN]: big penetration: 10.080566
[21:39:58][][main/WARN]: big penetration: 10.273926
[21:39:58][][main/WARN]: big penetration: 10.458984
[21:39:58][][main/WARN]: big penetration: 10.63623
[21:39:58][][main/WARN]: big penetration: 10.806152
[21:39:58][][main/WARN]: big penetration: 10.967285
[21:39:58][][main/WARN]: big penetration: 10.053955
[21:39:58][][main/WARN]: big penetration: 11.121338
[21:39:58][][main/WARN]: big penetration: 10.223389
[21:39:58][][main/WARN]: big penetration: 10.166748
[21:39:58][][main/WARN]: big penetration: 11.268799
[21:39:58][][main/WARN]: big penetration: 10.033203
[21:39:58][][main/WARN]: big penetration: 10.385498
[21:39:58][][main/WARN]: big penetration: 10.350586
[21:39:58][][main/WARN]: big penetration: 11.409668
[21:39:58][][main/WARN]: big penetration: 10.166504
[21:39:58][][main/WARN]: big penetration: 10.540283
[21:39:58][][main/WARN]: big penetration: 10.526123
[21:39:58][][main/WARN]: big penetration: 11.543701
[21:39:58][][main/WARN]: big penetration: 10.292725
[21:39:58][][main/WARN]: big penetration: 10.6875
[21:39:58][][main/WARN]: big penetration: 10.693359
[21:39:58][][main/WARN]: big penetration: 11.672363
[21:39:58][][main/WARN]: big penetration: 10.41333
[21:39:58][][main/WARN]: big penetration: 10.828857
[21:39:58][][main/WARN]: big penetration: 10.853516
[21:39:58][][main/WARN]: big penetration: 11.796143
[21:39:58][][main/WARN]: big penetration: 10.528564
[21:39:58][][main/WARN]: big penetration: 10.964355
[21:39:58][][main/WARN]: big penetration: 11.00708
[21:39:58][][main/WARN]: big penetration: 11.915283
[21:39:58][][main/WARN]: big penetration: 10.638672
[21:39:58][][main/WARN]: big penetration: 11.094727
[21:39:58][][main/WARN]: big penetration: 11.154541
[21:39:58][][main/WARN]: big penetration: 12.029785
[21:39:58][][main/WARN]: big penetration: 10.7438965
[21:39:58][][main/WARN]: big penetration: 11.219971
[21:39:58][][main/WARN]: big penetration: 11.295898
[21:39:58][][main/WARN]: big penetration: 12.140137
[21:39:58][][main/WARN]: big penetration: 10.844727
[21:39:58][][main/WARN]: big penetration: 11.340332
[21:39:58][][main/WARN]: big penetration: 11.431641
[21:39:58][][main/WARN]: big penetration: 13.755842
[21:39:58][][main/WARN]: big penetration: 12.376357
[21:39:58][][main/WARN]: big penetration: 12.925022
[21:39:58][][main/WARN]: big penetration: 13.064616
[21:39:58][][main/WARN]: big penetration: 10.429524
[21:40:01][][main/WARN]: big penetration: 10.185059
[21:40:02][][main/WARN]: big penetration: 10.378174
[21:40:02][][main/WARN]: big penetration: 10.562744
[21:40:02][][main/WARN]: big penetration: 12.259073
[21:40:04][][main/WARN]: big penetration: 54.0924
[21:40:04][][main/WARN]: big penetration: 53.58673
[21:40:05][][main/WARN]: big penetration: 11.510498
[21:40:05][][main/WARN]: big penetration: 15.131592
[21:40:05][][main/WARN]: big penetration: 14.287598
[21:40:05][][main/WARN]: big penetration: 14.898682
[21:40:05][][main/WARN]: big penetration: 12.864746
[21:40:05][][main/WARN]: big penetration: 11.13623
[21:40:05][][main/WARN]: big penetration: 16.22168
[21:40:05][][main/WARN]: big penetration: 10.743408
[21:40:05][][main/WARN]: big penetration: 14.070801
[21:40:05][][main/WARN]: big penetration: 13.327881
[21:40:05][][main/WARN]: big penetration: 13.851318
[21:40:05][][main/WARN]: big penetration: 11.889648
[21:40:05][][main/WARN]: big penetration: 10.4782715
[21:40:05][][main/WARN]: big penetration: 15.021973
[21:40:05][][main/WARN]: big penetration: 10.036621
[21:40:05][][main/WARN]: big penetration: 13.094971
[21:40:05][][main/WARN]: big penetration: 12.4436035
[21:40:05][][main/WARN]: big penetration: 12.88916
[21:40:05][][main/WARN]: big penetration: 10.997559
[21:40:05][][main/WARN]: big penetration: 13.922363
[21:40:05][][main/WARN]: big penetration: 12.196777
[21:40:05][][main/WARN]: big penetration: 11.627686
[21:40:05][][main/WARN]: big penetration: 12.004639
[21:40:05][][main/WARN]: big penetration: 10.181152
[21:40:05][][main/WARN]: big penetration: 12.913818
[21:40:05][][main/WARN]: big penetration: 11.369385
[21:40:05][][main/WARN]: big penetration: 10.874512
[21:40:05][][main/WARN]: big penetration: 11.190918
[21:40:05][][main/WARN]: big penetration: 11.919922
[21:40:05][][main/WARN]: big penetration: 10.605957
[21:40:05][][main/WARN]: big penetration: 10.131348
[21:40:05][][main/WARN]: big penetration: 10.388428
[21:40:05][][main/WARN]: big penetration: 10.935059
[21:40:07][][main/WARN]: big penetration: 11.042969
[21:40:07][][main/WARN]: big penetration: 10.638184
[21:40:07][][main/WARN]: big penetration: 10.268555
[21:40:12][][main/INFO]: triangle zero len Norm
[21:40:12][][main/INFO]: triangle zero len Norm
[21:40:12][][main/INFO]: triangle zero len Norm
[21:40:12][][main/WARN]: big penetration: 467.65112
[21:40:14][][main/WARN]: big penetration: 21.817871
[21:40:14][][main/WARN]: big penetration: 16.217285
[21:40:14][][main/WARN]: big penetration: 17.967285
[21:40:14][][main/WARN]: big penetration: 12.800781
[21:40:14][][main/WARN]: big penetration: 21.27295
[21:40:14][][main/WARN]: big penetration: 21.621582
[21:40:14][][main/WARN]: big penetration: 20.711914
[21:40:14][][main/WARN]: big penetration: 11.686523
[21:40:14][][main/WARN]: big penetration: 15.209961
[21:40:14][][main/WARN]: big penetration: 20.209473
[21:40:14][][main/WARN]: big penetration: 14.781738
[21:40:14][][main/WARN]: big penetration: 17.166016
[21:40:14][][main/WARN]: big penetration: 12.327637
[21:40:14][][main/WARN]: big penetration: 19.45752
[21:40:14][][main/WARN]: big penetration: 19.80957
[21:40:14][][main/WARN]: big penetration: 19.671875
[21:40:14][][main/WARN]: big penetration: 11.272461
[21:40:14][][main/WARN]: big penetration: 13.811035
[21:40:14][][main/WARN]: big penetration: 18.597656
[21:40:14][][main/WARN]: big penetration: 13.342285
[21:40:14][][main/WARN]: big penetration: 16.370605
[21:40:14][][main/WARN]: big penetration: 11.859863
[21:40:14][][main/WARN]: big penetration: 17.63867
[21:40:14][][main/WARN]: big penetration: 17.99414
[21:40:14][][main/WARN]: big penetration: 18.637695
[21:40:14][][main/WARN]: big penetration: 10.86377
[21:40:14][][main/WARN]: big penetration: 12.408203
[21:40:14][][main/WARN]: big penetration: 16.981934
[21:40:14][][main/WARN]: big penetration: 11.898926
[21:40:14][][main/WARN]: big penetration: 15.580566
[21:40:14][][main/WARN]: big penetration: 11.397461
[21:40:14][][main/WARN]: big penetration: 15.816406
[21:40:14][][main/WARN]: big penetration: 16.175293
[21:40:14][][main/WARN]: big penetration: 17.609375
[21:40:14][][main/WARN]: big penetration: 10.460449
[21:40:14][][main/WARN]: big penetration: 11.001464
[21:40:14][][main/WARN]: big penetration: 15.365234
[21:40:14][][main/WARN]: big penetration: 10.45459
[21:40:14][][main/WARN]: big penetration: 14.793945
[21:40:14][][main/WARN]: big penetration: 10.937988
[21:40:14][][main/WARN]: big penetration: 13.993164
[21:40:14][][main/WARN]: big penetration: 14.355468
[21:40:14][][main/WARN]: big penetration: 16.584473
[21:40:14][][main/WARN]: big penetration: 10.060059
[21:40:14][][main/WARN]: big penetration: 13.745116
[21:40:14][][main/WARN]: big penetration: 14.012695
[21:40:14][][main/WARN]: big penetration: 10.483887
[21:40:14][][main/WARN]: big penetration: 12.166504
[21:40:14][][main/WARN]: big penetration: 12.532227
[21:40:14][][main/WARN]: big penetration: 15.56543
[21:40:14][][main/WARN]: big penetration: 12.121582
[21:40:14][][main/WARN]: big penetration: 13.236816
[21:40:14][][main/WARN]: big penetration: 10.034668
[21:40:14][][main/WARN]: big penetration: 10.336914
[21:40:14][][main/WARN]: big penetration: 10.706054
[21:40:14][][main/WARN]: big penetration: 14.551758
[21:40:14][][main/WARN]: big penetration: 10.494629
[21:40:14][][main/WARN]: big penetration: 12.466309
[21:40:14][][main/WARN]: big penetration: 13.543945
[21:40:14][][main/WARN]: big penetration: 11.70166
[21:40:14][][main/WARN]: big penetration: 12.541991
[21:40:14][][main/WARN]: big penetration: 10.942383
[21:40:14][][main/WARN]: big penetration: 11.545898
[21:40:14][][main/WARN]: big penetration: 10.188477
[21:40:14][][main/WARN]: big penetration: 10.555176
[21:40:15][][main/WARN]: big penetration: 10.652884
[21:40:20][][main/WARN]: big penetration: 14.662598
[21:40:20][][main/WARN]: big penetration: 13.442383
[21:40:20][][main/WARN]: big penetration: 12.219238
[21:40:20][][main/WARN]: big penetration: 10.993164
[21:40:20][][main/WARN]: big penetration: 10.3359375
[21:40:20][][main/WARN]: big penetration: 10.696289
[21:40:20][][main/WARN]: big penetration: 11.03125
[21:40:20][][main/WARN]: big penetration: 11.342284
[21:40:20][][main/WARN]: big penetration: 11.631836
[21:40:20][][main/WARN]: big penetration: 11.901367
[21:40:20][][main/WARN]: big penetration: 12.152832
[21:40:20][][main/WARN]: big penetration: 12.387207
[21:40:20][][main/WARN]: big penetration: 12.60498
[21:40:20][][main/WARN]: big penetration: 12.808105
[21:40:20][][main/WARN]: big penetration: 12.998047
[21:40:20][][main/WARN]: big penetration: 13.175781
[21:40:20][][main/WARN]: big penetration: 13.342285
[21:40:20][][main/WARN]: big penetration: 13.498047
[21:40:20][][main/WARN]: big penetration: 13.644043
[21:40:21][][main/WARN]: big penetration: 13.78125
[21:40:21][][main/WARN]: big penetration: 13.910645
[21:40:21][][main/WARN]: big penetration: 14.031738
[21:40:21][][main/WARN]: big penetration: 14.145996
[21:40:21][][main/WARN]: big penetration: 14.253906
[21:40:21][][main/WARN]: big penetration: 14.355957
[21:40:21][][main/WARN]: big penetration: 10.018066
[21:40:21][][main/WARN]: big penetration: 14.453125
[21:40:21][][main/WARN]: big penetration: 10.124999
[21:40:21][][main/WARN]: big penetration: 14.544921
[21:40:21][][main/WARN]: big penetration: 10.2265625
[21:40:21][][main/WARN]: big penetration: 14.631835
[21:40:21][][main/WARN]: big penetration: 10.322753
[21:40:21][][main/WARN]: big penetration: 14.714843
[21:40:21][][main/WARN]: big penetration: 10.414551
[21:40:21][][main/WARN]: big penetration: 14.793457
[21:40:21][][main/WARN]: big penetration: 10.501953
[21:40:21][][main/WARN]: big penetration: 14.868652
[21:40:21][][main/WARN]: big penetration: 10.5859375
[21:40:21][][main/WARN]: big penetration: 14.94043
[21:40:21][][main/WARN]: big penetration: 10.666016
[21:40:21][][main/WARN]: big penetration: 15.009277
[21:40:21][][main/WARN]: big penetration: 10.743164
[21:40:21][][main/WARN]: big penetration: 15.074707
[21:40:21][][main/WARN]: big penetration: 10.816895
[21:40:21][][main/WARN]: big penetration: 15.137695
[21:40:21][][main/WARN]: big penetration: 10.888184
[21:40:21][][main/WARN]: big penetration: 15.19873
[21:40:21][][main/WARN]: big penetration: 10.957031
[21:40:21][][main/WARN]: big penetration: 15.2578125
[21:40:21][][main/WARN]: big penetration: 11.0234375
[21:40:21][][main/WARN]: big penetration: 15.313965
[21:40:21][][main/WARN]: big penetration: 11.087402
[21:40:21][][main/WARN]: big penetration: 15.368652
[21:40:21][][main/WARN]: big penetration: 11.149414
[21:40:21][][main/WARN]: big penetration: 15.421387
[21:40:21][][main/WARN]: big penetration: 11.209961
[21:40:21][][main/WARN]: big penetration: 10.029784
[21:40:21][][main/WARN]: big penetration: 15.472655
[21:40:21][][main/WARN]: big penetration: 11.268554
[21:40:21][][main/WARN]: big penetration: 10.073242
[21:40:21][][main/WARN]: big penetration: 15.522461
[21:40:21][][main/WARN]: big penetration: 11.325684
[21:40:21][][main/WARN]: big penetration: 10.106934
[21:40:21][][main/WARN]: big penetration: 15.562988
[21:40:21][][main/WARN]: big penetration: 11.373047
[21:40:21][][main/WARN]: big penetration: 10.143555
[21:40:21][][main/WARN]: big penetration: 15.606445
[21:40:21][][main/WARN]: big penetration: 11.423828
[21:40:21][][main/WARN]: big penetration: 10.183594
[21:40:21][][main/WARN]: big penetration: 15.652832
[21:40:21][][main/WARN]: big penetration: 11.477539
[21:40:21][][main/WARN]: big penetration: 10.2265625
[21:40:21][][main/WARN]: big penetration: 15.702148
[21:40:21][][main/WARN]: big penetration: 11.53418
[21:40:21][][main/WARN]: big penetration: 10.272949
[21:40:21][][main/WARN]: big penetration: 15.754395
[21:40:21][][main/WARN]: big penetration: 11.594237
[21:40:21][][main/WARN]: big penetration: 10.322754
[21:40:21][][main/WARN]: big penetration: 15.806152
[21:40:21][][main/WARN]: big penetration: 11.65332
[21:40:21][][main/WARN]: big penetration: 10.376465
[21:40:21][][main/WARN]: big penetration: 15.856934
[21:40:21][][main/WARN]: big penetration: 11.711426
[21:40:21][][main/WARN]: big penetration: 10.430176
[21:40:21][][main/WARN]: big penetration: 15.906738
[21:40:21][][main/WARN]: big penetration: 11.768555
[21:40:21][][main/WARN]: big penetration: 10.238281
[21:40:21][][main/WARN]: big penetration: 10.483398
[21:40:21][][main/WARN]: big penetration: 15.955566
[21:40:21][][main/WARN]: big penetration: 11.824707
[21:40:21][][main/WARN]: big penetration: 11.056641
[21:40:21][][main/WARN]: big penetration: 10.53662
[21:40:21][][main/WARN]: big penetration: 16.003906
[21:40:21][][main/WARN]: big penetration: 11.879882
[21:40:21][][main/WARN]: big penetration: 11.812987
[21:40:21][][main/WARN]: big penetration: 10.589844
[21:40:21][][main/WARN]: big penetration: 16.05127
[21:40:21][][main/WARN]: big penetration: 11.93457
[21:40:21][][main/WARN]: big penetration: 12.512207
[21:40:21][][main/WARN]: big penetration: 10.642578
[21:40:21][][main/WARN]: big penetration: 16.098145
[21:40:21][][main/WARN]: big penetration: 11.98877
[21:40:21][][main/WARN]: big penetration: 13.158203
[21:40:21][][main/WARN]: big penetration: 10.694824
[21:40:21][][main/WARN]: big penetration: 16.144531
[21:40:21][][main/WARN]: big penetration: 12.041992
[21:40:21][][main/WARN]: big penetration: 13.755859
[21:40:21][][main/WARN]: big penetration: 10.746582
[21:40:21][][main/WARN]: big penetration: 16.189941
[21:40:21][][main/WARN]: big penetration: 12.094238
[21:40:21][][main/WARN]: big penetration: 14.308594
[21:40:21][][main/WARN]: big penetration: 10.797852
[21:40:21][][main/WARN]: big penetration: 16.234861
[21:40:21][][main/WARN]: big penetration: 12.145995
[21:40:21][][main/WARN]: big penetration: 14.819824
[21:40:21][][main/WARN]: big penetration: 10.849121
[21:40:21][][main/WARN]: big penetration: 16.279297
[21:40:21][][main/WARN]: big penetration: 12.197266
[21:40:21][][main/WARN]: big penetration: 15.293457
[21:40:21][][main/WARN]: big penetration: 10.441664
[21:40:21][][main/WARN]: big penetration: 16.322754
[21:40:21][][main/WARN]: big penetration: 12.247558
[21:40:21][][main/INFO]: triangle zero len Norm
[21:40:21][][main/WARN]: big penetration: 15.731933
[21:40:21][][main/WARN]: big penetration: 16.365723
[21:40:21][][main/WARN]: big penetration: 12.297363
[21:40:21][][main/WARN]: big penetration: 16.138184
[21:40:21][][main/WARN]: big penetration: 16.408201
[21:40:21][][main/WARN]: big penetration: 12.34668
[21:40:21][][main/WARN]: big penetration: 16.514648
[21:40:21][][main/WARN]: big penetration: 16.450195
[21:40:21][][main/WARN]: big penetration: 12.39502
[21:40:21][][main/WARN]: big penetration: 16.86377
[21:40:21][][main/WARN]: big penetration: 16.4917
[21:40:21][][main/WARN]: big penetration: 12.442871
[21:40:21][][main/WARN]: big penetration: 17.187988
[21:40:21][][main/WARN]: big penetration: 16.532715
[21:40:21][][main/WARN]: big penetration: 12.490723
[21:40:21][][main/WARN]: big penetration: 17.489258
[21:40:21][][main/WARN]: big penetration: 16.573242
[21:40:21][][main/WARN]: big penetration: 12.538085
[21:40:21][][main/WARN]: big penetration: 17.769043
[21:40:21][][main/WARN]: big penetration: 16.613281
[21:40:21][][main/WARN]: big penetration: 12.584961
[21:40:21][][main/WARN]: big penetration: 18.029297
[21:40:21][][main/WARN]: big penetration: 16.65332
[21:40:21][][main/WARN]: big penetration: 12.631835
[21:40:21][][main/WARN]: big penetration: 18.271973
[21:40:21][][main/WARN]: big penetration: 16.692871
[21:40:21][][main/WARN]: big penetration: 12.677734
[21:40:21][][main/WARN]: big penetration: 18.497559
[21:40:21][][main/WARN]: big penetration: 16.73242
[21:40:21][][main/WARN]: big penetration: 12.723633
[21:40:21][][main/WARN]: big penetration: 18.708006
[21:40:21][][main/WARN]: big penetration: 16.771484
[21:40:21][][main/WARN]: big penetration: 12.769043
[21:40:21][][main/WARN]: big penetration: 18.904297
[21:40:21][][main/WARN]: big penetration: 16.810547
[21:40:21][][main/WARN]: big penetration: 12.814453
[21:40:21][][main/WARN]: big penetration: 19.08789
[21:40:21][][main/WARN]: big penetration: 16.849121
[21:40:21][][main/WARN]: big penetration: 12.859375
[21:40:21][][main/WARN]: big penetration: 19.259766
[21:40:21][][main/WARN]: big penetration: 16.887207
[21:40:21][][main/WARN]: big penetration: 12.903809
[21:40:21][][main/WARN]: big penetration: 19.419922
[21:40:21][][main/WARN]: big penetration: 16.925293
[21:40:21][][main/WARN]: big penetration: 12.948242
[21:40:21][][main/WARN]: big penetration: 19.570312
[21:40:21][][main/WARN]: big penetration: 16.963379
[21:40:21][][main/WARN]: big penetration: 12.992676
[21:40:21][][main/WARN]: big penetration: 19.711424
[21:40:21][][main/WARN]: big penetration: 17.001465
[21:40:21][][main/WARN]: big penetration: 13.036621
[21:40:21][][main/WARN]: big penetration: 19.844238
[21:40:21][][main/WARN]: big penetration: 17.039062
[21:40:21][][main/WARN]: big penetration: 13.080078
[21:40:21][][main/WARN]: big penetration: 19.96875
[21:40:21][][main/WARN]: big penetration: 17.07666
[21:40:21][][main/WARN]: big penetration: 13.123535
[21:40:21][][main/WARN]: big penetration: 20.085938
[21:40:21][][main/WARN]: big penetration: 17.11377
[21:40:21][][main/WARN]: big penetration: 13.166992
[21:40:21][][main/WARN]: big penetration: 20.196777
[21:40:21][][main/WARN]: big penetration: 17.150879
[21:40:21][][main/WARN]: big penetration: 13.209961
[21:40:21][][main/WARN]: big penetration: 20.30127
[21:40:21][][main/WARN]: big penetration: 17.187988
[21:40:21][][main/WARN]: big penetration: 13.25293
[21:40:21][][main/WARN]: big penetration: 20.40039
[21:40:22][][main/WARN]: big penetration: 17.225098
[21:40:22][][main/WARN]: big penetration: 13.295898
[21:40:22][][main/WARN]: big penetration: 20.49414
[21:40:22][][main/WARN]: big penetration: 17.262207
[21:40:22][][main/WARN]: big penetration: 13.338867
[21:40:22][][main/WARN]: big penetration: 20.583008
[21:40:22][][main/WARN]: big penetration: 17.299316
[21:40:22][][main/WARN]: big penetration: 13.381836
[21:40:22][][main/WARN]: big penetration: 20.66748
[21:40:22][][main/WARN]: big penetration: 17.335938
[21:40:22][][main/WARN]: big penetration: 13.424316
[21:40:22][][main/WARN]: big penetration: 20.747559
[21:40:22][][main/WARN]: big penetration: 17.372559
[21:40:22][][main/WARN]: big penetration: 13.466308
[21:40:22][][main/WARN]: big penetration: 20.82373
[21:40:22][][main/WARN]: big penetration: 17.40918
[21:40:22][][main/WARN]: big penetration: 13.508301
[21:40:22][][main/WARN]: big penetration: 20.896484
[21:40:22][][main/WARN]: big penetration: 17.445312
[21:40:22][][main/WARN]: big penetration: 13.550293
[21:40:22][][main/WARN]: big penetration: 20.966309
[21:40:22][][main/WARN]: big penetration: 17.481443
[21:40:22][][main/WARN]: big penetration: 13.592284
[21:40:22][][main/WARN]: big penetration: 21.033203
[21:40:22][][main/WARN]: big penetration: 17.517578
[21:40:22][][main/WARN]: big penetration: 13.634277
[21:40:22][][main/WARN]: big penetration: 21.097168
[21:40:22][][main/WARN]: big penetration: 17.5542
[21:40:22][][main/WARN]: big penetration: 13.67627
[21:40:22][][main/WARN]: big penetration: 21.158691
[21:40:22][][main/WARN]: big penetration: 17.590332
[21:40:22][][main/WARN]: big penetration: 13.718262
[21:40:22][][main/WARN]: big penetration: 10.0078125
[21:40:22][][main/WARN]: big penetration: 21.218262
[21:40:22][][main/WARN]: big penetration: 17.626465
[21:40:22][][main/WARN]: big penetration: 13.760254
[21:40:22][][main/WARN]: big penetration: 10.047363
[21:40:22][][main/WARN]: big penetration: 21.27539
[21:40:22][][main/WARN]: big penetration: 17.663084
[21:40:22][][main/WARN]: big penetration: 13.802245
[21:40:22][][main/WARN]: big penetration: 10.086426
[21:40:22][][main/WARN]: big penetration: 21.330566
[21:40:22][][main/WARN]: big penetration: 17.445274
[21:40:22][][main/WARN]: big penetration: 13.84375
[21:40:22][][main/WARN]: big penetration: 10.125488
[21:40:22][][main/WARN]: big penetration: 21.384277
[21:40:22][][main/WARN]: big penetration: 15.727108
[21:40:22][][main/WARN]: big penetration: 13.402843
[21:40:22][][main/WARN]: big penetration: 10.164551
[21:40:22][][main/WARN]: big penetration: 21.435547
[21:40:22][][main/WARN]: big penetration: 14.131561
[21:40:22][][main/WARN]: big penetration: 12.038662
[21:40:22][][main/WARN]: big penetration: 10.204102
[21:40:22][][main/WARN]: big penetration: 21.48535
[21:40:22][][main/WARN]: big penetration: 12.658901
[21:40:22][][main/WARN]: big penetration: 10.782234
[21:40:22][][main/WARN]: big penetration: 10.243164
[21:40:22][][main/WARN]: big penetration: 21.533691
[21:40:22][][main/WARN]: big penetration: 11.189396
[21:40:22][][main/WARN]: big penetration: 10.282227
[21:40:22][][main/WARN]: big penetration: 21.580566
[21:40:22][][main/WARN]: big penetration: 10.321289
[21:40:22][][main/WARN]: big penetration: 21.354015
[21:40:22][][main/WARN]: big penetration: 10.36084
[21:40:22][][main/WARN]: big penetration: 19.68195
[21:40:22][][main/WARN]: big penetration: 10.399902
[21:40:22][][main/WARN]: big penetration: 18.115112
[21:40:22][][main/WARN]: big penetration: 10.438965
[21:40:22][][main/WARN]: big penetration: 16.646908
[21:40:22][][main/WARN]: big penetration: 10.478027
[21:40:22][][main/WARN]: big penetration: 15.179955
[21:40:22][][main/WARN]: big penetration: 10.51709
[21:40:22][][main/WARN]: big penetration: 13.714245
[21:40:22][][main/WARN]: big penetration: 10.556641
[21:40:22][][main/WARN]: big penetration: 12.249783
[21:40:22][][main/WARN]: big penetration: 10.595703
[21:40:22][][main/WARN]: big penetration: 10.786568
[21:40:22][][main/WARN]: big penetration: 10.634766
[21:40:22][][main/WARN]: big penetration: 10.674316
[21:40:22][][main/WARN]: big penetration: 10.713379
[21:40:22][][main/WARN]: big penetration: 10.752441
[21:40:22][][main/WARN]: big penetration: 10.791504
[21:40:22][][main/WARN]: big penetration: 10.830565
[21:40:22][][main/WARN]: big penetration: 10.870117
[21:40:22][][main/WARN]: big penetration: 10.90918
[21:40:22][][main/WARN]: big penetration: 10.948242
[21:40:22][][main/WARN]: big penetration: 10.987305
[21:40:22][][main/WARN]: big penetration: 11.026367
[21:40:22][][main/WARN]: big penetration: 11.065918
[21:40:22][][main/WARN]: big penetration: 11.10498
[21:40:22][][main/WARN]: big penetration: 11.144531
[21:40:22][][main/WARN]: big penetration: 11.183594
[21:40:22][][main/WARN]: big penetration: 11.222655
[21:40:22][][main/WARN]: big penetration: 11.261719
[21:40:22][][main/WARN]: big penetration: 11.300781
[21:40:22][][main/WARN]: big penetration: 11.339844
[21:40:22][][main/WARN]: big penetration: 11.378905
[21:40:22][][main/WARN]: big penetration: 11.418456
[21:40:22][][main/WARN]: big penetration: 11.45752
[21:40:22][][main/WARN]: big penetration: 11.496581
[21:40:22][][main/WARN]: big penetration: 11.530273
[21:40:22][][main/WARN]: big penetration: 11.567871
[21:40:22][][main/WARN]: big penetration: 11.605957
[21:40:22][][main/WARN]: big penetration: 11.644043
[21:40:22][][main/WARN]: big penetration: 11.682129
[21:40:22][][main/WARN]: big penetration: 11.719727
[21:40:22][][main/WARN]: big penetration: 11.757323
[21:40:22][][main/WARN]: big penetration: 11.795409
[21:40:22][][main/WARN]: big penetration: 11.833496
[21:40:22][][main/WARN]: big penetration: 11.871094
[21:40:22][][main/WARN]: big penetration: 11.90918
[21:40:22][][main/WARN]: big penetration: 10.142578
[21:40:22][][main/WARN]: big penetration: 11.946777
[21:40:22][][main/WARN]: big penetration: 10.706543
[21:40:22][][main/WARN]: big penetration: 11.984375
[21:40:22][][main/WARN]: big penetration: 11.230957
[21:40:23][][main/WARN]: big penetration: 12.022461
[21:40:23][][main/WARN]: big penetration: 11.719238
[21:40:23][][main/WARN]: big penetration: 12.060547
[21:40:23][][main/WARN]: big penetration: 12.173828
[21:40:23][][main/WARN]: big penetration: 12.098633
[21:40:23][][main/WARN]: big penetration: 12.59668
[21:40:23][][main/WARN]: big penetration: 12.1362295
[21:40:23][][main/WARN]: big penetration: 12.990723
[21:40:23][][main/WARN]: big penetration: 12.174316
[21:40:23][][main/WARN]: big penetration: 13.35791
[21:40:23][][main/WARN]: big penetration: 12.508803
[21:40:23][][main/WARN]: big penetration: 14.379936
[21:40:23][][main/WARN]: big penetration: 11.533765
[21:40:23][][main/WARN]: big penetration: 13.474272
[21:40:23][][main/WARN]: big penetration: 12.323278
[21:40:23][][main/WARN]: big penetration: 11.206758
[21:40:24][][main/WARN]: big penetration: 10.138672
[21:40:24][][main/WARN]: big penetration: 11.307129
[21:40:24][][main/WARN]: big penetration: 12.388184
[21:40:24][][main/WARN]: big penetration: 13.388672
[21:40:24][][main/WARN]: big penetration: 14.31543
[21:40:24][][main/WARN]: big penetration: 15.17334
[21:40:24][][main/WARN]: big penetration: 15.682697
[21:40:24][][main/WARN]: big penetration: 15.239921
[21:40:24][][main/WARN]: big penetration: 14.725381
[21:40:24][][main/WARN]: big penetration: 13.647459
[21:40:24][][main/WARN]: big penetration: 10.20889
[21:40:26][][main/WARN]: big penetration: 10.766602
[21:40:26][][main/WARN]: big penetration: 11.954102
[21:40:26][][main/WARN]: big penetration: 13.05957
[21:40:26][][main/WARN]: big penetration: 14.087891
[21:40:26][][main/WARN]: big penetration: 15.045898
[21:40:26][][main/WARN]: big penetration: 15.9375
[21:40:26][][main/WARN]: big penetration: 16.767578
[21:40:26][][main/WARN]: big penetration: 17.541014
[21:40:26][][main/WARN]: big penetration: 18.261719
[21:40:26][][main/WARN]: big penetration: 18.93457
[21:40:26][][main/WARN]: big penetration: 19.5625
[21:40:26][][main/WARN]: big penetration: 20.148438
[21:40:26][][main/WARN]: big penetration: 20.695312
[21:40:26][][main/WARN]: big penetration: 21.206055
[21:40:26][][main/WARN]: big penetration: 21.683594
[21:40:26][][main/WARN]: big penetration: 21.870117
[21:40:26][][main/WARN]: big penetration: 18.329102
[21:40:26][][main/WARN]: big penetration: 14.786133
[21:40:26][][main/WARN]: big penetration: 11.239258
[21:40:30][][main/INFO]: Saved GameSettings options. (options.dat)
